

================================================================
== Vivado HLS Report for 'Filter2D'
================================================================
* Date:           Mon Dec 10 17:40:00 2018

* Version:        2018.2 (Build 2258646 on Thu Jun 14 20:25:20 MDT 2018)
* Project:        EdgeDetection
* Solution:       solution1
* Product family: artix7
* Target device:  xc7a200tsbg484-1


================================================================
== Performance Estimates
================================================================
+ Timing (ns): 
    * Summary: 
    +--------+-------+----------+------------+
    |  Clock | Target| Estimated| Uncertainty|
    +--------+-------+----------+------------+
    |ap_clk  |  10.00|    10.858|        1.25|
    +--------+-------+----------+------------+

+ Latency (clock cycles): 
    * Summary: 
    +---------+---------+---------+---------+---------+
    |      Latency      |      Interval     | Pipeline|
    |   min   |   max   |   min   |   max   |   Type  |
    +---------+---------+---------+---------+---------+
    |  1451319|  1451319|  1451319|  1451319|   none  |
    +---------+---------+---------+---------+---------+

    + Detail: 
        * Instance: 
        N/A

        * Loop: 
        +---------------+---------+---------+----------+-----------+-----------+------+----------+
        |               |      Latency      | Iteration|  Initiation Interval  | Trip |          |
        |   Loop Name   |   min   |   max   |  Latency |  achieved |   target  | Count| Pipelined|
        +---------------+---------+---------+----------+-----------+-----------+------+----------+
        |- loop_height  |  1451318|  1451318|      1609|          -|          -|   902|    no    |
        | + loop_width  |     1606|     1606|         6|          1|          1|  1602|    yes   |
        +---------------+---------+---------+----------+-----------+-----------+------+----------+



================================================================
== Utilization Estimates
================================================================
* Summary: 
+-----------------+---------+-------+--------+--------+
|       Name      | BRAM_18K| DSP48E|   FF   |   LUT  |
+-----------------+---------+-------+--------+--------+
|DSP              |        -|      2|       -|       -|
|Expression       |        -|      0|       0|     850|
|FIFO             |        -|      -|       -|       -|
|Instance         |        -|      -|       0|      90|
|Memory           |        3|      -|       0|       0|
|Multiplexer      |        -|      -|       -|     111|
|Register         |        0|      -|     484|      64|
+-----------------+---------+-------+--------+--------+
|Total            |        3|      2|     484|    1115|
+-----------------+---------+-------+--------+--------+
|Available        |      730|    740|  269200|  129000|
+-----------------+---------+-------+--------+--------+
|Utilization (%)  |    ~0   |   ~0  |   ~0   |   ~0   |
+-----------------+---------+-------+--------+--------+

+ Detail: 
    * Instance: 
    +--------------------------+----------------------+---------+-------+---+----+
    |         Instance         |        Module        | BRAM_18K| DSP48E| FF| LUT|
    +--------------------------+----------------------+---------+-------+---+----+
    |image_filter_mux_hbi_U52  |image_filter_mux_hbi  |        0|      0|  0|  15|
    |image_filter_mux_hbi_U53  |image_filter_mux_hbi  |        0|      0|  0|  15|
    |image_filter_mux_hbi_U54  |image_filter_mux_hbi  |        0|      0|  0|  15|
    |image_filter_mux_hbi_U55  |image_filter_mux_hbi  |        0|      0|  0|  15|
    |image_filter_mux_hbi_U56  |image_filter_mux_hbi  |        0|      0|  0|  15|
    |image_filter_mux_hbi_U57  |image_filter_mux_hbi  |        0|      0|  0|  15|
    +--------------------------+----------------------+---------+-------+---+----+
    |Total                     |                      |        0|      0|  0|  90|
    +--------------------------+----------------------+---------+-------+---+----+

    * DSP48: 
    +--------------------------+----------------------+--------------+
    |         Instance         |        Module        |  Expression  |
    +--------------------------+----------------------+--------------+
    |image_filter_mac_pcA_U58  |image_filter_mac_pcA  | i0 + i1 * i2 |
    |image_filter_mac_qcK_U59  |image_filter_mac_qcK  | i0 * i1 + i2 |
    +--------------------------+----------------------+--------------+

    * Memory: 
    +-----------------+----------------------+---------+---+----+------+-----+------+-------------+
    |      Memory     |        Module        | BRAM_18K| FF| LUT| Words| Bits| Banks| W*Bits*Banks|
    +-----------------+----------------------+---------+---+----+------+-----+------+-------------+
    |k_buf_0_val_3_U  |Filter2D_1_k_buf_eOg  |        1|  0|   0|  1600|    8|     1|        12800|
    |k_buf_0_val_4_U  |Filter2D_1_k_buf_eOg  |        1|  0|   0|  1600|    8|     1|        12800|
    |k_buf_0_val_5_U  |Filter2D_1_k_buf_eOg  |        1|  0|   0|  1600|    8|     1|        12800|
    +-----------------+----------------------+---------+---+----+------+-----+------+-------------+
    |Total            |                      |        3|  0|   0|  4800|   24|     3|        38400|
    +-----------------+----------------------+---------+---+----+------+-----+------+-------------+

    * FIFO: 
    N/A

    * Expression: 
    +----------------------------------+----------+-------+---+----+------------+------------+
    |           Variable Name          | Operation| DSP48E| FF| LUT| Bitwidth P0| Bitwidth P1|
    +----------------------------------+----------+-------+---+----+------------+------------+
    |r_V_8_1_2_fu_1083_p2              |     *    |      0|  0|  42|           4|           8|
    |r_V_8_1_fu_1058_p2                |     *    |      0|  0|  42|           3|           8|
    |r_V_8_2_1_fu_1115_p2              |     *    |      0|  0|  42|           3|           8|
    |r_V_8_2_fu_1102_p2                |     *    |      0|  0|  42|           2|           8|
    |ImagLoc_x_fu_692_p2               |     +    |      0|  0|  19|           2|          12|
    |i_V_fu_378_p2                     |     +    |      0|  0|  17|          10|           1|
    |j_V_fu_670_p2                     |     +    |      0|  0|  18|          11|           1|
    |p_Val2_2_fu_1203_p2               |     +    |      0|  0|   8|           8|           8|
    |p_Val2_4_fu_1185_p2               |     +    |      0|  0|   8|          12|          12|
    |p_Val2_89_1_1_fu_1074_p2          |     +    |      0|  0|  19|          12|          12|
    |p_assign_6_1_fu_510_p2            |     +    |      0|  0|  18|           3|          11|
    |p_assign_6_2_fu_536_p2            |     +    |      0|  0|  18|           3|          11|
    |tmp3_fu_1178_p2                   |     +    |      0|  0|   8|          12|          12|
    |tmp4_fu_1137_p2                   |     +    |      0|  0|  18|          11|          11|
    |tmp5_fu_1127_p2                   |     +    |      0|  0|  17|          10|          10|
    |tmp6_fu_1143_p2                   |     +    |      0|  0|   8|           8|           8|
    |tmp7_fu_1199_p2                   |     +    |      0|  0|   8|           8|           8|
    |tmp8_fu_1149_p2                   |     +    |      0|  0|  15|           8|           8|
    |tmp_31_fu_622_p2                  |     +    |      0|  0|  10|           1|           2|
    |tmp_38_fu_1092_p2                 |     +    |      0|  0|   8|           8|           8|
    |tmp_39_cast_fu_440_p2             |     +    |      0|  0|  10|           2|           2|
    |tmp_7_fu_434_p2                   |     +    |      0|  0|  18|           2|          11|
    |p_assign_1_fu_736_p2              |     -    |      0|  0|  19|           1|          12|
    |p_assign_2_fu_764_p2              |     -    |      0|  0|  20|          12|          13|
    |p_assign_7_fu_480_p2              |     -    |      0|  0|  18|           1|          11|
    |p_assign_8_fu_504_p2              |     -    |      0|  0|  12|           3|           2|
    |r_V_8_fu_1012_p2                  |     -    |      0|  0|  16|           1|           9|
    |tmp_62_fu_590_p2                  |     -    |      0|  0|  12|           3|           2|
    |ap_block_state8_pp0_stage0_iter5  |    and   |      0|  0|   2|           1|           1|
    |ap_condition_359                  |    and   |      0|  0|   2|           1|           1|
    |ap_condition_365                  |    and   |      0|  0|   2|           1|           1|
    |ap_predicate_op161_read_state5    |    and   |      0|  0|   2|           1|           1|
    |ap_predicate_op172_read_state5    |    and   |      0|  0|   2|           1|           1|
    |or_cond_i424_i_fu_466_p2          |    and   |      0|  0|   2|           1|           1|
    |or_cond_i_fu_817_p2               |    and   |      0|  0|   2|           1|           1|
    |or_cond_i_i_fu_722_p2             |    and   |      0|  0|   2|           1|           1|
    |overflow_fu_1230_p2               |    and   |      0|  0|   2|           1|           1|
    |sel_tmp8_fu_794_p2                |    and   |      0|  0|   2|           1|           1|
    |exitcond388_i_fu_664_p2           |   icmp   |      0|  0|  13|          11|          10|
    |exitcond389_i_fu_372_p2           |   icmp   |      0|  0|  13|          10|           8|
    |icmp2_fu_686_p2                   |   icmp   |      0|  0|  13|          10|           1|
    |icmp_fu_406_p2                    |   icmp   |      0|  0|  13|           9|           1|
    |not_i_i_i_fu_1224_p2              |   icmp   |      0|  0|   9|           4|           1|
    |tmp_10_fu_460_p2                  |   icmp   |      0|  0|  13|          11|          10|
    |tmp_13_fu_498_p2                  |   icmp   |      0|  0|  13|          11|          10|
    |tmp_18_fu_716_p2                  |   icmp   |      0|  0|  13|          12|          11|
    |tmp_20_fu_758_p2                  |   icmp   |      0|  0|  13|          12|          11|
    |tmp_2_fu_412_p2                   |   icmp   |      0|  0|  13|          10|           1|
    |tmp_3_fu_424_p2                   |   icmp   |      0|  0|  13|          10|           8|
    |tmp_419_1_fu_418_p2               |   icmp   |      0|  0|  13|          10|           1|
    |tmp_s_fu_384_p2                   |   icmp   |      0|  0|  13|          10|           8|
    |ap_block_pp0_stage0_01001         |    or    |      0|  0|   2|           1|           1|
    |ap_block_state5_pp0_stage0_iter2  |    or    |      0|  0|   2|           1|           1|
    |brmerge_fu_812_p2                 |    or    |      0|  0|   2|           1|           1|
    |sel_tmp7_fu_788_p2                |    or    |      0|  0|   2|           1|           1|
    |tmp_i_i_91_fu_1244_p2             |    or    |      0|  0|   2|           1|           1|
    |col_buf_0_val_0_0_fu_867_p3       |  select  |      0|  0|   8|           1|           8|
    |col_buf_0_val_1_0_fu_886_p3       |  select  |      0|  0|   8|           1|           8|
    |col_buf_0_val_2_0_fu_905_p3       |  select  |      0|  0|   8|           1|           8|
    |p_Val2_s_fu_1250_p3               |  select  |      0|  0|   8|           1|           8|
    |p_assign_3_fu_770_p3              |  select  |      0|  0|  13|           1|          13|
    |p_mux_i_i_cast_fu_1236_p3         |  select  |      0|  0|   2|           1|           2|
    |p_p2_i425_i_fu_486_p3             |  select  |      0|  0|  11|           1|          11|
    |p_p2_i425_i_p_assign_8_fu_562_p3  |  select  |      0|  0|   2|           1|           2|
    |p_p2_i_i_fu_742_p3                |  select  |      0|  0|  12|           1|          12|
    |src_kernel_win_0_va_23_fu_959_p3  |  select  |      0|  0|   8|           1|           8|
    |src_kernel_win_0_va_24_fu_977_p3  |  select  |      0|  0|   8|           1|           8|
    |src_kernel_win_0_va_25_fu_995_p3  |  select  |      0|  0|   8|           1|           8|
    |tmp_29_fu_608_p3                  |  select  |      0|  0|   2|           1|           2|
    |tmp_33_fu_646_p3                  |  select  |      0|  0|   2|           1|           2|
    |tmp_36_fu_600_p3                  |  select  |      0|  0|   2|           1|           2|
    |tmp_37_fu_638_p3                  |  select  |      0|  0|   2|           1|           2|
    |x_fu_800_p3                       |  select  |      0|  0|  14|           1|          14|
    |y_1_fu_570_p3                     |  select  |      0|  0|   2|           1|           2|
    |ap_enable_pp0                     |    xor   |      0|  0|   2|           1|           2|
    |col_assign_3_t_fu_850_p2          |    xor   |      0|  0|   2|           2|           2|
    |rev2_fu_710_p2                    |    xor   |      0|  0|   2|           1|           2|
    |rev_fu_454_p2                     |    xor   |      0|  0|   2|           1|           2|
    |row_assign_10_0_t_fu_578_p2       |    xor   |      0|  0|   2|           2|           2|
    |row_assign_10_1_t_fu_616_p2       |    xor   |      0|  0|   2|           2|           2|
    |row_assign_10_2_t_fu_654_p2       |    xor   |      0|  0|   2|           2|           2|
    |tmp_18_not_fu_782_p2              |    xor   |      0|  0|   2|           1|           2|
    |tmp_27_fu_584_p2                  |    xor   |      0|  0|   3|           2|           3|
    |tmp_375_0_not_fu_390_p2           |    xor   |      0|  0|   2|           1|           2|
    |tmp_64_fu_628_p2                  |    xor   |      0|  0|   2|           2|           2|
    |tmp_i_i_fu_1218_p2                |    xor   |      0|  0|   2|           1|           2|
    +----------------------------------+----------+-------+---+----+------------+------------+
    |Total                             |          |      0|  0| 850|         345|         470|
    +----------------------------------+----------+-------+---+----+------------+------------+

    * Multiplexer: 
    +---------------------------+----+-----------+-----+-----------+
    |            Name           | LUT| Input Size| Bits| Total Bits|
    +---------------------------+----+-----------+-----+-----------+
    |ap_NS_fsm                  |  27|          5|    1|          5|
    |ap_enable_reg_pp0_iter3    |   9|          2|    1|          2|
    |ap_enable_reg_pp0_iter5    |   9|          2|    1|          2|
    |k_buf_0_val_4_d1           |  15|          3|    8|         24|
    |k_buf_0_val_5_d1           |  15|          3|    8|         24|
    |p_dst_data_stream_V_blk_n  |   9|          2|    1|          2|
    |p_src_data_stream_V_blk_n  |   9|          2|    1|          2|
    |t_V_2_reg_333              |   9|          2|   11|         22|
    |t_V_reg_322                |   9|          2|   10|         20|
    +---------------------------+----+-----------+-----+-----------+
    |Total                      | 111|         23|   42|        103|
    +---------------------------+----+-----------+-----+-----------+

    * Register: 
    +------------------------------------+----+----+-----+-----------+
    |                Name                | FF | LUT| Bits| Const Bits|
    +------------------------------------+----+----+-----+-----------+
    |OP2_V_0_1_cast_reg_1349             |  10|   0|   10|          0|
    |OP2_V_0_2_cast_reg_1354             |  10|   0|   10|          0|
    |OP2_V_1_2_cast_reg_1364             |   4|   0|   12|          8|
    |OP2_V_1_cast_reg_1359               |  11|   0|   11|          0|
    |OP2_V_2_1_cast_reg_1374             |   3|   0|   11|          8|
    |OP2_V_2_cast_reg_1369               |  10|   0|   10|          0|
    |ap_CS_fsm                           |   4|   0|    4|          0|
    |ap_enable_reg_pp0_iter0             |   1|   0|    1|          0|
    |ap_enable_reg_pp0_iter1             |   1|   0|    1|          0|
    |ap_enable_reg_pp0_iter2             |   1|   0|    1|          0|
    |ap_enable_reg_pp0_iter3             |   1|   0|    1|          0|
    |ap_enable_reg_pp0_iter4             |   1|   0|    1|          0|
    |ap_enable_reg_pp0_iter5             |   1|   0|    1|          0|
    |brmerge_reg_1455                    |   1|   0|    1|          0|
    |brmerge_reg_1455_pp0_iter1_reg      |   1|   0|    1|          0|
    |exitcond388_i_reg_1432              |   1|   0|    1|          0|
    |i_V_reg_1383                        |  10|   0|   10|          0|
    |icmp_reg_1397                       |   1|   0|    1|          0|
    |k_buf_0_val_3_addr_reg_1466         |  11|   0|   11|          0|
    |k_buf_0_val_4_addr_reg_1472         |  11|   0|   11|          0|
    |k_buf_0_val_5_addr_reg_1478         |  11|   0|   11|          0|
    |or_cond_i_i_reg_1441                |   1|   0|    1|          0|
    |or_cond_i_i_reg_1441_pp0_iter1_reg  |   1|   0|    1|          0|
    |or_cond_i_reg_1462                  |   1|   0|    1|          0|
    |p_Val2_89_0_1_reg_1502              |  11|   0|   11|          0|
    |p_Val2_89_1_1_reg_1507              |  12|   0|   12|          0|
    |p_Val2_s_reg_1537                   |   8|   0|    8|          0|
    |r_V_8_1_2_reg_1512                  |  12|   0|   12|          0|
    |right_border_buf_0_14_fu_188        |   8|   0|    8|          0|
    |right_border_buf_0_15_fu_192        |   8|   0|    8|          0|
    |right_border_buf_0_16_fu_196        |   8|   0|    8|          0|
    |right_border_buf_0_17_fu_200        |   8|   0|    8|          0|
    |right_border_buf_0_18_fu_204        |   8|   0|    8|          0|
    |right_border_buf_0_s_fu_184         |   8|   0|    8|          0|
    |row_assign_10_0_t_reg_1417          |   2|   0|    2|          0|
    |row_assign_10_1_t_reg_1422          |   2|   0|    2|          0|
    |row_assign_10_2_t_reg_1427          |   2|   0|    2|          0|
    |src_kernel_win_0_va_18_fu_164       |   8|   0|    8|          0|
    |src_kernel_win_0_va_19_fu_168       |   8|   0|    8|          0|
    |src_kernel_win_0_va_20_fu_172       |   8|   0|    8|          0|
    |src_kernel_win_0_va_21_fu_176       |   8|   0|    8|          0|
    |src_kernel_win_0_va_22_fu_180       |   8|   0|    8|          0|
    |src_kernel_win_0_va_23_reg_1484     |   8|   0|    8|          0|
    |src_kernel_win_0_va_24_reg_1491     |   8|   0|    8|          0|
    |src_kernel_win_0_va_25_reg_1497     |   8|   0|    8|          0|
    |src_kernel_win_0_va_fu_160          |   8|   0|    8|          0|
    |t_V_2_reg_333                       |  11|   0|   11|          0|
    |t_V_reg_322                         |  10|   0|   10|          0|
    |tmp4_reg_1522                       |  11|   0|   11|          0|
    |tmp6_reg_1527                       |   8|   0|    8|          0|
    |tmp8_reg_1532                       |   8|   0|    8|          0|
    |tmp_2_reg_1402                      |   1|   0|    1|          0|
    |tmp_375_0_not_reg_1392              |   1|   0|    1|          0|
    |tmp_3_reg_1410                      |   1|   0|    1|          0|
    |tmp_419_1_reg_1406                  |   1|   0|    1|          0|
    |tmp_69_reg_1450                     |   2|   0|    2|          0|
    |tmp_69_reg_1450_pp0_iter1_reg       |   2|   0|    2|          0|
    |tmp_75_reg_1517                     |   8|   0|    8|          0|
    |tmp_s_reg_1388                      |   1|   0|    1|          0|
    |x_reg_1445                          |  14|   0|   14|          0|
    |exitcond388_i_reg_1432              |  64|  32|    1|          0|
    |or_cond_i_reg_1462                  |  64|  32|    1|          0|
    +------------------------------------+----+----+-----+-----------+
    |Total                               | 484|  64|  374|         16|
    +------------------------------------+----+----+-----+-----------+



================================================================
== Interface
================================================================
* Summary: 
+-----------------------------+-----+-----+------------+-------------------------+--------------+
|          RTL Ports          | Dir | Bits|  Protocol  |      Source Object      |    C Type    |
+-----------------------------+-----+-----+------------+-------------------------+--------------+
|ap_clk                       |  in |    1| ap_ctrl_hs |         Filter2D        | return value |
|ap_rst                       |  in |    1| ap_ctrl_hs |         Filter2D        | return value |
|ap_start                     |  in |    1| ap_ctrl_hs |         Filter2D        | return value |
|ap_done                      | out |    1| ap_ctrl_hs |         Filter2D        | return value |
|ap_idle                      | out |    1| ap_ctrl_hs |         Filter2D        | return value |
|ap_ready                     | out |    1| ap_ctrl_hs |         Filter2D        | return value |
|p_src_data_stream_V_dout     |  in |    8|   ap_fifo  |   p_src_data_stream_V   |    pointer   |
|p_src_data_stream_V_empty_n  |  in |    1|   ap_fifo  |   p_src_data_stream_V   |    pointer   |
|p_src_data_stream_V_read     | out |    1|   ap_fifo  |   p_src_data_stream_V   |    pointer   |
|p_dst_data_stream_V_din      | out |    8|   ap_fifo  |   p_dst_data_stream_V   |    pointer   |
|p_dst_data_stream_V_full_n   |  in |    1|   ap_fifo  |   p_dst_data_stream_V   |    pointer   |
|p_dst_data_stream_V_write    | out |    1|   ap_fifo  |   p_dst_data_stream_V   |    pointer   |
|p_kernel_val_0_V_1_read      |  in |    2|   ap_none  | p_kernel_val_0_V_1_read |    scalar    |
|p_kernel_val_0_V_2_read      |  in |    2|   ap_none  | p_kernel_val_0_V_2_read |    scalar    |
|p_kernel_val_1_V_0_read      |  in |    3|   ap_none  | p_kernel_val_1_V_0_read |    scalar    |
|p_kernel_val_1_V_2_read      |  in |    4|   ap_none  | p_kernel_val_1_V_2_read |    scalar    |
|p_kernel_val_2_V_0_read      |  in |    2|   ap_none  | p_kernel_val_2_V_0_read |    scalar    |
|p_kernel_val_2_V_1_read      |  in |    3|   ap_none  | p_kernel_val_2_V_1_read |    scalar    |
+-----------------------------+-----+-----+------------+-------------------------+--------------+

