==============================================================
File generated by Vivado(TM) HLS - High-Level Synthesis from C, C++ and SystemC
Version: 2018.2
Copyright (C) 1986-2018 Xilinx, Inc. All Rights Reserved.

==============================================================

INFO: [SYN 201-201] Setting up clock 'default' with a period of 10ns.
INFO: [HLS 200-10] Setting target device to 'xc7z020clg400-1'
INFO: [SYN 201-201] Setting up clock 'default' with a period of 10ns.
INFO: [HLS 200-10] Analyzing design file 'RandomGenerator/main.cpp' ... 
WARNING: [HLS 200-40] In file included from RandomGenerator/main.cpp:1:
RandomGenerator/main.cpp:48:4: error: use of undeclared identifier 'first'
   first = aValue.data;
   ^
RandomGenerator/main.cpp:49:4: error: use of undeclared identifier 'second'
   second = bValue.data;
   ^
RandomGenerator/main.cpp:66:8: error: use of undeclared identifier 'differentBytes'
 a.a = differentBytes;
       ^
RandomGenerator/main.cpp:69:8: error: use of undeclared identifier 'searched'
 a.d = searched;
       ^
RandomGenerator/main.cpp:70:8: error: use of undeclared identifier 'n'
 a.e = n;
       ^
5 errors generated.\n
ERROR: [HLS 200-70] Compilation errors found: Pragma processor failed: In file included from RandomGenerator/main.cpp:1:
RandomGenerator/main.cpp:48:4: error: use of undeclared identifier 'first'
   first = aValue.data;
   ^
RandomGenerator/main.cpp:49:4: error: use of undeclared identifier 'second'
   second = bValue.data;
   ^
RandomGenerator/main.cpp:66:8: error: use of undeclared identifier 'differentBytes'
 a.a = differentBytes;
       ^
RandomGenerator/main.cpp:69:8: error: use of undeclared identifier 'searched'
 a.d = searched;
       ^
RandomGenerator/main.cpp:70:8: error: use of undeclared identifier 'n'
 a.e = n;
       ^
5 errors generated.
==============================================================
File generated by Vivado(TM) HLS - High-Level Synthesis from C, C++ and SystemC
Version: 2018.2
Copyright (C) 1986-2018 Xilinx, Inc. All Rights Reserved.

==============================================================

INFO: [SYN 201-201] Setting up clock 'default' with a period of 10ns.
INFO: [HLS 200-10] Setting target device to 'xc7z020clg400-1'
INFO: [HLS 200-10] Analyzing design file 'RandomGenerator/main.cpp' ... 
INFO: [HLS 200-111] Finished Linking Time (s): cpu = 00:00:01 ; elapsed = 00:00:09 . Memory (MB): peak = 102.898 ; gain = 45.617
INFO: [HLS 200-111] Finished Checking Pragmas Time (s): cpu = 00:00:01 ; elapsed = 00:00:09 . Memory (MB): peak = 102.898 ; gain = 45.617
INFO: [HLS 200-10] Starting code transformations ...
INFO: [HLS 200-111] Finished Standard Transforms Time (s): cpu = 00:00:01 ; elapsed = 00:00:09 . Memory (MB): peak = 114.254 ; gain = 56.973
INFO: [HLS 200-10] Checking synthesizability ...
INFO: [HLS 200-111] Finished Checking Synthesizability Time (s): cpu = 00:00:01 ; elapsed = 00:00:09 . Memory (MB): peak = 121.813 ; gain = 64.531
INFO: [HLS 200-111] Finished Pre-synthesis Time (s): cpu = 00:00:01 ; elapsed = 00:00:09 . Memory (MB): peak = 148.785 ; gain = 91.504
INFO: [HLS 200-111] Finished Architecture Synthesis Time (s): cpu = 00:00:01 ; elapsed = 00:00:09 . Memory (MB): peak = 152.148 ; gain = 94.867
INFO: [HLS 200-10] Starting hardware synthesis ...
INFO: [HLS 200-10] Synthesizing 'Random' ...
INFO: [HLS 200-10] ----------------------------------------------------------------
INFO: [HLS 200-42] -- Implementing module 'Random' 
INFO: [HLS 200-10] ----------------------------------------------------------------
INFO: [SCHED 204-11] Starting scheduling ...
INFO: [SCHED 204-61] Pipelining loop 'read_A'.
INFO: [SCHED 204-61] Pipelining result : Target II = 1, Final II = 1, Depth = 2.
INFO: [SCHED 204-11] Finished scheduling.
INFO: [HLS 200-111]  Elapsed time: 9.433 seconds; current allocated memory: 100.641 MB.
INFO: [BIND 205-100] Starting micro-architecture generation ...
INFO: [BIND 205-101] Performing variable lifetime analysis.
INFO: [BIND 205-101] Exploring resource sharing.
INFO: [BIND 205-101] Binding ...
INFO: [BIND 205-100] Finished micro-architecture generation.
INFO: [HLS 200-111]  Elapsed time: 0.064 seconds; current allocated memory: 100.861 MB.
INFO: [HLS 200-10] ----------------------------------------------------------------
INFO: [HLS 200-10] -- Generating RTL for module 'Random' 
INFO: [HLS 200-10] ----------------------------------------------------------------
INFO: [RTGEN 206-500] Setting interface mode on port 'Random/agg_result_a' to 's_axilite & ap_vld'.
INFO: [RTGEN 206-500] Setting interface mode on port 'Random/agg_result_b' to 's_axilite & ap_vld'.
INFO: [RTGEN 206-500] Setting interface mode on port 'Random/agg_result_c' to 's_axilite & ap_vld'.
INFO: [RTGEN 206-500] Setting interface mode on port 'Random/agg_result_d' to 's_axilite & ap_vld'.
INFO: [RTGEN 206-500] Setting interface mode on port 'Random/agg_result_e' to 's_axilite & ap_vld'.
INFO: [RTGEN 206-500] Setting interface mode on port 'Random/agg_result_f' to 's_axilite & ap_vld'.
INFO: [RTGEN 206-500] Setting interface mode on port 'Random/INPUT_STREAM_V_data_V' to 'axis' (register, both mode).
INFO: [RTGEN 206-500] Setting interface mode on port 'Random/INPUT_STREAM_V_keep_V' to 'axis' (register, both mode).
INFO: [RTGEN 206-500] Setting interface mode on port 'Random/INPUT_STREAM_V_strb_V' to 'axis' (register, both mode).
INFO: [RTGEN 206-500] Setting interface mode on port 'Random/INPUT_STREAM_V_user_V' to 'axis' (register, both mode).
INFO: [RTGEN 206-500] Setting interface mode on port 'Random/INPUT_STREAM_V_last_V' to 'axis' (register, both mode).
INFO: [RTGEN 206-500] Setting interface mode on port 'Random/INPUT_STREAM_V_id_V' to 'axis' (register, both mode).
INFO: [RTGEN 206-500] Setting interface mode on port 'Random/INPUT_STREAM_V_dest_V' to 'axis' (register, both mode).
INFO: [RTGEN 206-500] Setting interface mode on function 'Random' to 's_axilite & ap_ctrl_hs'.
INFO: [RTGEN 206-100] Bundling port 'return', 'agg_result_a', 'agg_result_c', 'agg_result_d', 'agg_result_e' and 'agg_result_f' to AXI-Lite port CONTROL_BUS.
INFO: [RTGEN 206-100] Finished creating RTL model for 'Random'.
INFO: [HLS 200-111]  Elapsed time: 0.151 seconds; current allocated memory: 101.721 MB.
INFO: [HLS 200-111] Finished generating all RTL models Time (s): cpu = 00:00:02 ; elapsed = 00:00:11 . Memory (MB): peak = 153.277 ; gain = 95.996
INFO: [SYSC 207-301] Generating SystemC RTL for Random.
INFO: [VHDL 208-304] Generating VHDL RTL for Random.
INFO: [VLOG 209-307] Generating Verilog RTL for Random.
INFO: [HLS 200-112] Total elapsed time: 10.615 seconds; peak allocated memory: 101.721 MB.
==============================================================
File generated by Vivado(TM) HLS - High-Level Synthesis from C, C++ and SystemC
Version: 2018.2
Copyright (C) 1986-2018 Xilinx, Inc. All Rights Reserved.

==============================================================

INFO: [SYN 201-201] Setting up clock 'default' with a period of 10ns.
INFO: [HLS 200-10] Setting target device to 'xc7z020clg400-1'
INFO: [IMPL 213-8] Exporting RTL as a Vivado IP.
==============================================================
File generated by Vivado(TM) HLS - High-Level Synthesis from C, C++ and SystemC
Version: 2018.2
Copyright (C) 1986-2018 Xilinx, Inc. All Rights Reserved.

==============================================================

INFO: [SYN 201-201] Setting up clock 'default' with a period of 10ns.
INFO: [HLS 200-10] Setting target device to 'xc7z020clg400-1'
INFO: [SYN 201-201] Setting up clock 'default' with a period of 10ns.
INFO: [HLS 200-10] Analyzing design file 'RandomGenerator/main.cpp' ... 
INFO: [HLS 200-111] Finished Linking Time (s): cpu = 00:00:01 ; elapsed = 00:00:11 . Memory (MB): peak = 103.168 ; gain = 45.363
INFO: [HLS 200-111] Finished Checking Pragmas Time (s): cpu = 00:00:01 ; elapsed = 00:00:11 . Memory (MB): peak = 103.168 ; gain = 45.363
INFO: [HLS 200-10] Starting code transformations ...
INFO: [HLS 200-111] Finished Standard Transforms Time (s): cpu = 00:00:01 ; elapsed = 00:00:12 . Memory (MB): peak = 114.691 ; gain = 56.887
INFO: [HLS 200-10] Checking synthesizability ...
INFO: [HLS 200-111] Finished Checking Synthesizability Time (s): cpu = 00:00:01 ; elapsed = 00:00:12 . Memory (MB): peak = 122.871 ; gain = 65.066
INFO: [HLS 200-111] Finished Pre-synthesis Time (s): cpu = 00:00:01 ; elapsed = 00:00:12 . Memory (MB): peak = 151.906 ; gain = 94.102
INFO: [HLS 200-111] Finished Architecture Synthesis Time (s): cpu = 00:00:02 ; elapsed = 00:00:12 . Memory (MB): peak = 154.543 ; gain = 96.738
INFO: [HLS 200-10] Starting hardware synthesis ...
INFO: [HLS 200-10] Synthesizing 'Random' ...
INFO: [HLS 200-10] ----------------------------------------------------------------
INFO: [HLS 200-42] -- Implementing module 'Random' 
INFO: [HLS 200-10] ----------------------------------------------------------------
INFO: [SCHED 204-11] Starting scheduling ...
INFO: [SCHED 204-61] Pipelining loop 'read_A'.
INFO: [SCHED 204-61] Pipelining result : Target II = 1, Final II = 1, Depth = 2.
INFO: [SCHED 204-11] Finished scheduling.
INFO: [HLS 200-111]  Elapsed time: 12.359 seconds; current allocated memory: 102.620 MB.
INFO: [BIND 205-100] Starting micro-architecture generation ...
INFO: [BIND 205-101] Performing variable lifetime analysis.
INFO: [BIND 205-101] Exploring resource sharing.
INFO: [BIND 205-101] Binding ...
INFO: [BIND 205-100] Finished micro-architecture generation.
INFO: [HLS 200-111]  Elapsed time: 0.073 seconds; current allocated memory: 102.862 MB.
INFO: [HLS 200-10] ----------------------------------------------------------------
INFO: [HLS 200-10] -- Generating RTL for module 'Random' 
INFO: [HLS 200-10] ----------------------------------------------------------------
INFO: [RTGEN 206-500] Setting interface mode on port 'Random/agg_result_a' to 's_axilite & ap_vld'.
INFO: [RTGEN 206-500] Setting interface mode on port 'Random/agg_result_b' to 's_axilite & ap_vld'.
INFO: [RTGEN 206-500] Setting interface mode on port 'Random/agg_result_c' to 's_axilite & ap_vld'.
INFO: [RTGEN 206-500] Setting interface mode on port 'Random/agg_result_d' to 's_axilite & ap_vld'.
INFO: [RTGEN 206-500] Setting interface mode on port 'Random/agg_result_e' to 's_axilite & ap_vld'.
INFO: [RTGEN 206-500] Setting interface mode on port 'Random/agg_result_f' to 's_axilite & ap_vld'.
INFO: [RTGEN 206-500] Setting interface mode on port 'Random/INPUT_STREAM_V_data_V' to 'axis' (register, both mode).
INFO: [RTGEN 206-500] Setting interface mode on port 'Random/INPUT_STREAM_V_keep_V' to 'axis' (register, both mode).
INFO: [RTGEN 206-500] Setting interface mode on port 'Random/INPUT_STREAM_V_strb_V' to 'axis' (register, both mode).
INFO: [RTGEN 206-500] Setting interface mode on port 'Random/INPUT_STREAM_V_user_V' to 'axis' (register, both mode).
INFO: [RTGEN 206-500] Setting interface mode on port 'Random/INPUT_STREAM_V_last_V' to 'axis' (register, both mode).
INFO: [RTGEN 206-500] Setting interface mode on port 'Random/INPUT_STREAM_V_id_V' to 'axis' (register, both mode).
INFO: [RTGEN 206-500] Setting interface mode on port 'Random/INPUT_STREAM_V_dest_V' to 'axis' (register, both mode).
INFO: [RTGEN 206-500] Setting interface mode on port 'Random/temperature_V' to 'ap_none'.
INFO: [RTGEN 206-500] Setting interface mode on function 'Random' to 's_axilite & ap_ctrl_hs'.
INFO: [RTGEN 206-100] Bundling port 'return', 'agg_result_a', 'agg_result_c', 'agg_result_d', 'agg_result_e' and 'agg_result_f' to AXI-Lite port CONTROL_BUS.
INFO: [RTGEN 206-100] Finished creating RTL model for 'Random'.
INFO: [HLS 200-111]  Elapsed time: 0.16 seconds; current allocated memory: 103.777 MB.
INFO: [HLS 200-111] Finished generating all RTL models Time (s): cpu = 00:00:02 ; elapsed = 00:00:14 . Memory (MB): peak = 155.801 ; gain = 97.996
INFO: [SYSC 207-301] Generating SystemC RTL for Random.
INFO: [VHDL 208-304] Generating VHDL RTL for Random.
INFO: [VLOG 209-307] Generating Verilog RTL for Random.
INFO: [HLS 200-112] Total elapsed time: 13.638 seconds; peak allocated memory: 103.777 MB.
==============================================================
File generated by Vivado(TM) HLS - High-Level Synthesis from C, C++ and SystemC
Version: 2018.2
Copyright (C) 1986-2018 Xilinx, Inc. All Rights Reserved.

==============================================================

INFO: [SYN 201-201] Setting up clock 'default' with a period of 10ns.
INFO: [HLS 200-10] Setting target device to 'xc7z020clg400-1'
INFO: [IMPL 213-8] Exporting RTL as a Vivado IP.
