#-----------------------------------------------------------
# Vivado v2018.2 (64-bit)
# SW Build 2258646 on Thu Jun 14 20:03:12 MDT 2018
# IP Build 2256618 on Thu Jun 14 22:10:49 MDT 2018
# Start of session at: Fri Dec  7 13:58:30 2018
# Process ID: 23560
# Current directory: D:/Beni/Digilent19/Zybo-Z7-20-HDMI-6f6543280b4b59fdcce0a3f394f17148de151b16/src/bd/design_1/ip/t/design_1_rgb2dvi_1_0
# Command line: vivado.exe -gui_launcher_event rodinguilauncherevent7440 D:\Beni\Digilent19\Zybo-Z7-20-HDMI-6f6543280b4b59fdcce0a3f394f17148de151b16\src\bd\design_1\ip\t\design_1_rgb2dvi_1_0\design_1_rgb2dvi_1_0.dcp
# Log file: D:/Beni/Digilent19/Zybo-Z7-20-HDMI-6f6543280b4b59fdcce0a3f394f17148de151b16/src/bd/design_1/ip/t/design_1_rgb2dvi_1_0/vivado.log
# Journal file: D:/Beni/Digilent19/Zybo-Z7-20-HDMI-6f6543280b4b59fdcce0a3f394f17148de151b16/src/bd/design_1/ip/t/design_1_rgb2dvi_1_0\vivado.jou
#-----------------------------------------------------------
Sourcing tcl script 'C:/Users/biabe/AppData/Roaming/Xilinx/Vivado/Vivado_init.tcl'
start_gui
open_checkpoint D:/Beni/Digilent19/Zybo-Z7-20-HDMI-6f6543280b4b59fdcce0a3f394f17148de151b16/src/bd/design_1/ip/t/design_1_rgb2dvi_1_0/design_1_rgb2dvi_1_0.dcp
Command: open_checkpoint D:/Beni/Digilent19/Zybo-Z7-20-HDMI-6f6543280b4b59fdcce0a3f394f17148de151b16/src/bd/design_1/ip/t/design_1_rgb2dvi_1_0/design_1_rgb2dvi_1_0.dcp

Starting open_checkpoint Task

Time (s): cpu = 00:00:00 ; elapsed = 00:00:00.029 . Memory (MB): peak = 743.910 ; gain = 0.000
INFO: [IP_Flow 19-234] Refreshing IP repositories
INFO: [IP_Flow 19-1704] No user IP repositories specified
INFO: [IP_Flow 19-2313] Loaded Vivado IP repository 'C:/Xilinx/Vivado/2018.2/data/ip'.
INFO: [Netlist 29-17] Analyzing 4 Unisim elements for replacement
INFO: [Netlist 29-28] Unisim Transformation completed in 0 CPU seconds
INFO: [Project 1-479] Netlist was created with Vivado 2016.4
INFO: [Device 21-403] Loading part xc7z020clg400-1
INFO: [Project 1-570] Preparing netlist for logic optimization
INFO: [Constraints 18-4397] Generator change detected checking ShapeConfig Enum. shapeDB will be regenerated.
Parsing XDC File [D:/Beni/Digilent19/Zybo-Z7-20-HDMI-6f6543280b4b59fdcce0a3f394f17148de151b16/src/bd/design_1/ip/t/design_1_rgb2dvi_1_0/design_1_rgb2dvi_1_0/design_1_rgb2dvi_1_0_early.xdc]
Finished Parsing XDC File [D:/Beni/Digilent19/Zybo-Z7-20-HDMI-6f6543280b4b59fdcce0a3f394f17148de151b16/src/bd/design_1/ip/t/design_1_rgb2dvi_1_0/design_1_rgb2dvi_1_0/design_1_rgb2dvi_1_0_early.xdc]
Parsing XDC File [D:/Beni/Digilent19/Zybo-Z7-20-HDMI-6f6543280b4b59fdcce0a3f394f17148de151b16/src/bd/design_1/ip/t/design_1_rgb2dvi_1_0/design_1_rgb2dvi_1_0/design_1_rgb2dvi_1_0_late.xdc]
Finished Parsing XDC File [D:/Beni/Digilent19/Zybo-Z7-20-HDMI-6f6543280b4b59fdcce0a3f394f17148de151b16/src/bd/design_1/ip/t/design_1_rgb2dvi_1_0/design_1_rgb2dvi_1_0/design_1_rgb2dvi_1_0_late.xdc]
INFO: [Opt 31-138] Pushed 0 inverter(s) to 0 load pin(s).
INFO: [Project 1-111] Unisim Transformation Summary:
No Unisim elements were transformed.

INFO: [Project 1-604] Checkpoint was created with Vivado v2016.4 (64-bit) build 1756540
open_checkpoint: Time (s): cpu = 00:00:21 ; elapsed = 00:00:13 . Memory (MB): peak = 1264.797 ; gain = 529.199
exit
INFO: [Common 17-206] Exiting Vivado at Fri Dec  7 14:14:26 2018...
