

================================================================
== Vivado HLS Report for 'Block_proc303304'
================================================================
* Date:           Thu Jan 31 19:15:00 2019

* Version:        2018.2 (Build 2258646 on Thu Jun 14 20:25:20 MDT 2018)
* Project:        SobelVideoWorking
* Solution:       solution1
* Product family: artix7
* Target device:  xc7a200tsbg484-1


================================================================
== Performance Estimates
================================================================
+ Timing (ns): 
    * Summary: 
    +--------+-------+----------+------------+
    |  Clock | Target| Estimated| Uncertainty|
    +--------+-------+----------+------------+
    |ap_clk  |  10.00|    11.000|        1.25|
    +--------+-------+----------+------------+

+ Latency (clock cycles): 
    * Summary: 
    +--------+--------+--------+--------+----------+
    |     Latency     |     Interval    | Pipeline |
    |   min  |   max  |   min  |   max  |   Type   |
    +--------+--------+--------+--------+----------+
    |  943934|  943934|  943922|  943922| dataflow |
    +--------+--------+--------+--------+----------+

    + Detail: 
        * Instance: 
        +-------------------+--------------+--------+--------+--------+--------+---------+
        |                   |              |     Latency     |     Interval    | Pipeline|
        |      Instance     |    Module    |   min  |   max  |   min  |   max  |   Type  |
        +-------------------+--------------+--------+--------+--------+--------+---------+
        |AddWeighted_U0     |AddWeighted   |  943921|  943921|  943921|  943921|   none  |
        |Sobel_U0           |Sobel         |  930660|  930660|  930660|  930660|   none  |
        |Sobel_1_U0         |Sobel_1       |  930660|  930660|  930660|  930660|   none  |
        |GaussianBlur_U0    |GaussianBlur  |  930660|  930660|  930660|  930660|   none  |
        |Mat2AXIvideo_U1_1  |Mat2AXIvideo  |       1|  924481|       1|  924481|   none  |
        |CvtColor_1_U0      |CvtColor_1    |       1|  925921|       1|  925921|   none  |
        |CvtColor_U0        |CvtColor      |  923761|  923761|  923761|  923761|   none  |
        |Duplicate_U0       |Duplicate     |  923761|  923761|  923761|  923761|   none  |
        +-------------------+--------------+--------+--------+--------+--------+---------+

        * Loop: 
        N/A



================================================================
== Utilization Estimates
================================================================
* Summary: 
+-----------------+---------+-------+--------+--------+
|       Name      | BRAM_18K| DSP48E|   FF   |   LUT  |
+-----------------+---------+-------+--------+--------+
|DSP              |        -|      -|       -|       -|
|Expression       |        -|      -|       0|      54|
|FIFO             |        0|      -|      50|     180|
|Instance         |        9|     39|    5845|    9589|
|Memory           |        -|      -|       -|       -|
|Multiplexer      |        -|      -|       -|      54|
|Register         |        -|      -|      10|       -|
+-----------------+---------+-------+--------+--------+
|Total            |        9|     39|    5905|    9877|
+-----------------+---------+-------+--------+--------+
|Available        |      730|    740|  269200|  129000|
+-----------------+---------+-------+--------+--------+
|Utilization (%)  |        1|      5|       2|       7|
+-----------------+---------+-------+--------+--------+

+ Detail: 
    * Instance: 
    +-------------------+--------------+---------+-------+------+------+
    |      Instance     |    Module    | BRAM_18K| DSP48E|  FF  |  LUT |
    +-------------------+--------------+---------+-------+------+------+
    |AddWeighted_U0     |AddWeighted   |        0|     28|  3474|  4597|
    |CvtColor_U0        |CvtColor      |        0|      0|    39|   176|
    |CvtColor_1_U0      |CvtColor_1    |        0|      3|   237|   258|
    |Duplicate_U0       |Duplicate     |        0|      0|    40|   176|
    |GaussianBlur_U0    |GaussianBlur  |        3|      4|   516|  1069|
    |Mat2AXIvideo_U0    |Mat2AXIvideo  |        0|      0|   282|   496|
    |Mat2AXIvideo_U1_1  |Mat2AXIvideo  |        0|      0|   282|   496|
    |Sobel_U0           |Sobel         |        3|      2|   488|  1165|
    |Sobel_1_U0         |Sobel_1       |        3|      2|   487|  1156|
    +-------------------+--------------+---------+-------+------+------+
    |Total              |              |        9|     39|  5845|  9589|
    +-------------------+--------------+---------+-------+------+------+

    * DSP48: 
    N/A

    * Memory: 
    N/A

    * FIFO: 
    +------------------------+---------+---+----+------+-----+---------+
    |          Name          | BRAM_18K| FF| LUT| Depth| Bits| Size:D*B|
    +------------------------+---------+---+----+------+-----+---------+
    |img_1_data_stream_0_U   |        0|  5|  18|     2|    8|       16|
    |img_2_data_stream_0_U   |        0|  5|  18|     2|    8|       16|
    |img_2a_data_stream_0_U  |        0|  5|  18|     2|    8|       16|
    |img_2b_data_stream_0_U  |        0|  5|  18|     2|    8|       16|
    |img_3_data_stream_0_U   |        0|  5|  18|     2|    8|       16|
    |img_4_data_stream_0_U   |        0|  5|  18|     2|    8|       16|
    |img_5_data_stream_0_U   |        0|  5|  18|     2|    8|       16|
    |img_6_data_stream_0_U   |        0|  5|  18|     2|    8|       16|
    |img_6_data_stream_1_U   |        0|  5|  18|     2|    8|       16|
    |img_6_data_stream_2_U   |        0|  5|  18|     2|    8|       16|
    +------------------------+---------+---+----+------+-----+---------+
    |Total                   |        0| 50| 180|    20|   80|      160|
    +------------------------+---------+---+----+------+-----+---------+

    * Expression: 
    +------------------------------------+----------+-------+---+----+------------+------------+
    |            Variable Name           | Operation| DSP48E| FF| LUT| Bitwidth P0| Bitwidth P1|
    +------------------------------------+----------+-------+---+----+------------+------------+
    |CvtColor_1_U0_ap_ready_count        |     +    |      0|  0|  10|           2|           1|
    |Mat2AXIvideo_U0_ap_ready_count      |     +    |      0|  0|  10|           2|           1|
    |Mat2AXIvideo_U1_1_ap_ready_count    |     +    |      0|  0|  10|           2|           1|
    |CvtColor_1_U0_ap_start              |    and   |      0|  0|   2|           1|           1|
    |Duplicate_U0_start_full_n           |    and   |      0|  0|   2|           1|           1|
    |GaussianBlur_U0_start_full_n        |    and   |      0|  0|   2|           1|           1|
    |Mat2AXIvideo_U0_ap_start            |    and   |      0|  0|   2|           1|           1|
    |Mat2AXIvideo_U1_1_ap_start          |    and   |      0|  0|   2|           1|           1|
    |ap_idle                             |    and   |      0|  0|   2|           1|           1|
    |ap_sync_continue                    |    and   |      0|  0|   2|           1|           1|
    |ap_sync_done                        |    and   |      0|  0|   2|           1|           1|
    |ap_sync_ready                       |    and   |      0|  0|   2|           1|           1|
    |ap_sync_CvtColor_1_U0_ap_ready      |    or    |      0|  0|   2|           1|           1|
    |ap_sync_Mat2AXIvideo_U0_ap_ready    |    or    |      0|  0|   2|           1|           1|
    |ap_sync_Mat2AXIvideo_U1_1_ap_ready  |    or    |      0|  0|   2|           1|           1|
    +------------------------------------+----------+-------+---+----+------------+------------+
    |Total                               |          |      0|  0|  54|          18|          15|
    +------------------------------------+----------+-------+---+----+------------+------------+

    * Multiplexer: 
    +----------------------------------------+----+-----------+-----+-----------+
    |                  Name                  | LUT| Input Size| Bits| Total Bits|
    +----------------------------------------+----+-----------+-----+-----------+
    |CvtColor_1_U0_ap_ready_count            |   9|          2|    2|          4|
    |Mat2AXIvideo_U0_ap_ready_count          |   9|          2|    2|          4|
    |Mat2AXIvideo_U1_1_ap_ready_count        |   9|          2|    2|          4|
    |ap_sync_reg_CvtColor_1_U0_ap_ready      |   9|          2|    1|          2|
    |ap_sync_reg_Mat2AXIvideo_U0_ap_ready    |   9|          2|    1|          2|
    |ap_sync_reg_Mat2AXIvideo_U1_1_ap_ready  |   9|          2|    1|          2|
    +----------------------------------------+----+-----------+-----+-----------+
    |Total                                   |  54|         12|    9|         18|
    +----------------------------------------+----+-----------+-----+-----------+

    * Register: 
    +----------------------------------------+---+----+-----+-----------+
    |                  Name                  | FF| LUT| Bits| Const Bits|
    +----------------------------------------+---+----+-----+-----------+
    |CvtColor_1_U0_ap_ready_count            |  2|   0|    2|          0|
    |GaussianBlur_U0_ap_start                |  1|   0|    1|          0|
    |Mat2AXIvideo_U0_ap_ready_count          |  2|   0|    2|          0|
    |Mat2AXIvideo_U1_1_ap_ready_count        |  2|   0|    2|          0|
    |ap_sync_reg_CvtColor_1_U0_ap_ready      |  1|   0|    1|          0|
    |ap_sync_reg_Mat2AXIvideo_U0_ap_ready    |  1|   0|    1|          0|
    |ap_sync_reg_Mat2AXIvideo_U1_1_ap_ready  |  1|   0|    1|          0|
    +----------------------------------------+---+----+-----+-----------+
    |Total                                   | 10|   0|   10|          0|
    +----------------------------------------+---+----+-----+-----------+



================================================================
== Interface
================================================================
* Summary: 
+-------------------------------+-----+-----+------------+------------------------+--------------+
|           RTL Ports           | Dir | Bits|  Protocol  |      Source Object     |    C Type    |
+-------------------------------+-----+-----+------------+------------------------+--------------+
|enable_dout                    |  in |    8|   ap_fifo  |         enable         |    pointer   |
|enable_empty_n                 |  in |    1|   ap_fifo  |         enable         |    pointer   |
|enable_read                    | out |    1|   ap_fifo  |         enable         |    pointer   |
|img_0_rows_V_dout              |  in |   11|   ap_fifo  |      img_0_rows_V      |    pointer   |
|img_0_rows_V_empty_n           |  in |    1|   ap_fifo  |      img_0_rows_V      |    pointer   |
|img_0_rows_V_read              | out |    1|   ap_fifo  |      img_0_rows_V      |    pointer   |
|img_0_cols_V_dout              |  in |   12|   ap_fifo  |      img_0_cols_V      |    pointer   |
|img_0_cols_V_empty_n           |  in |    1|   ap_fifo  |      img_0_cols_V      |    pointer   |
|img_0_cols_V_read              | out |    1|   ap_fifo  |      img_0_cols_V      |    pointer   |
|img_0_data_stream_0_V_dout     |  in |    8|   ap_fifo  |  img_0_data_stream_0_V |    pointer   |
|img_0_data_stream_0_V_empty_n  |  in |    1|   ap_fifo  |  img_0_data_stream_0_V |    pointer   |
|img_0_data_stream_0_V_read     | out |    1|   ap_fifo  |  img_0_data_stream_0_V |    pointer   |
|img_0_data_stream_1_V_dout     |  in |    8|   ap_fifo  |  img_0_data_stream_1_V |    pointer   |
|img_0_data_stream_1_V_empty_n  |  in |    1|   ap_fifo  |  img_0_data_stream_1_V |    pointer   |
|img_0_data_stream_1_V_read     | out |    1|   ap_fifo  |  img_0_data_stream_1_V |    pointer   |
|img_0_data_stream_2_V_dout     |  in |    8|   ap_fifo  |  img_0_data_stream_2_V |    pointer   |
|img_0_data_stream_2_V_empty_n  |  in |    1|   ap_fifo  |  img_0_data_stream_2_V |    pointer   |
|img_0_data_stream_2_V_read     | out |    1|   ap_fifo  |  img_0_data_stream_2_V |    pointer   |
|OUTPUT_STREAM_TDATA            | out |   24|    axis    | OUTPUT_STREAM_V_data_V |    pointer   |
|OUTPUT_STREAM_TKEEP            | out |    3|    axis    | OUTPUT_STREAM_V_keep_V |    pointer   |
|OUTPUT_STREAM_TSTRB            | out |    3|    axis    | OUTPUT_STREAM_V_strb_V |    pointer   |
|OUTPUT_STREAM_TUSER            | out |    1|    axis    | OUTPUT_STREAM_V_user_V |    pointer   |
|OUTPUT_STREAM_TLAST            | out |    1|    axis    | OUTPUT_STREAM_V_last_V |    pointer   |
|OUTPUT_STREAM_TID              | out |    1|    axis    |  OUTPUT_STREAM_V_id_V  |    pointer   |
|OUTPUT_STREAM_TDEST            | out |    1|    axis    | OUTPUT_STREAM_V_dest_V |    pointer   |
|OUTPUT_STREAM_TVALID           | out |    1|    axis    | OUTPUT_STREAM_V_dest_V |    pointer   |
|OUTPUT_STREAM_TREADY           |  in |    1|    axis    | OUTPUT_STREAM_V_dest_V |    pointer   |
|img_6_rows_V_dout              |  in |   11|   ap_fifo  |      img_6_rows_V      |    pointer   |
|img_6_rows_V_empty_n           |  in |    1|   ap_fifo  |      img_6_rows_V      |    pointer   |
|img_6_rows_V_read              | out |    1|   ap_fifo  |      img_6_rows_V      |    pointer   |
|img_6_cols_V_dout              |  in |   12|   ap_fifo  |      img_6_cols_V      |    pointer   |
|img_6_cols_V_empty_n           |  in |    1|   ap_fifo  |      img_6_cols_V      |    pointer   |
|img_6_cols_V_read              | out |    1|   ap_fifo  |      img_6_cols_V      |    pointer   |
|ap_clk                         |  in |    1| ap_ctrl_hs |    Block__proc303304   | return value |
|ap_rst                         |  in |    1| ap_ctrl_hs |    Block__proc303304   | return value |
|ap_done                        | out |    1| ap_ctrl_hs |    Block__proc303304   | return value |
|ap_start                       |  in |    1| ap_ctrl_hs |    Block__proc303304   | return value |
|ap_ready                       | out |    1| ap_ctrl_hs |    Block__proc303304   | return value |
|ap_idle                        | out |    1| ap_ctrl_hs |    Block__proc303304   | return value |
|ap_continue                    |  in |    1| ap_ctrl_hs |    Block__proc303304   | return value |
+-------------------------------+-----+-----+------------+------------------------+--------------+

