

================================================================
== Vivado HLS Report for 'Sobel_filter'
================================================================
* Date:           Mon Feb  4 18:37:53 2019

* Version:        2018.2 (Build 2258646 on Thu Jun 14 20:25:20 MDT 2018)
* Project:        SobelVideoWorking
* Solution:       solution1
* Product family: artix7
* Target device:  xc7a200tsbg484-1


================================================================
== Performance Estimates
================================================================
+ Timing (ns): 
    * Summary: 
    +--------+-------+----------+------------+
    |  Clock | Target| Estimated| Uncertainty|
    +--------+-------+----------+------------+
    |ap_clk  |  10.00|    11.000|        1.25|
    +--------+-------+----------+------------+

+ Latency (clock cycles): 
    * Summary: 
    +--------+--------+--------+--------+----------+
    |     Latency     |     Interval    | Pipeline |
    |   min  |   max  |   min  |   max  |   Type   |
    +--------+--------+--------+--------+----------+
    |  943937|  943937|  943922|  943922| dataflow |
    +--------+--------+--------+--------+----------+

    + Detail: 
        * Instance: 
        +------------------+---------------+--------+--------+--------+--------+----------+
        |                  |               |     Latency     |     Interval    | Pipeline |
        |     Instance     |     Module    |   min  |   max  |   min  |   max  |   Type   |
        +------------------+---------------+--------+--------+--------+--------+----------+
        |Block_proc306_U0  |Block_proc306  |  943937|  943937|  943922|  943922| dataflow |
        +------------------+---------------+--------+--------+--------+--------+----------+

        * Loop: 
        N/A



================================================================
== Utilization Estimates
================================================================
* Summary: 
+-----------------+---------+-------+--------+--------+
|       Name      | BRAM_18K| DSP48E|   FF   |   LUT  |
+-----------------+---------+-------+--------+--------+
|DSP              |        -|      -|       -|       -|
|Expression       |        -|      -|       -|       -|
|FIFO             |        -|      -|       -|       -|
|Instance         |        9|     39|    6332|   10952|
|Memory           |        -|      -|       -|       -|
|Multiplexer      |        -|      -|       -|       -|
|Register         |        -|      -|       -|       -|
+-----------------+---------+-------+--------+--------+
|Total            |        9|     39|    6332|   10952|
+-----------------+---------+-------+--------+--------+
|Available        |      730|    740|  269200|  129000|
+-----------------+---------+-------+--------+--------+
|Utilization (%)  |        1|      5|       2|       8|
+-----------------+---------+-------+--------+--------+

+ Detail: 
    * Instance: 
    +------------------+---------------+---------+-------+------+-------+
    |     Instance     |     Module    | BRAM_18K| DSP48E|  FF  |  LUT  |
    +------------------+---------------+---------+-------+------+-------+
    |Block_proc306_U0  |Block_proc306  |        9|     39|  6332|  10952|
    +------------------+---------------+---------+-------+------+-------+
    |Total             |               |        9|     39|  6332|  10952|
    +------------------+---------------+---------+-------+------+-------+

    * DSP48: 
    N/A

    * Memory: 
    N/A

    * FIFO: 
    N/A

    * Expression: 
    N/A

    * Multiplexer: 
    N/A

    * Register: 
    N/A



================================================================
== Interface
================================================================
* Summary: 
+----------------------+-----+-----+------------+------------------------+--------------+
|       RTL Ports      | Dir | Bits|  Protocol  |      Source Object     |    C Type    |
+----------------------+-----+-----+------------+------------------------+--------------+
|INPUT_STREAM_TDATA    |  in |   24|    axis    |  INPUT_STREAM_V_data_V |    pointer   |
|INPUT_STREAM_TKEEP    |  in |    3|    axis    |  INPUT_STREAM_V_keep_V |    pointer   |
|INPUT_STREAM_TSTRB    |  in |    3|    axis    |  INPUT_STREAM_V_strb_V |    pointer   |
|INPUT_STREAM_TUSER    |  in |    1|    axis    |  INPUT_STREAM_V_user_V |    pointer   |
|INPUT_STREAM_TLAST    |  in |    1|    axis    |  INPUT_STREAM_V_last_V |    pointer   |
|INPUT_STREAM_TID      |  in |    1|    axis    |   INPUT_STREAM_V_id_V  |    pointer   |
|INPUT_STREAM_TDEST    |  in |    1|    axis    |  INPUT_STREAM_V_dest_V |    pointer   |
|INPUT_STREAM_TVALID   |  in |    1|    axis    |  INPUT_STREAM_V_dest_V |    pointer   |
|INPUT_STREAM_TREADY   | out |    1|    axis    |  INPUT_STREAM_V_dest_V |    pointer   |
|OUTPUT_STREAM_TDATA   | out |   24|    axis    | OUTPUT_STREAM_V_data_V |    pointer   |
|OUTPUT_STREAM_TKEEP   | out |    3|    axis    | OUTPUT_STREAM_V_keep_V |    pointer   |
|OUTPUT_STREAM_TSTRB   | out |    3|    axis    | OUTPUT_STREAM_V_strb_V |    pointer   |
|OUTPUT_STREAM_TUSER   | out |    1|    axis    | OUTPUT_STREAM_V_user_V |    pointer   |
|OUTPUT_STREAM_TLAST   | out |    1|    axis    | OUTPUT_STREAM_V_last_V |    pointer   |
|OUTPUT_STREAM_TID     | out |    1|    axis    |  OUTPUT_STREAM_V_id_V  |    pointer   |
|OUTPUT_STREAM_TDEST   | out |    1|    axis    | OUTPUT_STREAM_V_dest_V |    pointer   |
|OUTPUT_STREAM_TVALID  | out |    1|    axis    | OUTPUT_STREAM_V_dest_V |    pointer   |
|OUTPUT_STREAM_TREADY  |  in |    1|    axis    | OUTPUT_STREAM_V_dest_V |    pointer   |
|enable_V              |  in |    1|   ap_none  |        enable_V        |    scalar    |
|ap_clk                |  in |    1| ap_ctrl_hs |      Sobel_filter      | return value |
|ap_rst_n              |  in |    1| ap_ctrl_hs |      Sobel_filter      | return value |
|ap_done               | out |    1| ap_ctrl_hs |      Sobel_filter      | return value |
|ap_start              |  in |    1| ap_ctrl_hs |      Sobel_filter      | return value |
|ap_ready              | out |    1| ap_ctrl_hs |      Sobel_filter      | return value |
|ap_idle               | out |    1| ap_ctrl_hs |      Sobel_filter      | return value |
+----------------------+-----+-----+------------+------------------------+--------------+

