

================================================================
== Vivado HLS Report for 'StreamGenerator'
================================================================
* Date:           Sat Dec 22 16:01:10 2018

* Version:        2018.2 (Build 2258646 on Thu Jun 14 20:25:20 MDT 2018)
* Project:        StreamGenerator
* Solution:       solution1
* Product family: zynq
* Target device:  xc7z020clg400-1


================================================================
== Performance Estimates
================================================================
+ Timing (ns): 
    * Summary: 
    +--------+-------+----------+------------+
    |  Clock | Target| Estimated| Uncertainty|
    +--------+-------+----------+------------+
    |ap_clk  |  10.00|     1.915|        1.25|
    +--------+-------+----------+------------+

+ Latency (clock cycles): 
    * Summary: 
    +-----+-----+-----+-----+---------+
    |  Latency  |  Interval | Pipeline|
    | min | max | min | max |   Type  |
    +-----+-----+-----+-----+---------+
    |  203|  203|  203|  203|   none  |
    +-----+-----+-----+-----+---------+

    + Detail: 
        * Instance: 
        N/A

        * Loop: 
        +----------+-----+-----+----------+-----------+-----------+------+----------+
        |          |  Latency  | Iteration|  Initiation Interval  | Trip |          |
        | Loop Name| min | max |  Latency |  achieved |   target  | Count| Pipelined|
        +----------+-----+-----+----------+-----------+-----------+------+----------+
        |- read_A  |  201|  201|         3|          1|          1|   200|    yes   |
        +----------+-----+-----+----------+-----------+-----------+------+----------+



================================================================
== Utilization Estimates
================================================================
* Summary: 
+-----------------+---------+-------+--------+-------+
|       Name      | BRAM_18K| DSP48E|   FF   |  LUT  |
+-----------------+---------+-------+--------+-------+
|DSP              |        -|      -|       -|      -|
|Expression       |        -|      -|       0|     73|
|FIFO             |        -|      -|       -|      -|
|Instance         |        0|      -|     302|    488|
|Memory           |        -|      -|       -|      -|
|Multiplexer      |        -|      -|       -|    189|
|Register         |        -|      -|     113|      -|
+-----------------+---------+-------+--------+-------+
|Total            |        0|      0|     415|    750|
+-----------------+---------+-------+--------+-------+
|Available        |      280|    220|  106400|  53200|
+-----------------+---------+-------+--------+-------+
|Utilization (%)  |        0|      0|   ~0   |      1|
+-----------------+---------+-------+--------+-------+

+ Detail: 
    * Instance: 
    +-------------------------------------+-----------------------------------+---------+-------+-----+-----+
    |               Instance              |               Module              | BRAM_18K| DSP48E|  FF | LUT |
    +-------------------------------------+-----------------------------------+---------+-------+-----+-----+
    |StreamGenerator_CONTROL_BUS_s_axi_U  |StreamGenerator_CONTROL_BUS_s_axi  |        0|      0|  302|  488|
    +-------------------------------------+-----------------------------------+---------+-------+-----+-----+
    |Total                                |                                   |        0|      0|  302|  488|
    +-------------------------------------+-----------------------------------+---------+-------+-----+-----+

    * DSP48: 
    N/A

    * Memory: 
    N/A

    * FIFO: 
    N/A

    * Expression: 
    +-----------------------------------------+----------+-------+---+----+------------+------------+
    |              Variable Name              | Operation| DSP48E| FF| LUT| Bitwidth P0| Bitwidth P1|
    +-----------------------------------------+----------+-------+---+----+------------+------------+
    |i_fu_188_p2                              |     +    |      0|  0|  15|           8|           1|
    |OUTPUT_STREAM_V_data_V_1_load_A          |    and   |      0|  0|   2|           1|           1|
    |OUTPUT_STREAM_V_data_V_1_load_B          |    and   |      0|  0|   2|           1|           1|
    |OUTPUT_STREAM_V_last_V_1_load_A          |    and   |      0|  0|   2|           1|           1|
    |OUTPUT_STREAM_V_last_V_1_load_B          |    and   |      0|  0|   2|           1|           1|
    |ap_block_state3_io                       |    and   |      0|  0|   2|           1|           1|
    |ap_block_state4_io                       |    and   |      0|  0|   2|           1|           1|
    |OUTPUT_STREAM_V_data_V_1_state_cmp_full  |   icmp   |      0|  0|   8|           2|           1|
    |OUTPUT_STREAM_V_last_V_1_state_cmp_full  |   icmp   |      0|  0|   8|           2|           1|
    |exitcond_fu_182_p2                       |   icmp   |      0|  0|  11|           8|           7|
    |tmp_last_V_fu_199_p2                     |   icmp   |      0|  0|  11|           8|           7|
    |ap_block_pp0_stage0_11001                |    or    |      0|  0|   2|           1|           1|
    |ap_block_state5                          |    or    |      0|  0|   2|           1|           1|
    |ap_enable_pp0                            |    xor   |      0|  0|   2|           1|           2|
    |ap_enable_reg_pp0_iter1                  |    xor   |      0|  0|   2|           2|           1|
    +-----------------------------------------+----------+-------+---+----+------------+------------+
    |Total                                    |          |      0|  0|  73|          39|          28|
    +-----------------------------------------+----------+-------+---+----+------------+------------+

    * Multiplexer: 
    +-------------------------------------+----+-----------+-----+-----------+
    |                 Name                | LUT| Input Size| Bits| Total Bits|
    +-------------------------------------+----+-----------+-----+-----------+
    |OUTPUT_STREAM_TDATA_blk_n            |   9|          2|    1|          2|
    |OUTPUT_STREAM_V_data_V_1_data_out    |   9|          2|   32|         64|
    |OUTPUT_STREAM_V_data_V_1_state       |  15|          3|    2|          6|
    |OUTPUT_STREAM_V_dest_V_1_state       |  15|          3|    2|          6|
    |OUTPUT_STREAM_V_id_V_1_state         |  15|          3|    2|          6|
    |OUTPUT_STREAM_V_keep_V_1_state       |  15|          3|    2|          6|
    |OUTPUT_STREAM_V_last_V_1_data_out    |   9|          2|    1|          2|
    |OUTPUT_STREAM_V_last_V_1_state       |  15|          3|    2|          6|
    |OUTPUT_STREAM_V_strb_V_1_state       |  15|          3|    2|          6|
    |OUTPUT_STREAM_V_user_V_1_state       |  15|          3|    2|          6|
    |ap_NS_fsm                            |  21|          4|    1|          4|
    |ap_enable_reg_pp0_iter1              |   9|          2|    1|          2|
    |ap_enable_reg_pp0_iter2              |   9|          2|    1|          2|
    |ap_phi_mux_tmp_data_V_phi_fu_174_p4  |   9|          2|    8|         16|
    |tmp_data_V_reg_170                   |   9|          2|    8|         16|
    +-------------------------------------+----+-----------+-----+-----------+
    |Total                                | 189|         39|   67|        150|
    +-------------------------------------+----+-----------+-----+-----------+

    * Register: 
    +------------------------------------+----+----+-----+-----------+
    |                Name                | FF | LUT| Bits| Const Bits|
    +------------------------------------+----+----+-----+-----------+
    |OUTPUT_STREAM_V_data_V_1_payload_A  |  32|   0|   32|          0|
    |OUTPUT_STREAM_V_data_V_1_payload_B  |  32|   0|   32|          0|
    |OUTPUT_STREAM_V_data_V_1_sel_rd     |   1|   0|    1|          0|
    |OUTPUT_STREAM_V_data_V_1_sel_wr     |   1|   0|    1|          0|
    |OUTPUT_STREAM_V_data_V_1_state      |   2|   0|    2|          0|
    |OUTPUT_STREAM_V_dest_V_1_sel_rd     |   1|   0|    1|          0|
    |OUTPUT_STREAM_V_dest_V_1_state      |   2|   0|    2|          0|
    |OUTPUT_STREAM_V_id_V_1_sel_rd       |   1|   0|    1|          0|
    |OUTPUT_STREAM_V_id_V_1_state        |   2|   0|    2|          0|
    |OUTPUT_STREAM_V_keep_V_1_sel_rd     |   1|   0|    1|          0|
    |OUTPUT_STREAM_V_keep_V_1_state      |   2|   0|    2|          0|
    |OUTPUT_STREAM_V_last_V_1_payload_A  |   1|   0|    1|          0|
    |OUTPUT_STREAM_V_last_V_1_payload_B  |   1|   0|    1|          0|
    |OUTPUT_STREAM_V_last_V_1_sel_rd     |   1|   0|    1|          0|
    |OUTPUT_STREAM_V_last_V_1_sel_wr     |   1|   0|    1|          0|
    |OUTPUT_STREAM_V_last_V_1_state      |   2|   0|    2|          0|
    |OUTPUT_STREAM_V_strb_V_1_sel_rd     |   1|   0|    1|          0|
    |OUTPUT_STREAM_V_strb_V_1_state      |   2|   0|    2|          0|
    |OUTPUT_STREAM_V_user_V_1_sel_rd     |   1|   0|    1|          0|
    |OUTPUT_STREAM_V_user_V_1_state      |   2|   0|    2|          0|
    |ap_CS_fsm                           |   3|   0|    3|          0|
    |ap_enable_reg_pp0_iter0             |   1|   0|    1|          0|
    |ap_enable_reg_pp0_iter1             |   1|   0|    1|          0|
    |ap_enable_reg_pp0_iter2             |   1|   0|    1|          0|
    |exitcond_reg_206                    |   1|   0|    1|          0|
    |exitcond_reg_206_pp0_iter1_reg      |   1|   0|    1|          0|
    |i_reg_210                           |   8|   0|    8|          0|
    |tmp_data_V_reg_170                  |   8|   0|    8|          0|
    +------------------------------------+----+----+-----+-----------+
    |Total                               | 113|   0|  113|          0|
    +------------------------------------+----+----+-----+-----------+



================================================================
== Interface
================================================================
* Summary: 
+---------------------------+-----+-----+------------+------------------------+--------------+
|         RTL Ports         | Dir | Bits|  Protocol  |      Source Object     |    C Type    |
+---------------------------+-----+-----+------------+------------------------+--------------+
|s_axi_CONTROL_BUS_AWVALID  |  in |    1|    s_axi   |       CONTROL_BUS      |    scalar    |
|s_axi_CONTROL_BUS_AWREADY  | out |    1|    s_axi   |       CONTROL_BUS      |    scalar    |
|s_axi_CONTROL_BUS_AWADDR   |  in |    7|    s_axi   |       CONTROL_BUS      |    scalar    |
|s_axi_CONTROL_BUS_WVALID   |  in |    1|    s_axi   |       CONTROL_BUS      |    scalar    |
|s_axi_CONTROL_BUS_WREADY   | out |    1|    s_axi   |       CONTROL_BUS      |    scalar    |
|s_axi_CONTROL_BUS_WDATA    |  in |   32|    s_axi   |       CONTROL_BUS      |    scalar    |
|s_axi_CONTROL_BUS_WSTRB    |  in |    4|    s_axi   |       CONTROL_BUS      |    scalar    |
|s_axi_CONTROL_BUS_ARVALID  |  in |    1|    s_axi   |       CONTROL_BUS      |    scalar    |
|s_axi_CONTROL_BUS_ARREADY  | out |    1|    s_axi   |       CONTROL_BUS      |    scalar    |
|s_axi_CONTROL_BUS_ARADDR   |  in |    7|    s_axi   |       CONTROL_BUS      |    scalar    |
|s_axi_CONTROL_BUS_RVALID   | out |    1|    s_axi   |       CONTROL_BUS      |    scalar    |
|s_axi_CONTROL_BUS_RREADY   |  in |    1|    s_axi   |       CONTROL_BUS      |    scalar    |
|s_axi_CONTROL_BUS_RDATA    | out |   32|    s_axi   |       CONTROL_BUS      |    scalar    |
|s_axi_CONTROL_BUS_RRESP    | out |    2|    s_axi   |       CONTROL_BUS      |    scalar    |
|s_axi_CONTROL_BUS_BVALID   | out |    1|    s_axi   |       CONTROL_BUS      |    scalar    |
|s_axi_CONTROL_BUS_BREADY   |  in |    1|    s_axi   |       CONTROL_BUS      |    scalar    |
|s_axi_CONTROL_BUS_BRESP    | out |    2|    s_axi   |       CONTROL_BUS      |    scalar    |
|ap_clk                     |  in |    1| ap_ctrl_hs |     StreamGenerator    | return value |
|ap_rst_n                   |  in |    1| ap_ctrl_hs |     StreamGenerator    | return value |
|interrupt                  | out |    1| ap_ctrl_hs |     StreamGenerator    | return value |
|OUTPUT_STREAM_TDATA        | out |   32|    axis    | OUTPUT_STREAM_V_data_V |    pointer   |
|OUTPUT_STREAM_TVALID       | out |    1|    axis    | OUTPUT_STREAM_V_dest_V |    pointer   |
|OUTPUT_STREAM_TREADY       |  in |    1|    axis    | OUTPUT_STREAM_V_dest_V |    pointer   |
|OUTPUT_STREAM_TDEST        | out |    6|    axis    | OUTPUT_STREAM_V_dest_V |    pointer   |
|OUTPUT_STREAM_TKEEP        | out |    4|    axis    | OUTPUT_STREAM_V_keep_V |    pointer   |
|OUTPUT_STREAM_TSTRB        | out |    4|    axis    | OUTPUT_STREAM_V_strb_V |    pointer   |
|OUTPUT_STREAM_TUSER        | out |    2|    axis    | OUTPUT_STREAM_V_user_V |    pointer   |
|OUTPUT_STREAM_TLAST        | out |    1|    axis    | OUTPUT_STREAM_V_last_V |    pointer   |
|OUTPUT_STREAM_TID          | out |    5|    axis    |  OUTPUT_STREAM_V_id_V  |    pointer   |
+---------------------------+-----+-----+------------+------------------------+--------------+

============================================================
+ Verbose Summary: Synthesis Manager
============================================================
InlineROM: 1
ExposeGlobal: 0
============================================================
+ Verbose Summary: CDFG Model
============================================================
IsTopModel: 1
ResetActiveHigh: 1
IsCombinational: 2
IsDatapathOnly: 2
HasWiredReturn: 1
HasMFsm: 0
HasVarLatency: 1
IsPipeline: 0
IsRtlPipelined: 0
IsInstanceOverlapped: 0
IsDontTouch: 0
HasImplIP: 0
IsGatedGlobalClock: 0

+ Individual pipeline summary: 
  * Pipeline-0: initiation interval (II) = 1, depth = 3


============================================================
+ Verbose Summary: Schedule
============================================================
* Number of FSM states : 5
* Pipeline : 1
  Pipeline-0 : II = 1, D = 3, States = { 2 3 4 }
* Dataflow Pipeline: 0

* FSM state transitions: 
1 --> 
	2  / true
2 --> 
	5  / (exitcond)
	3  / (!exitcond)
3 --> 
	4  / true
4 --> 
	2  / true
5 --> 

* FSM state operations: 

State 1 <SV = 0> <Delay = 1.76>
ST_1 : Operation 6 [1/1] (0.00ns)   --->   "call void (...)* @_ssdm_op_SpecBitsMap(i32* %agg_result_a), !map !57"   --->   Operation 6 'specbitsmap' <Predicate = true> <Delay = 0.00>
ST_1 : Operation 7 [1/1] (0.00ns)   --->   "call void (...)* @_ssdm_op_SpecBitsMap(i32* %agg_result_b), !map !61"   --->   Operation 7 'specbitsmap' <Predicate = true> <Delay = 0.00>
ST_1 : Operation 8 [1/1] (0.00ns)   --->   "call void (...)* @_ssdm_op_SpecBitsMap(i32* %agg_result_c), !map !65"   --->   Operation 8 'specbitsmap' <Predicate = true> <Delay = 0.00>
ST_1 : Operation 9 [1/1] (0.00ns)   --->   "call void (...)* @_ssdm_op_SpecBitsMap(i32* %agg_result_d), !map !69"   --->   Operation 9 'specbitsmap' <Predicate = true> <Delay = 0.00>
ST_1 : Operation 10 [1/1] (0.00ns)   --->   "call void (...)* @_ssdm_op_SpecBitsMap(i32* %agg_result_e), !map !73"   --->   Operation 10 'specbitsmap' <Predicate = true> <Delay = 0.00>
ST_1 : Operation 11 [1/1] (0.00ns)   --->   "call void (...)* @_ssdm_op_SpecBitsMap(i32* %agg_result_f), !map !77"   --->   Operation 11 'specbitsmap' <Predicate = true> <Delay = 0.00>
ST_1 : Operation 12 [1/1] (0.00ns)   --->   "call void (...)* @_ssdm_op_SpecBitsMap(i32* %OUTPUT_STREAM_V_data_V), !map !81"   --->   Operation 12 'specbitsmap' <Predicate = true> <Delay = 0.00>
ST_1 : Operation 13 [1/1] (0.00ns)   --->   "call void (...)* @_ssdm_op_SpecBitsMap(i4* %OUTPUT_STREAM_V_keep_V), !map !85"   --->   Operation 13 'specbitsmap' <Predicate = true> <Delay = 0.00>
ST_1 : Operation 14 [1/1] (0.00ns)   --->   "call void (...)* @_ssdm_op_SpecBitsMap(i4* %OUTPUT_STREAM_V_strb_V), !map !89"   --->   Operation 14 'specbitsmap' <Predicate = true> <Delay = 0.00>
ST_1 : Operation 15 [1/1] (0.00ns)   --->   "call void (...)* @_ssdm_op_SpecBitsMap(i2* %OUTPUT_STREAM_V_user_V), !map !93"   --->   Operation 15 'specbitsmap' <Predicate = true> <Delay = 0.00>
ST_1 : Operation 16 [1/1] (0.00ns)   --->   "call void (...)* @_ssdm_op_SpecBitsMap(i1* %OUTPUT_STREAM_V_last_V), !map !97"   --->   Operation 16 'specbitsmap' <Predicate = true> <Delay = 0.00>
ST_1 : Operation 17 [1/1] (0.00ns)   --->   "call void (...)* @_ssdm_op_SpecBitsMap(i5* %OUTPUT_STREAM_V_id_V), !map !101"   --->   Operation 17 'specbitsmap' <Predicate = true> <Delay = 0.00>
ST_1 : Operation 18 [1/1] (0.00ns)   --->   "call void (...)* @_ssdm_op_SpecBitsMap(i6* %OUTPUT_STREAM_V_dest_V), !map !105"   --->   Operation 18 'specbitsmap' <Predicate = true> <Delay = 0.00>
ST_1 : Operation 19 [1/1] (0.00ns)   --->   "call void (...)* @_ssdm_op_SpecBitsMap(i32 %searched), !map !109"   --->   Operation 19 'specbitsmap' <Predicate = true> <Delay = 0.00>
ST_1 : Operation 20 [1/1] (0.00ns)   --->   "call void (...)* @_ssdm_op_SpecTopModule([16 x i8]* @StreamGenerator_str) nounwind"   --->   Operation 20 'spectopmodule' <Predicate = true> <Delay = 0.00>
ST_1 : Operation 21 [1/1] (0.00ns)   --->   "call void (...)* @_ssdm_op_SpecInterface(i32 %searched, [10 x i8]* @p_str, i32 0, i32 0, [1 x i8]* @p_str1, i32 0, i32 0, [12 x i8]* @p_str2, [1 x i8]* @p_str1, [1 x i8]* @p_str1, i32 0, i32 0, i32 0, i32 0, [1 x i8]* @p_str1, [1 x i8]* @p_str1) nounwind" [StreamGenerator/a.cpp:27]   --->   Operation 21 'specinterface' <Predicate = true> <Delay = 0.00>
ST_1 : Operation 22 [1/1] (0.00ns)   --->   "call void (...)* @_ssdm_op_SpecInterface(i32 0, [10 x i8]* @p_str, i32 0, i32 0, [1 x i8]* @p_str1, i32 0, i32 0, [12 x i8]* @p_str2, [1 x i8]* @p_str1, [1 x i8]* @p_str1, i32 0, i32 0, i32 0, i32 0, [1 x i8]* @p_str1, [1 x i8]* @p_str1) nounwind" [StreamGenerator/a.cpp:28]   --->   Operation 22 'specinterface' <Predicate = true> <Delay = 0.00>
ST_1 : Operation 23 [1/1] (0.00ns)   --->   "call void (...)* @_ssdm_op_SpecInterface(i32* %agg_result_a, i32* %agg_result_b, i32* %agg_result_c, i32* %agg_result_d, i32* %agg_result_e, i32* %agg_result_f, [10 x i8]* @p_str, i32 0, i32 0, [1 x i8]* @p_str1, i32 0, i32 0, [12 x i8]* @p_str2, [1 x i8]* @p_str1, [1 x i8]* @p_str1, i32 0, i32 0, i32 0, i32 0, [1 x i8]* @p_str1, [1 x i8]* @p_str1) nounwind" [StreamGenerator/a.cpp:28]   --->   Operation 23 'specinterface' <Predicate = true> <Delay = 0.00>
ST_1 : Operation 24 [1/1] (0.00ns)   --->   "call void (...)* @_ssdm_op_SpecInterface(i32* %OUTPUT_STREAM_V_data_V, i4* %OUTPUT_STREAM_V_keep_V, i4* %OUTPUT_STREAM_V_strb_V, i2* %OUTPUT_STREAM_V_user_V, i1* %OUTPUT_STREAM_V_last_V, i5* %OUTPUT_STREAM_V_id_V, i6* %OUTPUT_STREAM_V_dest_V, [5 x i8]* @p_str3, i32 1, i32 1, [5 x i8]* @p_str4, i32 0, i32 0, [1 x i8]* @p_str1, [1 x i8]* @p_str1, [1 x i8]* @p_str1, i32 0, i32 0, i32 0, i32 0, [14 x i8]* @p_str5, [1 x i8]* @p_str1) nounwind" [StreamGenerator/a.cpp:30]   --->   Operation 24 'specinterface' <Predicate = true> <Delay = 0.00>
ST_1 : Operation 25 [1/1] (1.76ns)   --->   "br label %0" [StreamGenerator/a.cpp:45]   --->   Operation 25 'br' <Predicate = true> <Delay = 1.76>

State 2 <SV = 1> <Delay = 1.91>
ST_2 : Operation 26 [1/1] (0.00ns)   --->   "%tmp_data_V = phi i8 [ 0, %arrayctor.loop1.preheader ], [ %i, %1 ]"   --->   Operation 26 'phi' 'tmp_data_V' <Predicate = true> <Delay = 0.00>
ST_2 : Operation 27 [1/1] (1.55ns)   --->   "%exitcond = icmp eq i8 %tmp_data_V, -56" [StreamGenerator/a.cpp:45]   --->   Operation 27 'icmp' 'exitcond' <Predicate = true> <Delay = 1.55> <Core = "Cmp">   --->   Core 25 'Cmp' <Latency = 0> <II = 1> <Delay = 1.55> <FuncUnit> <Opcode : 'icmp'> <InPorts = 2> <OutPorts = 1>
ST_2 : Operation 28 [1/1] (0.00ns)   --->   "%empty = call i32 (...)* @_ssdm_op_SpecLoopTripCount(i64 200, i64 200, i64 200)"   --->   Operation 28 'speclooptripcount' 'empty' <Predicate = true> <Delay = 0.00>
ST_2 : Operation 29 [1/1] (1.91ns)   --->   "%i = add i8 %tmp_data_V, 1" [StreamGenerator/a.cpp:45]   --->   Operation 29 'add' 'i' <Predicate = true> <Delay = 1.91> <Core = "AddSub">   --->   Core 14 'AddSub' <Latency = 0> <II = 1> <Delay = 1.91> <FuncUnit> <Opcode : 'add' 'sub'> <InPorts = 2> <OutPorts = 1>
ST_2 : Operation 30 [1/1] (0.00ns)   --->   "br i1 %exitcond, label %_ZrsILi64ELb0EE11ap_int_baseIXT_EXT0_EXleT_Li64EEERKS1_i.exit, label %1" [StreamGenerator/a.cpp:45]   --->   Operation 30 'br' <Predicate = true> <Delay = 0.00>

State 3 <SV = 2> <Delay = 1.55>
ST_3 : Operation 31 [1/1] (0.00ns)   --->   "%tmp_data_V_1 = zext i8 %tmp_data_V to i32" [StreamGenerator/a.cpp:45]   --->   Operation 31 'zext' 'tmp_data_V_1' <Predicate = (!exitcond)> <Delay = 0.00>
ST_3 : Operation 32 [1/1] (1.55ns)   --->   "%tmp_last_V = icmp ugt i8 %tmp_data_V, -58" [StreamGenerator/a.cpp:56]   --->   Operation 32 'icmp' 'tmp_last_V' <Predicate = (!exitcond)> <Delay = 1.55> <Core = "Cmp">   --->   Core 25 'Cmp' <Latency = 0> <II = 1> <Delay = 1.55> <FuncUnit> <Opcode : 'icmp'> <InPorts = 2> <OutPorts = 1>
ST_3 : Operation 33 [2/2] (0.00ns)   --->   "call void @_ssdm_op_Write.axis.volatile.i32P.i4P.i4P.i2P.i1P.i5P.i6P(i32* %OUTPUT_STREAM_V_data_V, i4* %OUTPUT_STREAM_V_keep_V, i4* %OUTPUT_STREAM_V_strb_V, i2* %OUTPUT_STREAM_V_user_V, i1* %OUTPUT_STREAM_V_last_V, i5* %OUTPUT_STREAM_V_id_V, i6* %OUTPUT_STREAM_V_dest_V, i32 %tmp_data_V_1, i4 1, i4 1, i2 1, i1 %tmp_last_V, i5 0, i6 0)" [StreamGenerator/a.cpp:58]   --->   Operation 33 'write' <Predicate = (!exitcond)> <Delay = 0.00> <Core = "AXI4Stream">   --->   Core 5 'AXI4Stream' <Latency = 0> <II = 1> <Delay = 1.00> <Adapter> <Opcode : >

State 4 <SV = 3> <Delay = 0.00>
ST_4 : Operation 34 [1/1] (0.00ns)   --->   "call void (...)* @_ssdm_op_SpecLoopName([7 x i8]* @p_str6) nounwind" [StreamGenerator/a.cpp:45]   --->   Operation 34 'specloopname' <Predicate = (!exitcond)> <Delay = 0.00>
ST_4 : Operation 35 [1/1] (0.00ns)   --->   "%tmp = call i32 (...)* @_ssdm_op_SpecRegionBegin([7 x i8]* @p_str6)" [StreamGenerator/a.cpp:45]   --->   Operation 35 'specregionbegin' 'tmp' <Predicate = (!exitcond)> <Delay = 0.00>
ST_4 : Operation 36 [1/1] (0.00ns)   --->   "call void (...)* @_ssdm_op_SpecPipeline(i32 -1, i32 1, i32 1, i32 0, [1 x i8]* @p_str1) nounwind" [StreamGenerator/a.cpp:46]   --->   Operation 36 'specpipeline' <Predicate = (!exitcond)> <Delay = 0.00>
ST_4 : Operation 37 [1/2] (0.00ns)   --->   "call void @_ssdm_op_Write.axis.volatile.i32P.i4P.i4P.i2P.i1P.i5P.i6P(i32* %OUTPUT_STREAM_V_data_V, i4* %OUTPUT_STREAM_V_keep_V, i4* %OUTPUT_STREAM_V_strb_V, i2* %OUTPUT_STREAM_V_user_V, i1* %OUTPUT_STREAM_V_last_V, i5* %OUTPUT_STREAM_V_id_V, i6* %OUTPUT_STREAM_V_dest_V, i32 %tmp_data_V_1, i4 1, i4 1, i2 1, i1 %tmp_last_V, i5 0, i6 0)" [StreamGenerator/a.cpp:58]   --->   Operation 37 'write' <Predicate = (!exitcond)> <Delay = 0.00> <Core = "AXI4Stream">   --->   Core 5 'AXI4Stream' <Latency = 0> <II = 1> <Delay = 1.00> <Adapter> <Opcode : >
ST_4 : Operation 38 [1/1] (0.00ns)   --->   "%empty_3 = call i32 (...)* @_ssdm_op_SpecRegionEnd([7 x i8]* @p_str6, i32 %tmp)" [StreamGenerator/a.cpp:66]   --->   Operation 38 'specregionend' 'empty_3' <Predicate = (!exitcond)> <Delay = 0.00>
ST_4 : Operation 39 [1/1] (0.00ns)   --->   "br label %0" [StreamGenerator/a.cpp:45]   --->   Operation 39 'br' <Predicate = (!exitcond)> <Delay = 0.00>

State 5 <SV = 2> <Delay = 1.00>
ST_5 : Operation 40 [1/1] (1.00ns)   --->   "call void @_ssdm_op_Write.s_axilite.i32P(i32* %agg_result_a, i32 0)" [StreamGenerator/a.cpp:70]   --->   Operation 40 'write' <Predicate = true> <Delay = 1.00> <Core = "s_axilite">   --->   Core 10 's_axilite' <Latency = 0> <II = 1> <Delay = 1.00> <Adapter> <Opcode : 'read' 'write'>
ST_5 : Operation 41 [1/1] (1.00ns)   --->   "call void @_ssdm_op_Write.s_axilite.i32P(i32* %agg_result_b, i32 0)" [StreamGenerator/a.cpp:71]   --->   Operation 41 'write' <Predicate = true> <Delay = 1.00> <Core = "s_axilite">   --->   Core 10 's_axilite' <Latency = 0> <II = 1> <Delay = 1.00> <Adapter> <Opcode : 'read' 'write'>
ST_5 : Operation 42 [1/1] (1.00ns)   --->   "call void @_ssdm_op_Write.s_axilite.i32P(i32* %agg_result_c, i32 2748)" [StreamGenerator/a.cpp:72]   --->   Operation 42 'write' <Predicate = true> <Delay = 1.00> <Core = "s_axilite">   --->   Core 10 's_axilite' <Latency = 0> <II = 1> <Delay = 1.00> <Adapter> <Opcode : 'read' 'write'>
ST_5 : Operation 43 [1/1] (1.00ns)   --->   "call void @_ssdm_op_Write.s_axilite.i32P(i32* %agg_result_d, i32 0)" [StreamGenerator/a.cpp:73]   --->   Operation 43 'write' <Predicate = true> <Delay = 1.00> <Core = "s_axilite">   --->   Core 10 's_axilite' <Latency = 0> <II = 1> <Delay = 1.00> <Adapter> <Opcode : 'read' 'write'>
ST_5 : Operation 44 [1/1] (1.00ns)   --->   "call void @_ssdm_op_Write.s_axilite.i32P(i32* %agg_result_e, i32 0)" [StreamGenerator/a.cpp:74]   --->   Operation 44 'write' <Predicate = true> <Delay = 1.00> <Core = "s_axilite">   --->   Core 10 's_axilite' <Latency = 0> <II = 1> <Delay = 1.00> <Adapter> <Opcode : 'read' 'write'>
ST_5 : Operation 45 [1/1] (1.00ns)   --->   "call void @_ssdm_op_Write.s_axilite.i32P(i32* %agg_result_f, i32 1936)" [StreamGenerator/a.cpp:75]   --->   Operation 45 'write' <Predicate = true> <Delay = 1.00> <Core = "s_axilite">   --->   Core 10 's_axilite' <Latency = 0> <II = 1> <Delay = 1.00> <Adapter> <Opcode : 'read' 'write'>
ST_5 : Operation 46 [1/1] (0.00ns)   --->   "ret void" [StreamGenerator/a.cpp:76]   --->   Operation 46 'ret' <Predicate = true> <Delay = 0.00>


============================================================
+ Verbose Summary: Binding
============================================================
STG Binding: 
---------------- STG Properties BEGIN ----------------
- Is combinational: 0
- Is one-state seq: 0
- Is datapath-only: 0
- Is pipelined: 0
- Is top level: 1
Port [ Return ] is wired: 1; IO mode=ap_ctrl_hs:ce=0
Port [ agg_result_a]:  wired=1; compound=0; hidden=0; nouse=0; global=0; static=0; extern=0; dir=1; type=0; pingpong=0; private_global=0; IO mode=ap_vld:ce=0
Port [ agg_result_b]:  wired=1; compound=0; hidden=0; nouse=0; global=0; static=0; extern=0; dir=1; type=0; pingpong=0; private_global=0; IO mode=ap_vld:ce=0
Port [ agg_result_c]:  wired=1; compound=0; hidden=0; nouse=0; global=0; static=0; extern=0; dir=1; type=0; pingpong=0; private_global=0; IO mode=ap_vld:ce=0
Port [ agg_result_d]:  wired=1; compound=0; hidden=0; nouse=0; global=0; static=0; extern=0; dir=1; type=0; pingpong=0; private_global=0; IO mode=ap_vld:ce=0
Port [ agg_result_e]:  wired=1; compound=0; hidden=0; nouse=0; global=0; static=0; extern=0; dir=1; type=0; pingpong=0; private_global=0; IO mode=ap_vld:ce=0
Port [ agg_result_f]:  wired=1; compound=0; hidden=0; nouse=0; global=0; static=0; extern=0; dir=1; type=0; pingpong=0; private_global=0; IO mode=ap_vld:ce=0
Port [ OUTPUT_STREAM_V_data_V]:  wired=1; compound=1; hidden=0; nouse=0; global=0; static=0; extern=0; dir=1; type=0; pingpong=0; private_global=0; IO mode=axis:ce=0
Port [ OUTPUT_STREAM_V_keep_V]:  wired=1; compound=1; hidden=0; nouse=0; global=0; static=0; extern=0; dir=1; type=0; pingpong=0; private_global=0; IO mode=axis:ce=0
Port [ OUTPUT_STREAM_V_strb_V]:  wired=1; compound=1; hidden=0; nouse=0; global=0; static=0; extern=0; dir=1; type=0; pingpong=0; private_global=0; IO mode=axis:ce=0
Port [ OUTPUT_STREAM_V_user_V]:  wired=1; compound=1; hidden=0; nouse=0; global=0; static=0; extern=0; dir=1; type=0; pingpong=0; private_global=0; IO mode=axis:ce=0
Port [ OUTPUT_STREAM_V_last_V]:  wired=1; compound=1; hidden=0; nouse=0; global=0; static=0; extern=0; dir=1; type=0; pingpong=0; private_global=0; IO mode=axis:ce=0
Port [ OUTPUT_STREAM_V_id_V]:  wired=1; compound=1; hidden=0; nouse=0; global=0; static=0; extern=0; dir=1; type=0; pingpong=0; private_global=0; IO mode=axis:ce=0
Port [ OUTPUT_STREAM_V_dest_V]:  wired=1; compound=1; hidden=0; nouse=0; global=0; static=0; extern=0; dir=1; type=0; pingpong=0; private_global=0; IO mode=axis:ce=0
Port [ searched]:  wired=1; compound=0; hidden=0; nouse=1; global=0; static=0; extern=0; dir=0; type=0; pingpong=0; private_global=0; IO mode=ap_none:ce=0
---------------- STG Properties END ------------------

---------------- Datapath Model BEGIN ----------------

<LifeTime>
<method=bitvector/>
StgValue_6   (specbitsmap      ) [ 000000]
StgValue_7   (specbitsmap      ) [ 000000]
StgValue_8   (specbitsmap      ) [ 000000]
StgValue_9   (specbitsmap      ) [ 000000]
StgValue_10  (specbitsmap      ) [ 000000]
StgValue_11  (specbitsmap      ) [ 000000]
StgValue_12  (specbitsmap      ) [ 000000]
StgValue_13  (specbitsmap      ) [ 000000]
StgValue_14  (specbitsmap      ) [ 000000]
StgValue_15  (specbitsmap      ) [ 000000]
StgValue_16  (specbitsmap      ) [ 000000]
StgValue_17  (specbitsmap      ) [ 000000]
StgValue_18  (specbitsmap      ) [ 000000]
StgValue_19  (specbitsmap      ) [ 000000]
StgValue_20  (spectopmodule    ) [ 000000]
StgValue_21  (specinterface    ) [ 000000]
StgValue_22  (specinterface    ) [ 000000]
StgValue_23  (specinterface    ) [ 000000]
StgValue_24  (specinterface    ) [ 000000]
StgValue_25  (br               ) [ 011110]
tmp_data_V   (phi              ) [ 001100]
exitcond     (icmp             ) [ 001110]
empty        (speclooptripcount) [ 000000]
i            (add              ) [ 011110]
StgValue_30  (br               ) [ 000000]
tmp_data_V_1 (zext             ) [ 001010]
tmp_last_V   (icmp             ) [ 001010]
StgValue_34  (specloopname     ) [ 000000]
tmp          (specregionbegin  ) [ 000000]
StgValue_36  (specpipeline     ) [ 000000]
StgValue_37  (write            ) [ 000000]
empty_3      (specregionend    ) [ 000000]
StgValue_39  (br               ) [ 011110]
StgValue_40  (write            ) [ 000000]
StgValue_41  (write            ) [ 000000]
StgValue_42  (write            ) [ 000000]
StgValue_43  (write            ) [ 000000]
StgValue_44  (write            ) [ 000000]
StgValue_45  (write            ) [ 000000]
StgValue_46  (ret              ) [ 000000]
</LifeTime>

<model>

<comp_list>
<comp id="0" class="1000" name="agg_result_a">
<pin_list>
<pin id="1" dir="1" index="0" bw="1" slack="0"/>
</pin_list>
<bind>
<StgValue><ssdm name="agg_result_a"/></StgValue>
</bind>
</comp>

<comp id="2" class="1000" name="agg_result_b">
<pin_list>
<pin id="3" dir="1" index="0" bw="1" slack="0"/>
</pin_list>
<bind>
<StgValue><ssdm name="agg_result_b"/></StgValue>
</bind>
</comp>

<comp id="4" class="1000" name="agg_result_c">
<pin_list>
<pin id="5" dir="1" index="0" bw="1" slack="0"/>
</pin_list>
<bind>
<StgValue><ssdm name="agg_result_c"/></StgValue>
</bind>
</comp>

<comp id="6" class="1000" name="agg_result_d">
<pin_list>
<pin id="7" dir="1" index="0" bw="1" slack="0"/>
</pin_list>
<bind>
<StgValue><ssdm name="agg_result_d"/></StgValue>
</bind>
</comp>

<comp id="8" class="1000" name="agg_result_e">
<pin_list>
<pin id="9" dir="1" index="0" bw="1" slack="0"/>
</pin_list>
<bind>
<StgValue><ssdm name="agg_result_e"/></StgValue>
</bind>
</comp>

<comp id="10" class="1000" name="agg_result_f">
<pin_list>
<pin id="11" dir="1" index="0" bw="1" slack="0"/>
</pin_list>
<bind>
<StgValue><ssdm name="agg_result_f"/></StgValue>
</bind>
</comp>

<comp id="12" class="1000" name="OUTPUT_STREAM_V_data_V">
<pin_list>
<pin id="13" dir="1" index="0" bw="1" slack="0"/>
</pin_list>
<bind>
<StgValue><ssdm name="OUTPUT_STREAM_V_data_V"/></StgValue>
</bind>
</comp>

<comp id="14" class="1000" name="OUTPUT_STREAM_V_keep_V">
<pin_list>
<pin id="15" dir="1" index="0" bw="1" slack="0"/>
</pin_list>
<bind>
<StgValue><ssdm name="OUTPUT_STREAM_V_keep_V"/></StgValue>
</bind>
</comp>

<comp id="16" class="1000" name="OUTPUT_STREAM_V_strb_V">
<pin_list>
<pin id="17" dir="1" index="0" bw="1" slack="0"/>
</pin_list>
<bind>
<StgValue><ssdm name="OUTPUT_STREAM_V_strb_V"/></StgValue>
</bind>
</comp>

<comp id="18" class="1000" name="OUTPUT_STREAM_V_user_V">
<pin_list>
<pin id="19" dir="1" index="0" bw="1" slack="0"/>
</pin_list>
<bind>
<StgValue><ssdm name="OUTPUT_STREAM_V_user_V"/></StgValue>
</bind>
</comp>

<comp id="20" class="1000" name="OUTPUT_STREAM_V_last_V">
<pin_list>
<pin id="21" dir="1" index="0" bw="1" slack="0"/>
</pin_list>
<bind>
<StgValue><ssdm name="OUTPUT_STREAM_V_last_V"/></StgValue>
</bind>
</comp>

<comp id="22" class="1000" name="OUTPUT_STREAM_V_id_V">
<pin_list>
<pin id="23" dir="1" index="0" bw="1" slack="0"/>
</pin_list>
<bind>
<StgValue><ssdm name="OUTPUT_STREAM_V_id_V"/></StgValue>
</bind>
</comp>

<comp id="24" class="1000" name="OUTPUT_STREAM_V_dest_V">
<pin_list>
<pin id="25" dir="1" index="0" bw="1" slack="0"/>
</pin_list>
<bind>
<StgValue><ssdm name="OUTPUT_STREAM_V_dest_V"/></StgValue>
</bind>
</comp>

<comp id="26" class="1000" name="searched">
<pin_list>
<pin id="27" dir="1" index="0" bw="1" slack="2147483647"/>
</pin_list>
<bind>
<StgValue><ssdm name="searched"/></StgValue>
</bind>
</comp>

<comp id="28" class="1001" name="const_28">
<pin_list>
<pin id="29" dir="1" index="0" bw="1" slack="2147483647"/>
</pin_list>
<bind>
<StgValue><ssdm name="_ssdm_op_SpecBitsMap"/></StgValue>
</bind>
</comp>

<comp id="30" class="1001" name="const_30">
<pin_list>
<pin id="31" dir="1" index="0" bw="1" slack="2147483647"/>
</pin_list>
<bind>
<StgValue><ssdm name="_ssdm_op_SpecTopModule"/></StgValue>
</bind>
</comp>

<comp id="32" class="1001" name="const_32">
<pin_list>
<pin id="33" dir="1" index="0" bw="1" slack="2147483647"/>
</pin_list>
<bind>
<StgValue><ssdm name="StreamGenerator_str"/></StgValue>
</bind>
</comp>

<comp id="34" class="1001" name="const_34">
<pin_list>
<pin id="35" dir="1" index="0" bw="1" slack="2147483647"/>
</pin_list>
<bind>
<StgValue><ssdm name="_ssdm_op_SpecInterface"/></StgValue>
</bind>
</comp>

<comp id="36" class="1001" name="const_36">
<pin_list>
<pin id="37" dir="1" index="0" bw="1" slack="2147483647"/>
</pin_list>
<bind>
<StgValue><ssdm name="p_str"/></StgValue>
</bind>
</comp>

<comp id="38" class="1001" name="const_38">
<pin_list>
<pin id="39" dir="1" index="0" bw="1" slack="0"/>
</pin_list>
<bind>
<StgValue><ssdm name=""/></StgValue>
</bind>
</comp>

<comp id="40" class="1001" name="const_40">
<pin_list>
<pin id="41" dir="1" index="0" bw="1" slack="2147483647"/>
</pin_list>
<bind>
<StgValue><ssdm name="p_str1"/></StgValue>
</bind>
</comp>

<comp id="42" class="1001" name="const_42">
<pin_list>
<pin id="43" dir="1" index="0" bw="1" slack="2147483647"/>
</pin_list>
<bind>
<StgValue><ssdm name="p_str2"/></StgValue>
</bind>
</comp>

<comp id="44" class="1001" name="const_44">
<pin_list>
<pin id="45" dir="1" index="0" bw="1" slack="2147483647"/>
</pin_list>
<bind>
<StgValue><ssdm name="p_str3"/></StgValue>
</bind>
</comp>

<comp id="46" class="1001" name="const_46">
<pin_list>
<pin id="47" dir="1" index="0" bw="1" slack="2147483647"/>
</pin_list>
<bind>
<StgValue><ssdm name=""/></StgValue>
</bind>
</comp>

<comp id="48" class="1001" name="const_48">
<pin_list>
<pin id="49" dir="1" index="0" bw="1" slack="2147483647"/>
</pin_list>
<bind>
<StgValue><ssdm name="p_str4"/></StgValue>
</bind>
</comp>

<comp id="50" class="1001" name="const_50">
<pin_list>
<pin id="51" dir="1" index="0" bw="1" slack="2147483647"/>
</pin_list>
<bind>
<StgValue><ssdm name="p_str5"/></StgValue>
</bind>
</comp>

<comp id="52" class="1001" name="const_52">
<pin_list>
<pin id="53" dir="1" index="0" bw="1" slack="1"/>
</pin_list>
<bind>
<StgValue><ssdm name=""/></StgValue>
</bind>
</comp>

<comp id="54" class="1001" name="const_54">
<pin_list>
<pin id="55" dir="1" index="0" bw="1" slack="0"/>
</pin_list>
<bind>
<StgValue><ssdm name=""/></StgValue>
</bind>
</comp>

<comp id="56" class="1001" name="const_56">
<pin_list>
<pin id="57" dir="1" index="0" bw="1" slack="2147483647"/>
</pin_list>
<bind>
<StgValue><ssdm name="_ssdm_op_SpecLoopTripCount"/></StgValue>
</bind>
</comp>

<comp id="58" class="1001" name="const_58">
<pin_list>
<pin id="59" dir="1" index="0" bw="1" slack="2147483647"/>
</pin_list>
<bind>
<StgValue><ssdm name=""/></StgValue>
</bind>
</comp>

<comp id="60" class="1001" name="const_60">
<pin_list>
<pin id="61" dir="1" index="0" bw="1" slack="0"/>
</pin_list>
<bind>
<StgValue><ssdm name=""/></StgValue>
</bind>
</comp>

<comp id="62" class="1001" name="const_62">
<pin_list>
<pin id="63" dir="1" index="0" bw="1" slack="0"/>
</pin_list>
<bind>
<StgValue><ssdm name=""/></StgValue>
</bind>
</comp>

<comp id="64" class="1001" name="const_64">
<pin_list>
<pin id="65" dir="1" index="0" bw="1" slack="0"/>
</pin_list>
<bind>
<StgValue><ssdm name="_ssdm_op_Write.axis.volatile.i32P.i4P.i4P.i2P.i1P.i5P.i6P"/></StgValue>
</bind>
</comp>

<comp id="66" class="1001" name="const_66">
<pin_list>
<pin id="67" dir="1" index="0" bw="1" slack="0"/>
</pin_list>
<bind>
<StgValue><ssdm name=""/></StgValue>
</bind>
</comp>

<comp id="68" class="1001" name="const_68">
<pin_list>
<pin id="69" dir="1" index="0" bw="1" slack="0"/>
</pin_list>
<bind>
<StgValue><ssdm name=""/></StgValue>
</bind>
</comp>

<comp id="70" class="1001" name="const_70">
<pin_list>
<pin id="71" dir="1" index="0" bw="1" slack="0"/>
</pin_list>
<bind>
<StgValue><ssdm name=""/></StgValue>
</bind>
</comp>

<comp id="72" class="1001" name="const_72">
<pin_list>
<pin id="73" dir="1" index="0" bw="1" slack="0"/>
</pin_list>
<bind>
<StgValue><ssdm name=""/></StgValue>
</bind>
</comp>

<comp id="74" class="1001" name="const_74">
<pin_list>
<pin id="75" dir="1" index="0" bw="1" slack="2147483647"/>
</pin_list>
<bind>
<StgValue><ssdm name="_ssdm_op_SpecLoopName"/></StgValue>
</bind>
</comp>

<comp id="76" class="1001" name="const_76">
<pin_list>
<pin id="77" dir="1" index="0" bw="1" slack="2147483647"/>
</pin_list>
<bind>
<StgValue><ssdm name="p_str6"/></StgValue>
</bind>
</comp>

<comp id="78" class="1001" name="const_78">
<pin_list>
<pin id="79" dir="1" index="0" bw="1" slack="2147483647"/>
</pin_list>
<bind>
<StgValue><ssdm name="_ssdm_op_SpecRegionBegin"/></StgValue>
</bind>
</comp>

<comp id="80" class="1001" name="const_80">
<pin_list>
<pin id="81" dir="1" index="0" bw="1" slack="2147483647"/>
</pin_list>
<bind>
<StgValue><ssdm name="_ssdm_op_SpecPipeline"/></StgValue>
</bind>
</comp>

<comp id="82" class="1001" name="const_82">
<pin_list>
<pin id="83" dir="1" index="0" bw="1" slack="2147483647"/>
</pin_list>
<bind>
<StgValue><ssdm name=""/></StgValue>
</bind>
</comp>

<comp id="84" class="1001" name="const_84">
<pin_list>
<pin id="85" dir="1" index="0" bw="1" slack="2147483647"/>
</pin_list>
<bind>
<StgValue><ssdm name="_ssdm_op_SpecRegionEnd"/></StgValue>
</bind>
</comp>

<comp id="86" class="1001" name="const_86">
<pin_list>
<pin id="87" dir="1" index="0" bw="1" slack="0"/>
</pin_list>
<bind>
<StgValue><ssdm name="_ssdm_op_Write.s_axilite.i32P"/></StgValue>
</bind>
</comp>

<comp id="88" class="1001" name="const_88">
<pin_list>
<pin id="89" dir="1" index="0" bw="1" slack="0"/>
</pin_list>
<bind>
<StgValue><ssdm name=""/></StgValue>
</bind>
</comp>

<comp id="90" class="1001" name="const_90">
<pin_list>
<pin id="91" dir="1" index="0" bw="1" slack="0"/>
</pin_list>
<bind>
<StgValue><ssdm name=""/></StgValue>
</bind>
</comp>

<comp id="92" class="1004" name="grp_write_fu_92">
<pin_list>
<pin id="93" dir="0" index="0" bw="0" slack="0"/>
<pin id="94" dir="0" index="1" bw="32" slack="0"/>
<pin id="95" dir="0" index="2" bw="4" slack="0"/>
<pin id="96" dir="0" index="3" bw="4" slack="0"/>
<pin id="97" dir="0" index="4" bw="2" slack="0"/>
<pin id="98" dir="0" index="5" bw="1" slack="0"/>
<pin id="99" dir="0" index="6" bw="5" slack="0"/>
<pin id="100" dir="0" index="7" bw="6" slack="0"/>
<pin id="101" dir="0" index="8" bw="8" slack="0"/>
<pin id="102" dir="0" index="9" bw="1" slack="0"/>
<pin id="103" dir="0" index="10" bw="1" slack="0"/>
<pin id="104" dir="0" index="11" bw="1" slack="0"/>
<pin id="105" dir="0" index="12" bw="1" slack="0"/>
<pin id="106" dir="0" index="13" bw="1" slack="0"/>
<pin id="107" dir="0" index="14" bw="1" slack="0"/>
<pin id="108" dir="1" index="15" bw="0" slack="2147483647"/>
</pin_list>
<bind>
<opcode="write(1151) " fcode="write"/>
<opset="StgValue_33/3 "/>
</bind>
</comp>

<comp id="122" class="1004" name="StgValue_40_write_fu_122">
<pin_list>
<pin id="123" dir="0" index="0" bw="0" slack="0"/>
<pin id="124" dir="0" index="1" bw="32" slack="0"/>
<pin id="125" dir="0" index="2" bw="1" slack="0"/>
<pin id="126" dir="1" index="3" bw="0" slack="2147483647"/>
</pin_list>
<bind>
<opcode="write(1151) " fcode="write"/>
<opset="StgValue_40/5 "/>
</bind>
</comp>

<comp id="130" class="1004" name="StgValue_41_write_fu_130">
<pin_list>
<pin id="131" dir="0" index="0" bw="0" slack="0"/>
<pin id="132" dir="0" index="1" bw="32" slack="0"/>
<pin id="133" dir="0" index="2" bw="1" slack="0"/>
<pin id="134" dir="1" index="3" bw="0" slack="2147483647"/>
</pin_list>
<bind>
<opcode="write(1151) " fcode="write"/>
<opset="StgValue_41/5 "/>
</bind>
</comp>

<comp id="138" class="1004" name="StgValue_42_write_fu_138">
<pin_list>
<pin id="139" dir="0" index="0" bw="0" slack="0"/>
<pin id="140" dir="0" index="1" bw="32" slack="0"/>
<pin id="141" dir="0" index="2" bw="13" slack="0"/>
<pin id="142" dir="1" index="3" bw="0" slack="2147483647"/>
</pin_list>
<bind>
<opcode="write(1151) " fcode="write"/>
<opset="StgValue_42/5 "/>
</bind>
</comp>

<comp id="146" class="1004" name="StgValue_43_write_fu_146">
<pin_list>
<pin id="147" dir="0" index="0" bw="0" slack="0"/>
<pin id="148" dir="0" index="1" bw="32" slack="0"/>
<pin id="149" dir="0" index="2" bw="1" slack="0"/>
<pin id="150" dir="1" index="3" bw="0" slack="2147483647"/>
</pin_list>
<bind>
<opcode="write(1151) " fcode="write"/>
<opset="StgValue_43/5 "/>
</bind>
</comp>

<comp id="154" class="1004" name="StgValue_44_write_fu_154">
<pin_list>
<pin id="155" dir="0" index="0" bw="0" slack="0"/>
<pin id="156" dir="0" index="1" bw="32" slack="0"/>
<pin id="157" dir="0" index="2" bw="1" slack="0"/>
<pin id="158" dir="1" index="3" bw="0" slack="2147483647"/>
</pin_list>
<bind>
<opcode="write(1151) " fcode="write"/>
<opset="StgValue_44/5 "/>
</bind>
</comp>

<comp id="162" class="1004" name="StgValue_45_write_fu_162">
<pin_list>
<pin id="163" dir="0" index="0" bw="0" slack="0"/>
<pin id="164" dir="0" index="1" bw="32" slack="0"/>
<pin id="165" dir="0" index="2" bw="12" slack="0"/>
<pin id="166" dir="1" index="3" bw="0" slack="2147483647"/>
</pin_list>
<bind>
<opcode="write(1151) " fcode="write"/>
<opset="StgValue_45/5 "/>
</bind>
</comp>

<comp id="170" class="1005" name="tmp_data_V_reg_170">
<pin_list>
<pin id="171" dir="0" index="0" bw="8" slack="1"/>
<pin id="172" dir="1" index="1" bw="8" slack="1"/>
</pin_list>
<bind>
<opset="tmp_data_V (phireg) "/>
</bind>
</comp>

<comp id="174" class="1004" name="tmp_data_V_phi_fu_174">
<pin_list>
<pin id="175" dir="0" index="0" bw="1" slack="1"/>
<pin id="176" dir="0" index="1" bw="0" slack="2147483647"/>
<pin id="177" dir="0" index="2" bw="8" slack="0"/>
<pin id="178" dir="0" index="3" bw="0" slack="2147483647"/>
<pin id="179" dir="1" index="4" bw="8" slack="0"/>
</pin_list>
<bind>
<opcode="phi(47) " fcode="phi"/>
<opset="tmp_data_V/2 "/>
</bind>
</comp>

<comp id="182" class="1004" name="exitcond_fu_182">
<pin_list>
<pin id="183" dir="0" index="0" bw="8" slack="0"/>
<pin id="184" dir="0" index="1" bw="8" slack="0"/>
<pin id="185" dir="1" index="2" bw="1" slack="1"/>
</pin_list>
<bind>
<opcode="icmp(45) " fcode="icmp"/>
<opset="exitcond/2 "/>
</bind>
</comp>

<comp id="188" class="1004" name="i_fu_188">
<pin_list>
<pin id="189" dir="0" index="0" bw="8" slack="0"/>
<pin id="190" dir="0" index="1" bw="1" slack="0"/>
<pin id="191" dir="1" index="2" bw="8" slack="0"/>
</pin_list>
<bind>
<opcode="add(8) " fcode="add"/>
<opset="i/2 "/>
</bind>
</comp>

<comp id="194" class="1004" name="tmp_data_V_1_fu_194">
<pin_list>
<pin id="195" dir="0" index="0" bw="8" slack="1"/>
<pin id="196" dir="1" index="1" bw="32" slack="0"/>
</pin_list>
<bind>
<opcode="zext(34) " fcode="zext"/>
<opset="tmp_data_V_1/3 "/>
</bind>
</comp>

<comp id="199" class="1004" name="tmp_last_V_fu_199">
<pin_list>
<pin id="200" dir="0" index="0" bw="8" slack="1"/>
<pin id="201" dir="0" index="1" bw="8" slack="0"/>
<pin id="202" dir="1" index="2" bw="1" slack="0"/>
</pin_list>
<bind>
<opcode="icmp(45) " fcode="icmp"/>
<opset="tmp_last_V/3 "/>
</bind>
</comp>

<comp id="206" class="1005" name="exitcond_reg_206">
<pin_list>
<pin id="207" dir="0" index="0" bw="1" slack="1"/>
<pin id="208" dir="1" index="1" bw="1" slack="2147483647"/>
</pin_list>
<bind>
<opset="exitcond "/>
</bind>
</comp>

<comp id="210" class="1005" name="i_reg_210">
<pin_list>
<pin id="211" dir="0" index="0" bw="8" slack="0"/>
<pin id="212" dir="1" index="1" bw="8" slack="0"/>
</pin_list>
<bind>
<opset="i "/>
</bind>
</comp>

<comp id="215" class="1005" name="tmp_data_V_1_reg_215">
<pin_list>
<pin id="216" dir="0" index="0" bw="32" slack="1"/>
<pin id="217" dir="1" index="1" bw="32" slack="1"/>
</pin_list>
<bind>
<opset="tmp_data_V_1 "/>
</bind>
</comp>

<comp id="220" class="1005" name="tmp_last_V_reg_220">
<pin_list>
<pin id="221" dir="0" index="0" bw="1" slack="1"/>
<pin id="222" dir="1" index="1" bw="1" slack="1"/>
</pin_list>
<bind>
<opset="tmp_last_V "/>
</bind>
</comp>

</comp_list>

<net_list>
<net id="109"><net_src comp="64" pin="0"/><net_sink comp="92" pin=0"/></net>

<net id="110"><net_src comp="12" pin="0"/><net_sink comp="92" pin=1"/></net>

<net id="111"><net_src comp="14" pin="0"/><net_sink comp="92" pin=2"/></net>

<net id="112"><net_src comp="16" pin="0"/><net_sink comp="92" pin=3"/></net>

<net id="113"><net_src comp="18" pin="0"/><net_sink comp="92" pin=4"/></net>

<net id="114"><net_src comp="20" pin="0"/><net_sink comp="92" pin=5"/></net>

<net id="115"><net_src comp="22" pin="0"/><net_sink comp="92" pin=6"/></net>

<net id="116"><net_src comp="24" pin="0"/><net_sink comp="92" pin=7"/></net>

<net id="117"><net_src comp="66" pin="0"/><net_sink comp="92" pin=9"/></net>

<net id="118"><net_src comp="66" pin="0"/><net_sink comp="92" pin=10"/></net>

<net id="119"><net_src comp="68" pin="0"/><net_sink comp="92" pin=11"/></net>

<net id="120"><net_src comp="70" pin="0"/><net_sink comp="92" pin=13"/></net>

<net id="121"><net_src comp="72" pin="0"/><net_sink comp="92" pin=14"/></net>

<net id="127"><net_src comp="86" pin="0"/><net_sink comp="122" pin=0"/></net>

<net id="128"><net_src comp="0" pin="0"/><net_sink comp="122" pin=1"/></net>

<net id="129"><net_src comp="38" pin="0"/><net_sink comp="122" pin=2"/></net>

<net id="135"><net_src comp="86" pin="0"/><net_sink comp="130" pin=0"/></net>

<net id="136"><net_src comp="2" pin="0"/><net_sink comp="130" pin=1"/></net>

<net id="137"><net_src comp="38" pin="0"/><net_sink comp="130" pin=2"/></net>

<net id="143"><net_src comp="86" pin="0"/><net_sink comp="138" pin=0"/></net>

<net id="144"><net_src comp="4" pin="0"/><net_sink comp="138" pin=1"/></net>

<net id="145"><net_src comp="88" pin="0"/><net_sink comp="138" pin=2"/></net>

<net id="151"><net_src comp="86" pin="0"/><net_sink comp="146" pin=0"/></net>

<net id="152"><net_src comp="6" pin="0"/><net_sink comp="146" pin=1"/></net>

<net id="153"><net_src comp="38" pin="0"/><net_sink comp="146" pin=2"/></net>

<net id="159"><net_src comp="86" pin="0"/><net_sink comp="154" pin=0"/></net>

<net id="160"><net_src comp="8" pin="0"/><net_sink comp="154" pin=1"/></net>

<net id="161"><net_src comp="38" pin="0"/><net_sink comp="154" pin=2"/></net>

<net id="167"><net_src comp="86" pin="0"/><net_sink comp="162" pin=0"/></net>

<net id="168"><net_src comp="10" pin="0"/><net_sink comp="162" pin=1"/></net>

<net id="169"><net_src comp="90" pin="0"/><net_sink comp="162" pin=2"/></net>

<net id="173"><net_src comp="52" pin="0"/><net_sink comp="170" pin=0"/></net>

<net id="180"><net_src comp="170" pin="1"/><net_sink comp="174" pin=0"/></net>

<net id="181"><net_src comp="174" pin="4"/><net_sink comp="170" pin=0"/></net>

<net id="186"><net_src comp="174" pin="4"/><net_sink comp="182" pin=0"/></net>

<net id="187"><net_src comp="54" pin="0"/><net_sink comp="182" pin=1"/></net>

<net id="192"><net_src comp="174" pin="4"/><net_sink comp="188" pin=0"/></net>

<net id="193"><net_src comp="60" pin="0"/><net_sink comp="188" pin=1"/></net>

<net id="197"><net_src comp="170" pin="1"/><net_sink comp="194" pin=0"/></net>

<net id="198"><net_src comp="194" pin="1"/><net_sink comp="92" pin=8"/></net>

<net id="203"><net_src comp="170" pin="1"/><net_sink comp="199" pin=0"/></net>

<net id="204"><net_src comp="62" pin="0"/><net_sink comp="199" pin=1"/></net>

<net id="205"><net_src comp="199" pin="2"/><net_sink comp="92" pin=12"/></net>

<net id="209"><net_src comp="182" pin="2"/><net_sink comp="206" pin=0"/></net>

<net id="213"><net_src comp="188" pin="2"/><net_sink comp="210" pin=0"/></net>

<net id="214"><net_src comp="210" pin="1"/><net_sink comp="174" pin=2"/></net>

<net id="218"><net_src comp="194" pin="1"/><net_sink comp="215" pin=0"/></net>

<net id="219"><net_src comp="215" pin="1"/><net_sink comp="92" pin=8"/></net>

<net id="223"><net_src comp="199" pin="2"/><net_sink comp="220" pin=0"/></net>

<net id="224"><net_src comp="220" pin="1"/><net_sink comp="92" pin=12"/></net>

</net_list>

</model> 
---------------- Datapath Model END ------------------

* FSMD analyzer results:
  - Output states:
	Port: agg_result_a | {5 }
	Port: agg_result_b | {5 }
	Port: agg_result_c | {5 }
	Port: agg_result_d | {5 }
	Port: agg_result_e | {5 }
	Port: agg_result_f | {5 }
	Port: OUTPUT_STREAM_V_data_V | {4 }
	Port: OUTPUT_STREAM_V_keep_V | {4 }
	Port: OUTPUT_STREAM_V_strb_V | {4 }
	Port: OUTPUT_STREAM_V_user_V | {4 }
	Port: OUTPUT_STREAM_V_last_V | {4 }
	Port: OUTPUT_STREAM_V_id_V | {4 }
	Port: OUTPUT_STREAM_V_dest_V | {4 }
 - Input state : 
  - Chain level:
	State 1
	State 2
		exitcond : 1
		i : 1
		StgValue_30 : 2
	State 3
		StgValue_33 : 1
	State 4
		empty_3 : 1
	State 5


============================================================
+ Verbose Summary: Datapath Resource usage 
============================================================

* Functional unit list:
|----------|--------------------------|---------|---------|
| Operation|      Functional Unit     |    FF   |   LUT   |
|----------|--------------------------|---------|---------|
|   icmp   |      exitcond_fu_182     |    0    |    11   |
|          |     tmp_last_V_fu_199    |    0    |    11   |
|----------|--------------------------|---------|---------|
|    add   |         i_fu_188         |    0    |    15   |
|----------|--------------------------|---------|---------|
|          |      grp_write_fu_92     |    0    |    0    |
|          | StgValue_40_write_fu_122 |    0    |    0    |
|          | StgValue_41_write_fu_130 |    0    |    0    |
|   write  | StgValue_42_write_fu_138 |    0    |    0    |
|          | StgValue_43_write_fu_146 |    0    |    0    |
|          | StgValue_44_write_fu_154 |    0    |    0    |
|          | StgValue_45_write_fu_162 |    0    |    0    |
|----------|--------------------------|---------|---------|
|   zext   |    tmp_data_V_1_fu_194   |    0    |    0    |
|----------|--------------------------|---------|---------|
|   Total  |                          |    0    |    37   |
|----------|--------------------------|---------|---------|

Memories:
N/A

* Register list:
+--------------------+--------+
|                    |   FF   |
+--------------------+--------+
|  exitcond_reg_206  |    1   |
|      i_reg_210     |    8   |
|tmp_data_V_1_reg_215|   32   |
| tmp_data_V_reg_170 |    8   |
| tmp_last_V_reg_220 |    1   |
+--------------------+--------+
|        Total       |   50   |
+--------------------+--------+

* Multiplexer (MUX) list: 
|--------------------|------|------|------|--------||---------||---------|
|        Comp        |  Pin | Size |  BW  | S x BW ||  Delay  ||   LUT   |
|--------------------|------|------|------|--------||---------||---------|
|   grp_write_fu_92  |  p8  |   2  |   8  |   16   ||    9    |
|   grp_write_fu_92  |  p12 |   2  |   1  |    2   ||    9    |
| tmp_data_V_reg_170 |  p0  |   2  |   8  |   16   ||    9    |
|--------------------|------|------|------|--------||---------||---------|
|        Total       |      |      |      |   34   ||  5.307  ||    27   |
|--------------------|------|------|------|--------||---------||---------|



* Summary:
+-----------+--------+--------+--------+
|           |  Delay |   FF   |   LUT  |
+-----------+--------+--------+--------+
|  Function |    -   |    0   |   37   |
|   Memory  |    -   |    -   |    -   |
|Multiplexer|    5   |    -   |   27   |
|  Register |    -   |   50   |    -   |
+-----------+--------+--------+--------+
|   Total   |    5   |   50   |   64   |
+-----------+--------+--------+--------+
