INFO: [HLS 200-10] Running 'C:/Xilinx/Vivado/2018.2/bin/unwrapped/win64.o/vivado_hls.exe'
INFO: [HLS 200-10] For user 'biabe' on host 'desktop-871tsom' (Windows NT_amd64 version 6.2) on Sun Jan 27 12:48:39 +0200 2019
INFO: [HLS 200-10] In directory 'C:/Digilent19/Hls'
INFO: [HLS 200-10] Opening project 'C:/Digilent19/Hls/SobelVideoWorking'.
INFO: [HLS 200-10] Adding design file 'SobelVideoWorking/a.cpp' to the project
INFO: [HLS 200-10] Adding design file 'SobelVideoWorking/a.hpp' to the project
INFO: [HLS 200-10] Opening solution 'C:/Digilent19/Hls/SobelVideoWorking/solution1'.
INFO: [SYN 201-201] Setting up clock 'default' with a period of 10ns.
INFO: [HLS 200-10] Setting target device to 'xc7a200tsbg484-1'
INFO: [SYN 201-201] Setting up clock 'default' with a period of 10ns.
INFO: [HLS 200-10] Analyzing design file 'SobelVideoWorking/a.cpp' ... 
WARNING: [HLS 214-114] Only function calls and local variable declarations are allowed in a dataflow region: SobelVideoWorking/a.cpp:18:1
INFO: [HLS 200-111] Finished Linking Time (s): cpu = 00:00:01 ; elapsed = 00:00:15 . Memory (MB): peak = 104.223 ; gain = 47.008
INFO: [HLS 200-111] Finished Checking Pragmas Time (s): cpu = 00:00:01 ; elapsed = 00:00:15 . Memory (MB): peak = 104.223 ; gain = 47.008
INFO: [HLS 200-10] Starting code transformations ...
INFO: [XFORM 203-501] Unrolling loop 'Loop-1' (C:/Xilinx/Vivado/2018.2/common/technology/autopilot/hls/hls_video_core.h:622) in function 'hls::Mat<720, 1280, 0>::read()' completely.
INFO: [XFORM 203-501] Unrolling loop 'Loop-1' (C:/Xilinx/Vivado/2018.2/common/technology/autopilot/hls/hls_video_core.h:646) in function 'hls::Mat<720, 1280, 0>::write(hls::Scalar<1, unsigned char>)' completely.
INFO: [XFORM 203-603] Inlining function 'hls::Mat<720, 1280, 4096>::init' into 'hls::Mat<720, 1280, 4096>::Mat.1' (C:/Xilinx/Vivado/2018.2/common/technology/autopilot/hls/hls_video_core.h:587).
INFO: [XFORM 203-603] Inlining function 'hls::Mat<720, 1280, 0>::init' into 'hls::Mat<720, 1280, 0>::Mat.1' (C:/Xilinx/Vivado/2018.2/common/technology/autopilot/hls/hls_video_core.h:587).
INFO: [XFORM 203-603] Inlining function 'hls::AXIGetBitFields<24, unsigned char>.1' into 'hls::AXIGetBitFields<24, unsigned char>' (C:/Xilinx/Vivado/2018.2/common/technology/autopilot/hls/hls_axi_io.h:71).
INFO: [XFORM 203-603] Inlining function 'hls::AXIGetBitFields<24, unsigned char>' into 'hls::AXIvideo2Mat<24, 720, 1280, 4096>' (C:/Xilinx/Vivado/2018.2/common/technology/autopilot/hls/hls_video_io.h:92).
INFO: [XFORM 203-603] Inlining function 'hls::Mat<720, 1280, 4096>::write' into 'hls::Mat<720, 1280, 4096>::operator<<' (C:/Xilinx/Vivado/2018.2/common/technology/autopilot/hls/hls_video_core.h:662).
INFO: [XFORM 203-603] Inlining function 'hls::Mat<720, 1280, 4096>::operator<<' into 'hls::CvtColor<HLS_GRAY2RGB, 0, 4096, 720, 1280>' (C:/Xilinx/Vivado/2018.2/common/technology/autopilot/hls/hls_video_imgproc.h:1953).
INFO: [XFORM 203-603] Inlining function 'hls::Mat<720, 1280, 4096>::operator<<' into 'hls::AXIvideo2Mat<24, 720, 1280, 4096>' (C:/Xilinx/Vivado/2018.2/common/technology/autopilot/hls/hls_video_io.h:94).
INFO: [XFORM 203-603] Inlining function 'hls::Mat<720, 1280, 4096>::read' into 'hls::Mat<720, 1280, 4096>::operator>>' (C:/Xilinx/Vivado/2018.2/common/technology/autopilot/hls/hls_video_core.h:656).
INFO: [XFORM 203-603] Inlining function 'hls::Mat<720, 1280, 4096>::operator>>' into 'hls::CvtColor<HLS_BGR2GRAY, 4096, 0, 720, 1280>' (C:/Xilinx/Vivado/2018.2/common/technology/autopilot/hls/hls_video_imgproc.h:1951).
INFO: [XFORM 203-603] Inlining function 'hls::Mat<720, 1280, 4096>::operator>>' into 'hls::Mat2AXIvideo<24, 720, 1280, 4096>' (C:/Xilinx/Vivado/2018.2/common/technology/autopilot/hls/hls_video_io.h:140).
INFO: [XFORM 203-603] Inlining function 'hls::AXISetBitFields<24, unsigned char>.1' into 'hls::AXISetBitFields<24, unsigned char>' (C:/Xilinx/Vivado/2018.2/common/technology/autopilot/hls/hls_axi_io.h:100).
INFO: [XFORM 203-603] Inlining function 'hls::AXISetBitFields<24, unsigned char>' into 'hls::Mat2AXIvideo<24, 720, 1280, 4096>' (C:/Xilinx/Vivado/2018.2/common/technology/autopilot/hls/hls_video_io.h:143).
INFO: [XFORM 203-603] Inlining function 'ap_fixed_base<8, 8, false, (ap_q_mode)0, (ap_o_mode)0, 0>::quantization_adjust' into 'ap_fixed_base<8, 8, false, (ap_q_mode)0, (ap_o_mode)0, 0>::ap_fixed_base' ().
INFO: [XFORM 203-603] Inlining function 'ap_fixed_base<8, 8, false, (ap_q_mode)0, (ap_o_mode)0, 0>::quantization_adjust' into 'ap_fixed_base<8, 8, false, (ap_q_mode)0, (ap_o_mode)0, 0>::ap_fixed_base<28, 14, true, (ap_q_mode)5, (ap_o_mode)3, 0>' ().
INFO: [XFORM 203-603] Inlining function 'ap_fixed_base<8, 8, false, (ap_q_mode)0, (ap_o_mode)0, 0>::quantization_adjust' into 'ap_fixed_base<8, 8, false, (ap_q_mode)0, (ap_o_mode)0, 0>::ap_fixed_base<35, 13, true, (ap_q_mode)5, (ap_o_mode)3, 0>' ().
INFO: [XFORM 203-603] Inlining function 'ap_fixed_base<8, 8, false, (ap_q_mode)0, (ap_o_mode)0, 0>::overflow_adjust' into 'ap_fixed_base<8, 8, false, (ap_q_mode)0, (ap_o_mode)0, 0>::ap_fixed_base' ().
INFO: [XFORM 203-603] Inlining function 'ap_fixed_base<8, 8, false, (ap_q_mode)0, (ap_o_mode)0, 0>::overflow_adjust' into 'ap_fixed_base<8, 8, false, (ap_q_mode)0, (ap_o_mode)0, 0>::ap_fixed_base<20, 20, true, (ap_q_mode)5, (ap_o_mode)3, 0>' ().
INFO: [XFORM 203-603] Inlining function 'ap_fixed_base<8, 8, false, (ap_q_mode)0, (ap_o_mode)0, 0>::overflow_adjust' into 'ap_fixed_base<8, 8, false, (ap_q_mode)0, (ap_o_mode)0, 0>::ap_fixed_base<28, 14, true, (ap_q_mode)5, (ap_o_mode)3, 0>' ().
INFO: [XFORM 203-603] Inlining function 'ap_fixed_base<8, 8, false, (ap_q_mode)0, (ap_o_mode)0, 0>::overflow_adjust' into 'ap_fixed_base<8, 8, false, (ap_q_mode)0, (ap_o_mode)0, 0>::ap_fixed_base<35, 13, true, (ap_q_mode)5, (ap_o_mode)3, 0>' ().
INFO: [XFORM 203-603] Inlining function 'hls::ColorConverter<unsigned char, unsigned char>::convert<3>' into 'hls::kernel_CvtColor<HLS_BGR2GRAY, unsigned char, unsigned char>::apply<3, 1>' (C:/Xilinx/Vivado/2018.2/common/technology/autopilot/hls/hls_video_imgproc.h:1514).
INFO: [XFORM 203-603] Inlining function 'hls::Mat<720, 1280, 0>::write' into 'hls::Mat<720, 1280, 0>::operator<<' (C:/Xilinx/Vivado/2018.2/common/technology/autopilot/hls/hls_video_core.h:662).
INFO: [XFORM 203-603] Inlining function 'hls::Mat<720, 1280, 0>::operator<<' into 'hls::arithm_pro<hls::kernel_addWeighted, 720, 1280, 0, 0, 0, double, double, double>' (C:/Xilinx/Vivado/2018.2/common/technology/autopilot/hls/hls_video_arithm.h:363).
INFO: [XFORM 203-603] Inlining function 'hls::Mat<720, 1280, 0>::operator<<' into 'hls::Duplicate<720, 1280, 0, 0>' (C:/Xilinx/Vivado/2018.2/common/technology/autopilot/hls/hls_video_arithm.h:1507).
INFO: [XFORM 203-603] Inlining function 'hls::Mat<720, 1280, 0>::operator<<' into 'hls::Duplicate<720, 1280, 0, 0>' (C:/Xilinx/Vivado/2018.2/common/technology/autopilot/hls/hls_video_arithm.h:1506).
INFO: [XFORM 203-603] Inlining function 'hls::Mat<720, 1280, 0>::operator<<' into 'hls::CvtColor<HLS_BGR2GRAY, 4096, 0, 720, 1280>' (C:/Xilinx/Vivado/2018.2/common/technology/autopilot/hls/hls_video_imgproc.h:1953).
INFO: [XFORM 203-603] Inlining function 'ap_fixed_base<25, 1, false, (ap_q_mode)5, (ap_o_mode)3, 0>::operator>>' into 'pow_reduce::pow_generic<float>' (r:/builds/2018.2/continuous/2018_06_14_2258646/src/products/hls/hls_lib/hlsmath/include/FloatingPoint\hls_pow.h:507).
INFO: [XFORM 203-603] Inlining function 'ap_fixed_base<44, 0, false, (ap_q_mode)5, (ap_o_mode)3, 0>::operator>>' into 'pow_reduce::pow_generic<float>' (r:/builds/2018.2/continuous/2018_06_14_2258646/src/products/hls/hls_lib/hlsmath/include/FloatingPoint\hls_pow.h:514).
INFO: [XFORM 203-603] Inlining function 'ap_fixed_base<52, 1, false, (ap_q_mode)5, (ap_o_mode)3, 0>::operator>>' into 'pow_reduce::log_range_reduce<ap_fixed<65, 9, (ap_q_mode)5, (ap_o_mode)3, 0>, 4, 4, 39, 41>' (r:/builds/2018.2/continuous/2018_06_14_2258646/src/products/hls/hls_lib/hlsmath/include/FloatingPoint\hls_pow.h:68).
INFO: [XFORM 203-603] Inlining function 'ap_fixed_base<63, 1, false, (ap_q_mode)5, (ap_o_mode)3, 0>::operator>>' into 'pow_reduce::log_range_reduce<ap_fixed<65, 9, (ap_q_mode)5, (ap_o_mode)3, 0>, 7, 6, 41, 44>' (r:/builds/2018.2/continuous/2018_06_14_2258646/src/products/hls/hls_lib/hlsmath/include/FloatingPoint\hls_pow.h:68).
INFO: [XFORM 203-603] Inlining function 'ap_fixed_base<81, 1, false, (ap_q_mode)5, (ap_o_mode)3, 0>::operator>>' into 'pow_reduce::log_range_reduce<ap_fixed<65, 9, (ap_q_mode)5, (ap_o_mode)3, 0>, 12, 6, 44, 39>' (r:/builds/2018.2/continuous/2018_06_14_2258646/src/products/hls/hls_lib/hlsmath/include/FloatingPoint\hls_pow.h:68).
INFO: [XFORM 203-603] Inlining function 'ap_fixed_base<67, 10, true, (ap_q_mode)5, (ap_o_mode)3, 0>::operator<<' into 'pow_reduce::pow_generic<float>' (r:/builds/2018.2/continuous/2018_06_14_2258646/src/products/hls/hls_lib/hlsmath/include/FloatingPoint\hls_pow.h:572).
INFO: [XFORM 203-603] Inlining function 'ap_fixed_base<67, 10, true, (ap_q_mode)5, (ap_o_mode)3, 0>::operator<<' into 'pow_reduce::pow_generic<float>' (r:/builds/2018.2/continuous/2018_06_14_2258646/src/products/hls/hls_lib/hlsmath/include/FloatingPoint\hls_pow.h:565).
INFO: [XFORM 203-603] Inlining function 'ap_fixed_base<66, 9, true, (ap_q_mode)5, (ap_o_mode)3, 0>::operator>>' into 'pow_reduce::pow_generic<float>' (r:/builds/2018.2/continuous/2018_06_14_2258646/src/products/hls/hls_lib/hlsmath/include/FloatingPoint\hls_pow.h:566).
INFO: [XFORM 203-603] Inlining function 'ap_fixed_base<67, 10, true, (ap_q_mode)5, (ap_o_mode)3, 0>::operator>>' into 'pow_reduce::pow_generic<float>' (r:/builds/2018.2/continuous/2018_06_14_2258646/src/products/hls/hls_lib/hlsmath/include/FloatingPoint\hls_pow.h:573).
INFO: [XFORM 203-603] Inlining function 'ap_fixed_base<37, 10, true, (ap_q_mode)5, (ap_o_mode)3, 0>::to_double' into 'pow_reduce::pow_generic<float>' (r:/builds/2018.2/continuous/2018_06_14_2258646/src/products/hls/hls_lib/hlsmath/include/FloatingPoint\hls_pow.h:591).
INFO: [XFORM 203-603] Inlining function 'ap_fixed_base<37, 10, true, (ap_q_mode)5, (ap_o_mode)3, 0>::to_double' into 'pow_reduce::pow_generic<float>' (r:/builds/2018.2/continuous/2018_06_14_2258646/src/products/hls/hls_lib/hlsmath/include/FloatingPoint\hls_pow.h:590).
INFO: [XFORM 203-603] Inlining function 'ap_fixed_base<27, 1, false, (ap_q_mode)5, (ap_o_mode)3, 0>::operator<<' into 'pow_reduce::pow_generic<float>' (r:/builds/2018.2/continuous/2018_06_14_2258646/src/products/hls/hls_lib/hlsmath/include/FloatingPoint\hls_pow.h:639).
INFO: [XFORM 203-603] Inlining function 'ap_fixed_base<16, 2, true, (ap_q_mode)0, (ap_o_mode)3, 0>::quantization_adjust' into 'ap_fixed_base<16, 2, true, (ap_q_mode)0, (ap_o_mode)3, 0>::ap_fixed_base.1' ().
INFO: [XFORM 203-603] Inlining function 'hls::normalizeAnchor<int, int>' into 'hls::filter_opr<hls::filter2d_kernel, hls::BORDER_DEFAULT>::filter<0, 0, ap_fixed<16, 2, (ap_q_mode)0, (ap_o_mode)3, 0>, int, 720, 1280, 3, 3>' (C:/Xilinx/Vivado/2018.2/common/technology/autopilot/hls/hls_video_imgproc.h:422).
INFO: [XFORM 203-603] Inlining function 'hls::normalizeAnchor<int, int>' into 'hls::filter_opr<hls::filter2d_kernel, hls::BORDER_DEFAULT>::filter<0, 0, ap_int<8>, int, 720, 1280, 3, 3>' (C:/Xilinx/Vivado/2018.2/common/technology/autopilot/hls/hls_video_imgproc.h:422).
INFO: [XFORM 203-603] Inlining function 'hls::filter_opr<hls::filter2d_kernel, hls::BORDER_DEFAULT>::get_parameters<3, 3, int>' into 'hls::filter_opr<hls::filter2d_kernel, hls::BORDER_DEFAULT>::filter<0, 0, ap_fixed<16, 2, (ap_q_mode)0, (ap_o_mode)3, 0>, int, 720, 1280, 3, 3>' (C:/Xilinx/Vivado/2018.2/common/technology/autopilot/hls/hls_video_imgproc.h:432).
INFO: [XFORM 203-603] Inlining function 'hls::filter_opr<hls::filter2d_kernel, hls::BORDER_DEFAULT>::get_parameters<3, 3, int>' into 'hls::filter_opr<hls::filter2d_kernel, hls::BORDER_DEFAULT>::filter<0, 0, ap_int<8>, int, 720, 1280, 3, 3>' (C:/Xilinx/Vivado/2018.2/common/technology/autopilot/hls/hls_video_imgproc.h:432).
INFO: [XFORM 203-603] Inlining function 'hls::borderInterpolate' into 'hls::filter_opr<hls::filter2d_kernel, hls::BORDER_DEFAULT>::filter<0, 0, ap_int<8>, int, 720, 1280, 3, 3>' (C:/Xilinx/Vivado/2018.2/common/technology/autopilot/hls/hls_video_imgproc.h:450).
INFO: [XFORM 203-603] Inlining function 'hls::borderInterpolate' into 'hls::filter_opr<hls::filter2d_kernel, hls::BORDER_DEFAULT>::filter<0, 0, ap_int<8>, int, 720, 1280, 3, 3>' (C:/Xilinx/Vivado/2018.2/common/technology/autopilot/hls/hls_video_imgproc.h:468).
INFO: [XFORM 203-603] Inlining function 'hls::borderInterpolate' into 'hls::filter_opr<hls::filter2d_kernel, hls::BORDER_DEFAULT>::filter<0, 0, ap_int<8>, int, 720, 1280, 3, 3>' (C:/Xilinx/Vivado/2018.2/common/technology/autopilot/hls/hls_video_imgproc.h:504).
INFO: [XFORM 203-603] Inlining function 'hls::borderInterpolate' into 'hls::filter_opr<hls::filter2d_kernel, hls::BORDER_DEFAULT>::filter<0, 0, ap_fixed<16, 2, (ap_q_mode)0, (ap_o_mode)3, 0>, int, 720, 1280, 3, 3>' (C:/Xilinx/Vivado/2018.2/common/technology/autopilot/hls/hls_video_imgproc.h:450).
INFO: [XFORM 203-603] Inlining function 'hls::borderInterpolate' into 'hls::filter_opr<hls::filter2d_kernel, hls::BORDER_DEFAULT>::filter<0, 0, ap_fixed<16, 2, (ap_q_mode)0, (ap_o_mode)3, 0>, int, 720, 1280, 3, 3>' (C:/Xilinx/Vivado/2018.2/common/technology/autopilot/hls/hls_video_imgproc.h:468).
INFO: [XFORM 203-603] Inlining function 'hls::borderInterpolate' into 'hls::filter_opr<hls::filter2d_kernel, hls::BORDER_DEFAULT>::filter<0, 0, ap_fixed<16, 2, (ap_q_mode)0, (ap_o_mode)3, 0>, int, 720, 1280, 3, 3>' (C:/Xilinx/Vivado/2018.2/common/technology/autopilot/hls/hls_video_imgproc.h:504).
INFO: [XFORM 203-603] Inlining function 'hls::Window<3, 3, unsigned char>::getval' into 'hls::Window<3, 3, unsigned char>::operator()' (C:/Xilinx/Vivado/2018.2/common/technology/autopilot/hls/hls_video_mem.h:501).
INFO: [XFORM 203-603] Inlining function 'hls::Window<3, 3, unsigned char>::operator()' into 'hls::filter_opr<hls::filter2d_kernel, hls::BORDER_DEFAULT>::filter<0, 0, ap_fixed<16, 2, (ap_q_mode)0, (ap_o_mode)3, 0>, int, 720, 1280, 3, 3>' (C:/Xilinx/Vivado/2018.2/common/technology/autopilot/hls/hls_video_imgproc.h:505).
INFO: [XFORM 203-603] Inlining function 'hls::Window<3, 3, unsigned char>::operator()' into 'hls::filter_opr<hls::filter2d_kernel, hls::BORDER_DEFAULT>::filter<0, 0, ap_fixed<16, 2, (ap_q_mode)0, (ap_o_mode)3, 0>, int, 720, 1280, 3, 3>' (C:/Xilinx/Vivado/2018.2/common/technology/autopilot/hls/hls_video_imgproc.h:501).
INFO: [XFORM 203-603] Inlining function 'hls::Window<3, 3, unsigned char>::operator()' into 'hls::filter_opr<hls::filter2d_kernel, hls::BORDER_DEFAULT>::filter<0, 0, ap_fixed<16, 2, (ap_q_mode)0, (ap_o_mode)3, 0>, int, 720, 1280, 3, 3>' (C:/Xilinx/Vivado/2018.2/common/technology/autopilot/hls/hls_video_imgproc.h:482).
INFO: [XFORM 203-603] Inlining function 'hls::Window<3, 3, unsigned char>::operator()' into 'hls::filter_opr<hls::filter2d_kernel, hls::BORDER_DEFAULT>::filter<0, 0, ap_fixed<16, 2, (ap_q_mode)0, (ap_o_mode)3, 0>, int, 720, 1280, 3, 3>' (C:/Xilinx/Vivado/2018.2/common/technology/autopilot/hls/hls_video_imgproc.h:479).
INFO: [XFORM 203-603] Inlining function 'hls::Window<3, 3, unsigned char>::operator()' into 'hls::filter_opr<hls::filter2d_kernel, hls::BORDER_DEFAULT>::filter<0, 0, ap_fixed<16, 2, (ap_q_mode)0, (ap_o_mode)3, 0>, int, 720, 1280, 3, 3>' (C:/Xilinx/Vivado/2018.2/common/technology/autopilot/hls/hls_video_imgproc.h:479).
INFO: [XFORM 203-603] Inlining function 'hls::Window<3, 3, unsigned char>::operator()' into 'hls::filter_opr<hls::filter2d_kernel, hls::BORDER_DEFAULT>::filter<0, 0, ap_fixed<16, 2, (ap_q_mode)0, (ap_o_mode)3, 0>, int, 720, 1280, 3, 3>' (C:/Xilinx/Vivado/2018.2/common/technology/autopilot/hls/hls_video_imgproc.h:456).
INFO: [XFORM 203-603] Inlining function 'hls::Window<3, 3, unsigned char>::operator()' into 'hls::filter_opr<hls::filter2d_kernel, hls::BORDER_DEFAULT>::filter<0, 0, ap_int<8>, int, 720, 1280, 3, 3>' (C:/Xilinx/Vivado/2018.2/common/technology/autopilot/hls/hls_video_imgproc.h:505).
INFO: [XFORM 203-603] Inlining function 'hls::Window<3, 3, unsigned char>::operator()' into 'hls::filter_opr<hls::filter2d_kernel, hls::BORDER_DEFAULT>::filter<0, 0, ap_int<8>, int, 720, 1280, 3, 3>' (C:/Xilinx/Vivado/2018.2/common/technology/autopilot/hls/hls_video_imgproc.h:501).
INFO: [XFORM 203-603] Inlining function 'hls::Window<3, 3, unsigned char>::operator()' into 'hls::filter_opr<hls::filter2d_kernel, hls::BORDER_DEFAULT>::filter<0, 0, ap_int<8>, int, 720, 1280, 3, 3>' (C:/Xilinx/Vivado/2018.2/common/technology/autopilot/hls/hls_video_imgproc.h:482).
INFO: [XFORM 203-603] Inlining function 'hls::Window<3, 3, unsigned char>::operator()' into 'hls::filter_opr<hls::filter2d_kernel, hls::BORDER_DEFAULT>::filter<0, 0, ap_int<8>, int, 720, 1280, 3, 3>' (C:/Xilinx/Vivado/2018.2/common/technology/autopilot/hls/hls_video_imgproc.h:479).
INFO: [XFORM 203-603] Inlining function 'hls::Window<3, 3, unsigned char>::operator()' into 'hls::filter_opr<hls::filter2d_kernel, hls::BORDER_DEFAULT>::filter<0, 0, ap_int<8>, int, 720, 1280, 3, 3>' (C:/Xilinx/Vivado/2018.2/common/technology/autopilot/hls/hls_video_imgproc.h:479).
INFO: [XFORM 203-603] Inlining function 'hls::Window<3, 3, unsigned char>::operator()' into 'hls::filter_opr<hls::filter2d_kernel, hls::BORDER_DEFAULT>::filter<0, 0, ap_int<8>, int, 720, 1280, 3, 3>' (C:/Xilinx/Vivado/2018.2/common/technology/autopilot/hls/hls_video_imgproc.h:456).
INFO: [XFORM 203-603] Inlining function 'hls::Window<3, 1, unsigned char>::getval' into 'hls::Window<3, 1, unsigned char>::operator()' (C:/Xilinx/Vivado/2018.2/common/technology/autopilot/hls/hls_video_mem.h:501).
INFO: [XFORM 203-603] Inlining function 'hls::Window<3, 1, unsigned char>::operator()' into 'hls::filter_opr<hls::filter2d_kernel, hls::BORDER_DEFAULT>::filter<0, 0, ap_int<8>, int, 720, 1280, 3, 3>' (C:/Xilinx/Vivado/2018.2/common/technology/autopilot/hls/hls_video_imgproc.h:456).
INFO: [XFORM 203-603] Inlining function 'hls::Window<3, 1, unsigned char>::operator()' into 'hls::filter_opr<hls::filter2d_kernel, hls::BORDER_DEFAULT>::filter<0, 0, ap_int<8>, int, 720, 1280, 3, 3>' (C:/Xilinx/Vivado/2018.2/common/technology/autopilot/hls/hls_video_imgproc.h:458).
INFO: [XFORM 203-603] Inlining function 'hls::Window<3, 1, unsigned char>::operator()' into 'hls::filter_opr<hls::filter2d_kernel, hls::BORDER_DEFAULT>::filter<0, 0, ap_int<8>, int, 720, 1280, 3, 3>' (C:/Xilinx/Vivado/2018.2/common/technology/autopilot/hls/hls_video_imgproc.h:482).
INFO: [XFORM 203-603] Inlining function 'hls::Window<3, 1, unsigned char>::operator()' into 'hls::filter_opr<hls::filter2d_kernel, hls::BORDER_DEFAULT>::filter<0, 0, ap_int<8>, int, 720, 1280, 3, 3>' (C:/Xilinx/Vivado/2018.2/common/technology/autopilot/hls/hls_video_imgproc.h:501).
INFO: [XFORM 203-603] Inlining function 'hls::Window<3, 1, unsigned char>::operator()' into 'hls::filter_opr<hls::filter2d_kernel, hls::BORDER_DEFAULT>::filter<0, 0, ap_int<8>, int, 720, 1280, 3, 3>' (C:/Xilinx/Vivado/2018.2/common/technology/autopilot/hls/hls_video_imgproc.h:505).
INFO: [XFORM 203-603] Inlining function 'hls::Window<3, 1, unsigned char>::operator()' into 'hls::filter_opr<hls::filter2d_kernel, hls::BORDER_DEFAULT>::filter<0, 0, ap_fixed<16, 2, (ap_q_mode)0, (ap_o_mode)3, 0>, int, 720, 1280, 3, 3>' (C:/Xilinx/Vivado/2018.2/common/technology/autopilot/hls/hls_video_imgproc.h:456).
INFO: [XFORM 203-603] Inlining function 'hls::Window<3, 1, unsigned char>::operator()' into 'hls::filter_opr<hls::filter2d_kernel, hls::BORDER_DEFAULT>::filter<0, 0, ap_fixed<16, 2, (ap_q_mode)0, (ap_o_mode)3, 0>, int, 720, 1280, 3, 3>' (C:/Xilinx/Vivado/2018.2/common/technology/autopilot/hls/hls_video_imgproc.h:458).
INFO: [XFORM 203-603] Inlining function 'hls::Window<3, 1, unsigned char>::operator()' into 'hls::filter_opr<hls::filter2d_kernel, hls::BORDER_DEFAULT>::filter<0, 0, ap_fixed<16, 2, (ap_q_mode)0, (ap_o_mode)3, 0>, int, 720, 1280, 3, 3>' (C:/Xilinx/Vivado/2018.2/common/technology/autopilot/hls/hls_video_imgproc.h:482).
INFO: [XFORM 203-603] Inlining function 'hls::Window<3, 1, unsigned char>::operator()' into 'hls::filter_opr<hls::filter2d_kernel, hls::BORDER_DEFAULT>::filter<0, 0, ap_fixed<16, 2, (ap_q_mode)0, (ap_o_mode)3, 0>, int, 720, 1280, 3, 3>' (C:/Xilinx/Vivado/2018.2/common/technology/autopilot/hls/hls_video_imgproc.h:501).
INFO: [XFORM 203-603] Inlining function 'hls::Window<3, 1, unsigned char>::operator()' into 'hls::filter_opr<hls::filter2d_kernel, hls::BORDER_DEFAULT>::filter<0, 0, ap_fixed<16, 2, (ap_q_mode)0, (ap_o_mode)3, 0>, int, 720, 1280, 3, 3>' (C:/Xilinx/Vivado/2018.2/common/technology/autopilot/hls/hls_video_imgproc.h:505).
INFO: [XFORM 203-603] Inlining function 'hls::LineBuffer<6, 1280, unsigned char, 0>::getval' into 'hls::LineBuffer<6, 1280, unsigned char, 0>::operator()' (C:/Xilinx/Vivado/2018.2/common/technology/autopilot/hls/hls_video_mem.h:843).
INFO: [XFORM 203-603] Inlining function 'hls::LineBuffer<6, 1280, unsigned char, 0>::operator()' into 'hls::filter_opr<hls::filter2d_kernel, hls::BORDER_DEFAULT>::filter<0, 0, ap_fixed<16, 2, (ap_q_mode)0, (ap_o_mode)3, 0>, int, 720, 1280, 3, 3>' (C:/Xilinx/Vivado/2018.2/common/technology/autopilot/hls/hls_video_imgproc.h:491).
INFO: [XFORM 203-603] Inlining function 'hls::LineBuffer<6, 1280, unsigned char, 0>::operator()' into 'hls::filter_opr<hls::filter2d_kernel, hls::BORDER_DEFAULT>::filter<0, 0, ap_fixed<16, 2, (ap_q_mode)0, (ap_o_mode)3, 0>, int, 720, 1280, 3, 3>' (C:/Xilinx/Vivado/2018.2/common/technology/autopilot/hls/hls_video_imgproc.h:487).
INFO: [XFORM 203-603] Inlining function 'hls::LineBuffer<6, 1280, unsigned char, 0>::operator()' into 'hls::filter_opr<hls::filter2d_kernel, hls::BORDER_DEFAULT>::filter<0, 0, ap_fixed<16, 2, (ap_q_mode)0, (ap_o_mode)3, 0>, int, 720, 1280, 3, 3>' (C:/Xilinx/Vivado/2018.2/common/technology/autopilot/hls/hls_video_imgproc.h:487).
INFO: [XFORM 203-603] Inlining function 'hls::LineBuffer<6, 1280, unsigned char, 0>::operator()' into 'hls::filter_opr<hls::filter2d_kernel, hls::BORDER_DEFAULT>::filter<0, 0, ap_fixed<16, 2, (ap_q_mode)0, (ap_o_mode)3, 0>, int, 720, 1280, 3, 3>' (C:/Xilinx/Vivado/2018.2/common/technology/autopilot/hls/hls_video_imgproc.h:470).
INFO: [XFORM 203-603] Inlining function 'hls::LineBuffer<6, 1280, unsigned char, 0>::operator()' into 'hls::filter_opr<hls::filter2d_kernel, hls::BORDER_DEFAULT>::filter<0, 0, ap_fixed<16, 2, (ap_q_mode)0, (ap_o_mode)3, 0>, int, 720, 1280, 3, 3>' (C:/Xilinx/Vivado/2018.2/common/technology/autopilot/hls/hls_video_imgproc.h:458).
INFO: [XFORM 203-603] Inlining function 'hls::LineBuffer<6, 1280, unsigned char, 0>::operator()' into 'hls::filter_opr<hls::filter2d_kernel, hls::BORDER_DEFAULT>::filter<0, 0, ap_int<8>, int, 720, 1280, 3, 3>' (C:/Xilinx/Vivado/2018.2/common/technology/autopilot/hls/hls_video_imgproc.h:491).
INFO: [XFORM 203-603] Inlining function 'hls::LineBuffer<6, 1280, unsigned char, 0>::operator()' into 'hls::filter_opr<hls::filter2d_kernel, hls::BORDER_DEFAULT>::filter<0, 0, ap_int<8>, int, 720, 1280, 3, 3>' (C:/Xilinx/Vivado/2018.2/common/technology/autopilot/hls/hls_video_imgproc.h:487).
INFO: [XFORM 203-603] Inlining function 'hls::LineBuffer<6, 1280, unsigned char, 0>::operator()' into 'hls::filter_opr<hls::filter2d_kernel, hls::BORDER_DEFAULT>::filter<0, 0, ap_int<8>, int, 720, 1280, 3, 3>' (C:/Xilinx/Vivado/2018.2/common/technology/autopilot/hls/hls_video_imgproc.h:487).
INFO: [XFORM 203-603] Inlining function 'hls::LineBuffer<6, 1280, unsigned char, 0>::operator()' into 'hls::filter_opr<hls::filter2d_kernel, hls::BORDER_DEFAULT>::filter<0, 0, ap_int<8>, int, 720, 1280, 3, 3>' (C:/Xilinx/Vivado/2018.2/common/technology/autopilot/hls/hls_video_imgproc.h:470).
INFO: [XFORM 203-603] Inlining function 'hls::LineBuffer<6, 1280, unsigned char, 0>::operator()' into 'hls::filter_opr<hls::filter2d_kernel, hls::BORDER_DEFAULT>::filter<0, 0, ap_int<8>, int, 720, 1280, 3, 3>' (C:/Xilinx/Vivado/2018.2/common/technology/autopilot/hls/hls_video_imgproc.h:458).
INFO: [XFORM 203-603] Inlining function 'hls::Window<3, 3, unsigned char>::shift_pixels_right' into 'hls::Window<3, 3, unsigned char>::shift_right' (C:/Xilinx/Vivado/2018.2/common/technology/autopilot/hls/hls_video_mem.h:543).
INFO: [XFORM 203-603] Inlining function 'hls::Window<3, 3, unsigned char>::shift_right' into 'hls::filter_opr<hls::filter2d_kernel, hls::BORDER_DEFAULT>::filter<0, 0, ap_fixed<16, 2, (ap_q_mode)0, (ap_o_mode)3, 0>, int, 720, 1280, 3, 3>' (C:/Xilinx/Vivado/2018.2/common/technology/autopilot/hls/hls_video_imgproc.h:497).
INFO: [XFORM 203-603] Inlining function 'hls::Window<3, 3, unsigned char>::shift_right' into 'hls::filter_opr<hls::filter2d_kernel, hls::BORDER_DEFAULT>::filter<0, 0, ap_int<8>, int, 720, 1280, 3, 3>' (C:/Xilinx/Vivado/2018.2/common/technology/autopilot/hls/hls_video_imgproc.h:497).
INFO: [XFORM 203-603] Inlining function 'hls::filter2d_kernel::apply<unsigned char, ap_fixed<28, 14, (ap_q_mode)5, (ap_o_mode)3, 0>, ap_fixed<16, 2, (ap_q_mode)0, (ap_o_mode)3, 0>, 3, 3>' into 'hls::filter2d_kernel::apply<unsigned char, unsigned char, ap_fixed<16, 2, (ap_q_mode)0, (ap_o_mode)3, 0>, 3, 3>' (C:/Xilinx/Vivado/2018.2/common/technology/autopilot/hls/hls_video_imgproc.h:301).
INFO: [XFORM 203-603] Inlining function 'hls::filter2d_kernel::apply<unsigned char, unsigned char, ap_fixed<16, 2, (ap_q_mode)0, (ap_o_mode)3, 0>, 3, 3>' into 'hls::filter_opr<hls::filter2d_kernel, hls::BORDER_DEFAULT>::filter<0, 0, ap_fixed<16, 2, (ap_q_mode)0, (ap_o_mode)3, 0>, int, 720, 1280, 3, 3>' (C:/Xilinx/Vivado/2018.2/common/technology/autopilot/hls/hls_video_imgproc.h:512).
INFO: [XFORM 203-603] Inlining function 'hls::filter_opr<hls::filter2d_kernel, hls::BORDER_DEFAULT>::filter<0, 0, ap_fixed<16, 2, (ap_q_mode)0, (ap_o_mode)3, 0>, int, 720, 1280, 3, 3>' into 'hls::Filter2D<hls::BORDER_DEFAULT, 0, 0, ap_fixed<16, 2, (ap_q_mode)0, (ap_o_mode)3, 0>, int, 720, 1280, 3, 3>' (C:/Xilinx/Vivado/2018.2/common/technology/autopilot/hls/hls_video_imgproc.h:1277).
INFO: [XFORM 203-603] Inlining function 'hls::Mat<720, 1280, 0>::read' into 'hls::Mat<720, 1280, 0>::operator>>' (C:/Xilinx/Vivado/2018.2/common/technology/autopilot/hls/hls_video_core.h:656).
INFO: [XFORM 203-603] Inlining function 'hls::Mat<720, 1280, 0>::operator>>' into 'hls::arithm_pro<hls::kernel_addWeighted, 720, 1280, 0, 0, 0, double, double, double>' (C:/Xilinx/Vivado/2018.2/common/technology/autopilot/hls/hls_video_arithm.h:359).
INFO: [XFORM 203-603] Inlining function 'hls::Mat<720, 1280, 0>::operator>>' into 'hls::arithm_pro<hls::kernel_addWeighted, 720, 1280, 0, 0, 0, double, double, double>' (C:/Xilinx/Vivado/2018.2/common/technology/autopilot/hls/hls_video_arithm.h:358).
INFO: [XFORM 203-603] Inlining function 'hls::Mat<720, 1280, 0>::operator>>' into 'hls::CvtColor<HLS_GRAY2RGB, 0, 4096, 720, 1280>' (C:/Xilinx/Vivado/2018.2/common/technology/autopilot/hls/hls_video_imgproc.h:1951).
INFO: [XFORM 203-603] Inlining function 'hls::Mat<720, 1280, 0>::operator>>' into 'hls::Duplicate<720, 1280, 0, 0>' (C:/Xilinx/Vivado/2018.2/common/technology/autopilot/hls/hls_video_arithm.h:1505).
INFO: [XFORM 203-603] Inlining function 'hls::Window<1, 3, ap_int<8> >::getval' into 'hls::Window<1, 3, ap_int<8> >::operator()' (C:/Xilinx/Vivado/2018.2/common/technology/autopilot/hls/hls_video_mem.h:501).
INFO: [XFORM 203-603] Inlining function 'hls::Window<1, 3, ap_int<8> >::operator()' into 'hls::Sobel_kernel<0, 1, 3, ap_int<8> >' (C:/Xilinx/Vivado/2018.2/common/technology/autopilot/hls/hls_video_imgproc.h:2565).
INFO: [XFORM 203-603] Inlining function 'hls::Window<1, 3, ap_int<8> >::operator()' into 'hls::Sobel_kernel<0, 1, 3, ap_int<8> >' (C:/Xilinx/Vivado/2018.2/common/technology/autopilot/hls/hls_video_imgproc.h:2573).
INFO: [XFORM 203-603] Inlining function 'hls::Window<1, 3, ap_int<8> >::operator()' into 'hls::Sobel_kernel<1, 0, 3, ap_int<8> >' (C:/Xilinx/Vivado/2018.2/common/technology/autopilot/hls/hls_video_imgproc.h:2565).
INFO: [XFORM 203-603] Inlining function 'hls::Window<1, 3, ap_int<8> >::operator()' into 'hls::Sobel_kernel<1, 0, 3, ap_int<8> >' (C:/Xilinx/Vivado/2018.2/common/technology/autopilot/hls/hls_video_imgproc.h:2573).
INFO: [XFORM 203-603] Inlining function 'hls::Window<3, 1, ap_int<8> >::getval' into 'hls::Window<3, 1, ap_int<8> >::operator()' (C:/Xilinx/Vivado/2018.2/common/technology/autopilot/hls/hls_video_mem.h:501).
INFO: [XFORM 203-603] Inlining function 'hls::Window<3, 1, ap_int<8> >::operator()' into 'hls::Sobel_kernel<0, 1, 3, ap_int<8> >' (C:/Xilinx/Vivado/2018.2/common/technology/autopilot/hls/hls_video_imgproc.h:2567).
INFO: [XFORM 203-603] Inlining function 'hls::Window<3, 1, ap_int<8> >::operator()' into 'hls::Sobel_kernel<0, 1, 3, ap_int<8> >' (C:/Xilinx/Vivado/2018.2/common/technology/autopilot/hls/hls_video_imgproc.h:2573).
INFO: [XFORM 203-603] Inlining function 'hls::Window<3, 1, ap_int<8> >::operator()' into 'hls::Sobel_kernel<1, 0, 3, ap_int<8> >' (C:/Xilinx/Vivado/2018.2/common/technology/autopilot/hls/hls_video_imgproc.h:2567).
INFO: [XFORM 203-603] Inlining function 'hls::Window<3, 1, ap_int<8> >::operator()' into 'hls::Sobel_kernel<1, 0, 3, ap_int<8> >' (C:/Xilinx/Vivado/2018.2/common/technology/autopilot/hls/hls_video_imgproc.h:2573).
INFO: [XFORM 203-603] Inlining function 'hls::Window<3, 3, ap_int<8> >::getval' into 'hls::Window<3, 3, ap_int<8> >::operator()' (C:/Xilinx/Vivado/2018.2/common/technology/autopilot/hls/hls_video_mem.h:501).
INFO: [XFORM 203-603] Inlining function 'hls::Window<3, 3, ap_int<8> >::operator()' into 'hls::Sobel_kernel<1, 0, 3, ap_int<8> >' (C:/Xilinx/Vivado/2018.2/common/technology/autopilot/hls/hls_video_imgproc.h:2573).
INFO: [XFORM 203-603] Inlining function 'hls::Window<3, 3, ap_int<8> >::operator()' into 'hls::Sobel_kernel<0, 1, 3, ap_int<8> >' (C:/Xilinx/Vivado/2018.2/common/technology/autopilot/hls/hls_video_imgproc.h:2573).
INFO: [XFORM 203-603] Inlining function 'hls::filter2d_kernel::apply<unsigned char, ap_fixed<20, 20, (ap_q_mode)5, (ap_o_mode)3, 0>, ap_int<8>, 3, 3>' into 'hls::filter2d_kernel::apply<unsigned char, unsigned char, ap_int<8>, 3, 3>' (C:/Xilinx/Vivado/2018.2/common/technology/autopilot/hls/hls_video_imgproc.h:301).
INFO: [XFORM 203-603] Inlining function 'hls::filter2d_kernel::apply<unsigned char, unsigned char, ap_int<8>, 3, 3>' into 'hls::filter_opr<hls::filter2d_kernel, hls::BORDER_DEFAULT>::filter<0, 0, ap_int<8>, int, 720, 1280, 3, 3>' (C:/Xilinx/Vivado/2018.2/common/technology/autopilot/hls/hls_video_imgproc.h:512).
INFO: [XFORM 203-603] Inlining function 'hls::filter_opr<hls::filter2d_kernel, hls::BORDER_DEFAULT>::filter<0, 0, ap_int<8>, int, 720, 1280, 3, 3>' into 'hls::Filter2D<hls::BORDER_DEFAULT, 0, 0, ap_int<8>, int, 720, 1280, 3, 3>' (C:/Xilinx/Vivado/2018.2/common/technology/autopilot/hls/hls_video_imgproc.h:1277).
INFO: [XFORM 203-603] Inlining function 'hls::kernel_addWeighted::apply<unsigned char, unsigned char, unsigned char, double>' into 'hls::arithm_pro<hls::kernel_addWeighted, 720, 1280, 0, 0, 0, double, double, double>' (C:/Xilinx/Vivado/2018.2/common/technology/autopilot/hls/hls_video_arithm.h:361).
INFO: [XFORM 203-603] Inlining function 'hls::kernel_CvtColor<HLS_GRAY2RGB, unsigned char, unsigned char>::apply<1, 3>' into 'hls::CvtColor<HLS_GRAY2RGB, 0, 4096, 720, 1280>' (C:/Xilinx/Vivado/2018.2/common/technology/autopilot/hls/hls_video_imgproc.h:1952).
INFO: [HLS 200-111] Finished Standard Transforms Time (s): cpu = 00:00:05 ; elapsed = 00:00:20 . Memory (MB): peak = 356.801 ; gain = 299.586
INFO: [HLS 200-10] Checking synthesizability ...
INFO: [XFORM 203-602] Inlining function 'hls::sr_cast_class<ap_uint<8> >::operator()<35, 13, (ap_q_mode)5, (ap_o_mode)3>' into 'hls::sr_cast<unsigned char, ap_fixed<35, 13, (ap_q_mode)5, (ap_o_mode)3, 0> >' (C:/Xilinx/Vivado/2018.2/common/technology/autopilot/hls/hls_video_types.h:500) automatically.
INFO: [XFORM 203-602] Inlining function 'hls::kernel_CvtColor<HLS_BGR2GRAY, unsigned char, unsigned char>::apply<3, 1>' into 'hls::CvtColor<HLS_BGR2GRAY, 4096, 0, 720, 1280>' (C:/Xilinx/Vivado/2018.2/common/technology/autopilot/hls/hls_video_imgproc.h:1952) automatically.
INFO: [XFORM 203-602] Inlining function 'hls::sr_cast_class<ap_uint<8> >::operator()<28, 14, (ap_q_mode)5, (ap_o_mode)3>' into 'hls::sr_cast<unsigned char, ap_fixed<28, 14, (ap_q_mode)5, (ap_o_mode)3, 0> >' (C:/Xilinx/Vivado/2018.2/common/technology/autopilot/hls/hls_video_types.h:500) automatically.
INFO: [XFORM 203-602] Inlining function 'hls::assert_cn' into 'hls::Filter2D<hls::BORDER_DEFAULT, 0, 0, ap_fixed<16, 2, (ap_q_mode)0, (ap_o_mode)3, 0>, int, 720, 1280, 3, 3>' (C:/Xilinx/Vivado/2018.2/common/technology/autopilot/hls/hls_video_imgproc.h:1274) automatically.
INFO: [XFORM 203-602] Inlining function 'hls::GaussianBlur<3, 3, hls::BORDER_DEFAULT, 0, 0, 720, 1280>' into 'hls::GaussianBlur<3, 3, 0, 0, 720, 1280>' (C:/Xilinx/Vivado/2018.2/common/technology/autopilot/hls/hls_video_imgproc.h:2660) automatically.
INFO: [XFORM 203-602] Inlining function 'hls::sr_cast_class<ap_uint<8> >::operator()<20, 20, (ap_q_mode)5, (ap_o_mode)3>' into 'hls::sr_cast<unsigned char, ap_fixed<20, 20, (ap_q_mode)5, (ap_o_mode)3, 0> >' (C:/Xilinx/Vivado/2018.2/common/technology/autopilot/hls/hls_video_types.h:500) automatically.
INFO: [XFORM 203-602] Inlining function 'hls::assert_cn' into 'hls::Filter2D<hls::BORDER_DEFAULT, 0, 0, ap_int<8>, int, 720, 1280, 3, 3>' (C:/Xilinx/Vivado/2018.2/common/technology/autopilot/hls/hls_video_imgproc.h:1274) automatically.
INFO: [XFORM 203-602] Inlining function 'hls::sr_cast<unsigned char, ap_fixed<20, 20, (ap_q_mode)5, (ap_o_mode)3, 0> >' into 'hls::Filter2D<hls::BORDER_DEFAULT, 0, 0, ap_int<8>, int, 720, 1280, 3, 3>' (C:/Xilinx/Vivado/2018.2/common/technology/autopilot/hls/hls_video_imgproc.h:302->C:/Xilinx/Vivado/2018.2/common/technology/autopilot/hls/hls_video_imgproc.h:512->C:/Xilinx/Vivado/2018.2/common/technology/autopilot/hls/hls_video_imgproc.h:1277) automatically.
INFO: [XFORM 203-602] Inlining function 'hls::Sobel<1, 0, 3, hls::BORDER_DEFAULT, 0, 0, 720, 1280, 720, 1280>' into 'hls::Sobel<1, 0, 3, 0, 0, 720, 1280, 720, 1280>' (C:/Xilinx/Vivado/2018.2/common/technology/autopilot/hls/hls_video_imgproc.h:2599) automatically.
INFO: [XFORM 203-602] Inlining function 'hls::Sobel<0, 1, 3, hls::BORDER_DEFAULT, 0, 0, 720, 1280, 720, 1280>' into 'hls::Sobel<0, 1, 3, 0, 0, 720, 1280, 720, 1280>' (C:/Xilinx/Vivado/2018.2/common/technology/autopilot/hls/hls_video_imgproc.h:2599) automatically.
INFO: [XFORM 203-602] Inlining function 'generic_isnan<double>' into 'hls::isnan' (r:/builds/2018.2/continuous/2018_06_14_2258646/src/products/hls/hls_lib/hlsmath/src/c++/isnandouble.cpp:6) automatically.
INFO: [XFORM 203-602] Inlining function 'hls::isnan' into 'hls::__isnan' (r:/builds/2018.2/continuous/2018_06_14_2258646/src/products/hls/hls_lib/hlsmath/src/c++/isnandouble.cpp:10) automatically.
INFO: [XFORM 203-602] Inlining function 'hls::__isnan' into 'hls::sr_cast_class<ap_uint<8> >::operator().1' (C:/Xilinx/Vivado/2018.2/common/technology/autopilot/hls/hls_video_types.h:428) automatically.
INFO: [XFORM 203-602] Inlining function 'hls::sr_cast<unsigned char, double>' into 'hls::arithm_pro<hls::kernel_addWeighted, 720, 1280, 0, 0, 0, double, double, double>' (C:/Xilinx/Vivado/2018.2/common/technology/autopilot/hls/hls_video_arithm.h:282->C:/Xilinx/Vivado/2018.2/common/technology/autopilot/hls/hls_video_arithm.h:361) automatically.
INFO: [XFORM 203-602] Inlining function 'hls::sr_cast_class<ap_uint<8> >::operator()<8>' into 'hls::sr_cast_class<ap_uint<8> >::operator()' (C:/Xilinx/Vivado/2018.2/common/technology/autopilot/hls/hls_video_types.h:432) automatically.
INFO: [XFORM 203-602] Inlining function 'hls::sr_cast_class<ap_uint<8> >::operator()' into 'hls::sr_cast<unsigned char, unsigned char>' (C:/Xilinx/Vivado/2018.2/common/technology/autopilot/hls/hls_video_types.h:500) automatically.
INFO: [XFORM 203-602] Inlining function 'hls::sr_cast<unsigned char, unsigned char>' into 'hls::CvtColor<HLS_GRAY2RGB, 0, 4096, 720, 1280>' (C:/Xilinx/Vivado/2018.2/common/technology/autopilot/hls/hls_video_imgproc.h:1534->C:/Xilinx/Vivado/2018.2/common/technology/autopilot/hls/hls_video_imgproc.h:1952) automatically.
WARNING: [SYNCHK 200-23] C:/Xilinx/Vivado/2018.2/common/technology/autopilot/hls/hls_video_types.h:429: variable-indexed range selection may cause suboptimal QoR.
INFO: [SYNCHK 200-10] 0 error(s), 1 warning(s).
INFO: [HLS 200-111] Finished Checking Synthesizability Time (s): cpu = 00:00:06 ; elapsed = 00:00:22 . Memory (MB): peak = 407.180 ; gain = 349.965
WARNING: [XFORM 203-1103] Ignored data pack directive on non-struct variable 'img_5.data_stream.V' (SobelVideoWorking/a.cpp:16).
WARNING: [XFORM 203-1103] Ignored data pack directive on non-struct variable 'img_2a.data_stream.V' (SobelVideoWorking/a.cpp:12).
WARNING: [XFORM 203-1103] Ignored data pack directive on non-struct variable 'img_2b.data_stream.V' (SobelVideoWorking/a.cpp:13).
WARNING: [XFORM 203-1103] Ignored data pack directive on non-struct variable 'img_6.data_stream.V' (SobelVideoWorking/a.cpp:17).
WARNING: [XFORM 203-1103] Ignored data pack directive on non-struct variable 'img_1.data_stream.V' (SobelVideoWorking/a.cpp:10).
WARNING: [XFORM 203-1103] Ignored data pack directive on non-struct variable 'img_0.data_stream.V' (SobelVideoWorking/a.cpp:9).
INFO: [XFORM 203-502] Unrolling all sub-loops inside loop 'loop_width' (C:/Xilinx/Vivado/2018.2/common/technology/autopilot/hls/hls_video_io.h:126) in function 'hls::Mat2AXIvideo<24, 720, 1280, 4096>' for pipelining.
INFO: [XFORM 203-502] Unrolling small iteration loop 'Loop-1' (C:/Xilinx/Vivado/2018.2/common/technology/autopilot/hls/hls_video_imgproc.h:396) in function 'hls::Filter2D<hls::BORDER_DEFAULT, 0, 0, ap_int<8>, int, 720, 1280, 3, 3>' automatically.
INFO: [XFORM 203-502] Unrolling small iteration loop 'Loop-2' (C:/Xilinx/Vivado/2018.2/common/technology/autopilot/hls/hls_video_imgproc.h:398) in function 'hls::Filter2D<hls::BORDER_DEFAULT, 0, 0, ap_int<8>, int, 720, 1280, 3, 3>' automatically.
INFO: [XFORM 203-502] Unrolling small iteration loop 'Loop-3' (C:/Xilinx/Vivado/2018.2/common/technology/autopilot/hls/hls_video_imgproc.h:401) in function 'hls::Filter2D<hls::BORDER_DEFAULT, 0, 0, ap_int<8>, int, 720, 1280, 3, 3>' automatically.
INFO: [XFORM 203-502] Unrolling small iteration loop 'Loop-4' (C:/Xilinx/Vivado/2018.2/common/technology/autopilot/hls/hls_video_imgproc.h:403) in function 'hls::Filter2D<hls::BORDER_DEFAULT, 0, 0, ap_int<8>, int, 720, 1280, 3, 3>' automatically.
INFO: [XFORM 203-502] Unrolling all sub-loops inside loop 'loop_width' (C:/Xilinx/Vivado/2018.2/common/technology/autopilot/hls/hls_video_imgproc.h:442) in function 'hls::Filter2D<hls::BORDER_DEFAULT, 0, 0, ap_int<8>, int, 720, 1280, 3, 3>' for pipelining.
INFO: [XFORM 203-502] Unrolling small iteration loop 'Loop-1' (C:/Xilinx/Vivado/2018.2/common/technology/autopilot/hls/hls_video_imgproc.h:396) in function 'hls::Filter2D<hls::BORDER_DEFAULT, 0, 0, ap_fixed<16, 2, (ap_q_mode)0, (ap_o_mode)3, 0>, int, 720, 1280, 3, 3>' automatically.
INFO: [XFORM 203-502] Unrolling small iteration loop 'Loop-2' (C:/Xilinx/Vivado/2018.2/common/technology/autopilot/hls/hls_video_imgproc.h:398) in function 'hls::Filter2D<hls::BORDER_DEFAULT, 0, 0, ap_fixed<16, 2, (ap_q_mode)0, (ap_o_mode)3, 0>, int, 720, 1280, 3, 3>' automatically.
INFO: [XFORM 203-502] Unrolling small iteration loop 'Loop-3' (C:/Xilinx/Vivado/2018.2/common/technology/autopilot/hls/hls_video_imgproc.h:401) in function 'hls::Filter2D<hls::BORDER_DEFAULT, 0, 0, ap_fixed<16, 2, (ap_q_mode)0, (ap_o_mode)3, 0>, int, 720, 1280, 3, 3>' automatically.
INFO: [XFORM 203-502] Unrolling small iteration loop 'Loop-4' (C:/Xilinx/Vivado/2018.2/common/technology/autopilot/hls/hls_video_imgproc.h:403) in function 'hls::Filter2D<hls::BORDER_DEFAULT, 0, 0, ap_fixed<16, 2, (ap_q_mode)0, (ap_o_mode)3, 0>, int, 720, 1280, 3, 3>' automatically.
INFO: [XFORM 203-502] Unrolling all sub-loops inside loop 'loop_width' (C:/Xilinx/Vivado/2018.2/common/technology/autopilot/hls/hls_video_imgproc.h:442) in function 'hls::Filter2D<hls::BORDER_DEFAULT, 0, 0, ap_fixed<16, 2, (ap_q_mode)0, (ap_o_mode)3, 0>, int, 720, 1280, 3, 3>' for pipelining.
INFO: [XFORM 203-502] Unrolling all sub-loops inside loop 'loop_width' (C:/Xilinx/Vivado/2018.2/common/technology/autopilot/hls/hls_video_imgproc.h:1948) in function 'hls::CvtColor<HLS_GRAY2RGB, 0, 4096, 720, 1280>' for pipelining.
INFO: [XFORM 203-502] Unrolling all sub-loops inside loop 'loop_width' (C:/Xilinx/Vivado/2018.2/common/technology/autopilot/hls/hls_video_imgproc.h:1948) in function 'hls::CvtColor<HLS_BGR2GRAY, 4096, 0, 720, 1280>' for pipelining.
INFO: [XFORM 203-502] Unrolling all sub-loops inside loop 'loop_width' (C:/Xilinx/Vivado/2018.2/common/technology/autopilot/hls/hls_video_io.h:73) in function 'hls::AXIvideo2Mat<24, 720, 1280, 4096>' for pipelining.
INFO: [XFORM 203-501] Unrolling loop 'Loop-1.1.1' (C:/Xilinx/Vivado/2018.2/common/technology/autopilot/hls/hls_video_core.h:622) in function 'hls::Mat2AXIvideo<24, 720, 1280, 4096>' completely.
INFO: [XFORM 203-501] Unrolling loop 'loop_channels' (C:/Xilinx/Vivado/2018.2/common/technology/autopilot/hls/hls_video_io.h:142) in function 'hls::Mat2AXIvideo<24, 720, 1280, 4096>' completely.
INFO: [XFORM 203-501] Unrolling loop 'Loop-1' (C:/Xilinx/Vivado/2018.2/common/technology/autopilot/hls/hls_video_imgproc.h:396) in function 'hls::Filter2D<hls::BORDER_DEFAULT, 0, 0, ap_int<8>, int, 720, 1280, 3, 3>' completely.
INFO: [XFORM 203-501] Unrolling loop 'Loop-2' (C:/Xilinx/Vivado/2018.2/common/technology/autopilot/hls/hls_video_imgproc.h:398) in function 'hls::Filter2D<hls::BORDER_DEFAULT, 0, 0, ap_int<8>, int, 720, 1280, 3, 3>' completely.
INFO: [XFORM 203-501] Unrolling loop 'Loop-3' (C:/Xilinx/Vivado/2018.2/common/technology/autopilot/hls/hls_video_imgproc.h:401) in function 'hls::Filter2D<hls::BORDER_DEFAULT, 0, 0, ap_int<8>, int, 720, 1280, 3, 3>' completely.
INFO: [XFORM 203-501] Unrolling loop 'Loop-4' (C:/Xilinx/Vivado/2018.2/common/technology/autopilot/hls/hls_video_imgproc.h:403) in function 'hls::Filter2D<hls::BORDER_DEFAULT, 0, 0, ap_int<8>, int, 720, 1280, 3, 3>' completely.
INFO: [XFORM 203-501] Unrolling loop 'Loop-5.1.1' (C:/Xilinx/Vivado/2018.2/common/technology/autopilot/hls/hls_video_imgproc.h:454) in function 'hls::Filter2D<hls::BORDER_DEFAULT, 0, 0, ap_int<8>, int, 720, 1280, 3, 3>' completely.
INFO: [XFORM 203-501] Unrolling loop 'Loop-5.1.2' (C:/Xilinx/Vivado/2018.2/common/technology/autopilot/hls/hls_video_imgproc.h:467) in function 'hls::Filter2D<hls::BORDER_DEFAULT, 0, 0, ap_int<8>, int, 720, 1280, 3, 3>' completely.
INFO: [XFORM 203-501] Unrolling loop 'Loop-5.1.3' (C:/Xilinx/Vivado/2018.2/common/technology/autopilot/hls/hls_video_imgproc.h:476) in function 'hls::Filter2D<hls::BORDER_DEFAULT, 0, 0, ap_int<8>, int, 720, 1280, 3, 3>' completely.
INFO: [XFORM 203-501] Unrolling loop 'Loop-5.1.3.1' (C:/Xilinx/Vivado/2018.2/common/technology/autopilot/hls/hls_video_imgproc.h:477) in function 'hls::Filter2D<hls::BORDER_DEFAULT, 0, 0, ap_int<8>, int, 720, 1280, 3, 3>' completely.
INFO: [XFORM 203-501] Unrolling loop 'Loop-5.1.4' (C:/Xilinx/Vivado/2018.2/common/technology/autopilot/hls/hls_video_imgproc.h:485) in function 'hls::Filter2D<hls::BORDER_DEFAULT, 0, 0, ap_int<8>, int, 720, 1280, 3, 3>' completely.
INFO: [XFORM 203-501] Unrolling loop 'Loop-5.1.5' (C:/Xilinx/Vivado/2018.2/common/technology/autopilot/hls/hls_video_mem.h:161) in function 'hls::Filter2D<hls::BORDER_DEFAULT, 0, 0, ap_int<8>, int, 720, 1280, 3, 3>' completely.
INFO: [XFORM 203-501] Unrolling loop 'Loop-5.1.5.1' (C:/Xilinx/Vivado/2018.2/common/technology/autopilot/hls/hls_video_mem.h:163) in function 'hls::Filter2D<hls::BORDER_DEFAULT, 0, 0, ap_int<8>, int, 720, 1280, 3, 3>' completely.
INFO: [XFORM 203-501] Unrolling loop 'Loop-5.1.6' (C:/Xilinx/Vivado/2018.2/common/technology/autopilot/hls/hls_video_imgproc.h:499) in function 'hls::Filter2D<hls::BORDER_DEFAULT, 0, 0, ap_int<8>, int, 720, 1280, 3, 3>' completely.
INFO: [XFORM 203-501] Unrolling loop 'loop_height' (C:/Xilinx/Vivado/2018.2/common/technology/autopilot/hls/hls_video_imgproc.h:283) in function 'hls::Filter2D<hls::BORDER_DEFAULT, 0, 0, ap_int<8>, int, 720, 1280, 3, 3>' completely.
INFO: [XFORM 203-501] Unrolling loop 'loop_width' (C:/Xilinx/Vivado/2018.2/common/technology/autopilot/hls/hls_video_imgproc.h:284) in function 'hls::Filter2D<hls::BORDER_DEFAULT, 0, 0, ap_int<8>, int, 720, 1280, 3, 3>' completely.
INFO: [XFORM 203-501] Unrolling loop 'Loop-1' (C:/Xilinx/Vivado/2018.2/common/technology/autopilot/hls/hls_video_imgproc.h:396) in function 'hls::Filter2D<hls::BORDER_DEFAULT, 0, 0, ap_fixed<16, 2, (ap_q_mode)0, (ap_o_mode)3, 0>, int, 720, 1280, 3, 3>' completely.
INFO: [XFORM 203-501] Unrolling loop 'Loop-2' (C:/Xilinx/Vivado/2018.2/common/technology/autopilot/hls/hls_video_imgproc.h:398) in function 'hls::Filter2D<hls::BORDER_DEFAULT, 0, 0, ap_fixed<16, 2, (ap_q_mode)0, (ap_o_mode)3, 0>, int, 720, 1280, 3, 3>' completely.
INFO: [XFORM 203-501] Unrolling loop 'Loop-3' (C:/Xilinx/Vivado/2018.2/common/technology/autopilot/hls/hls_video_imgproc.h:401) in function 'hls::Filter2D<hls::BORDER_DEFAULT, 0, 0, ap_fixed<16, 2, (ap_q_mode)0, (ap_o_mode)3, 0>, int, 720, 1280, 3, 3>' completely.
INFO: [XFORM 203-501] Unrolling loop 'Loop-4' (C:/Xilinx/Vivado/2018.2/common/technology/autopilot/hls/hls_video_imgproc.h:403) in function 'hls::Filter2D<hls::BORDER_DEFAULT, 0, 0, ap_fixed<16, 2, (ap_q_mode)0, (ap_o_mode)3, 0>, int, 720, 1280, 3, 3>' completely.
INFO: [XFORM 203-501] Unrolling loop 'Loop-5.1.1' (C:/Xilinx/Vivado/2018.2/common/technology/autopilot/hls/hls_video_imgproc.h:454) in function 'hls::Filter2D<hls::BORDER_DEFAULT, 0, 0, ap_fixed<16, 2, (ap_q_mode)0, (ap_o_mode)3, 0>, int, 720, 1280, 3, 3>' completely.
INFO: [XFORM 203-501] Unrolling loop 'Loop-5.1.2' (C:/Xilinx/Vivado/2018.2/common/technology/autopilot/hls/hls_video_imgproc.h:467) in function 'hls::Filter2D<hls::BORDER_DEFAULT, 0, 0, ap_fixed<16, 2, (ap_q_mode)0, (ap_o_mode)3, 0>, int, 720, 1280, 3, 3>' completely.
INFO: [XFORM 203-501] Unrolling loop 'Loop-5.1.3' (C:/Xilinx/Vivado/2018.2/common/technology/autopilot/hls/hls_video_imgproc.h:476) in function 'hls::Filter2D<hls::BORDER_DEFAULT, 0, 0, ap_fixed<16, 2, (ap_q_mode)0, (ap_o_mode)3, 0>, int, 720, 1280, 3, 3>' completely.
INFO: [XFORM 203-501] Unrolling loop 'Loop-5.1.3.1' (C:/Xilinx/Vivado/2018.2/common/technology/autopilot/hls/hls_video_imgproc.h:477) in function 'hls::Filter2D<hls::BORDER_DEFAULT, 0, 0, ap_fixed<16, 2, (ap_q_mode)0, (ap_o_mode)3, 0>, int, 720, 1280, 3, 3>' completely.
INFO: [XFORM 203-501] Unrolling loop 'Loop-5.1.4' (C:/Xilinx/Vivado/2018.2/common/technology/autopilot/hls/hls_video_imgproc.h:485) in function 'hls::Filter2D<hls::BORDER_DEFAULT, 0, 0, ap_fixed<16, 2, (ap_q_mode)0, (ap_o_mode)3, 0>, int, 720, 1280, 3, 3>' completely.
INFO: [XFORM 203-501] Unrolling loop 'Loop-5.1.5' (C:/Xilinx/Vivado/2018.2/common/technology/autopilot/hls/hls_video_mem.h:161) in function 'hls::Filter2D<hls::BORDER_DEFAULT, 0, 0, ap_fixed<16, 2, (ap_q_mode)0, (ap_o_mode)3, 0>, int, 720, 1280, 3, 3>' completely.
INFO: [XFORM 203-501] Unrolling loop 'Loop-5.1.5.1' (C:/Xilinx/Vivado/2018.2/common/technology/autopilot/hls/hls_video_mem.h:163) in function 'hls::Filter2D<hls::BORDER_DEFAULT, 0, 0, ap_fixed<16, 2, (ap_q_mode)0, (ap_o_mode)3, 0>, int, 720, 1280, 3, 3>' completely.
INFO: [XFORM 203-501] Unrolling loop 'Loop-5.1.6' (C:/Xilinx/Vivado/2018.2/common/technology/autopilot/hls/hls_video_imgproc.h:499) in function 'hls::Filter2D<hls::BORDER_DEFAULT, 0, 0, ap_fixed<16, 2, (ap_q_mode)0, (ap_o_mode)3, 0>, int, 720, 1280, 3, 3>' completely.
INFO: [XFORM 203-501] Unrolling loop 'loop_height' (C:/Xilinx/Vivado/2018.2/common/technology/autopilot/hls/hls_video_imgproc.h:283) in function 'hls::Filter2D<hls::BORDER_DEFAULT, 0, 0, ap_fixed<16, 2, (ap_q_mode)0, (ap_o_mode)3, 0>, int, 720, 1280, 3, 3>' completely.
INFO: [XFORM 203-501] Unrolling loop 'loop_width' (C:/Xilinx/Vivado/2018.2/common/technology/autopilot/hls/hls_video_imgproc.h:284) in function 'hls::Filter2D<hls::BORDER_DEFAULT, 0, 0, ap_fixed<16, 2, (ap_q_mode)0, (ap_o_mode)3, 0>, int, 720, 1280, 3, 3>' completely.
INFO: [XFORM 203-501] Unrolling loop 'Loop-1.1.1' (C:/Xilinx/Vivado/2018.2/common/technology/autopilot/hls/hls_video_core.h:646) in function 'hls::CvtColor<HLS_GRAY2RGB, 0, 4096, 720, 1280>' completely.
INFO: [XFORM 203-501] Unrolling loop 'Loop-1.1.1' (C:/Xilinx/Vivado/2018.2/common/technology/autopilot/hls/hls_video_core.h:622) in function 'hls::CvtColor<HLS_BGR2GRAY, 4096, 0, 720, 1280>' completely.
INFO: [XFORM 203-501] Unrolling loop 'loop_channels' (C:/Xilinx/Vivado/2018.2/common/technology/autopilot/hls/hls_video_io.h:91) in function 'hls::AXIvideo2Mat<24, 720, 1280, 4096>' completely.
INFO: [XFORM 203-501] Unrolling loop 'Loop-2.1.2' (C:/Xilinx/Vivado/2018.2/common/technology/autopilot/hls/hls_video_core.h:646) in function 'hls::AXIvideo2Mat<24, 720, 1280, 4096>' completely.
INFO: [XFORM 203-102] Partitioning array 's.val.assign' (C:/Xilinx/Vivado/2018.2/common/technology/autopilot/hls/hls_video_core.h:563) automatically.
INFO: [XFORM 203-102] Partitioning array 's.val.assign' (C:/Xilinx/Vivado/2018.2/common/technology/autopilot/hls/hls_video_core.h:563) automatically.
INFO: [XFORM 203-102] Automatically partitioning streamed array 'img_4.data_stream.V' (SobelVideoWorking/a.cpp:15) .
INFO: [XFORM 203-102] Automatically partitioning streamed array 'img_3.data_stream.V' (SobelVideoWorking/a.cpp:14) .
INFO: [XFORM 203-102] Automatically partitioning streamed array 'img_5.data_stream.V' (SobelVideoWorking/a.cpp:16) .
INFO: [XFORM 203-102] Automatically partitioning streamed array 'img_2a.data_stream.V' (SobelVideoWorking/a.cpp:12) .
INFO: [XFORM 203-102] Automatically partitioning streamed array 'img_2b.data_stream.V' (SobelVideoWorking/a.cpp:13) .
INFO: [XFORM 203-102] Automatically partitioning streamed array 'img_0.data_stream.V' (SobelVideoWorking/a.cpp:9) .
INFO: [XFORM 203-102] Automatically partitioning streamed array 'img_6.data_stream.V' (SobelVideoWorking/a.cpp:17) .
INFO: [XFORM 203-102] Automatically partitioning streamed array 'img_1.data_stream.V' (SobelVideoWorking/a.cpp:10) .
INFO: [XFORM 203-102] Automatically partitioning streamed array 'img_2.data_stream.V' (SobelVideoWorking/a.cpp:11) .
INFO: [XFORM 203-101] Partitioning array 's1.val' (C:/Xilinx/Vivado/2018.2/common/technology/autopilot/hls/hls_video_arithm.h:351) in dimension 1 completely.
INFO: [XFORM 203-101] Partitioning array 's2.val' (C:/Xilinx/Vivado/2018.2/common/technology/autopilot/hls/hls_video_arithm.h:352) in dimension 1 completely.
INFO: [XFORM 203-101] Partitioning array 'd.val' (C:/Xilinx/Vivado/2018.2/common/technology/autopilot/hls/hls_video_arithm.h:353) in dimension 1 completely.
INFO: [XFORM 203-101] Partitioning array 'scl.val' (C:/Xilinx/Vivado/2018.2/common/technology/autopilot/hls/hls_video_core.h:615) in dimension 1 completely.
INFO: [XFORM 203-101] Partitioning array 'scl.val.1' (C:/Xilinx/Vivado/2018.2/common/technology/autopilot/hls/hls_video_core.h:615) in dimension 1 completely.
INFO: [XFORM 203-101] Partitioning array 'kernel.val.V'  in dimension 1 completely.
INFO: [XFORM 203-101] Partitioning array 'kernel.val.V210'  in dimension 1 completely.
INFO: [XFORM 203-101] Partitioning array 'pix.val' (C:/Xilinx/Vivado/2018.2/common/technology/autopilot/hls/hls_video_io.h:115) in dimension 1 completely.
INFO: [XFORM 203-101] Partitioning array 'scl.val' (C:/Xilinx/Vivado/2018.2/common/technology/autopilot/hls/hls_video_core.h:615) in dimension 1 completely.
INFO: [XFORM 203-101] Partitioning array 'kernel.val.V211'  in dimension 1 completely.
INFO: [XFORM 203-101] Partitioning array 'src_kernel_win.val' (C:/Xilinx/Vivado/2018.2/common/technology/autopilot/hls/hls_video_imgproc.h:396) in dimension 1 completely.
INFO: [XFORM 203-101] Partitioning array 'k_buf.val' (C:/Xilinx/Vivado/2018.2/common/technology/autopilot/hls/hls_video_imgproc.h:398) in dimension 1 completely.
INFO: [XFORM 203-101] Partitioning array 'right_border_buf.val' (C:/Xilinx/Vivado/2018.2/common/technology/autopilot/hls/hls_video_imgproc.h:401) in dimension 1 completely.
INFO: [XFORM 203-101] Partitioning array 'col_buf.val' (C:/Xilinx/Vivado/2018.2/common/technology/autopilot/hls/hls_video_imgproc.h:403) in dimension 1 completely.
INFO: [XFORM 203-101] Partitioning array 'src_kernel_win.val' (C:/Xilinx/Vivado/2018.2/common/technology/autopilot/hls/hls_video_imgproc.h:396) in dimension 1 completely.
INFO: [XFORM 203-101] Partitioning array 'k_buf.val' (C:/Xilinx/Vivado/2018.2/common/technology/autopilot/hls/hls_video_imgproc.h:398) in dimension 1 completely.
INFO: [XFORM 203-101] Partitioning array 'right_border_buf.val' (C:/Xilinx/Vivado/2018.2/common/technology/autopilot/hls/hls_video_imgproc.h:401) in dimension 1 completely.
INFO: [XFORM 203-101] Partitioning array 'col_buf.val' (C:/Xilinx/Vivado/2018.2/common/technology/autopilot/hls/hls_video_imgproc.h:403) in dimension 1 completely.
INFO: [XFORM 203-101] Partitioning array 's.val' (C:/Xilinx/Vivado/2018.2/common/technology/autopilot/hls/hls_video_arithm.h:1500) in dimension 1 completely.
INFO: [XFORM 203-101] Partitioning array 'scl.val' (C:/Xilinx/Vivado/2018.2/common/technology/autopilot/hls/hls_video_core.h:615) in dimension 1 completely.
INFO: [XFORM 203-101] Partitioning array '_s.val' (C:/Xilinx/Vivado/2018.2/common/technology/autopilot/hls/hls_video_imgproc.h:1945) in dimension 1 completely.
INFO: [XFORM 203-101] Partitioning array '_d.val' (C:/Xilinx/Vivado/2018.2/common/technology/autopilot/hls/hls_video_imgproc.h:1946) in dimension 1 completely.
INFO: [XFORM 203-101] Partitioning array 'scl.val' (C:/Xilinx/Vivado/2018.2/common/technology/autopilot/hls/hls_video_core.h:615) in dimension 1 completely.
INFO: [XFORM 203-101] Partitioning array 'kernel_opr.par.val.V' (C:/Xilinx/Vivado/2018.2/common/technology/autopilot/hls/hls_video_imgproc.h:1940) in dimension 1 completely.
INFO: [XFORM 203-101] Partitioning array '_s.val' (C:/Xilinx/Vivado/2018.2/common/technology/autopilot/hls/hls_video_imgproc.h:1945) in dimension 1 completely.
INFO: [XFORM 203-101] Partitioning array '_d.val' (C:/Xilinx/Vivado/2018.2/common/technology/autopilot/hls/hls_video_imgproc.h:1946) in dimension 1 completely.
INFO: [XFORM 203-101] Partitioning array 'scl.val' (C:/Xilinx/Vivado/2018.2/common/technology/autopilot/hls/hls_video_core.h:615) in dimension 1 completely.
INFO: [XFORM 203-101] Partitioning array 'pix.val' (C:/Xilinx/Vivado/2018.2/common/technology/autopilot/hls/hls_video_io.h:56) in dimension 1 completely.
INFO: [XFORM 203-101] Partitioning array 'img_4.data_stream.V' (SobelVideoWorking/a.cpp:15) in dimension 1 completely.
INFO: [XFORM 203-101] Partitioning array 'img_3.data_stream.V' (SobelVideoWorking/a.cpp:14) in dimension 1 completely.
INFO: [XFORM 203-101] Partitioning array 'img_5.data_stream.V' (SobelVideoWorking/a.cpp:16) in dimension 1 completely.
INFO: [XFORM 203-101] Partitioning array 'img_2a.data_stream.V' (SobelVideoWorking/a.cpp:12) in dimension 1 completely.
INFO: [XFORM 203-101] Partitioning array 'img_2b.data_stream.V' (SobelVideoWorking/a.cpp:13) in dimension 1 completely.
INFO: [XFORM 203-101] Partitioning array 'img_0.data_stream.V' (SobelVideoWorking/a.cpp:9) in dimension 1 completely.
INFO: [XFORM 203-101] Partitioning array 'img_6.data_stream.V' (SobelVideoWorking/a.cpp:17) in dimension 1 completely.
INFO: [XFORM 203-101] Partitioning array 'img_1.data_stream.V' (SobelVideoWorking/a.cpp:10) in dimension 1 completely.
INFO: [XFORM 203-101] Partitioning array 'img_2.data_stream.V' (SobelVideoWorking/a.cpp:11) in dimension 1 completely.
INFO: [XFORM 203-101] Partitioning array 'kernel.val.V'  in dimension 2 completely.
INFO: [XFORM 203-101] Partitioning array 'kernel.val.V210'  in dimension 2 completely.
INFO: [XFORM 203-101] Partitioning array 'kernel.val.V211'  in dimension 2 completely.
INFO: [XFORM 203-101] Partitioning array 'src_kernel_win.val' (C:/Xilinx/Vivado/2018.2/common/technology/autopilot/hls/hls_video_imgproc.h:396) in dimension 2 completely.
INFO: [XFORM 203-101] Partitioning array 'k_buf.val' (C:/Xilinx/Vivado/2018.2/common/technology/autopilot/hls/hls_video_imgproc.h:398) in dimension 2 completely.
INFO: [XFORM 203-101] Partitioning array 'right_border_buf.val' (C:/Xilinx/Vivado/2018.2/common/technology/autopilot/hls/hls_video_imgproc.h:401) in dimension 2 completely.
INFO: [XFORM 203-101] Partitioning array 'col_buf.val' (C:/Xilinx/Vivado/2018.2/common/technology/autopilot/hls/hls_video_imgproc.h:403) in dimension 2 completely.
INFO: [XFORM 203-101] Partitioning array 'src_kernel_win.val' (C:/Xilinx/Vivado/2018.2/common/technology/autopilot/hls/hls_video_imgproc.h:396) in dimension 2 completely.
INFO: [XFORM 203-101] Partitioning array 'k_buf.val' (C:/Xilinx/Vivado/2018.2/common/technology/autopilot/hls/hls_video_imgproc.h:398) in dimension 2 completely.
INFO: [XFORM 203-101] Partitioning array 'right_border_buf.val' (C:/Xilinx/Vivado/2018.2/common/technology/autopilot/hls/hls_video_imgproc.h:401) in dimension 2 completely.
INFO: [XFORM 203-101] Partitioning array 'col_buf.val' (C:/Xilinx/Vivado/2018.2/common/technology/autopilot/hls/hls_video_imgproc.h:403) in dimension 2 completely.
INFO: [XFORM 203-101] Partitioning array 'src_kernel_win.val' (C:/Xilinx/Vivado/2018.2/common/technology/autopilot/hls/hls_video_imgproc.h:396) in dimension 3 completely.
INFO: [XFORM 203-101] Partitioning array 'right_border_buf.val' (C:/Xilinx/Vivado/2018.2/common/technology/autopilot/hls/hls_video_imgproc.h:401) in dimension 3 completely.
INFO: [XFORM 203-101] Partitioning array 'col_buf.val' (C:/Xilinx/Vivado/2018.2/common/technology/autopilot/hls/hls_video_imgproc.h:403) in dimension 3 completely.
INFO: [XFORM 203-101] Partitioning array 'src_kernel_win.val' (C:/Xilinx/Vivado/2018.2/common/technology/autopilot/hls/hls_video_imgproc.h:396) in dimension 3 completely.
INFO: [XFORM 203-101] Partitioning array 'right_border_buf.val' (C:/Xilinx/Vivado/2018.2/common/technology/autopilot/hls/hls_video_imgproc.h:401) in dimension 3 completely.
INFO: [XFORM 203-101] Partitioning array 'col_buf.val' (C:/Xilinx/Vivado/2018.2/common/technology/autopilot/hls/hls_video_imgproc.h:403) in dimension 3 completely.
INFO: [XFORM 203-602] Inlining function 'hls::sr_cast_class<ap_uint<8> >::operator()<35, 13, (ap_q_mode)5, (ap_o_mode)3>' into 'hls::sr_cast<unsigned char, ap_fixed<35, 13, (ap_q_mode)5, (ap_o_mode)3, 0> >' (C:/Xilinx/Vivado/2018.2/common/technology/autopilot/hls/hls_video_types.h:500) automatically.
INFO: [XFORM 203-602] Inlining function 'hls::sr_cast<unsigned char, ap_fixed<35, 13, (ap_q_mode)5, (ap_o_mode)3, 0> >' into 'hls::kernel_CvtColor<HLS_BGR2GRAY, unsigned char, unsigned char>::apply<3, 1>' (C:/Xilinx/Vivado/2018.2/common/technology/autopilot/hls/hls_video_imgproc.h:1478->C:/Xilinx/Vivado/2018.2/common/technology/autopilot/hls/hls_video_imgproc.h:1514) automatically.
INFO: [XFORM 203-602] Inlining function 'hls::kernel_CvtColor<HLS_BGR2GRAY, unsigned char, unsigned char>::apply<3, 1>' into 'hls::CvtColor<HLS_BGR2GRAY, 4096, 0, 720, 1280>' (C:/Xilinx/Vivado/2018.2/common/technology/autopilot/hls/hls_video_imgproc.h:1952) automatically.
INFO: [XFORM 203-602] Inlining function 'hls::sr_cast_class<ap_uint<8> >::operator()<28, 14, (ap_q_mode)5, (ap_o_mode)3>' into 'hls::sr_cast<unsigned char, ap_fixed<28, 14, (ap_q_mode)5, (ap_o_mode)3, 0> >' (C:/Xilinx/Vivado/2018.2/common/technology/autopilot/hls/hls_video_types.h:500) automatically.
INFO: [XFORM 203-602] Inlining function 'hls::sr_cast<unsigned char, ap_fixed<28, 14, (ap_q_mode)5, (ap_o_mode)3, 0> >' into 'hls::Filter2D<hls::BORDER_DEFAULT, 0, 0, ap_fixed<16, 2, (ap_q_mode)0, (ap_o_mode)3, 0>, int, 720, 1280, 3, 3>' (C:/Xilinx/Vivado/2018.2/common/technology/autopilot/hls/hls_video_imgproc.h:302->C:/Xilinx/Vivado/2018.2/common/technology/autopilot/hls/hls_video_imgproc.h:512->C:/Xilinx/Vivado/2018.2/common/technology/autopilot/hls/hls_video_imgproc.h:1277) automatically.
INFO: [XFORM 203-602] Inlining function 'hls::GaussianBlur<3, 3, hls::BORDER_DEFAULT, 0, 0, 720, 1280>' into 'hls::GaussianBlur<3, 3, 0, 0, 720, 1280>' (C:/Xilinx/Vivado/2018.2/common/technology/autopilot/hls/hls_video_imgproc.h:2660) automatically.
INFO: [XFORM 203-602] Inlining function 'hls::sr_cast_class<ap_uint<8> >::operator()<20, 20, (ap_q_mode)5, (ap_o_mode)3>' into 'hls::sr_cast<unsigned char, ap_fixed<20, 20, (ap_q_mode)5, (ap_o_mode)3, 0> >' (C:/Xilinx/Vivado/2018.2/common/technology/autopilot/hls/hls_video_types.h:500) automatically.
INFO: [XFORM 203-602] Inlining function 'hls::sr_cast<unsigned char, ap_fixed<20, 20, (ap_q_mode)5, (ap_o_mode)3, 0> >' into 'hls::Filter2D<hls::BORDER_DEFAULT, 0, 0, ap_int<8>, int, 720, 1280, 3, 3>' (C:/Xilinx/Vivado/2018.2/common/technology/autopilot/hls/hls_video_imgproc.h:302->C:/Xilinx/Vivado/2018.2/common/technology/autopilot/hls/hls_video_imgproc.h:512->C:/Xilinx/Vivado/2018.2/common/technology/autopilot/hls/hls_video_imgproc.h:1277) automatically.
INFO: [XFORM 203-602] Inlining function 'hls::Sobel<1, 0, 3, hls::BORDER_DEFAULT, 0, 0, 720, 1280, 720, 1280>' into 'hls::Sobel<1, 0, 3, 0, 0, 720, 1280, 720, 1280>' (C:/Xilinx/Vivado/2018.2/common/technology/autopilot/hls/hls_video_imgproc.h:2599) automatically.
INFO: [XFORM 203-602] Inlining function 'hls::Sobel<0, 1, 3, hls::BORDER_DEFAULT, 0, 0, 720, 1280, 720, 1280>' into 'hls::Sobel<0, 1, 3, 0, 0, 720, 1280, 720, 1280>' (C:/Xilinx/Vivado/2018.2/common/technology/autopilot/hls/hls_video_imgproc.h:2599) automatically.
INFO: [XFORM 203-602] Inlining function 'generic_isnan<double>' into 'hls::isnan' (r:/builds/2018.2/continuous/2018_06_14_2258646/src/products/hls/hls_lib/hlsmath/src/c++/isnandouble.cpp:6) automatically.
INFO: [XFORM 203-602] Inlining function 'hls::isnan' into 'hls::__isnan' (r:/builds/2018.2/continuous/2018_06_14_2258646/src/products/hls/hls_lib/hlsmath/src/c++/isnandouble.cpp:10) automatically.
INFO: [XFORM 203-602] Inlining function 'hls::__isnan' into 'hls::sr_cast_class<ap_uint<8> >::operator().1' (C:/Xilinx/Vivado/2018.2/common/technology/autopilot/hls/hls_video_types.h:428) automatically.
INFO: [XFORM 203-602] Inlining function 'hls::sr_cast<unsigned char, double>' into 'hls::arithm_pro<hls::kernel_addWeighted, 720, 1280, 0, 0, 0, double, double, double>' (C:/Xilinx/Vivado/2018.2/common/technology/autopilot/hls/hls_video_arithm.h:282->C:/Xilinx/Vivado/2018.2/common/technology/autopilot/hls/hls_video_arithm.h:361) automatically.
INFO: [XFORM 203-602] Inlining function 'hls::arithm_pro<hls::kernel_addWeighted, 720, 1280, 0, 0, 0, double, double, double>' into 'hls::AddWeighted<720, 1280, 0, 0, 0, double>' (C:/Xilinx/Vivado/2018.2/common/technology/autopilot/hls/hls_video_arithm.h:853) automatically.
INFO: [XFORM 203-602] Inlining function 'hls::sr_cast_class<ap_uint<8> >::operator()<8>' into 'hls::sr_cast_class<ap_uint<8> >::operator()' (C:/Xilinx/Vivado/2018.2/common/technology/autopilot/hls/hls_video_types.h:432) automatically.
INFO: [XFORM 203-602] Inlining function 'hls::sr_cast_class<ap_uint<8> >::operator()' into 'hls::sr_cast<unsigned char, unsigned char>' (C:/Xilinx/Vivado/2018.2/common/technology/autopilot/hls/hls_video_types.h:500) automatically.
INFO: [XFORM 203-602] Inlining function 'hls::sr_cast<unsigned char, unsigned char>' into 'hls::CvtColor<HLS_GRAY2RGB, 0, 4096, 720, 1280>' (C:/Xilinx/Vivado/2018.2/common/technology/autopilot/hls/hls_video_imgproc.h:1534->C:/Xilinx/Vivado/2018.2/common/technology/autopilot/hls/hls_video_imgproc.h:1952) automatically.
WARNING: [XFORM 203-561] Updating loop lower bound from 0 to 1280 for loop 'loop_width' in function 'hls::Duplicate<720, 1280, 0, 0>'.
WARNING: [XFORM 203-561] Updating loop lower bound from 0 to 720 for loop 'loop_height' in function 'hls::Duplicate<720, 1280, 0, 0>'.
WARNING: [XFORM 203-561] Updating loop lower bound from 0 to 1280 for loop 'loop_width' in function 'hls::CvtColor<HLS_GRAY2RGB, 0, 4096, 720, 1280>'.
WARNING: [XFORM 203-561] Updating loop lower bound from 0 to 720 for loop 'loop_height' in function 'hls::CvtColor<HLS_GRAY2RGB, 0, 4096, 720, 1280>'.
WARNING: [XFORM 203-561] Updating loop lower bound from 0 to 1280 for loop 'loop_width' in function 'hls::AddWeighted<720, 1280, 0, 0, 0, double>'.
WARNING: [XFORM 203-561] Updating loop lower bound from 0 to 720 for loop 'loop_height' in function 'hls::AddWeighted<720, 1280, 0, 0, 0, double>'.
ERROR: [XFORM 203-733] An internal stream 'img_1.data_stream[0].V1' (SobelVideoWorking/a.cpp:10) with default size is used in a non-dataflow region, which may result in deadlock. Please consider to resize the stream using the directive 'set_directive_stream' or the 'HLS stream' pragma.
ERROR: [XFORM 203-733] An internal stream 'img_2.data_stream[0].V2' (SobelVideoWorking/a.cpp:11) with default size is used in a non-dataflow region, which may result in deadlock. Please consider to resize the stream using the directive 'set_directive_stream' or the 'HLS stream' pragma.
ERROR: [XFORM 203-733] An internal stream 'img_2a.data_stream[0].V3' (SobelVideoWorking/a.cpp:12) with default size is used in a non-dataflow region, which may result in deadlock. Please consider to resize the stream using the directive 'set_directive_stream' or the 'HLS stream' pragma.
ERROR: [XFORM 203-733] An internal stream 'img_2b.data_stream[0].V4' (SobelVideoWorking/a.cpp:13) with default size is used in a non-dataflow region, which may result in deadlock. Please consider to resize the stream using the directive 'set_directive_stream' or the 'HLS stream' pragma.
ERROR: [XFORM 203-733] An internal stream 'img_3.data_stream[0].V5' (SobelVideoWorking/a.cpp:14) with default size is used in a non-dataflow region, which may result in deadlock. Please consider to resize the stream using the directive 'set_directive_stream' or the 'HLS stream' pragma.
ERROR: [XFORM 203-733] An internal stream 'img_4.data_stream[0].V6' (SobelVideoWorking/a.cpp:15) with default size is used in a non-dataflow region, which may result in deadlock. Please consider to resize the stream using the directive 'set_directive_stream' or the 'HLS stream' pragma.
ERROR: [XFORM 203-733] An internal stream 'img_5.data_stream[0].V7' (SobelVideoWorking/a.cpp:16) with default size is used in a non-dataflow region, which may result in deadlock. Please consider to resize the stream using the directive 'set_directive_stream' or the 'HLS stream' pragma.
ERROR: [XFORM 203-733] An internal stream 'img_6.data_stream[0].V8' (SobelVideoWorking/a.cpp:17) with default size is used in a non-dataflow region, which may result in deadlock. Please consider to resize the stream using the directive 'set_directive_stream' or the 'HLS stream' pragma.
ERROR: [XFORM 203-733] An internal stream 'img_6.data_stream[1].V9' (SobelVideoWorking/a.cpp:17) with default size is used in a non-dataflow region, which may result in deadlock. Please consider to resize the stream using the directive 'set_directive_stream' or the 'HLS stream' pragma.
ERROR: [XFORM 203-733] An internal stream 'img_6.data_stream[2].V10' (SobelVideoWorking/a.cpp:17) with default size is used in a non-dataflow region, which may result in deadlock. Please consider to resize the stream using the directive 'set_directive_stream' or the 'HLS stream' pragma.
ERROR: [XFORM 203-733] An internal stream 'img_1.data_stream[0].V1' (SobelVideoWorking/a.cpp:10) with default size is used in a non-dataflow region, which may result in deadlock. Please consider to resize the stream using the directive 'set_directive_stream' or the 'HLS stream' pragma.
ERROR: [XFORM 203-733] An internal stream 'img_2.data_stream[0].V2' (SobelVideoWorking/a.cpp:11) with default size is used in a non-dataflow region, which may result in deadlock. Please consider to resize the stream using the directive 'set_directive_stream' or the 'HLS stream' pragma.
ERROR: [XFORM 203-733] An internal stream 'img_2a.data_stream[0].V3' (SobelVideoWorking/a.cpp:12) with default size is used in a non-dataflow region, which may result in deadlock. Please consider to resize the stream using the directive 'set_directive_stream' or the 'HLS stream' pragma.
ERROR: [XFORM 203-733] An internal stream 'img_2b.data_stream[0].V4' (SobelVideoWorking/a.cpp:13) with default size is used in a non-dataflow region, which may result in deadlock. Please consider to resize the stream using the directive 'set_directive_stream' or the 'HLS stream' pragma.
ERROR: [XFORM 203-733] An internal stream 'img_3.data_stream[0].V5' (SobelVideoWorking/a.cpp:14) with default size is used in a non-dataflow region, which may result in deadlock. Please consider to resize the stream using the directive 'set_directive_stream' or the 'HLS stream' pragma.
ERROR: [XFORM 203-733] An internal stream 'img_4.data_stream[0].V6' (SobelVideoWorking/a.cpp:15) with default size is used in a non-dataflow region, which may result in deadlock. Please consider to resize the stream using the directive 'set_directive_stream' or the 'HLS stream' pragma.
ERROR: [XFORM 203-733] An internal stream 'img_5.data_stream[0].V7' (SobelVideoWorking/a.cpp:16) with default size is used in a non-dataflow region, which may result in deadlock. Please consider to resize the stream using the directive 'set_directive_stream' or the 'HLS stream' pragma.
ERROR: [XFORM 203-733] An internal stream 'img_6.data_stream[0].V8' (SobelVideoWorking/a.cpp:17) with default size is used in a non-dataflow region, which may result in deadlock. Please consider to resize the stream using the directive 'set_directive_stream' or the 'HLS stream' pragma.
ERROR: [XFORM 203-733] An internal stream 'img_6.data_stream[1].V9' (SobelVideoWorking/a.cpp:17) with default size is used in a non-dataflow region, which may result in deadlock. Please consider to resize the stream using the directive 'set_directive_stream' or the 'HLS stream' pragma.
ERROR: [XFORM 203-733] An internal stream 'img_6.data_stream[2].V10' (SobelVideoWorking/a.cpp:17) with default size is used in a non-dataflow region, which may result in deadlock. Please consider to resize the stream using the directive 'set_directive_stream' or the 'HLS stream' pragma.
ERROR: [HLS 200-70] Pre-synthesis failed.
command 'ap_source' returned error code
    while executing
"source C:/Digilent19/Hls/SobelVideoWorking/solution1/csynth.tcl"
    invoked from within
"hls::main C:/Digilent19/Hls/SobelVideoWorking/solution1/csynth.tcl"
    ("uplevel" body line 1)
    invoked from within
"uplevel 1 hls::main {*}$args"
    (procedure "hls_proc" line 5)
    invoked from within
"hls_proc $argv"
