

================================================================
== Vivado HLS Report for 'AXIvideo2Mat'
================================================================
* Date:           Thu Jan 31 20:48:26 2019

* Version:        2018.2 (Build 2258646 on Thu Jun 14 20:25:20 MDT 2018)
* Project:        SobelVideoWorking
* Solution:       solution1
* Product family: artix7
* Target device:  xc7a200tsbg484-1


================================================================
== Performance Estimates
================================================================
+ Timing (ns): 
    * Summary: 
    +--------+-------+----------+------------+
    |  Clock | Target| Estimated| Uncertainty|
    +--------+-------+----------+------------+
    |ap_clk  |  10.00|     5.572|        1.25|
    +--------+-------+----------+------------+

+ Latency (clock cycles): 
    * Summary: 
    +--------+--------+--------+--------+---------+
    |     Latency     |     Interval    | Pipeline|
    |   min  |   max  |   min  |   max  |   Type  |
    +--------+--------+--------+--------+---------+
    |  926643|  926643|  926643|  926643|   none  |
    +--------+--------+--------+--------+---------+

    + Detail: 
        * Instance: 
        N/A

        * Loop: 
        +-----------------------+--------+--------+----------+-----------+-----------+------+----------+
        |                       |     Latency     | Iteration|  Initiation Interval  | Trip |          |
        |       Loop Name       |   min  |   max  |  Latency |  achieved |   target  | Count| Pipelined|
        +-----------------------+--------+--------+----------+-----------+-----------+------+----------+
        |- loop_wait_for_start  |       0|       0|         1|          1|          1|     0|    yes   |
        |- loop_height          |  926640|  926640|      1287|          -|          -|   720|    no    |
        | + loop_width          |    1281|    1281|         2|          1|          1|  1280|    yes   |
        | + loop_wait_for_eol   |       1|       1|         2|          1|          1|     0|    yes   |
        +-----------------------+--------+--------+----------+-----------+-----------+------+----------+



================================================================
== Utilization Estimates
================================================================
* Summary: 
+-----------------+---------+-------+--------+--------+
|       Name      | BRAM_18K| DSP48E|   FF   |   LUT  |
+-----------------+---------+-------+--------+--------+
|DSP              |        -|      -|       -|       -|
|Expression       |        -|      -|       0|     117|
|FIFO             |        -|      -|       -|       -|
|Instance         |        -|      -|       -|       -|
|Memory           |        -|      -|       -|       -|
|Multiplexer      |        -|      -|       -|     332|
|Register         |        -|      -|     215|       -|
+-----------------+---------+-------+--------+--------+
|Total            |        0|      0|     215|     449|
+-----------------+---------+-------+--------+--------+
|Available        |      730|    740|  269200|  129000|
+-----------------+---------+-------+--------+--------+
|Utilization (%)  |        0|      0|   ~0   |   ~0   |
+-----------------+---------+-------+--------+--------+

+ Detail: 
    * Instance: 
    N/A

    * DSP48: 
    N/A

    * Memory: 
    N/A

    * FIFO: 
    N/A

    * Expression: 
    +------------------------------------------+----------+-------+---+----+------------+------------+
    |               Variable Name              | Operation| DSP48E| FF| LUT| Bitwidth P0| Bitwidth P1|
    +------------------------------------------+----------+-------+---+----+------------+------------+
    |i_V_fu_332_p2                             |     +    |      0|  0|  17|          10|           1|
    |j_V_fu_344_p2                             |     +    |      0|  0|  18|          11|           1|
    |AXI_video_strm_V_data_V_0_load_A          |    and   |      0|  0|   2|           1|           1|
    |AXI_video_strm_V_data_V_0_load_B          |    and   |      0|  0|   2|           1|           1|
    |AXI_video_strm_V_last_V_0_load_A          |    and   |      0|  0|   2|           1|           1|
    |AXI_video_strm_V_last_V_0_load_B          |    and   |      0|  0|   2|           1|           1|
    |AXI_video_strm_V_user_V_0_load_A          |    and   |      0|  0|   2|           1|           1|
    |AXI_video_strm_V_user_V_0_load_B          |    and   |      0|  0|   2|           1|           1|
    |ap_block_pp1_stage0_01001                 |    and   |      0|  0|   2|           1|           1|
    |ap_block_pp2_stage0_11001                 |    and   |      0|  0|   2|           1|           1|
    |ap_block_state9_pp2_stage0_iter1          |    and   |      0|  0|   2|           1|           1|
    |ap_condition_493                          |    and   |      0|  0|   2|           1|           1|
    |ap_predicate_op56_read_state6             |    and   |      0|  0|   2|           1|           1|
    |AXI_video_strm_V_data_V_0_state_cmp_full  |   icmp   |      0|  0|   8|           2|           1|
    |AXI_video_strm_V_last_V_0_state_cmp_full  |   icmp   |      0|  0|   8|           2|           1|
    |AXI_video_strm_V_user_V_0_state_cmp_full  |   icmp   |      0|  0|   8|           2|           1|
    |exitcond4_fu_326_p2                       |   icmp   |      0|  0|  13|          10|          10|
    |exitcond_fu_338_p2                        |   icmp   |      0|  0|  13|          11|          11|
    |ap_block_state1                           |    or    |      0|  0|   2|           1|           1|
    |ap_block_state6_pp1_stage0_iter1          |    or    |      0|  0|   2|           1|           1|
    |brmerge_fu_353_p2                         |    or    |      0|  0|   2|           1|           1|
    |ap_enable_pp1                             |    xor   |      0|  0|   2|           1|           2|
    |ap_enable_pp2                             |    xor   |      0|  0|   2|           1|           2|
    +------------------------------------------+----------+-------+---+----+------------+------------+
    |Total                                     |          |      0|  0| 117|          64|          44|
    +------------------------------------------+----------+-------+---+----+------------+------------+

    * Multiplexer: 
    +---------------------------------------+----+-----------+-----+-----------+
    |                  Name                 | LUT| Input Size| Bits| Total Bits|
    +---------------------------------------+----+-----------+-----+-----------+
    |AXI_video_strm_V_data_V_0_data_out     |   9|          2|   24|         48|
    |AXI_video_strm_V_data_V_0_state        |  15|          3|    2|          6|
    |AXI_video_strm_V_dest_V_0_state        |  15|          3|    2|          6|
    |AXI_video_strm_V_last_V_0_data_out     |   9|          2|    1|          2|
    |AXI_video_strm_V_last_V_0_state        |  15|          3|    2|          6|
    |AXI_video_strm_V_user_V_0_data_out     |   9|          2|    1|          2|
    |AXI_video_strm_V_user_V_0_state        |  15|          3|    2|          6|
    |INPUT_STREAM_TDATA_blk_n               |   9|          2|    1|          2|
    |ap_NS_fsm                              |  44|          9|    1|          9|
    |ap_done                                |   9|          2|    1|          2|
    |ap_enable_reg_pp1_iter1                |   9|          2|    1|          2|
    |ap_enable_reg_pp2_iter1                |   9|          2|    1|          2|
    |ap_phi_mux_axi_last_V_2_phi_fu_252_p4  |  15|          3|    1|          3|
    |ap_phi_mux_eol_2_phi_fu_275_p4         |   9|          2|    1|          2|
    |ap_phi_mux_eol_phi_fu_217_p4           |   9|          2|    1|          2|
    |ap_phi_mux_p_Val2_s_phi_fu_264_p4      |  15|          3|   24|         72|
    |axi_data_V1_reg_181                    |   9|          2|   24|         48|
    |axi_data_V_1_reg_236                   |   9|          2|   24|         48|
    |axi_data_V_3_reg_295                   |   9|          2|   24|         48|
    |axi_last_V1_reg_171                    |   9|          2|    1|          2|
    |axi_last_V_3_reg_283                   |   9|          2|    1|          2|
    |eol_1_reg_225                          |   9|          2|    1|          2|
    |eol_2_reg_272                          |   9|          2|    1|          2|
    |eol_reg_213                            |   9|          2|    1|          2|
    |img_data_stream_0_V_blk_n              |   9|          2|    1|          2|
    |img_data_stream_1_V_blk_n              |   9|          2|    1|          2|
    |img_data_stream_2_V_blk_n              |   9|          2|    1|          2|
    |t_V_6_reg_202                          |   9|          2|   11|         22|
    |t_V_reg_191                            |   9|          2|   10|         20|
    +---------------------------------------+----+-----------+-----+-----------+
    |Total                                  | 332|         71|  167|        374|
    +---------------------------------------+----+-----------+-----+-----------+

    * Register: 
    +-------------------------------------+----+----+-----+-----------+
    |                 Name                | FF | LUT| Bits| Const Bits|
    +-------------------------------------+----+----+-----+-----------+
    |AXI_video_strm_V_data_V_0_payload_A  |  24|   0|   24|          0|
    |AXI_video_strm_V_data_V_0_payload_B  |  24|   0|   24|          0|
    |AXI_video_strm_V_data_V_0_sel_rd     |   1|   0|    1|          0|
    |AXI_video_strm_V_data_V_0_sel_wr     |   1|   0|    1|          0|
    |AXI_video_strm_V_data_V_0_state      |   2|   0|    2|          0|
    |AXI_video_strm_V_dest_V_0_state      |   2|   0|    2|          0|
    |AXI_video_strm_V_last_V_0_payload_A  |   1|   0|    1|          0|
    |AXI_video_strm_V_last_V_0_payload_B  |   1|   0|    1|          0|
    |AXI_video_strm_V_last_V_0_sel_rd     |   1|   0|    1|          0|
    |AXI_video_strm_V_last_V_0_sel_wr     |   1|   0|    1|          0|
    |AXI_video_strm_V_last_V_0_state      |   2|   0|    2|          0|
    |AXI_video_strm_V_user_V_0_payload_A  |   1|   0|    1|          0|
    |AXI_video_strm_V_user_V_0_payload_B  |   1|   0|    1|          0|
    |AXI_video_strm_V_user_V_0_sel_rd     |   1|   0|    1|          0|
    |AXI_video_strm_V_user_V_0_sel_wr     |   1|   0|    1|          0|
    |AXI_video_strm_V_user_V_0_state      |   2|   0|    2|          0|
    |ap_CS_fsm                            |   8|   0|    8|          0|
    |ap_done_reg                          |   1|   0|    1|          0|
    |ap_enable_reg_pp1_iter0              |   1|   0|    1|          0|
    |ap_enable_reg_pp1_iter1              |   1|   0|    1|          0|
    |ap_enable_reg_pp2_iter0              |   1|   0|    1|          0|
    |ap_enable_reg_pp2_iter1              |   1|   0|    1|          0|
    |axi_data_V1_reg_181                  |  24|   0|   24|          0|
    |axi_data_V_1_reg_236                 |  24|   0|   24|          0|
    |axi_data_V_3_reg_295                 |  24|   0|   24|          0|
    |axi_last_V1_reg_171                  |   1|   0|    1|          0|
    |axi_last_V_3_reg_283                 |   1|   0|    1|          0|
    |brmerge_reg_429                      |   1|   0|    1|          0|
    |eol_1_reg_225                        |   1|   0|    1|          0|
    |eol_2_reg_272                        |   1|   0|    1|          0|
    |eol_reg_213                          |   1|   0|    1|          0|
    |exitcond_reg_420                     |   1|   0|    1|          0|
    |i_V_reg_415                          |  10|   0|   10|          0|
    |sof_1_fu_128                         |   1|   0|    1|          0|
    |t_V_6_reg_202                        |  11|   0|   11|          0|
    |t_V_reg_191                          |  10|   0|   10|          0|
    |tmp_data_V_reg_391                   |  24|   0|   24|          0|
    |tmp_last_V_reg_399                   |   1|   0|    1|          0|
    +-------------------------------------+----+----+-----+-----------+
    |Total                                | 215|   0|  215|          0|
    +-------------------------------------+----+----+-----+-----------+



================================================================
== Interface
================================================================
* Summary: 
+----------------------------+-----+-----+------------+-------------------------+--------------+
|          RTL Ports         | Dir | Bits|  Protocol  |      Source Object      |    C Type    |
+----------------------------+-----+-----+------------+-------------------------+--------------+
|ap_clk                      |  in |    1| ap_ctrl_hs |       AXIvideo2Mat      | return value |
|ap_rst                      |  in |    1| ap_ctrl_hs |       AXIvideo2Mat      | return value |
|ap_start                    |  in |    1| ap_ctrl_hs |       AXIvideo2Mat      | return value |
|ap_done                     | out |    1| ap_ctrl_hs |       AXIvideo2Mat      | return value |
|ap_continue                 |  in |    1| ap_ctrl_hs |       AXIvideo2Mat      | return value |
|ap_idle                     | out |    1| ap_ctrl_hs |       AXIvideo2Mat      | return value |
|ap_ready                    | out |    1| ap_ctrl_hs |       AXIvideo2Mat      | return value |
|INPUT_STREAM_TDATA          |  in |   24|    axis    | AXI_video_strm_V_data_V |    pointer   |
|INPUT_STREAM_TVALID         |  in |    1|    axis    | AXI_video_strm_V_dest_V |    pointer   |
|INPUT_STREAM_TREADY         | out |    1|    axis    | AXI_video_strm_V_dest_V |    pointer   |
|INPUT_STREAM_TDEST          |  in |    1|    axis    | AXI_video_strm_V_dest_V |    pointer   |
|INPUT_STREAM_TKEEP          |  in |    3|    axis    | AXI_video_strm_V_keep_V |    pointer   |
|INPUT_STREAM_TSTRB          |  in |    3|    axis    | AXI_video_strm_V_strb_V |    pointer   |
|INPUT_STREAM_TUSER          |  in |    1|    axis    | AXI_video_strm_V_user_V |    pointer   |
|INPUT_STREAM_TLAST          |  in |    1|    axis    | AXI_video_strm_V_last_V |    pointer   |
|INPUT_STREAM_TID            |  in |    1|    axis    |  AXI_video_strm_V_id_V  |    pointer   |
|img_data_stream_0_V_din     | out |    8|   ap_fifo  |   img_data_stream_0_V   |    pointer   |
|img_data_stream_0_V_full_n  |  in |    1|   ap_fifo  |   img_data_stream_0_V   |    pointer   |
|img_data_stream_0_V_write   | out |    1|   ap_fifo  |   img_data_stream_0_V   |    pointer   |
|img_data_stream_1_V_din     | out |    8|   ap_fifo  |   img_data_stream_1_V   |    pointer   |
|img_data_stream_1_V_full_n  |  in |    1|   ap_fifo  |   img_data_stream_1_V   |    pointer   |
|img_data_stream_1_V_write   | out |    1|   ap_fifo  |   img_data_stream_1_V   |    pointer   |
|img_data_stream_2_V_din     | out |    8|   ap_fifo  |   img_data_stream_2_V   |    pointer   |
|img_data_stream_2_V_full_n  |  in |    1|   ap_fifo  |   img_data_stream_2_V   |    pointer   |
|img_data_stream_2_V_write   | out |    1|   ap_fifo  |   img_data_stream_2_V   |    pointer   |
+----------------------------+-----+-----+------------+-------------------------+--------------+

============================================================
+ Verbose Summary: Synthesis Manager
============================================================
InlineROM: 1
ExposeGlobal: 0
============================================================
+ Verbose Summary: CDFG Model
============================================================
IsTopModel: 0
ResetActiveHigh: 1
IsCombinational: 2
IsDatapathOnly: 0
HasWiredReturn: 1
HasMFsm: 0
HasVarLatency: 1
IsPipeline: 0
IsRtlPipelined: 0
IsInstanceOverlapped: 0
IsDontTouch: 0
HasImplIP: 0
IsGatedGlobalClock: 0

+ Individual pipeline summary: 
  * Pipeline-0: initiation interval (II) = 1, depth = 1
  * Pipeline-1: initiation interval (II) = 1, depth = 2
  * Pipeline-2: initiation interval (II) = 1, depth = 2


============================================================
+ Verbose Summary: Schedule
============================================================
* Number of FSM states : 10
* Pipeline : 3
  Pipeline-0 : II = 1, D = 1, States = { 2 }
  Pipeline-1 : II = 1, D = 2, States = { 5 6 }
  Pipeline-2 : II = 1, D = 2, States = { 8 9 }
* Dataflow Pipeline: 0

* FSM state transitions: 
1 --> 
	2  / true
2 --> 
	3  / (tmp_user_V)
	2  / (!tmp_user_V)
3 --> 
	4  / true
4 --> 
	5  / (!exitcond4)
5 --> 
	6  / true
6 --> 
	7  / (exitcond)
	5  / (!exitcond)
7 --> 
	8  / true
8 --> 
	9  / true
9 --> 
	10  / (eol_2)
	8  / (!eol_2)
10 --> 
	4  / true

* FSM state operations: 

State 1 <SV = 0> <Delay = 0.00>
ST_1 : Operation 11 [1/1] (0.00ns)   --->   "call void (...)* @_ssdm_op_SpecInterface(i8* %img_data_stream_2_V, [8 x i8]* @ap_fifo_str, i32 0, i32 0, [1 x i8]* @p_str411, i32 0, i32 0, [1 x i8]* @p_str412, [1 x i8]* @p_str413, [1 x i8]* @p_str414, i32 2, i32 2, i32 16, i32 16, [1 x i8]* @p_str415, [1 x i8]* @p_str416)"   --->   Operation 11 'specinterface' <Predicate = true> <Delay = 0.00>
ST_1 : Operation 12 [1/1] (0.00ns)   --->   "call void (...)* @_ssdm_op_SpecInterface(i8* %img_data_stream_1_V, [8 x i8]* @ap_fifo_str, i32 0, i32 0, [1 x i8]* @p_str404, i32 0, i32 0, [1 x i8]* @p_str405, [1 x i8]* @p_str406, [1 x i8]* @p_str407, i32 2, i32 2, i32 16, i32 16, [1 x i8]* @p_str408, [1 x i8]* @p_str409)"   --->   Operation 12 'specinterface' <Predicate = true> <Delay = 0.00>
ST_1 : Operation 13 [1/1] (0.00ns)   --->   "call void (...)* @_ssdm_op_SpecInterface(i8* %img_data_stream_0_V, [8 x i8]* @ap_fifo_str, i32 0, i32 0, [1 x i8]* @p_str397, i32 0, i32 0, [1 x i8]* @p_str398, [1 x i8]* @p_str399, [1 x i8]* @p_str400, i32 2, i32 2, i32 16, i32 16, [1 x i8]* @p_str401, [1 x i8]* @p_str402)"   --->   Operation 13 'specinterface' <Predicate = true> <Delay = 0.00>
ST_1 : Operation 14 [1/1] (0.00ns)   --->   "call void (...)* @_ssdm_op_SpecInterface(i24* %AXI_video_strm_V_data_V, i3* %AXI_video_strm_V_keep_V, i3* %AXI_video_strm_V_strb_V, i1* %AXI_video_strm_V_user_V, i1* %AXI_video_strm_V_last_V, i1* %AXI_video_strm_V_id_V, i1* %AXI_video_strm_V_dest_V, [5 x i8]* @p_str, i32 1, i32 1, [5 x i8]* @p_str2, i32 0, i32 0, [1 x i8]* @p_str3, [1 x i8]* @p_str3, [1 x i8]* @p_str3, i32 0, i32 0, i32 0, i32 0, [1 x i8]* @p_str3, [1 x i8]* @p_str3) nounwind"   --->   Operation 14 'specinterface' <Predicate = true> <Delay = 0.00>
ST_1 : Operation 15 [1/1] (0.00ns)   --->   "br label %._crit_edge1" [C:/Xilinx/Vivado/2018.2/common/technology/autopilot/hls/hls_video_io.h:63]   --->   Operation 15 'br' <Predicate = true> <Delay = 0.00>

State 2 <SV = 1> <Delay = 0.00>
ST_2 : Operation 16 [1/1] (0.00ns)   --->   "call void (...)* @_ssdm_op_SpecLoopName([20 x i8]* @p_str51) nounwind" [C:/Xilinx/Vivado/2018.2/common/technology/autopilot/hls/hls_video_io.h:65]   --->   Operation 16 'specloopname' <Predicate = true> <Delay = 0.00>
ST_2 : Operation 17 [1/1] (0.00ns)   --->   "%tmp = call i32 (...)* @_ssdm_op_SpecRegionBegin([20 x i8]* @p_str51)" [C:/Xilinx/Vivado/2018.2/common/technology/autopilot/hls/hls_video_io.h:65]   --->   Operation 17 'specregionbegin' 'tmp' <Predicate = true> <Delay = 0.00>
ST_2 : Operation 18 [1/1] (0.00ns)   --->   "call void (...)* @_ssdm_op_SpecPipeline(i32 1, i32 1, i32 1, i32 0, [1 x i8]* @p_str3) nounwind" [C:/Xilinx/Vivado/2018.2/common/technology/autopilot/hls/hls_video_io.h:66]   --->   Operation 18 'specpipeline' <Predicate = true> <Delay = 0.00>
ST_2 : Operation 19 [1/1] (0.00ns)   --->   "call void (...)* @_ssdm_op_SpecLoopTripCount(i32 0, i32 0, i32 0, [1 x i8]* @p_str3) nounwind" [C:/Xilinx/Vivado/2018.2/common/technology/autopilot/hls/hls_video_io.h:67]   --->   Operation 19 'speclooptripcount' <Predicate = true> <Delay = 0.00>
ST_2 : Operation 20 [1/1] (0.00ns)   --->   "%empty = call { i24, i3, i3, i1, i1, i1, i1 } @_ssdm_op_Read.axis.volatile.i24P.i3P.i3P.i1P.i1P.i1P.i1P(i24* %AXI_video_strm_V_data_V, i3* %AXI_video_strm_V_keep_V, i3* %AXI_video_strm_V_strb_V, i1* %AXI_video_strm_V_user_V, i1* %AXI_video_strm_V_last_V, i1* %AXI_video_strm_V_id_V, i1* %AXI_video_strm_V_dest_V)" [C:/Xilinx/Vivado/2018.2/common/technology/autopilot/hls/hls_video_io.h:68]   --->   Operation 20 'read' 'empty' <Predicate = true> <Delay = 0.00> <Core = "AXI4Stream">   --->   Core 5 'AXI4Stream' <Latency = 0> <II = 1> <Delay = 1.00> <Adapter> <Opcode : >
ST_2 : Operation 21 [1/1] (0.00ns)   --->   "%tmp_data_V = extractvalue { i24, i3, i3, i1, i1, i1, i1 } %empty, 0" [C:/Xilinx/Vivado/2018.2/common/technology/autopilot/hls/hls_video_io.h:68]   --->   Operation 21 'extractvalue' 'tmp_data_V' <Predicate = true> <Delay = 0.00>
ST_2 : Operation 22 [1/1] (0.00ns)   --->   "%tmp_user_V = extractvalue { i24, i3, i3, i1, i1, i1, i1 } %empty, 3" [C:/Xilinx/Vivado/2018.2/common/technology/autopilot/hls/hls_video_io.h:68]   --->   Operation 22 'extractvalue' 'tmp_user_V' <Predicate = true> <Delay = 0.00>
ST_2 : Operation 23 [1/1] (0.00ns)   --->   "%tmp_last_V = extractvalue { i24, i3, i3, i1, i1, i1, i1 } %empty, 4" [C:/Xilinx/Vivado/2018.2/common/technology/autopilot/hls/hls_video_io.h:68]   --->   Operation 23 'extractvalue' 'tmp_last_V' <Predicate = true> <Delay = 0.00>
ST_2 : Operation 24 [1/1] (0.00ns)   --->   "%empty_117 = call i32 (...)* @_ssdm_op_SpecRegionEnd([20 x i8]* @p_str51, i32 %tmp)" [C:/Xilinx/Vivado/2018.2/common/technology/autopilot/hls/hls_video_io.h:70]   --->   Operation 24 'specregionend' 'empty_117' <Predicate = true> <Delay = 0.00>
ST_2 : Operation 25 [1/1] (0.00ns)   --->   "br i1 %tmp_user_V, label %.preheader186.preheader, label %._crit_edge1" [C:/Xilinx/Vivado/2018.2/common/technology/autopilot/hls/hls_video_io.h:65]   --->   Operation 25 'br' <Predicate = true> <Delay = 0.00>

State 3 <SV = 2> <Delay = 1.66>
ST_3 : Operation 26 [1/1] (0.00ns)   --->   "%sof_1 = alloca i1"   --->   Operation 26 'alloca' 'sof_1' <Predicate = true> <Delay = 0.00>
ST_3 : Operation 27 [1/1] (1.66ns)   --->   "store i1 true, i1* %sof_1"   --->   Operation 27 'store' <Predicate = true> <Delay = 1.66>
ST_3 : Operation 28 [1/1] (1.66ns)   --->   "br label %.preheader186" [C:/Xilinx/Vivado/2018.2/common/technology/autopilot/hls/hls_video_io.h:71]   --->   Operation 28 'br' <Predicate = true> <Delay = 1.66>

State 4 <SV = 3> <Delay = 2.67>
ST_4 : Operation 29 [1/1] (0.00ns)   --->   "%axi_last_V1 = phi i1 [ %axi_last_V_3, %5 ], [ %tmp_last_V, %.preheader186.preheader ]"   --->   Operation 29 'phi' 'axi_last_V1' <Predicate = true> <Delay = 0.00>
ST_4 : Operation 30 [1/1] (0.00ns)   --->   "%axi_data_V1 = phi i24 [ %axi_data_V_3, %5 ], [ %tmp_data_V, %.preheader186.preheader ]"   --->   Operation 30 'phi' 'axi_data_V1' <Predicate = true> <Delay = 0.00>
ST_4 : Operation 31 [1/1] (0.00ns)   --->   "%t_V = phi i10 [ %i_V, %5 ], [ 0, %.preheader186.preheader ]"   --->   Operation 31 'phi' 't_V' <Predicate = true> <Delay = 0.00>
ST_4 : Operation 32 [1/1] (1.70ns)   --->   "%exitcond4 = icmp eq i10 %t_V, -304" [C:/Xilinx/Vivado/2018.2/common/technology/autopilot/hls/hls_video_io.h:71]   --->   Operation 32 'icmp' 'exitcond4' <Predicate = true> <Delay = 1.70> <Core = "Cmp">   --->   Core 25 'Cmp' <Latency = 0> <II = 1> <Delay = 1.81> <FuncUnit> <Opcode : 'icmp'> <InPorts = 2> <OutPorts = 1>
ST_4 : Operation 33 [1/1] (2.12ns)   --->   "%i_V = add i10 %t_V, 1" [C:/Xilinx/Vivado/2018.2/common/technology/autopilot/hls/hls_video_io.h:71]   --->   Operation 33 'add' 'i_V' <Predicate = true> <Delay = 2.12> <Core = "AddSub">   --->   Core 14 'AddSub' <Latency = 0> <II = 1> <Delay = 2.12> <FuncUnit> <Opcode : 'add' 'sub'> <InPorts = 2> <OutPorts = 1>
ST_4 : Operation 34 [1/1] (0.00ns)   --->   "call void (...)* @_ssdm_op_SpecLoopTripCount(i64 720, i64 720, i64 720)"   --->   Operation 34 'speclooptripcount' <Predicate = true> <Delay = 0.00>
ST_4 : Operation 35 [1/1] (0.00ns)   --->   "br i1 %exitcond4, label %6, label %0" [C:/Xilinx/Vivado/2018.2/common/technology/autopilot/hls/hls_video_io.h:71]   --->   Operation 35 'br' <Predicate = true> <Delay = 0.00>
ST_4 : Operation 36 [1/1] (0.00ns)   --->   "call void (...)* @_ssdm_op_SpecLoopName([12 x i8]* @p_str9) nounwind" [C:/Xilinx/Vivado/2018.2/common/technology/autopilot/hls/hls_video_io.h:71]   --->   Operation 36 'specloopname' <Predicate = (!exitcond4)> <Delay = 0.00>
ST_4 : Operation 37 [1/1] (0.00ns)   --->   "%tmp_40 = call i32 (...)* @_ssdm_op_SpecRegionBegin([12 x i8]* @p_str9)" [C:/Xilinx/Vivado/2018.2/common/technology/autopilot/hls/hls_video_io.h:71]   --->   Operation 37 'specregionbegin' 'tmp_40' <Predicate = (!exitcond4)> <Delay = 0.00>
ST_4 : Operation 38 [1/1] (1.66ns)   --->   "br label %1" [C:/Xilinx/Vivado/2018.2/common/technology/autopilot/hls/hls_video_io.h:73]   --->   Operation 38 'br' <Predicate = (!exitcond4)> <Delay = 1.66>
ST_4 : Operation 39 [1/1] (0.00ns)   --->   "ret void"   --->   Operation 39 'ret' <Predicate = (exitcond4)> <Delay = 0.00>

State 5 <SV = 4> <Delay = 2.79>
ST_5 : Operation 40 [1/1] (0.00ns)   --->   "%t_V_6 = phi i11 [ 0, %0 ], [ %j_V, %._crit_edge2 ]"   --->   Operation 40 'phi' 't_V_6' <Predicate = true> <Delay = 0.00>
ST_5 : Operation 41 [1/1] (0.00ns)   --->   "%eol = phi i1 [ false, %0 ], [ %axi_last_V_2, %._crit_edge2 ]" [C:/Xilinx/Vivado/2018.2/common/technology/autopilot/hls/hls_video_io.h:81]   --->   Operation 41 'phi' 'eol' <Predicate = true> <Delay = 0.00>
ST_5 : Operation 42 [1/1] (1.81ns)   --->   "%exitcond = icmp eq i11 %t_V_6, -768" [C:/Xilinx/Vivado/2018.2/common/technology/autopilot/hls/hls_video_io.h:73]   --->   Operation 42 'icmp' 'exitcond' <Predicate = true> <Delay = 1.81> <Core = "Cmp">   --->   Core 25 'Cmp' <Latency = 0> <II = 1> <Delay = 1.81> <FuncUnit> <Opcode : 'icmp'> <InPorts = 2> <OutPorts = 1>
ST_5 : Operation 43 [1/1] (2.12ns)   --->   "%j_V = add i11 %t_V_6, 1" [C:/Xilinx/Vivado/2018.2/common/technology/autopilot/hls/hls_video_io.h:73]   --->   Operation 43 'add' 'j_V' <Predicate = true> <Delay = 2.12> <Core = "AddSub">   --->   Core 14 'AddSub' <Latency = 0> <II = 1> <Delay = 2.12> <FuncUnit> <Opcode : 'add' 'sub'> <InPorts = 2> <OutPorts = 1>
ST_5 : Operation 44 [1/1] (0.00ns)   --->   "%sof_1_load = load i1* %sof_1" [C:/Xilinx/Vivado/2018.2/common/technology/autopilot/hls/hls_video_io.h:76]   --->   Operation 44 'load' 'sof_1_load' <Predicate = (!exitcond)> <Delay = 0.00>
ST_5 : Operation 45 [1/1] (0.97ns)   --->   "%brmerge = or i1 %sof_1_load, %eol" [C:/Xilinx/Vivado/2018.2/common/technology/autopilot/hls/hls_video_io.h:76]   --->   Operation 45 'or' 'brmerge' <Predicate = (!exitcond)> <Delay = 0.97> <Core = "LogicGate">   --->   Core 27 'LogicGate' <Latency = 0> <II = 1> <Delay = 0.97> <FuncUnit> <Opcode : 'and' 'or' 'xor'> <InPorts = 2> <OutPorts = 1>
ST_5 : Operation 46 [2/2] (0.00ns)   --->   "%empty_118 = call { i24, i3, i3, i1, i1, i1, i1 } @_ssdm_op_Read.axis.volatile.i24P.i3P.i3P.i1P.i1P.i1P.i1P(i24* %AXI_video_strm_V_data_V, i3* %AXI_video_strm_V_keep_V, i3* %AXI_video_strm_V_strb_V, i1* %AXI_video_strm_V_user_V, i1* %AXI_video_strm_V_last_V, i1* %AXI_video_strm_V_id_V, i1* %AXI_video_strm_V_dest_V)" [C:/Xilinx/Vivado/2018.2/common/technology/autopilot/hls/hls_video_io.h:81]   --->   Operation 46 'read' 'empty_118' <Predicate = (!exitcond & !brmerge)> <Delay = 0.00> <Core = "AXI4Stream">   --->   Core 5 'AXI4Stream' <Latency = 0> <II = 1> <Delay = 1.00> <Adapter> <Opcode : >
ST_5 : Operation 47 [1/1] (1.66ns)   --->   "store i1 false, i1* %sof_1"   --->   Operation 47 'store' <Predicate = (!exitcond)> <Delay = 1.66>

State 6 <SV = 5> <Delay = 5.57>
ST_6 : Operation 48 [1/1] (0.00ns)   --->   "%eol_1 = phi i1 [ %axi_last_V1, %0 ], [ %axi_last_V_2, %._crit_edge2 ]" [C:/Xilinx/Vivado/2018.2/common/technology/autopilot/hls/hls_video_io.h:100]   --->   Operation 48 'phi' 'eol_1' <Predicate = true> <Delay = 0.00>
ST_6 : Operation 49 [1/1] (0.00ns)   --->   "%axi_data_V_1 = phi i24 [ %axi_data_V1, %0 ], [ %p_Val2_s, %._crit_edge2 ]"   --->   Operation 49 'phi' 'axi_data_V_1' <Predicate = true> <Delay = 0.00>
ST_6 : Operation 50 [1/1] (0.00ns)   --->   "call void (...)* @_ssdm_op_SpecLoopTripCount(i64 1280, i64 1280, i64 1280)"   --->   Operation 50 'speclooptripcount' <Predicate = true> <Delay = 0.00>
ST_6 : Operation 51 [1/1] (0.00ns)   --->   "br i1 %exitcond, label %.preheader.preheader, label %2" [C:/Xilinx/Vivado/2018.2/common/technology/autopilot/hls/hls_video_io.h:73]   --->   Operation 51 'br' <Predicate = true> <Delay = 0.00>
ST_6 : Operation 52 [1/1] (0.00ns)   --->   "call void (...)* @_ssdm_op_SpecLoopName([11 x i8]* @p_str10) nounwind" [C:/Xilinx/Vivado/2018.2/common/technology/autopilot/hls/hls_video_io.h:73]   --->   Operation 52 'specloopname' <Predicate = (!exitcond)> <Delay = 0.00>
ST_6 : Operation 53 [1/1] (0.00ns)   --->   "%tmp_41 = call i32 (...)* @_ssdm_op_SpecRegionBegin([11 x i8]* @p_str10)" [C:/Xilinx/Vivado/2018.2/common/technology/autopilot/hls/hls_video_io.h:73]   --->   Operation 53 'specregionbegin' 'tmp_41' <Predicate = (!exitcond)> <Delay = 0.00>
ST_6 : Operation 54 [1/1] (0.00ns)   --->   "call void (...)* @_ssdm_op_SpecPipeline(i32 1, i32 1, i32 1, i32 0, [1 x i8]* @p_str3) nounwind" [C:/Xilinx/Vivado/2018.2/common/technology/autopilot/hls/hls_video_io.h:75]   --->   Operation 54 'specpipeline' <Predicate = (!exitcond)> <Delay = 0.00>
ST_6 : Operation 55 [1/1] (1.66ns)   --->   "br i1 %brmerge, label %._crit_edge2, label %3" [C:/Xilinx/Vivado/2018.2/common/technology/autopilot/hls/hls_video_io.h:76]   --->   Operation 55 'br' <Predicate = (!exitcond)> <Delay = 1.66>
ST_6 : Operation 56 [1/2] (0.00ns)   --->   "%empty_118 = call { i24, i3, i3, i1, i1, i1, i1 } @_ssdm_op_Read.axis.volatile.i24P.i3P.i3P.i1P.i1P.i1P.i1P(i24* %AXI_video_strm_V_data_V, i3* %AXI_video_strm_V_keep_V, i3* %AXI_video_strm_V_strb_V, i1* %AXI_video_strm_V_user_V, i1* %AXI_video_strm_V_last_V, i1* %AXI_video_strm_V_id_V, i1* %AXI_video_strm_V_dest_V)" [C:/Xilinx/Vivado/2018.2/common/technology/autopilot/hls/hls_video_io.h:81]   --->   Operation 56 'read' 'empty_118' <Predicate = (!exitcond & !brmerge)> <Delay = 0.00> <Core = "AXI4Stream">   --->   Core 5 'AXI4Stream' <Latency = 0> <II = 1> <Delay = 1.00> <Adapter> <Opcode : >
ST_6 : Operation 57 [1/1] (0.00ns)   --->   "%tmp_data_V_3 = extractvalue { i24, i3, i3, i1, i1, i1, i1 } %empty_118, 0" [C:/Xilinx/Vivado/2018.2/common/technology/autopilot/hls/hls_video_io.h:81]   --->   Operation 57 'extractvalue' 'tmp_data_V_3' <Predicate = (!exitcond & !brmerge)> <Delay = 0.00>
ST_6 : Operation 58 [1/1] (0.00ns)   --->   "%tmp_last_V_3 = extractvalue { i24, i3, i3, i1, i1, i1, i1 } %empty_118, 4" [C:/Xilinx/Vivado/2018.2/common/technology/autopilot/hls/hls_video_io.h:81]   --->   Operation 58 'extractvalue' 'tmp_last_V_3' <Predicate = (!exitcond & !brmerge)> <Delay = 0.00>
ST_6 : Operation 59 [1/1] (1.66ns)   --->   "br label %._crit_edge2"   --->   Operation 59 'br' <Predicate = (!exitcond & !brmerge)> <Delay = 1.66>
ST_6 : Operation 60 [1/1] (0.00ns)   --->   "%axi_last_V_2 = phi i1 [ %tmp_last_V_3, %3 ], [ %eol_1, %2 ]"   --->   Operation 60 'phi' 'axi_last_V_2' <Predicate = (!exitcond)> <Delay = 0.00>
ST_6 : Operation 61 [1/1] (0.00ns)   --->   "%p_Val2_s = phi i24 [ %tmp_data_V_3, %3 ], [ %axi_data_V_1, %2 ]"   --->   Operation 61 'phi' 'p_Val2_s' <Predicate = (!exitcond)> <Delay = 0.00>
ST_6 : Operation 62 [1/1] (0.00ns)   --->   "%tmp_110 = trunc i24 %p_Val2_s to i8" [C:/Xilinx/Vivado/2018.2/common/technology/autopilot/hls/hls_axi_io.h:49->C:/Xilinx/Vivado/2018.2/common/technology/autopilot/hls/hls_axi_io.h:71->C:/Xilinx/Vivado/2018.2/common/technology/autopilot/hls/hls_video_io.h:92]   --->   Operation 62 'trunc' 'tmp_110' <Predicate = (!exitcond)> <Delay = 0.00>
ST_6 : Operation 63 [1/1] (0.00ns)   --->   "%tmp_42 = call i8 @_ssdm_op_PartSelect.i8.i24.i32.i32(i24 %p_Val2_s, i32 8, i32 15)" [C:/Xilinx/Vivado/2018.2/common/technology/autopilot/hls/hls_axi_io.h:49->C:/Xilinx/Vivado/2018.2/common/technology/autopilot/hls/hls_axi_io.h:71->C:/Xilinx/Vivado/2018.2/common/technology/autopilot/hls/hls_video_io.h:92]   --->   Operation 63 'partselect' 'tmp_42' <Predicate = (!exitcond)> <Delay = 0.00>
ST_6 : Operation 64 [1/1] (0.00ns)   --->   "%tmp_44 = call i8 @_ssdm_op_PartSelect.i8.i24.i32.i32(i24 %p_Val2_s, i32 16, i32 23)" [C:/Xilinx/Vivado/2018.2/common/technology/autopilot/hls/hls_axi_io.h:49->C:/Xilinx/Vivado/2018.2/common/technology/autopilot/hls/hls_axi_io.h:71->C:/Xilinx/Vivado/2018.2/common/technology/autopilot/hls/hls_video_io.h:92]   --->   Operation 64 'partselect' 'tmp_44' <Predicate = (!exitcond)> <Delay = 0.00>
ST_6 : Operation 65 [1/1] (0.00ns)   --->   "%tmp_43 = call i32 (...)* @_ssdm_op_SpecRegionBegin([12 x i8]* @p_str11)" [C:/Xilinx/Vivado/2018.2/common/technology/autopilot/hls/hls_video_core.h:641->C:/Xilinx/Vivado/2018.2/common/technology/autopilot/hls/hls_video_core.h:662->C:/Xilinx/Vivado/2018.2/common/technology/autopilot/hls/hls_video_io.h:94]   --->   Operation 65 'specregionbegin' 'tmp_43' <Predicate = (!exitcond)> <Delay = 0.00>
ST_6 : Operation 66 [1/1] (0.00ns)   --->   "call void (...)* @_ssdm_op_SpecProtocol(i32 0, [1 x i8]* @p_str3) nounwind" [C:/Xilinx/Vivado/2018.2/common/technology/autopilot/hls/hls_video_core.h:645->C:/Xilinx/Vivado/2018.2/common/technology/autopilot/hls/hls_video_core.h:662->C:/Xilinx/Vivado/2018.2/common/technology/autopilot/hls/hls_video_io.h:94]   --->   Operation 66 'specprotocol' <Predicate = (!exitcond)> <Delay = 0.00>
ST_6 : Operation 67 [1/1] (3.90ns)   --->   "call void @_ssdm_op_Write.ap_fifo.volatile.i8P(i8* %img_data_stream_0_V, i8 %tmp_110)" [C:/Xilinx/Vivado/2018.2/common/technology/autopilot/hls/hls_video_core.h:648->C:/Xilinx/Vivado/2018.2/common/technology/autopilot/hls/hls_video_core.h:662->C:/Xilinx/Vivado/2018.2/common/technology/autopilot/hls/hls_video_io.h:94]   --->   Operation 67 'write' <Predicate = (!exitcond)> <Delay = 3.90> <Core = "FIFO">   --->   Core 32 'FIFO' <Latency = 0> <II = 1> <Delay = 3.90> <Storage> <Opcode : 'read' 'write' 'nbread' 'nbwrite'> <Ports = 0> <Width = 8> <Depth = 2> <FIFO>
ST_6 : Operation 68 [1/1] (3.90ns)   --->   "call void @_ssdm_op_Write.ap_fifo.volatile.i8P(i8* %img_data_stream_1_V, i8 %tmp_42)" [C:/Xilinx/Vivado/2018.2/common/technology/autopilot/hls/hls_video_core.h:648->C:/Xilinx/Vivado/2018.2/common/technology/autopilot/hls/hls_video_core.h:662->C:/Xilinx/Vivado/2018.2/common/technology/autopilot/hls/hls_video_io.h:94]   --->   Operation 68 'write' <Predicate = (!exitcond)> <Delay = 3.90> <Core = "FIFO">   --->   Core 32 'FIFO' <Latency = 0> <II = 1> <Delay = 3.90> <Storage> <Opcode : 'read' 'write' 'nbread' 'nbwrite'> <Ports = 0> <Width = 8> <Depth = 2> <FIFO>
ST_6 : Operation 69 [1/1] (3.90ns)   --->   "call void @_ssdm_op_Write.ap_fifo.volatile.i8P(i8* %img_data_stream_2_V, i8 %tmp_44)" [C:/Xilinx/Vivado/2018.2/common/technology/autopilot/hls/hls_video_core.h:648->C:/Xilinx/Vivado/2018.2/common/technology/autopilot/hls/hls_video_core.h:662->C:/Xilinx/Vivado/2018.2/common/technology/autopilot/hls/hls_video_io.h:94]   --->   Operation 69 'write' <Predicate = (!exitcond)> <Delay = 3.90> <Core = "FIFO">   --->   Core 32 'FIFO' <Latency = 0> <II = 1> <Delay = 3.90> <Storage> <Opcode : 'read' 'write' 'nbread' 'nbwrite'> <Ports = 0> <Width = 8> <Depth = 2> <FIFO>
ST_6 : Operation 70 [1/1] (0.00ns)   --->   "%empty_119 = call i32 (...)* @_ssdm_op_SpecRegionEnd([12 x i8]* @p_str11, i32 %tmp_43)" [C:/Xilinx/Vivado/2018.2/common/technology/autopilot/hls/hls_video_core.h:650->C:/Xilinx/Vivado/2018.2/common/technology/autopilot/hls/hls_video_core.h:662->C:/Xilinx/Vivado/2018.2/common/technology/autopilot/hls/hls_video_io.h:94]   --->   Operation 70 'specregionend' 'empty_119' <Predicate = (!exitcond)> <Delay = 0.00>
ST_6 : Operation 71 [1/1] (0.00ns)   --->   "%empty_120 = call i32 (...)* @_ssdm_op_SpecRegionEnd([11 x i8]* @p_str10, i32 %tmp_41)" [C:/Xilinx/Vivado/2018.2/common/technology/autopilot/hls/hls_video_io.h:95]   --->   Operation 71 'specregionend' 'empty_120' <Predicate = (!exitcond)> <Delay = 0.00>
ST_6 : Operation 72 [1/1] (0.00ns)   --->   "br label %1" [C:/Xilinx/Vivado/2018.2/common/technology/autopilot/hls/hls_video_io.h:73]   --->   Operation 72 'br' <Predicate = (!exitcond)> <Delay = 0.00>

State 7 <SV = 6> <Delay = 1.66>
ST_7 : Operation 73 [1/1] (1.66ns)   --->   "br label %.preheader" [C:/Xilinx/Vivado/2018.2/common/technology/autopilot/hls/hls_video_io.h:96]   --->   Operation 73 'br' <Predicate = true> <Delay = 1.66>

State 8 <SV = 7> <Delay = 0.97>
ST_8 : Operation 74 [1/1] (0.00ns)   --->   "%eol_2 = phi i1 [ %tmp_last_V_4, %4 ], [ %eol, %.preheader.preheader ]"   --->   Operation 74 'phi' 'eol_2' <Predicate = true> <Delay = 0.00>
ST_8 : Operation 75 [2/2] (0.00ns)   --->   "%empty_121 = call { i24, i3, i3, i1, i1, i1, i1 } @_ssdm_op_Read.axis.volatile.i24P.i3P.i3P.i1P.i1P.i1P.i1P(i24* %AXI_video_strm_V_data_V, i3* %AXI_video_strm_V_keep_V, i3* %AXI_video_strm_V_strb_V, i1* %AXI_video_strm_V_user_V, i1* %AXI_video_strm_V_last_V, i1* %AXI_video_strm_V_id_V, i1* %AXI_video_strm_V_dest_V)" [C:/Xilinx/Vivado/2018.2/common/technology/autopilot/hls/hls_video_io.h:100]   --->   Operation 75 'read' 'empty_121' <Predicate = (!eol_2)> <Delay = 0.00> <Core = "AXI4Stream">   --->   Core 5 'AXI4Stream' <Latency = 0> <II = 1> <Delay = 1.00> <Adapter> <Opcode : >

State 9 <SV = 8> <Delay = 0.00>
ST_9 : Operation 76 [1/1] (0.00ns)   --->   "%axi_last_V_3 = phi i1 [ %tmp_last_V_4, %4 ], [ %eol_1, %.preheader.preheader ]"   --->   Operation 76 'phi' 'axi_last_V_3' <Predicate = true> <Delay = 0.00>
ST_9 : Operation 77 [1/1] (0.00ns)   --->   "%axi_data_V_3 = phi i24 [ %tmp_data_V_4, %4 ], [ %axi_data_V_1, %.preheader.preheader ]"   --->   Operation 77 'phi' 'axi_data_V_3' <Predicate = true> <Delay = 0.00>
ST_9 : Operation 78 [1/1] (0.00ns)   --->   "br i1 %eol_2, label %5, label %4" [C:/Xilinx/Vivado/2018.2/common/technology/autopilot/hls/hls_video_io.h:96]   --->   Operation 78 'br' <Predicate = true> <Delay = 0.00>
ST_9 : Operation 79 [1/1] (0.00ns)   --->   "call void (...)* @_ssdm_op_SpecLoopName([18 x i8]* @p_str52) nounwind" [C:/Xilinx/Vivado/2018.2/common/technology/autopilot/hls/hls_video_io.h:96]   --->   Operation 79 'specloopname' <Predicate = (!eol_2)> <Delay = 0.00>
ST_9 : Operation 80 [1/1] (0.00ns)   --->   "%tmp_s = call i32 (...)* @_ssdm_op_SpecRegionBegin([18 x i8]* @p_str52)" [C:/Xilinx/Vivado/2018.2/common/technology/autopilot/hls/hls_video_io.h:96]   --->   Operation 80 'specregionbegin' 'tmp_s' <Predicate = (!eol_2)> <Delay = 0.00>
ST_9 : Operation 81 [1/1] (0.00ns)   --->   "call void (...)* @_ssdm_op_SpecPipeline(i32 1, i32 1, i32 1, i32 0, [1 x i8]* @p_str3) nounwind" [C:/Xilinx/Vivado/2018.2/common/technology/autopilot/hls/hls_video_io.h:97]   --->   Operation 81 'specpipeline' <Predicate = (!eol_2)> <Delay = 0.00>
ST_9 : Operation 82 [1/1] (0.00ns)   --->   "call void (...)* @_ssdm_op_SpecLoopTripCount(i32 0, i32 0, i32 0, [1 x i8]* @p_str3) nounwind" [C:/Xilinx/Vivado/2018.2/common/technology/autopilot/hls/hls_video_io.h:98]   --->   Operation 82 'speclooptripcount' <Predicate = (!eol_2)> <Delay = 0.00>
ST_9 : Operation 83 [1/2] (0.00ns)   --->   "%empty_121 = call { i24, i3, i3, i1, i1, i1, i1 } @_ssdm_op_Read.axis.volatile.i24P.i3P.i3P.i1P.i1P.i1P.i1P(i24* %AXI_video_strm_V_data_V, i3* %AXI_video_strm_V_keep_V, i3* %AXI_video_strm_V_strb_V, i1* %AXI_video_strm_V_user_V, i1* %AXI_video_strm_V_last_V, i1* %AXI_video_strm_V_id_V, i1* %AXI_video_strm_V_dest_V)" [C:/Xilinx/Vivado/2018.2/common/technology/autopilot/hls/hls_video_io.h:100]   --->   Operation 83 'read' 'empty_121' <Predicate = (!eol_2)> <Delay = 0.00> <Core = "AXI4Stream">   --->   Core 5 'AXI4Stream' <Latency = 0> <II = 1> <Delay = 1.00> <Adapter> <Opcode : >
ST_9 : Operation 84 [1/1] (0.00ns)   --->   "%tmp_data_V_4 = extractvalue { i24, i3, i3, i1, i1, i1, i1 } %empty_121, 0" [C:/Xilinx/Vivado/2018.2/common/technology/autopilot/hls/hls_video_io.h:100]   --->   Operation 84 'extractvalue' 'tmp_data_V_4' <Predicate = (!eol_2)> <Delay = 0.00>
ST_9 : Operation 85 [1/1] (0.00ns)   --->   "%tmp_last_V_4 = extractvalue { i24, i3, i3, i1, i1, i1, i1 } %empty_121, 4" [C:/Xilinx/Vivado/2018.2/common/technology/autopilot/hls/hls_video_io.h:100]   --->   Operation 85 'extractvalue' 'tmp_last_V_4' <Predicate = (!eol_2)> <Delay = 0.00>
ST_9 : Operation 86 [1/1] (0.00ns)   --->   "%empty_122 = call i32 (...)* @_ssdm_op_SpecRegionEnd([18 x i8]* @p_str52, i32 %tmp_s)" [C:/Xilinx/Vivado/2018.2/common/technology/autopilot/hls/hls_video_io.h:103]   --->   Operation 86 'specregionend' 'empty_122' <Predicate = (!eol_2)> <Delay = 0.00>
ST_9 : Operation 87 [1/1] (0.00ns)   --->   "br label %.preheader" [C:/Xilinx/Vivado/2018.2/common/technology/autopilot/hls/hls_video_io.h:103]   --->   Operation 87 'br' <Predicate = (!eol_2)> <Delay = 0.00>

State 10 <SV = 9> <Delay = 0.00>
ST_10 : Operation 88 [1/1] (0.00ns)   --->   "%empty_123 = call i32 (...)* @_ssdm_op_SpecRegionEnd([12 x i8]* @p_str9, i32 %tmp_40)" [C:/Xilinx/Vivado/2018.2/common/technology/autopilot/hls/hls_video_io.h:104]   --->   Operation 88 'specregionend' 'empty_123' <Predicate = true> <Delay = 0.00>
ST_10 : Operation 89 [1/1] (0.00ns)   --->   "br label %.preheader186" [C:/Xilinx/Vivado/2018.2/common/technology/autopilot/hls/hls_video_io.h:71]   --->   Operation 89 'br' <Predicate = true> <Delay = 0.00>


============================================================
+ Verbose Summary: Binding
============================================================
STG Binding: 
---------------- STG Properties BEGIN ----------------
- Is combinational: 0
- Is one-state seq: 0
- Is datapath-only: 0
- Is pipelined: 0
- Is top level: 0
Port [ Return ] is wired: 1; IO mode=ap_ctrl_hs:ce=0
Port [ AXI_video_strm_V_data_V]:  wired=1; compound=1; hidden=0; nouse=0; global=0; static=0; extern=0; dir=0; type=0; pingpong=0; private_global=0; IO mode=axis:ce=0
Port [ AXI_video_strm_V_keep_V]:  wired=1; compound=1; hidden=0; nouse=0; global=0; static=0; extern=0; dir=0; type=0; pingpong=0; private_global=0; IO mode=axis:ce=0
Port [ AXI_video_strm_V_strb_V]:  wired=1; compound=1; hidden=0; nouse=0; global=0; static=0; extern=0; dir=0; type=0; pingpong=0; private_global=0; IO mode=axis:ce=0
Port [ AXI_video_strm_V_user_V]:  wired=1; compound=1; hidden=0; nouse=0; global=0; static=0; extern=0; dir=0; type=0; pingpong=0; private_global=0; IO mode=axis:ce=0
Port [ AXI_video_strm_V_last_V]:  wired=1; compound=1; hidden=0; nouse=0; global=0; static=0; extern=0; dir=0; type=0; pingpong=0; private_global=0; IO mode=axis:ce=0
Port [ AXI_video_strm_V_id_V]:  wired=1; compound=1; hidden=0; nouse=0; global=0; static=0; extern=0; dir=0; type=0; pingpong=0; private_global=0; IO mode=axis:ce=0
Port [ AXI_video_strm_V_dest_V]:  wired=1; compound=1; hidden=0; nouse=0; global=0; static=0; extern=0; dir=0; type=0; pingpong=0; private_global=0; IO mode=axis:ce=0
Port [ img_data_stream_0_V]:  wired=1; compound=1; hidden=0; nouse=0; global=0; static=0; extern=0; dir=1; type=3; pingpong=0; private_global=0; IO mode=ap_fifo:ce=0
Port [ img_data_stream_1_V]:  wired=1; compound=1; hidden=0; nouse=0; global=0; static=0; extern=0; dir=1; type=3; pingpong=0; private_global=0; IO mode=ap_fifo:ce=0
Port [ img_data_stream_2_V]:  wired=1; compound=1; hidden=0; nouse=0; global=0; static=0; extern=0; dir=1; type=3; pingpong=0; private_global=0; IO mode=ap_fifo:ce=0
---------------- STG Properties END ------------------

---------------- Datapath Model BEGIN ----------------

<LifeTime>
<method=bitvector/>
StgValue_11  (specinterface    ) [ 00000000000]
StgValue_12  (specinterface    ) [ 00000000000]
StgValue_13  (specinterface    ) [ 00000000000]
StgValue_14  (specinterface    ) [ 00000000000]
StgValue_15  (br               ) [ 00000000000]
StgValue_16  (specloopname     ) [ 00000000000]
tmp          (specregionbegin  ) [ 00000000000]
StgValue_18  (specpipeline     ) [ 00000000000]
StgValue_19  (speclooptripcount) [ 00000000000]
empty        (read             ) [ 00000000000]
tmp_data_V   (extractvalue     ) [ 00011111111]
tmp_user_V   (extractvalue     ) [ 00100000000]
tmp_last_V   (extractvalue     ) [ 00011111111]
empty_117    (specregionend    ) [ 00000000000]
StgValue_25  (br               ) [ 00000000000]
sof_1        (alloca           ) [ 00011111111]
StgValue_27  (store            ) [ 00000000000]
StgValue_28  (br               ) [ 00011111111]
axi_last_V1  (phi              ) [ 00001110000]
axi_data_V1  (phi              ) [ 00001110000]
t_V          (phi              ) [ 00001000000]
exitcond4    (icmp             ) [ 00001111111]
i_V          (add              ) [ 00011111111]
StgValue_34  (speclooptripcount) [ 00000000000]
StgValue_35  (br               ) [ 00000000000]
StgValue_36  (specloopname     ) [ 00000000000]
tmp_40       (specregionbegin  ) [ 00000111111]
StgValue_38  (br               ) [ 00001111111]
StgValue_39  (ret              ) [ 00000000000]
t_V_6        (phi              ) [ 00000100000]
eol          (phi              ) [ 00000101110]
exitcond     (icmp             ) [ 00001111111]
j_V          (add              ) [ 00001111111]
sof_1_load   (load             ) [ 00000000000]
brmerge      (or               ) [ 00001111111]
StgValue_47  (store            ) [ 00000000000]
eol_1        (phi              ) [ 00000111110]
axi_data_V_1 (phi              ) [ 00000111110]
StgValue_50  (speclooptripcount) [ 00000000000]
StgValue_51  (br               ) [ 00000000000]
StgValue_52  (specloopname     ) [ 00000000000]
tmp_41       (specregionbegin  ) [ 00000000000]
StgValue_54  (specpipeline     ) [ 00000000000]
StgValue_55  (br               ) [ 00000000000]
empty_118    (read             ) [ 00000000000]
tmp_data_V_3 (extractvalue     ) [ 00000000000]
tmp_last_V_3 (extractvalue     ) [ 00000000000]
StgValue_59  (br               ) [ 00000000000]
axi_last_V_2 (phi              ) [ 00001111111]
p_Val2_s     (phi              ) [ 00001111111]
tmp_110      (trunc            ) [ 00000000000]
tmp_42       (partselect       ) [ 00000000000]
tmp_44       (partselect       ) [ 00000000000]
tmp_43       (specregionbegin  ) [ 00000000000]
StgValue_66  (specprotocol     ) [ 00000000000]
StgValue_67  (write            ) [ 00000000000]
StgValue_68  (write            ) [ 00000000000]
StgValue_69  (write            ) [ 00000000000]
empty_119    (specregionend    ) [ 00000000000]
empty_120    (specregionend    ) [ 00000000000]
StgValue_72  (br               ) [ 00001111111]
StgValue_73  (br               ) [ 00001111111]
eol_2        (phi              ) [ 00000000110]
axi_last_V_3 (phi              ) [ 00011000111]
axi_data_V_3 (phi              ) [ 00011000111]
StgValue_78  (br               ) [ 00000000000]
StgValue_79  (specloopname     ) [ 00000000000]
tmp_s        (specregionbegin  ) [ 00000000000]
StgValue_81  (specpipeline     ) [ 00000000000]
StgValue_82  (speclooptripcount) [ 00000000000]
empty_121    (read             ) [ 00000000000]
tmp_data_V_4 (extractvalue     ) [ 00001111111]
tmp_last_V_4 (extractvalue     ) [ 00001111111]
empty_122    (specregionend    ) [ 00000000000]
StgValue_87  (br               ) [ 00001111111]
empty_123    (specregionend    ) [ 00000000000]
StgValue_89  (br               ) [ 00011111111]
</LifeTime>

<model>

<comp_list>
<comp id="0" class="1000" name="AXI_video_strm_V_data_V">
<pin_list>
<pin id="1" dir="1" index="0" bw="1" slack="0"/>
</pin_list>
<bind>
<StgValue><ssdm name="AXI_video_strm_V_data_V"/></StgValue>
</bind>
</comp>

<comp id="2" class="1000" name="AXI_video_strm_V_keep_V">
<pin_list>
<pin id="3" dir="1" index="0" bw="1" slack="0"/>
</pin_list>
<bind>
<StgValue><ssdm name="AXI_video_strm_V_keep_V"/></StgValue>
</bind>
</comp>

<comp id="4" class="1000" name="AXI_video_strm_V_strb_V">
<pin_list>
<pin id="5" dir="1" index="0" bw="1" slack="0"/>
</pin_list>
<bind>
<StgValue><ssdm name="AXI_video_strm_V_strb_V"/></StgValue>
</bind>
</comp>

<comp id="6" class="1000" name="AXI_video_strm_V_user_V">
<pin_list>
<pin id="7" dir="1" index="0" bw="1" slack="0"/>
</pin_list>
<bind>
<StgValue><ssdm name="AXI_video_strm_V_user_V"/></StgValue>
</bind>
</comp>

<comp id="8" class="1000" name="AXI_video_strm_V_last_V">
<pin_list>
<pin id="9" dir="1" index="0" bw="1" slack="0"/>
</pin_list>
<bind>
<StgValue><ssdm name="AXI_video_strm_V_last_V"/></StgValue>
</bind>
</comp>

<comp id="10" class="1000" name="AXI_video_strm_V_id_V">
<pin_list>
<pin id="11" dir="1" index="0" bw="1" slack="0"/>
</pin_list>
<bind>
<StgValue><ssdm name="AXI_video_strm_V_id_V"/></StgValue>
</bind>
</comp>

<comp id="12" class="1000" name="AXI_video_strm_V_dest_V">
<pin_list>
<pin id="13" dir="1" index="0" bw="1" slack="0"/>
</pin_list>
<bind>
<StgValue><ssdm name="AXI_video_strm_V_dest_V"/></StgValue>
</bind>
</comp>

<comp id="14" class="1000" name="img_data_stream_0_V">
<pin_list>
<pin id="15" dir="1" index="0" bw="1" slack="0"/>
</pin_list>
<bind>
<StgValue><ssdm name="img_data_stream_0_V"/></StgValue>
</bind>
</comp>

<comp id="16" class="1000" name="img_data_stream_1_V">
<pin_list>
<pin id="17" dir="1" index="0" bw="1" slack="0"/>
</pin_list>
<bind>
<StgValue><ssdm name="img_data_stream_1_V"/></StgValue>
</bind>
</comp>

<comp id="18" class="1000" name="img_data_stream_2_V">
<pin_list>
<pin id="19" dir="1" index="0" bw="1" slack="0"/>
</pin_list>
<bind>
<StgValue><ssdm name="img_data_stream_2_V"/></StgValue>
</bind>
</comp>

<comp id="20" class="1001" name="const_20">
<pin_list>
<pin id="21" dir="1" index="0" bw="1" slack="2147483647"/>
</pin_list>
<bind>
<StgValue><ssdm name="_ssdm_op_SpecInterface"/></StgValue>
</bind>
</comp>

<comp id="22" class="1001" name="const_22">
<pin_list>
<pin id="23" dir="1" index="0" bw="1" slack="2147483647"/>
</pin_list>
<bind>
<StgValue><ssdm name="ap_fifo_str"/></StgValue>
</bind>
</comp>

<comp id="24" class="1001" name="const_24">
<pin_list>
<pin id="25" dir="1" index="0" bw="1" slack="2147483647"/>
</pin_list>
<bind>
<StgValue><ssdm name=""/></StgValue>
</bind>
</comp>

<comp id="26" class="1001" name="const_26">
<pin_list>
<pin id="27" dir="1" index="0" bw="1" slack="2147483647"/>
</pin_list>
<bind>
<StgValue><ssdm name="p_str411"/></StgValue>
</bind>
</comp>

<comp id="28" class="1001" name="const_28">
<pin_list>
<pin id="29" dir="1" index="0" bw="1" slack="2147483647"/>
</pin_list>
<bind>
<StgValue><ssdm name="p_str412"/></StgValue>
</bind>
</comp>

<comp id="30" class="1001" name="const_30">
<pin_list>
<pin id="31" dir="1" index="0" bw="1" slack="2147483647"/>
</pin_list>
<bind>
<StgValue><ssdm name="p_str413"/></StgValue>
</bind>
</comp>

<comp id="32" class="1001" name="const_32">
<pin_list>
<pin id="33" dir="1" index="0" bw="1" slack="2147483647"/>
</pin_list>
<bind>
<StgValue><ssdm name="p_str414"/></StgValue>
</bind>
</comp>

<comp id="34" class="1001" name="const_34">
<pin_list>
<pin id="35" dir="1" index="0" bw="1" slack="2147483647"/>
</pin_list>
<bind>
<StgValue><ssdm name=""/></StgValue>
</bind>
</comp>

<comp id="36" class="1001" name="const_36">
<pin_list>
<pin id="37" dir="1" index="0" bw="1" slack="0"/>
</pin_list>
<bind>
<StgValue><ssdm name=""/></StgValue>
</bind>
</comp>

<comp id="38" class="1001" name="const_38">
<pin_list>
<pin id="39" dir="1" index="0" bw="1" slack="2147483647"/>
</pin_list>
<bind>
<StgValue><ssdm name="p_str415"/></StgValue>
</bind>
</comp>

<comp id="40" class="1001" name="const_40">
<pin_list>
<pin id="41" dir="1" index="0" bw="1" slack="2147483647"/>
</pin_list>
<bind>
<StgValue><ssdm name="p_str416"/></StgValue>
</bind>
</comp>

<comp id="42" class="1001" name="const_42">
<pin_list>
<pin id="43" dir="1" index="0" bw="1" slack="2147483647"/>
</pin_list>
<bind>
<StgValue><ssdm name="p_str404"/></StgValue>
</bind>
</comp>

<comp id="44" class="1001" name="const_44">
<pin_list>
<pin id="45" dir="1" index="0" bw="1" slack="2147483647"/>
</pin_list>
<bind>
<StgValue><ssdm name="p_str405"/></StgValue>
</bind>
</comp>

<comp id="46" class="1001" name="const_46">
<pin_list>
<pin id="47" dir="1" index="0" bw="1" slack="2147483647"/>
</pin_list>
<bind>
<StgValue><ssdm name="p_str406"/></StgValue>
</bind>
</comp>

<comp id="48" class="1001" name="const_48">
<pin_list>
<pin id="49" dir="1" index="0" bw="1" slack="2147483647"/>
</pin_list>
<bind>
<StgValue><ssdm name="p_str407"/></StgValue>
</bind>
</comp>

<comp id="50" class="1001" name="const_50">
<pin_list>
<pin id="51" dir="1" index="0" bw="1" slack="2147483647"/>
</pin_list>
<bind>
<StgValue><ssdm name="p_str408"/></StgValue>
</bind>
</comp>

<comp id="52" class="1001" name="const_52">
<pin_list>
<pin id="53" dir="1" index="0" bw="1" slack="2147483647"/>
</pin_list>
<bind>
<StgValue><ssdm name="p_str409"/></StgValue>
</bind>
</comp>

<comp id="54" class="1001" name="const_54">
<pin_list>
<pin id="55" dir="1" index="0" bw="1" slack="2147483647"/>
</pin_list>
<bind>
<StgValue><ssdm name="p_str397"/></StgValue>
</bind>
</comp>

<comp id="56" class="1001" name="const_56">
<pin_list>
<pin id="57" dir="1" index="0" bw="1" slack="2147483647"/>
</pin_list>
<bind>
<StgValue><ssdm name="p_str398"/></StgValue>
</bind>
</comp>

<comp id="58" class="1001" name="const_58">
<pin_list>
<pin id="59" dir="1" index="0" bw="1" slack="2147483647"/>
</pin_list>
<bind>
<StgValue><ssdm name="p_str399"/></StgValue>
</bind>
</comp>

<comp id="60" class="1001" name="const_60">
<pin_list>
<pin id="61" dir="1" index="0" bw="1" slack="2147483647"/>
</pin_list>
<bind>
<StgValue><ssdm name="p_str400"/></StgValue>
</bind>
</comp>

<comp id="62" class="1001" name="const_62">
<pin_list>
<pin id="63" dir="1" index="0" bw="1" slack="2147483647"/>
</pin_list>
<bind>
<StgValue><ssdm name="p_str401"/></StgValue>
</bind>
</comp>

<comp id="64" class="1001" name="const_64">
<pin_list>
<pin id="65" dir="1" index="0" bw="1" slack="2147483647"/>
</pin_list>
<bind>
<StgValue><ssdm name="p_str402"/></StgValue>
</bind>
</comp>

<comp id="66" class="1001" name="const_66">
<pin_list>
<pin id="67" dir="1" index="0" bw="1" slack="2147483647"/>
</pin_list>
<bind>
<StgValue><ssdm name="p_str"/></StgValue>
</bind>
</comp>

<comp id="68" class="1001" name="const_68">
<pin_list>
<pin id="69" dir="1" index="0" bw="1" slack="0"/>
</pin_list>
<bind>
<StgValue><ssdm name=""/></StgValue>
</bind>
</comp>

<comp id="70" class="1001" name="const_70">
<pin_list>
<pin id="71" dir="1" index="0" bw="1" slack="2147483647"/>
</pin_list>
<bind>
<StgValue><ssdm name="p_str2"/></StgValue>
</bind>
</comp>

<comp id="72" class="1001" name="const_72">
<pin_list>
<pin id="73" dir="1" index="0" bw="1" slack="2147483647"/>
</pin_list>
<bind>
<StgValue><ssdm name="p_str3"/></StgValue>
</bind>
</comp>

<comp id="74" class="1001" name="const_74">
<pin_list>
<pin id="75" dir="1" index="0" bw="1" slack="2147483647"/>
</pin_list>
<bind>
<StgValue><ssdm name="_ssdm_op_SpecLoopName"/></StgValue>
</bind>
</comp>

<comp id="76" class="1001" name="const_76">
<pin_list>
<pin id="77" dir="1" index="0" bw="1" slack="2147483647"/>
</pin_list>
<bind>
<StgValue><ssdm name="p_str51"/></StgValue>
</bind>
</comp>

<comp id="78" class="1001" name="const_78">
<pin_list>
<pin id="79" dir="1" index="0" bw="1" slack="2147483647"/>
</pin_list>
<bind>
<StgValue><ssdm name="_ssdm_op_SpecRegionBegin"/></StgValue>
</bind>
</comp>

<comp id="80" class="1001" name="const_80">
<pin_list>
<pin id="81" dir="1" index="0" bw="1" slack="2147483647"/>
</pin_list>
<bind>
<StgValue><ssdm name="_ssdm_op_SpecPipeline"/></StgValue>
</bind>
</comp>

<comp id="82" class="1001" name="const_82">
<pin_list>
<pin id="83" dir="1" index="0" bw="1" slack="2147483647"/>
</pin_list>
<bind>
<StgValue><ssdm name="_ssdm_op_SpecLoopTripCount"/></StgValue>
</bind>
</comp>

<comp id="84" class="1001" name="const_84">
<pin_list>
<pin id="85" dir="1" index="0" bw="1" slack="0"/>
</pin_list>
<bind>
<StgValue><ssdm name="_ssdm_op_Read.axis.volatile.i24P.i3P.i3P.i1P.i1P.i1P.i1P"/></StgValue>
</bind>
</comp>

<comp id="86" class="1001" name="const_86">
<pin_list>
<pin id="87" dir="1" index="0" bw="1" slack="2147483647"/>
</pin_list>
<bind>
<StgValue><ssdm name="_ssdm_op_SpecRegionEnd"/></StgValue>
</bind>
</comp>

<comp id="88" class="1001" name="const_88">
<pin_list>
<pin id="89" dir="1" index="0" bw="1" slack="0"/>
</pin_list>
<bind>
<StgValue><ssdm name=""/></StgValue>
</bind>
</comp>

<comp id="90" class="1001" name="const_90">
<pin_list>
<pin id="91" dir="1" index="0" bw="1" slack="1"/>
</pin_list>
<bind>
<StgValue><ssdm name=""/></StgValue>
</bind>
</comp>

<comp id="92" class="1001" name="const_92">
<pin_list>
<pin id="93" dir="1" index="0" bw="1" slack="0"/>
</pin_list>
<bind>
<StgValue><ssdm name=""/></StgValue>
</bind>
</comp>

<comp id="94" class="1001" name="const_94">
<pin_list>
<pin id="95" dir="1" index="0" bw="1" slack="0"/>
</pin_list>
<bind>
<StgValue><ssdm name=""/></StgValue>
</bind>
</comp>

<comp id="96" class="1001" name="const_96">
<pin_list>
<pin id="97" dir="1" index="0" bw="1" slack="2147483647"/>
</pin_list>
<bind>
<StgValue><ssdm name=""/></StgValue>
</bind>
</comp>

<comp id="98" class="1001" name="const_98">
<pin_list>
<pin id="99" dir="1" index="0" bw="1" slack="2147483647"/>
</pin_list>
<bind>
<StgValue><ssdm name="p_str9"/></StgValue>
</bind>
</comp>

<comp id="100" class="1001" name="const_100">
<pin_list>
<pin id="101" dir="1" index="0" bw="1" slack="1"/>
</pin_list>
<bind>
<StgValue><ssdm name=""/></StgValue>
</bind>
</comp>

<comp id="102" class="1001" name="const_102">
<pin_list>
<pin id="103" dir="1" index="0" bw="1" slack="0"/>
</pin_list>
<bind>
<StgValue><ssdm name=""/></StgValue>
</bind>
</comp>

<comp id="104" class="1001" name="const_104">
<pin_list>
<pin id="105" dir="1" index="0" bw="1" slack="0"/>
</pin_list>
<bind>
<StgValue><ssdm name=""/></StgValue>
</bind>
</comp>

<comp id="106" class="1001" name="const_106">
<pin_list>
<pin id="107" dir="1" index="0" bw="1" slack="0"/>
</pin_list>
<bind>
<StgValue><ssdm name=""/></StgValue>
</bind>
</comp>

<comp id="108" class="1001" name="const_108">
<pin_list>
<pin id="109" dir="1" index="0" bw="1" slack="2147483647"/>
</pin_list>
<bind>
<StgValue><ssdm name=""/></StgValue>
</bind>
</comp>

<comp id="110" class="1001" name="const_110">
<pin_list>
<pin id="111" dir="1" index="0" bw="1" slack="2147483647"/>
</pin_list>
<bind>
<StgValue><ssdm name="p_str10"/></StgValue>
</bind>
</comp>

<comp id="112" class="1001" name="const_112">
<pin_list>
<pin id="113" dir="1" index="0" bw="1" slack="0"/>
</pin_list>
<bind>
<StgValue><ssdm name="_ssdm_op_PartSelect.i8.i24.i32.i32"/></StgValue>
</bind>
</comp>

<comp id="114" class="1001" name="const_114">
<pin_list>
<pin id="115" dir="1" index="0" bw="1" slack="0"/>
</pin_list>
<bind>
<StgValue><ssdm name=""/></StgValue>
</bind>
</comp>

<comp id="116" class="1001" name="const_116">
<pin_list>
<pin id="117" dir="1" index="0" bw="1" slack="0"/>
</pin_list>
<bind>
<StgValue><ssdm name=""/></StgValue>
</bind>
</comp>

<comp id="118" class="1001" name="const_118">
<pin_list>
<pin id="119" dir="1" index="0" bw="1" slack="0"/>
</pin_list>
<bind>
<StgValue><ssdm name=""/></StgValue>
</bind>
</comp>

<comp id="120" class="1001" name="const_120">
<pin_list>
<pin id="121" dir="1" index="0" bw="1" slack="2147483647"/>
</pin_list>
<bind>
<StgValue><ssdm name="p_str11"/></StgValue>
</bind>
</comp>

<comp id="122" class="1001" name="const_122">
<pin_list>
<pin id="123" dir="1" index="0" bw="1" slack="2147483647"/>
</pin_list>
<bind>
<StgValue><ssdm name="_ssdm_op_SpecProtocol"/></StgValue>
</bind>
</comp>

<comp id="124" class="1001" name="const_124">
<pin_list>
<pin id="125" dir="1" index="0" bw="1" slack="0"/>
</pin_list>
<bind>
<StgValue><ssdm name="_ssdm_op_Write.ap_fifo.volatile.i8P"/></StgValue>
</bind>
</comp>

<comp id="126" class="1001" name="const_126">
<pin_list>
<pin id="127" dir="1" index="0" bw="1" slack="2147483647"/>
</pin_list>
<bind>
<StgValue><ssdm name="p_str52"/></StgValue>
</bind>
</comp>

<comp id="128" class="1004" name="sof_1_fu_128">
<pin_list>
<pin id="129" dir="0" index="0" bw="1" slack="0"/>
<pin id="130" dir="1" index="1" bw="1" slack="0"/>
</pin_list>
<bind>
<opcode="alloca(26) " fcode="alloca"/>
<opset="sof_1/3 "/>
</bind>
</comp>

<comp id="132" class="1004" name="grp_read_fu_132">
<pin_list>
<pin id="133" dir="0" index="0" bw="34" slack="0"/>
<pin id="134" dir="0" index="1" bw="24" slack="0"/>
<pin id="135" dir="0" index="2" bw="3" slack="0"/>
<pin id="136" dir="0" index="3" bw="3" slack="0"/>
<pin id="137" dir="0" index="4" bw="1" slack="0"/>
<pin id="138" dir="0" index="5" bw="1" slack="0"/>
<pin id="139" dir="0" index="6" bw="1" slack="0"/>
<pin id="140" dir="0" index="7" bw="1" slack="0"/>
<pin id="141" dir="1" index="8" bw="34" slack="0"/>
</pin_list>
<bind>
<opcode="read(1150) " fcode="read"/>
<opset="empty/2 empty_118/5 empty_121/8 "/>
</bind>
</comp>

<comp id="150" class="1004" name="StgValue_67_write_fu_150">
<pin_list>
<pin id="151" dir="0" index="0" bw="0" slack="0"/>
<pin id="152" dir="0" index="1" bw="8" slack="0"/>
<pin id="153" dir="0" index="2" bw="8" slack="0"/>
<pin id="154" dir="1" index="3" bw="0" slack="2147483647"/>
</pin_list>
<bind>
<opcode="write(1151) " fcode="write"/>
<opset="StgValue_67/6 "/>
</bind>
</comp>

<comp id="157" class="1004" name="StgValue_68_write_fu_157">
<pin_list>
<pin id="158" dir="0" index="0" bw="0" slack="0"/>
<pin id="159" dir="0" index="1" bw="8" slack="0"/>
<pin id="160" dir="0" index="2" bw="8" slack="0"/>
<pin id="161" dir="1" index="3" bw="0" slack="2147483647"/>
</pin_list>
<bind>
<opcode="write(1151) " fcode="write"/>
<opset="StgValue_68/6 "/>
</bind>
</comp>

<comp id="164" class="1004" name="StgValue_69_write_fu_164">
<pin_list>
<pin id="165" dir="0" index="0" bw="0" slack="0"/>
<pin id="166" dir="0" index="1" bw="8" slack="0"/>
<pin id="167" dir="0" index="2" bw="8" slack="0"/>
<pin id="168" dir="1" index="3" bw="0" slack="2147483647"/>
</pin_list>
<bind>
<opcode="write(1151) " fcode="write"/>
<opset="StgValue_69/6 "/>
</bind>
</comp>

<comp id="171" class="1005" name="axi_last_V1_reg_171">
<pin_list>
<pin id="172" dir="0" index="0" bw="1" slack="2"/>
<pin id="173" dir="1" index="1" bw="1" slack="2"/>
</pin_list>
<bind>
<opset="axi_last_V1 (phireg) "/>
</bind>
</comp>

<comp id="174" class="1004" name="axi_last_V1_phi_fu_174">
<pin_list>
<pin id="175" dir="0" index="0" bw="1" slack="1"/>
<pin id="176" dir="0" index="1" bw="0" slack="2147483647"/>
<pin id="177" dir="0" index="2" bw="1" slack="2"/>
<pin id="178" dir="0" index="3" bw="0" slack="2147483647"/>
<pin id="179" dir="1" index="4" bw="1" slack="2"/>
</pin_list>
<bind>
<opcode="phi(47) " fcode="phi"/>
<opset="axi_last_V1/4 "/>
</bind>
</comp>

<comp id="181" class="1005" name="axi_data_V1_reg_181">
<pin_list>
<pin id="182" dir="0" index="0" bw="24" slack="2"/>
<pin id="183" dir="1" index="1" bw="24" slack="2"/>
</pin_list>
<bind>
<opset="axi_data_V1 (phireg) "/>
</bind>
</comp>

<comp id="184" class="1004" name="axi_data_V1_phi_fu_184">
<pin_list>
<pin id="185" dir="0" index="0" bw="24" slack="1"/>
<pin id="186" dir="0" index="1" bw="0" slack="2147483647"/>
<pin id="187" dir="0" index="2" bw="24" slack="2"/>
<pin id="188" dir="0" index="3" bw="0" slack="2147483647"/>
<pin id="189" dir="1" index="4" bw="24" slack="2"/>
</pin_list>
<bind>
<opcode="phi(47) " fcode="phi"/>
<opset="axi_data_V1/4 "/>
</bind>
</comp>

<comp id="191" class="1005" name="t_V_reg_191">
<pin_list>
<pin id="192" dir="0" index="0" bw="10" slack="1"/>
<pin id="193" dir="1" index="1" bw="10" slack="1"/>
</pin_list>
<bind>
<opset="t_V (phireg) "/>
</bind>
</comp>

<comp id="195" class="1004" name="t_V_phi_fu_195">
<pin_list>
<pin id="196" dir="0" index="0" bw="10" slack="0"/>
<pin id="197" dir="0" index="1" bw="0" slack="2147483647"/>
<pin id="198" dir="0" index="2" bw="1" slack="1"/>
<pin id="199" dir="0" index="3" bw="0" slack="2147483647"/>
<pin id="200" dir="1" index="4" bw="10" slack="0"/>
</pin_list>
<bind>
<opcode="phi(47) " fcode="phi"/>
<opset="t_V/4 "/>
</bind>
</comp>

<comp id="202" class="1005" name="t_V_6_reg_202">
<pin_list>
<pin id="203" dir="0" index="0" bw="11" slack="1"/>
<pin id="204" dir="1" index="1" bw="11" slack="1"/>
</pin_list>
<bind>
<opset="t_V_6 (phireg) "/>
</bind>
</comp>

<comp id="206" class="1004" name="t_V_6_phi_fu_206">
<pin_list>
<pin id="207" dir="0" index="0" bw="1" slack="1"/>
<pin id="208" dir="0" index="1" bw="0" slack="2147483647"/>
<pin id="209" dir="0" index="2" bw="11" slack="0"/>
<pin id="210" dir="0" index="3" bw="0" slack="2147483647"/>
<pin id="211" dir="1" index="4" bw="11" slack="0"/>
</pin_list>
<bind>
<opcode="phi(47) " fcode="phi"/>
<opset="t_V_6/5 "/>
</bind>
</comp>

<comp id="213" class="1005" name="eol_reg_213">
<pin_list>
<pin id="214" dir="0" index="0" bw="1" slack="1"/>
<pin id="215" dir="1" index="1" bw="1" slack="1"/>
</pin_list>
<bind>
<opset="eol (phireg) "/>
</bind>
</comp>

<comp id="217" class="1004" name="eol_phi_fu_217">
<pin_list>
<pin id="218" dir="0" index="0" bw="1" slack="1"/>
<pin id="219" dir="0" index="1" bw="0" slack="2147483647"/>
<pin id="220" dir="0" index="2" bw="1" slack="1"/>
<pin id="221" dir="0" index="3" bw="0" slack="2147483647"/>
<pin id="222" dir="1" index="4" bw="1" slack="0"/>
</pin_list>
<bind>
<opcode="phi(47) " fcode="phi"/>
<opset="eol/5 "/>
</bind>
</comp>

<comp id="225" class="1005" name="eol_1_reg_225">
<pin_list>
<pin id="226" dir="0" index="0" bw="1" slack="3"/>
<pin id="227" dir="1" index="1" bw="1" slack="3"/>
</pin_list>
<bind>
<opset="eol_1 (phireg) "/>
</bind>
</comp>

<comp id="228" class="1004" name="eol_1_phi_fu_228">
<pin_list>
<pin id="229" dir="0" index="0" bw="1" slack="2"/>
<pin id="230" dir="0" index="1" bw="0" slack="2147483647"/>
<pin id="231" dir="0" index="2" bw="1" slack="0"/>
<pin id="232" dir="0" index="3" bw="0" slack="2147483647"/>
<pin id="233" dir="1" index="4" bw="1" slack="0"/>
</pin_list>
<bind>
<opcode="phi(47) " fcode="phi"/>
<opset="eol_1/6 "/>
</bind>
</comp>

<comp id="236" class="1005" name="axi_data_V_1_reg_236">
<pin_list>
<pin id="237" dir="0" index="0" bw="24" slack="3"/>
<pin id="238" dir="1" index="1" bw="24" slack="3"/>
</pin_list>
<bind>
<opset="axi_data_V_1 (phireg) "/>
</bind>
</comp>

<comp id="239" class="1004" name="axi_data_V_1_phi_fu_239">
<pin_list>
<pin id="240" dir="0" index="0" bw="24" slack="2"/>
<pin id="241" dir="0" index="1" bw="0" slack="2147483647"/>
<pin id="242" dir="0" index="2" bw="24" slack="0"/>
<pin id="243" dir="0" index="3" bw="0" slack="2147483647"/>
<pin id="244" dir="1" index="4" bw="24" slack="0"/>
</pin_list>
<bind>
<opcode="phi(47) " fcode="phi"/>
<opset="axi_data_V_1/6 "/>
</bind>
</comp>

<comp id="247" class="1005" name="axi_last_V_2_reg_247">
<pin_list>
<pin id="248" dir="0" index="0" bw="1" slack="0"/>
<pin id="249" dir="1" index="1" bw="1" slack="0"/>
</pin_list>
<bind>
<opset="axi_last_V_2 (phireg) "/>
</bind>
</comp>

<comp id="252" class="1004" name="axi_last_V_2_phi_fu_252">
<pin_list>
<pin id="253" dir="0" index="0" bw="1" slack="0"/>
<pin id="254" dir="0" index="1" bw="0" slack="2147483647"/>
<pin id="255" dir="0" index="2" bw="1" slack="0"/>
<pin id="256" dir="0" index="3" bw="0" slack="2147483647"/>
<pin id="257" dir="1" index="4" bw="1" slack="0"/>
</pin_list>
<bind>
<opcode="phi(47) " fcode="phi"/>
<opset="axi_last_V_2/6 "/>
</bind>
</comp>

<comp id="260" class="1005" name="p_Val2_s_reg_260">
<pin_list>
<pin id="261" dir="0" index="0" bw="24" slack="0"/>
<pin id="262" dir="1" index="1" bw="24" slack="0"/>
</pin_list>
<bind>
<opset="p_Val2_s (phireg) "/>
</bind>
</comp>

<comp id="264" class="1004" name="p_Val2_s_phi_fu_264">
<pin_list>
<pin id="265" dir="0" index="0" bw="24" slack="0"/>
<pin id="266" dir="0" index="1" bw="0" slack="2147483647"/>
<pin id="267" dir="0" index="2" bw="24" slack="0"/>
<pin id="268" dir="0" index="3" bw="0" slack="2147483647"/>
<pin id="269" dir="1" index="4" bw="24" slack="0"/>
</pin_list>
<bind>
<opcode="phi(47) " fcode="phi"/>
<opset="p_Val2_s/6 "/>
</bind>
</comp>

<comp id="272" class="1005" name="eol_2_reg_272">
<pin_list>
<pin id="273" dir="0" index="0" bw="1" slack="1"/>
<pin id="274" dir="1" index="1" bw="1" slack="2147483647"/>
</pin_list>
<bind>
<opset="eol_2 (phireg) "/>
</bind>
</comp>

<comp id="275" class="1004" name="eol_2_phi_fu_275">
<pin_list>
<pin id="276" dir="0" index="0" bw="1" slack="1"/>
<pin id="277" dir="0" index="1" bw="0" slack="2147483647"/>
<pin id="278" dir="0" index="2" bw="1" slack="3"/>
<pin id="279" dir="0" index="3" bw="0" slack="2147483647"/>
<pin id="280" dir="1" index="4" bw="1" slack="1"/>
</pin_list>
<bind>
<opcode="phi(47) " fcode="phi"/>
<opset="eol_2/8 "/>
</bind>
</comp>

<comp id="283" class="1005" name="axi_last_V_3_reg_283">
<pin_list>
<pin id="284" dir="0" index="0" bw="1" slack="1"/>
<pin id="285" dir="1" index="1" bw="1" slack="1"/>
</pin_list>
<bind>
<opset="axi_last_V_3 (phireg) "/>
</bind>
</comp>

<comp id="287" class="1004" name="axi_last_V_3_phi_fu_287">
<pin_list>
<pin id="288" dir="0" index="0" bw="1" slack="0"/>
<pin id="289" dir="0" index="1" bw="0" slack="2147483647"/>
<pin id="290" dir="0" index="2" bw="1" slack="3"/>
<pin id="291" dir="0" index="3" bw="0" slack="2147483647"/>
<pin id="292" dir="1" index="4" bw="1" slack="1"/>
</pin_list>
<bind>
<opcode="phi(47) " fcode="phi"/>
<opset="axi_last_V_3/9 "/>
</bind>
</comp>

<comp id="295" class="1005" name="axi_data_V_3_reg_295">
<pin_list>
<pin id="296" dir="0" index="0" bw="24" slack="1"/>
<pin id="297" dir="1" index="1" bw="24" slack="1"/>
</pin_list>
<bind>
<opset="axi_data_V_3 (phireg) "/>
</bind>
</comp>

<comp id="299" class="1004" name="axi_data_V_3_phi_fu_299">
<pin_list>
<pin id="300" dir="0" index="0" bw="24" slack="0"/>
<pin id="301" dir="0" index="1" bw="0" slack="2147483647"/>
<pin id="302" dir="0" index="2" bw="24" slack="3"/>
<pin id="303" dir="0" index="3" bw="0" slack="2147483647"/>
<pin id="304" dir="1" index="4" bw="24" slack="1"/>
</pin_list>
<bind>
<opcode="phi(47) " fcode="phi"/>
<opset="axi_data_V_3/9 "/>
</bind>
</comp>

<comp id="307" class="1004" name="grp_fu_307">
<pin_list>
<pin id="308" dir="0" index="0" bw="34" slack="0"/>
<pin id="309" dir="1" index="1" bw="24" slack="0"/>
</pin_list>
<bind>
<opcode="extractvalue(56) " fcode="extractvalue"/>
<opset="tmp_data_V/2 tmp_data_V_3/6 tmp_data_V_4/9 "/>
</bind>
</comp>

<comp id="312" class="1004" name="grp_fu_312">
<pin_list>
<pin id="313" dir="0" index="0" bw="34" slack="0"/>
<pin id="314" dir="1" index="1" bw="1" slack="0"/>
</pin_list>
<bind>
<opcode="extractvalue(56) " fcode="extractvalue"/>
<opset="tmp_last_V/2 tmp_last_V_3/6 tmp_last_V_4/9 "/>
</bind>
</comp>

<comp id="317" class="1004" name="tmp_user_V_fu_317">
<pin_list>
<pin id="318" dir="0" index="0" bw="34" slack="0"/>
<pin id="319" dir="1" index="1" bw="1" slack="2147483647"/>
</pin_list>
<bind>
<opcode="extractvalue(56) " fcode="extractvalue"/>
<opset="tmp_user_V/2 "/>
</bind>
</comp>

<comp id="321" class="1004" name="StgValue_27_store_fu_321">
<pin_list>
<pin id="322" dir="0" index="0" bw="1" slack="0"/>
<pin id="323" dir="0" index="1" bw="1" slack="0"/>
<pin id="324" dir="1" index="2" bw="0" slack="2147483647"/>
</pin_list>
<bind>
<opcode="store(28) " fcode="store"/>
<opset="StgValue_27/3 "/>
</bind>
</comp>

<comp id="326" class="1004" name="exitcond4_fu_326">
<pin_list>
<pin id="327" dir="0" index="0" bw="10" slack="0"/>
<pin id="328" dir="0" index="1" bw="10" slack="0"/>
<pin id="329" dir="1" index="2" bw="1" slack="1"/>
</pin_list>
<bind>
<opcode="icmp(45) " fcode="icmp"/>
<opset="exitcond4/4 "/>
</bind>
</comp>

<comp id="332" class="1004" name="i_V_fu_332">
<pin_list>
<pin id="333" dir="0" index="0" bw="10" slack="0"/>
<pin id="334" dir="0" index="1" bw="1" slack="0"/>
<pin id="335" dir="1" index="2" bw="10" slack="0"/>
</pin_list>
<bind>
<opcode="add(8) " fcode="add"/>
<opset="i_V/4 "/>
</bind>
</comp>

<comp id="338" class="1004" name="exitcond_fu_338">
<pin_list>
<pin id="339" dir="0" index="0" bw="11" slack="0"/>
<pin id="340" dir="0" index="1" bw="11" slack="0"/>
<pin id="341" dir="1" index="2" bw="1" slack="1"/>
</pin_list>
<bind>
<opcode="icmp(45) " fcode="icmp"/>
<opset="exitcond/5 "/>
</bind>
</comp>

<comp id="344" class="1004" name="j_V_fu_344">
<pin_list>
<pin id="345" dir="0" index="0" bw="11" slack="0"/>
<pin id="346" dir="0" index="1" bw="1" slack="0"/>
<pin id="347" dir="1" index="2" bw="11" slack="0"/>
</pin_list>
<bind>
<opcode="add(8) " fcode="add"/>
<opset="j_V/5 "/>
</bind>
</comp>

<comp id="350" class="1004" name="sof_1_load_load_fu_350">
<pin_list>
<pin id="351" dir="0" index="0" bw="1" slack="2"/>
<pin id="352" dir="1" index="1" bw="1" slack="0"/>
</pin_list>
<bind>
<opcode="load(27) " fcode="load"/>
<opset="sof_1_load/5 "/>
</bind>
</comp>

<comp id="353" class="1004" name="brmerge_fu_353">
<pin_list>
<pin id="354" dir="0" index="0" bw="1" slack="0"/>
<pin id="355" dir="0" index="1" bw="1" slack="0"/>
<pin id="356" dir="1" index="2" bw="1" slack="1"/>
</pin_list>
<bind>
<opcode="or(24) " fcode="or"/>
<opset="brmerge/5 "/>
</bind>
</comp>

<comp id="359" class="1004" name="StgValue_47_store_fu_359">
<pin_list>
<pin id="360" dir="0" index="0" bw="1" slack="0"/>
<pin id="361" dir="0" index="1" bw="1" slack="2"/>
<pin id="362" dir="1" index="2" bw="0" slack="2147483647"/>
</pin_list>
<bind>
<opcode="store(28) " fcode="store"/>
<opset="StgValue_47/5 "/>
</bind>
</comp>

<comp id="364" class="1004" name="tmp_110_fu_364">
<pin_list>
<pin id="365" dir="0" index="0" bw="24" slack="0"/>
<pin id="366" dir="1" index="1" bw="8" slack="0"/>
</pin_list>
<bind>
<opcode="trunc(33) " fcode="trunc"/>
<opset="tmp_110/6 "/>
</bind>
</comp>

<comp id="369" class="1004" name="tmp_42_fu_369">
<pin_list>
<pin id="370" dir="0" index="0" bw="8" slack="0"/>
<pin id="371" dir="0" index="1" bw="24" slack="0"/>
<pin id="372" dir="0" index="2" bw="5" slack="0"/>
<pin id="373" dir="0" index="3" bw="5" slack="0"/>
<pin id="374" dir="1" index="4" bw="8" slack="0"/>
</pin_list>
<bind>
<opcode="partselect(1002) " fcode="partselect"/>
<opset="tmp_42/6 "/>
</bind>
</comp>

<comp id="380" class="1004" name="tmp_44_fu_380">
<pin_list>
<pin id="381" dir="0" index="0" bw="8" slack="0"/>
<pin id="382" dir="0" index="1" bw="24" slack="0"/>
<pin id="383" dir="0" index="2" bw="6" slack="0"/>
<pin id="384" dir="0" index="3" bw="6" slack="0"/>
<pin id="385" dir="1" index="4" bw="8" slack="0"/>
</pin_list>
<bind>
<opcode="partselect(1002) " fcode="partselect"/>
<opset="tmp_44/6 "/>
</bind>
</comp>

<comp id="391" class="1005" name="tmp_data_V_reg_391">
<pin_list>
<pin id="392" dir="0" index="0" bw="24" slack="2"/>
<pin id="393" dir="1" index="1" bw="24" slack="2"/>
</pin_list>
<bind>
<opset="tmp_data_V "/>
</bind>
</comp>

<comp id="399" class="1005" name="tmp_last_V_reg_399">
<pin_list>
<pin id="400" dir="0" index="0" bw="1" slack="2"/>
<pin id="401" dir="1" index="1" bw="1" slack="2"/>
</pin_list>
<bind>
<opset="tmp_last_V "/>
</bind>
</comp>

<comp id="404" class="1005" name="sof_1_reg_404">
<pin_list>
<pin id="405" dir="0" index="0" bw="1" slack="0"/>
<pin id="406" dir="1" index="1" bw="1" slack="0"/>
</pin_list>
<bind>
<opset="sof_1 "/>
</bind>
</comp>

<comp id="411" class="1005" name="exitcond4_reg_411">
<pin_list>
<pin id="412" dir="0" index="0" bw="1" slack="1"/>
<pin id="413" dir="1" index="1" bw="1" slack="2147483647"/>
</pin_list>
<bind>
<opset="exitcond4 "/>
</bind>
</comp>

<comp id="415" class="1005" name="i_V_reg_415">
<pin_list>
<pin id="416" dir="0" index="0" bw="10" slack="0"/>
<pin id="417" dir="1" index="1" bw="10" slack="0"/>
</pin_list>
<bind>
<opset="i_V "/>
</bind>
</comp>

<comp id="420" class="1005" name="exitcond_reg_420">
<pin_list>
<pin id="421" dir="0" index="0" bw="1" slack="1"/>
<pin id="422" dir="1" index="1" bw="1" slack="2147483647"/>
</pin_list>
<bind>
<opset="exitcond "/>
</bind>
</comp>

<comp id="424" class="1005" name="j_V_reg_424">
<pin_list>
<pin id="425" dir="0" index="0" bw="11" slack="0"/>
<pin id="426" dir="1" index="1" bw="11" slack="0"/>
</pin_list>
<bind>
<opset="j_V "/>
</bind>
</comp>

<comp id="429" class="1005" name="brmerge_reg_429">
<pin_list>
<pin id="430" dir="0" index="0" bw="1" slack="1"/>
<pin id="431" dir="1" index="1" bw="1" slack="2147483647"/>
</pin_list>
<bind>
<opset="brmerge "/>
</bind>
</comp>

<comp id="433" class="1005" name="tmp_data_V_4_reg_433">
<pin_list>
<pin id="434" dir="0" index="0" bw="24" slack="0"/>
<pin id="435" dir="1" index="1" bw="24" slack="0"/>
</pin_list>
<bind>
<opset="tmp_data_V_4 "/>
</bind>
</comp>

<comp id="438" class="1005" name="tmp_last_V_4_reg_438">
<pin_list>
<pin id="439" dir="0" index="0" bw="1" slack="0"/>
<pin id="440" dir="1" index="1" bw="1" slack="0"/>
</pin_list>
<bind>
<opset="tmp_last_V_4 "/>
</bind>
</comp>

</comp_list>

<net_list>
<net id="131"><net_src comp="68" pin="0"/><net_sink comp="128" pin=0"/></net>

<net id="142"><net_src comp="84" pin="0"/><net_sink comp="132" pin=0"/></net>

<net id="143"><net_src comp="0" pin="0"/><net_sink comp="132" pin=1"/></net>

<net id="144"><net_src comp="2" pin="0"/><net_sink comp="132" pin=2"/></net>

<net id="145"><net_src comp="4" pin="0"/><net_sink comp="132" pin=3"/></net>

<net id="146"><net_src comp="6" pin="0"/><net_sink comp="132" pin=4"/></net>

<net id="147"><net_src comp="8" pin="0"/><net_sink comp="132" pin=5"/></net>

<net id="148"><net_src comp="10" pin="0"/><net_sink comp="132" pin=6"/></net>

<net id="149"><net_src comp="12" pin="0"/><net_sink comp="132" pin=7"/></net>

<net id="155"><net_src comp="124" pin="0"/><net_sink comp="150" pin=0"/></net>

<net id="156"><net_src comp="14" pin="0"/><net_sink comp="150" pin=1"/></net>

<net id="162"><net_src comp="124" pin="0"/><net_sink comp="157" pin=0"/></net>

<net id="163"><net_src comp="16" pin="0"/><net_sink comp="157" pin=1"/></net>

<net id="169"><net_src comp="124" pin="0"/><net_sink comp="164" pin=0"/></net>

<net id="170"><net_src comp="18" pin="0"/><net_sink comp="164" pin=1"/></net>

<net id="180"><net_src comp="174" pin="4"/><net_sink comp="171" pin=0"/></net>

<net id="190"><net_src comp="184" pin="4"/><net_sink comp="181" pin=0"/></net>

<net id="194"><net_src comp="90" pin="0"/><net_sink comp="191" pin=0"/></net>

<net id="201"><net_src comp="191" pin="1"/><net_sink comp="195" pin=2"/></net>

<net id="205"><net_src comp="100" pin="0"/><net_sink comp="202" pin=0"/></net>

<net id="212"><net_src comp="202" pin="1"/><net_sink comp="206" pin=0"/></net>

<net id="216"><net_src comp="102" pin="0"/><net_sink comp="213" pin=0"/></net>

<net id="223"><net_src comp="213" pin="1"/><net_sink comp="217" pin=0"/></net>

<net id="224"><net_src comp="217" pin="4"/><net_sink comp="213" pin=0"/></net>

<net id="234"><net_src comp="171" pin="1"/><net_sink comp="228" pin=0"/></net>

<net id="235"><net_src comp="228" pin="4"/><net_sink comp="225" pin=0"/></net>

<net id="245"><net_src comp="181" pin="1"/><net_sink comp="239" pin=0"/></net>

<net id="246"><net_src comp="239" pin="4"/><net_sink comp="236" pin=0"/></net>

<net id="250"><net_src comp="247" pin="1"/><net_sink comp="217" pin=2"/></net>

<net id="251"><net_src comp="247" pin="1"/><net_sink comp="228" pin=2"/></net>

<net id="258"><net_src comp="228" pin="4"/><net_sink comp="252" pin=2"/></net>

<net id="259"><net_src comp="252" pin="4"/><net_sink comp="247" pin=0"/></net>

<net id="263"><net_src comp="260" pin="1"/><net_sink comp="239" pin=2"/></net>

<net id="270"><net_src comp="239" pin="4"/><net_sink comp="264" pin=2"/></net>

<net id="271"><net_src comp="264" pin="4"/><net_sink comp="260" pin=0"/></net>

<net id="281"><net_src comp="213" pin="1"/><net_sink comp="275" pin=2"/></net>

<net id="282"><net_src comp="275" pin="4"/><net_sink comp="272" pin=0"/></net>

<net id="286"><net_src comp="283" pin="1"/><net_sink comp="174" pin=0"/></net>

<net id="293"><net_src comp="225" pin="1"/><net_sink comp="287" pin=2"/></net>

<net id="294"><net_src comp="287" pin="4"/><net_sink comp="283" pin=0"/></net>

<net id="298"><net_src comp="295" pin="1"/><net_sink comp="184" pin=0"/></net>

<net id="305"><net_src comp="236" pin="1"/><net_sink comp="299" pin=2"/></net>

<net id="306"><net_src comp="299" pin="4"/><net_sink comp="295" pin=0"/></net>

<net id="310"><net_src comp="132" pin="8"/><net_sink comp="307" pin=0"/></net>

<net id="311"><net_src comp="307" pin="1"/><net_sink comp="264" pin=0"/></net>

<net id="315"><net_src comp="132" pin="8"/><net_sink comp="312" pin=0"/></net>

<net id="316"><net_src comp="312" pin="1"/><net_sink comp="252" pin=0"/></net>

<net id="320"><net_src comp="132" pin="8"/><net_sink comp="317" pin=0"/></net>

<net id="325"><net_src comp="88" pin="0"/><net_sink comp="321" pin=0"/></net>

<net id="330"><net_src comp="195" pin="4"/><net_sink comp="326" pin=0"/></net>

<net id="331"><net_src comp="92" pin="0"/><net_sink comp="326" pin=1"/></net>

<net id="336"><net_src comp="195" pin="4"/><net_sink comp="332" pin=0"/></net>

<net id="337"><net_src comp="94" pin="0"/><net_sink comp="332" pin=1"/></net>

<net id="342"><net_src comp="206" pin="4"/><net_sink comp="338" pin=0"/></net>

<net id="343"><net_src comp="104" pin="0"/><net_sink comp="338" pin=1"/></net>

<net id="348"><net_src comp="206" pin="4"/><net_sink comp="344" pin=0"/></net>

<net id="349"><net_src comp="106" pin="0"/><net_sink comp="344" pin=1"/></net>

<net id="357"><net_src comp="350" pin="1"/><net_sink comp="353" pin=0"/></net>

<net id="358"><net_src comp="217" pin="4"/><net_sink comp="353" pin=1"/></net>

<net id="363"><net_src comp="102" pin="0"/><net_sink comp="359" pin=0"/></net>

<net id="367"><net_src comp="264" pin="4"/><net_sink comp="364" pin=0"/></net>

<net id="368"><net_src comp="364" pin="1"/><net_sink comp="150" pin=2"/></net>

<net id="375"><net_src comp="112" pin="0"/><net_sink comp="369" pin=0"/></net>

<net id="376"><net_src comp="264" pin="4"/><net_sink comp="369" pin=1"/></net>

<net id="377"><net_src comp="114" pin="0"/><net_sink comp="369" pin=2"/></net>

<net id="378"><net_src comp="116" pin="0"/><net_sink comp="369" pin=3"/></net>

<net id="379"><net_src comp="369" pin="4"/><net_sink comp="157" pin=2"/></net>

<net id="386"><net_src comp="112" pin="0"/><net_sink comp="380" pin=0"/></net>

<net id="387"><net_src comp="264" pin="4"/><net_sink comp="380" pin=1"/></net>

<net id="388"><net_src comp="36" pin="0"/><net_sink comp="380" pin=2"/></net>

<net id="389"><net_src comp="118" pin="0"/><net_sink comp="380" pin=3"/></net>

<net id="390"><net_src comp="380" pin="4"/><net_sink comp="164" pin=2"/></net>

<net id="394"><net_src comp="307" pin="1"/><net_sink comp="391" pin=0"/></net>

<net id="395"><net_src comp="391" pin="1"/><net_sink comp="184" pin=2"/></net>

<net id="402"><net_src comp="312" pin="1"/><net_sink comp="399" pin=0"/></net>

<net id="403"><net_src comp="399" pin="1"/><net_sink comp="174" pin=2"/></net>

<net id="407"><net_src comp="128" pin="1"/><net_sink comp="404" pin=0"/></net>

<net id="408"><net_src comp="404" pin="1"/><net_sink comp="321" pin=1"/></net>

<net id="409"><net_src comp="404" pin="1"/><net_sink comp="350" pin=0"/></net>

<net id="410"><net_src comp="404" pin="1"/><net_sink comp="359" pin=1"/></net>

<net id="414"><net_src comp="326" pin="2"/><net_sink comp="411" pin=0"/></net>

<net id="418"><net_src comp="332" pin="2"/><net_sink comp="415" pin=0"/></net>

<net id="419"><net_src comp="415" pin="1"/><net_sink comp="195" pin=0"/></net>

<net id="423"><net_src comp="338" pin="2"/><net_sink comp="420" pin=0"/></net>

<net id="427"><net_src comp="344" pin="2"/><net_sink comp="424" pin=0"/></net>

<net id="428"><net_src comp="424" pin="1"/><net_sink comp="206" pin=2"/></net>

<net id="432"><net_src comp="353" pin="2"/><net_sink comp="429" pin=0"/></net>

<net id="436"><net_src comp="307" pin="1"/><net_sink comp="433" pin=0"/></net>

<net id="437"><net_src comp="433" pin="1"/><net_sink comp="299" pin=0"/></net>

<net id="441"><net_src comp="312" pin="1"/><net_sink comp="438" pin=0"/></net>

<net id="442"><net_src comp="438" pin="1"/><net_sink comp="275" pin=0"/></net>

<net id="443"><net_src comp="438" pin="1"/><net_sink comp="287" pin=0"/></net>

</net_list>

</model> 
---------------- Datapath Model END ------------------

* FSMD analyzer results:
  - Output states:
	Port: AXI_video_strm_V_data_V | {}
	Port: AXI_video_strm_V_keep_V | {}
	Port: AXI_video_strm_V_strb_V | {}
	Port: AXI_video_strm_V_user_V | {}
	Port: AXI_video_strm_V_last_V | {}
	Port: AXI_video_strm_V_id_V | {}
	Port: AXI_video_strm_V_dest_V | {}
	Port: img_data_stream_0_V | {6 }
	Port: img_data_stream_1_V | {6 }
	Port: img_data_stream_2_V | {6 }
 - Input state : 
	Port: AXIvideo2Mat : AXI_video_strm_V_data_V | {2 5 8 }
	Port: AXIvideo2Mat : AXI_video_strm_V_keep_V | {2 5 8 }
	Port: AXIvideo2Mat : AXI_video_strm_V_strb_V | {2 5 8 }
	Port: AXIvideo2Mat : AXI_video_strm_V_user_V | {2 5 8 }
	Port: AXIvideo2Mat : AXI_video_strm_V_last_V | {2 5 8 }
	Port: AXIvideo2Mat : AXI_video_strm_V_id_V | {2 5 8 }
	Port: AXIvideo2Mat : AXI_video_strm_V_dest_V | {2 5 8 }
  - Chain level:
	State 1
	State 2
		empty_117 : 1
		StgValue_25 : 1
	State 3
		StgValue_27 : 1
	State 4
		exitcond4 : 1
		i_V : 1
		StgValue_35 : 2
	State 5
		exitcond : 1
		j_V : 1
		brmerge : 1
	State 6
		axi_last_V_2 : 1
		p_Val2_s : 1
		tmp_110 : 2
		tmp_42 : 2
		tmp_44 : 2
		StgValue_67 : 3
		StgValue_68 : 3
		StgValue_69 : 3
		empty_119 : 1
		empty_120 : 1
	State 7
	State 8
	State 9
		empty_122 : 1
	State 10


============================================================
+ Verbose Summary: Datapath Resource usage 
============================================================

* Functional unit list:
|----------|--------------------------|---------|---------|
| Operation|      Functional Unit     |    FF   |   LUT   |
|----------|--------------------------|---------|---------|
|    add   |        i_V_fu_332        |    0    |    17   |
|          |        j_V_fu_344        |    0    |    18   |
|----------|--------------------------|---------|---------|
|   icmp   |     exitcond4_fu_326     |    0    |    13   |
|          |      exitcond_fu_338     |    0    |    13   |
|----------|--------------------------|---------|---------|
|    or    |      brmerge_fu_353      |    0    |    2    |
|----------|--------------------------|---------|---------|
|   read   |      grp_read_fu_132     |    0    |    0    |
|----------|--------------------------|---------|---------|
|          | StgValue_67_write_fu_150 |    0    |    0    |
|   write  | StgValue_68_write_fu_157 |    0    |    0    |
|          | StgValue_69_write_fu_164 |    0    |    0    |
|----------|--------------------------|---------|---------|
|          |        grp_fu_307        |    0    |    0    |
|extractvalue|        grp_fu_312        |    0    |    0    |
|          |     tmp_user_V_fu_317    |    0    |    0    |
|----------|--------------------------|---------|---------|
|   trunc  |      tmp_110_fu_364      |    0    |    0    |
|----------|--------------------------|---------|---------|
|partselect|       tmp_42_fu_369      |    0    |    0    |
|          |       tmp_44_fu_380      |    0    |    0    |
|----------|--------------------------|---------|---------|
|   Total  |                          |    0    |    63   |
|----------|--------------------------|---------|---------|

Memories:
N/A

* Register list:
+--------------------+--------+
|                    |   FF   |
+--------------------+--------+
| axi_data_V1_reg_181|   24   |
|axi_data_V_1_reg_236|   24   |
|axi_data_V_3_reg_295|   24   |
| axi_last_V1_reg_171|    1   |
|axi_last_V_2_reg_247|    1   |
|axi_last_V_3_reg_283|    1   |
|   brmerge_reg_429  |    1   |
|    eol_1_reg_225   |    1   |
|    eol_2_reg_272   |    1   |
|     eol_reg_213    |    1   |
|  exitcond4_reg_411 |    1   |
|  exitcond_reg_420  |    1   |
|     i_V_reg_415    |   10   |
|     j_V_reg_424    |   11   |
|  p_Val2_s_reg_260  |   24   |
|    sof_1_reg_404   |    1   |
|    t_V_6_reg_202   |   11   |
|     t_V_reg_191    |   10   |
|tmp_data_V_4_reg_433|   24   |
| tmp_data_V_reg_391 |   24   |
|tmp_last_V_4_reg_438|    1   |
| tmp_last_V_reg_399 |    1   |
+--------------------+--------+
|        Total       |   198  |
+--------------------+--------+

* Multiplexer (MUX) list: 
|-------------|------|------|------|--------||---------||---------|
|     Comp    |  Pin | Size |  BW  | S x BW ||  Delay  ||   LUT   |
|-------------|------|------|------|--------||---------||---------|
| eol_reg_213 |  p0  |   2  |   1  |    2   ||    9    |
|-------------|------|------|------|--------||---------||---------|
|    Total    |      |      |      |    2   ||  1.664  ||    9    |
|-------------|------|------|------|--------||---------||---------|



* Summary:
+-----------+--------+--------+--------+
|           |  Delay |   FF   |   LUT  |
+-----------+--------+--------+--------+
|  Function |    -   |    0   |   63   |
|   Memory  |    -   |    -   |    -   |
|Multiplexer|    1   |    -   |    9   |
|  Register |    -   |   198  |    -   |
+-----------+--------+--------+--------+
|   Total   |    1   |   198  |   72   |
+-----------+--------+--------+--------+
