

================================================================
== Vivado HLS Report for 'Block_proc304305'
================================================================
* Date:           Thu Jan 31 19:24:29 2019

* Version:        2018.2 (Build 2258646 on Thu Jun 14 20:25:20 MDT 2018)
* Project:        SobelVideoWorking
* Solution:       solution1
* Product family: artix7
* Target device:  xc7a200tsbg484-1


================================================================
== Performance Estimates
================================================================
+ Timing (ns): 
    * Summary: 
    +--------+-------+----------+------------+
    |  Clock | Target| Estimated| Uncertainty|
    +--------+-------+----------+------------+
    |ap_clk  |  10.00|    11.000|        1.25|
    +--------+-------+----------+------------+

+ Latency (clock cycles): 
    * Summary: 
    +--------+--------+--------+--------+----------+
    |     Latency     |     Interval    | Pipeline |
    |   min  |   max  |   min  |   max  |   Type   |
    +--------+--------+--------+--------+----------+
    |  943934|  943934|  943922|  943922| dataflow |
    +--------+--------+--------+--------+----------+

    + Detail: 
        * Instance: 
        N/A

        * Loop: 
        N/A

============================================================
+ Verbose Summary: Synthesis Manager
============================================================
InlineROM: 1
ExposeGlobal: 0
============================================================
+ Verbose Summary: CDFG Model
============================================================
IsTopModel: 0
ResetActiveHigh: 1
IsCombinational: 2
IsDatapathOnly: 0
HasWiredReturn: 1
HasMFsm: 0
HasVarLatency: 1
IsPipeline: 0
IsRtlPipelined: 0
IsInstanceOverlapped: 0
IsDontTouch: 0
HasImplIP: 0
IsGatedGlobalClock: 0


============================================================
+ Verbose Summary: Schedule
============================================================
* Number of FSM states : 15
* Pipeline : 0
* Dataflow Pipeline: 1
  DF-Pipeline-0: Size = 15, States = { 1 2 3 4 5 6 7 8 9 10 11 12 13 14 15 }

* FSM state transitions: 
1 --> 
	2  / true
2 --> 
	15  / (!enable_V_read)
	3  / (enable_V_read)
3 --> 
	4  / (enable_V_read)
4 --> 
	5  / (enable_V_read)
5 --> 
	6  / (enable_V_read)
6 --> 
	7  / (enable_V_read)
7 --> 
	8  / (enable_V_read)
8 --> 
	9  / (enable_V_read)
9 --> 
	10  / (enable_V_read)
10 --> 
	11  / (enable_V_read)
11 --> 
	12  / (enable_V_read)
12 --> 
	13  / (enable_V_read)
13 --> 
	14  / (enable_V_read)
14 --> 
	15  / (enable_V_read)
15 --> 

* FSM state operations: 

State 1 <SV = 0> <Delay = 3.90>
ST_1 : Operation 16 [1/1] (0.00ns)   --->   "call void (...)* @_ssdm_op_SpecInterface(i1* %OUTPUT_STREAM_V_dest_V, i1* %OUTPUT_STREAM_V_id_V, i1* %OUTPUT_STREAM_V_last_V, i1* %OUTPUT_STREAM_V_user_V, i3* %OUTPUT_STREAM_V_strb_V, i3* %OUTPUT_STREAM_V_keep_V, i24* %OUTPUT_STREAM_V_data_V, [5 x i8]* @p_str, i32 1, i32 1, [5 x i8]* @p_str2, i32 0, i32 0, [1 x i8]* @p_str3, [1 x i8]* @p_str3, [1 x i8]* @p_str3, i32 0, i32 0, i32 0, i32 0, [1 x i8]* @p_str3, [1 x i8]* @p_str3)"   --->   Operation 16 'specinterface' <Predicate = true> <Delay = 0.00>
ST_1 : Operation 17 [1/1] (0.00ns)   --->   "call void (...)* @_ssdm_op_SpecInterface(i8* %img_0_data_stream_2_V, [8 x i8]* @ap_fifo_str, i32 0, i32 0, [1 x i8]* @p_str321, i32 0, i32 0, [1 x i8]* @p_str322, [1 x i8]* @p_str323, [1 x i8]* @p_str324, i32 2, i32 2, i32 16, i32 16, [1 x i8]* @p_str325, [1 x i8]* @p_str326)"   --->   Operation 17 'specinterface' <Predicate = true> <Delay = 0.00>
ST_1 : Operation 18 [1/1] (0.00ns)   --->   "call void (...)* @_ssdm_op_SpecInterface(i8* %img_0_data_stream_1_V, [8 x i8]* @ap_fifo_str, i32 0, i32 0, [1 x i8]* @p_str314, i32 0, i32 0, [1 x i8]* @p_str315, [1 x i8]* @p_str316, [1 x i8]* @p_str317, i32 2, i32 2, i32 16, i32 16, [1 x i8]* @p_str318, [1 x i8]* @p_str319)"   --->   Operation 18 'specinterface' <Predicate = true> <Delay = 0.00>
ST_1 : Operation 19 [1/1] (0.00ns)   --->   "call void (...)* @_ssdm_op_SpecInterface(i8* %img_0_data_stream_0_V, [8 x i8]* @ap_fifo_str, i32 0, i32 0, [1 x i8]* @p_str307, i32 0, i32 0, [1 x i8]* @p_str308, [1 x i8]* @p_str309, [1 x i8]* @p_str310, i32 2, i32 2, i32 16, i32 16, [1 x i8]* @p_str311, [1 x i8]* @p_str312)"   --->   Operation 19 'specinterface' <Predicate = true> <Delay = 0.00>
ST_1 : Operation 20 [1/1] (0.00ns)   --->   "%img_1_data_stream_0 = alloca i8, align 1" [SobelVideoWorking/a.cpp:10]   --->   Operation 20 'alloca' 'img_1_data_stream_0' <Predicate = true> <Delay = 0.00> <Core = "FIFO">   --->   Core 32 'FIFO' <Latency = 0> <II = 1> <Delay = 3.90> <Storage> <Opcode : 'read' 'write' 'nbread' 'nbwrite'> <Ports = 0> <Width = 1> <Depth = 2> <FIFO>
ST_1 : Operation 21 [1/1] (0.00ns)   --->   "%img_2_data_stream_0 = alloca i8, align 1" [SobelVideoWorking/a.cpp:11]   --->   Operation 21 'alloca' 'img_2_data_stream_0' <Predicate = true> <Delay = 0.00> <Core = "FIFO">   --->   Core 32 'FIFO' <Latency = 0> <II = 1> <Delay = 3.90> <Storage> <Opcode : 'read' 'write' 'nbread' 'nbwrite'> <Ports = 0> <Width = 1> <Depth = 2> <FIFO>
ST_1 : Operation 22 [1/1] (0.00ns)   --->   "%img_2a_data_stream_0 = alloca i8, align 1" [SobelVideoWorking/a.cpp:12]   --->   Operation 22 'alloca' 'img_2a_data_stream_0' <Predicate = true> <Delay = 0.00> <Core = "FIFO">   --->   Core 32 'FIFO' <Latency = 0> <II = 1> <Delay = 3.90> <Storage> <Opcode : 'read' 'write' 'nbread' 'nbwrite'> <Ports = 0> <Width = 1> <Depth = 2> <FIFO>
ST_1 : Operation 23 [1/1] (0.00ns)   --->   "%img_2b_data_stream_0 = alloca i8, align 1" [SobelVideoWorking/a.cpp:13]   --->   Operation 23 'alloca' 'img_2b_data_stream_0' <Predicate = true> <Delay = 0.00> <Core = "FIFO">   --->   Core 32 'FIFO' <Latency = 0> <II = 1> <Delay = 3.90> <Storage> <Opcode : 'read' 'write' 'nbread' 'nbwrite'> <Ports = 0> <Width = 1> <Depth = 2> <FIFO>
ST_1 : Operation 24 [1/1] (0.00ns)   --->   "%img_3_data_stream_0 = alloca i8, align 1" [SobelVideoWorking/a.cpp:14]   --->   Operation 24 'alloca' 'img_3_data_stream_0' <Predicate = true> <Delay = 0.00> <Core = "FIFO">   --->   Core 32 'FIFO' <Latency = 0> <II = 1> <Delay = 3.90> <Storage> <Opcode : 'read' 'write' 'nbread' 'nbwrite'> <Ports = 0> <Width = 1> <Depth = 2> <FIFO>
ST_1 : Operation 25 [1/1] (0.00ns)   --->   "%img_4_data_stream_0 = alloca i8, align 1" [SobelVideoWorking/a.cpp:15]   --->   Operation 25 'alloca' 'img_4_data_stream_0' <Predicate = true> <Delay = 0.00> <Core = "FIFO">   --->   Core 32 'FIFO' <Latency = 0> <II = 1> <Delay = 3.90> <Storage> <Opcode : 'read' 'write' 'nbread' 'nbwrite'> <Ports = 0> <Width = 1> <Depth = 2> <FIFO>
ST_1 : Operation 26 [1/1] (0.00ns)   --->   "%img_5_data_stream_0 = alloca i8, align 1" [SobelVideoWorking/a.cpp:16]   --->   Operation 26 'alloca' 'img_5_data_stream_0' <Predicate = true> <Delay = 0.00> <Core = "FIFO">   --->   Core 32 'FIFO' <Latency = 0> <II = 1> <Delay = 3.90> <Storage> <Opcode : 'read' 'write' 'nbread' 'nbwrite'> <Ports = 0> <Width = 1> <Depth = 2> <FIFO>
ST_1 : Operation 27 [1/1] (0.00ns)   --->   "%img_6_data_stream_0 = alloca i8, align 1" [SobelVideoWorking/a.cpp:17]   --->   Operation 27 'alloca' 'img_6_data_stream_0' <Predicate = true> <Delay = 0.00> <Core = "FIFO">   --->   Core 32 'FIFO' <Latency = 0> <II = 1> <Delay = 3.90> <Storage> <Opcode : 'read' 'write' 'nbread' 'nbwrite'> <Ports = 0> <Width = 1> <Depth = 2> <FIFO>
ST_1 : Operation 28 [1/1] (0.00ns)   --->   "%img_6_data_stream_1 = alloca i8, align 1" [SobelVideoWorking/a.cpp:17]   --->   Operation 28 'alloca' 'img_6_data_stream_1' <Predicate = true> <Delay = 0.00> <Core = "FIFO">   --->   Core 32 'FIFO' <Latency = 0> <II = 1> <Delay = 3.90> <Storage> <Opcode : 'read' 'write' 'nbread' 'nbwrite'> <Ports = 0> <Width = 1> <Depth = 2> <FIFO>
ST_1 : Operation 29 [1/1] (0.00ns)   --->   "%img_6_data_stream_2 = alloca i8, align 1" [SobelVideoWorking/a.cpp:17]   --->   Operation 29 'alloca' 'img_6_data_stream_2' <Predicate = true> <Delay = 0.00> <Core = "FIFO">   --->   Core 32 'FIFO' <Latency = 0> <II = 1> <Delay = 3.90> <Storage> <Opcode : 'read' 'write' 'nbread' 'nbwrite'> <Ports = 0> <Width = 1> <Depth = 2> <FIFO>
ST_1 : Operation 30 [1/1] (0.00ns)   --->   "call void (...)* @_ssdm_op_SpecInterface(i1* %enable_V, [8 x i8]* @ap_fifo_str, i32 0, i32 0, [1 x i8]* @p_str574, i32 0, i32 0, [1 x i8]* @p_str575, [1 x i8]* @p_str576, [1 x i8]* @p_str577, i32 2, i32 2, i32 16, i32 16, [1 x i8]* @p_str578, [1 x i8]* @p_str579)"   --->   Operation 30 'specinterface' <Predicate = true> <Delay = 0.00>
ST_1 : Operation 31 [1/1] (0.00ns)   --->   "call void (...)* @_ssdm_op_SpecInterface(i11* %img_0_rows_V, [8 x i8]* @ap_fifo_str, i32 0, i32 0, [1 x i8]* @p_str580, i32 0, i32 0, [1 x i8]* @p_str581, [1 x i8]* @p_str582, [1 x i8]* @p_str583, i32 2, i32 2, i32 16, i32 16, [1 x i8]* @p_str584, [1 x i8]* @p_str585)"   --->   Operation 31 'specinterface' <Predicate = true> <Delay = 0.00>
ST_1 : Operation 32 [1/1] (0.00ns)   --->   "call void (...)* @_ssdm_op_SpecInterface(i12* %img_0_cols_V, [8 x i8]* @ap_fifo_str, i32 0, i32 0, [1 x i8]* @p_str586, i32 0, i32 0, [1 x i8]* @p_str587, [1 x i8]* @p_str588, [1 x i8]* @p_str589, i32 2, i32 2, i32 16, i32 16, [1 x i8]* @p_str590, [1 x i8]* @p_str591)"   --->   Operation 32 'specinterface' <Predicate = true> <Delay = 0.00>
ST_1 : Operation 33 [1/1] (0.00ns)   --->   "call void (...)* @_ssdm_op_SpecInterface(i11* %img_6_rows_V, [8 x i8]* @ap_fifo_str, i32 0, i32 0, [1 x i8]* @p_str592, i32 0, i32 0, [1 x i8]* @p_str593, [1 x i8]* @p_str594, [1 x i8]* @p_str595, i32 2, i32 2, i32 16, i32 16, [1 x i8]* @p_str596, [1 x i8]* @p_str597)"   --->   Operation 33 'specinterface' <Predicate = true> <Delay = 0.00>
ST_1 : Operation 34 [1/1] (0.00ns)   --->   "call void (...)* @_ssdm_op_SpecInterface(i12* %img_6_cols_V, [8 x i8]* @ap_fifo_str, i32 0, i32 0, [1 x i8]* @p_str598, i32 0, i32 0, [1 x i8]* @p_str599, [1 x i8]* @p_str600, [1 x i8]* @p_str601, i32 2, i32 2, i32 16, i32 16, [1 x i8]* @p_str602, [1 x i8]* @p_str603)"   --->   Operation 34 'specinterface' <Predicate = true> <Delay = 0.00>
ST_1 : Operation 35 [1/1] (3.90ns)   --->   "%enable_V_read = call i1 @_ssdm_op_Read.ap_fifo.i1P(i1* %enable_V)"   --->   Operation 35 'read' 'enable_V_read' <Predicate = true> <Delay = 3.90> <Core = "FIFO">   --->   Core 32 'FIFO' <Latency = 0> <II = 1> <Delay = 3.90> <Storage> <Opcode : 'read' 'write' 'nbread' 'nbwrite'> <Ports = 0> <Width = 1> <Depth = 2> <FIFO>
ST_1 : Operation 36 [1/1] (0.00ns)   --->   "%empty = call i32 (...)* @_ssdm_op_SpecChannel([24 x i8]* @img_1_OC_data_stream, i32 1, [1 x i8]* @p_str397, [1 x i8]* @p_str397, i32 2, i32 2, i8* %img_1_data_stream_0, i8* %img_1_data_stream_0)"   --->   Operation 36 'specchannel' 'empty' <Predicate = true> <Delay = 0.00>
ST_1 : Operation 37 [1/1] (0.00ns)   --->   "call void (...)* @_ssdm_op_SpecInterface(i8* %img_1_data_stream_0, [8 x i8]* @ap_fifo_str, i32 0, i32 0, [1 x i8]* @p_str398, i32 0, i32 0, [1 x i8]* @p_str399, [1 x i8]* @p_str400, [1 x i8]* @p_str401, i32 2, i32 2, i32 16, i32 16, [1 x i8]* @p_str402, [1 x i8]* @p_str403)"   --->   Operation 37 'specinterface' <Predicate = true> <Delay = 0.00>
ST_1 : Operation 38 [1/1] (0.00ns)   --->   "%empty_97 = call i32 (...)* @_ssdm_op_SpecChannel([24 x i8]* @img_2_OC_data_stream, i32 1, [1 x i8]* @p_str404, [1 x i8]* @p_str404, i32 2, i32 2, i8* %img_2_data_stream_0, i8* %img_2_data_stream_0)"   --->   Operation 38 'specchannel' 'empty_97' <Predicate = true> <Delay = 0.00>
ST_1 : Operation 39 [1/1] (0.00ns)   --->   "call void (...)* @_ssdm_op_SpecInterface(i8* %img_2_data_stream_0, [8 x i8]* @ap_fifo_str, i32 0, i32 0, [1 x i8]* @p_str405, i32 0, i32 0, [1 x i8]* @p_str406, [1 x i8]* @p_str407, [1 x i8]* @p_str408, i32 2, i32 2, i32 16, i32 16, [1 x i8]* @p_str409, [1 x i8]* @p_str410)"   --->   Operation 39 'specinterface' <Predicate = true> <Delay = 0.00>
ST_1 : Operation 40 [1/1] (0.00ns)   --->   "%empty_98 = call i32 (...)* @_ssdm_op_SpecChannel([25 x i8]* @img_2a_OC_data_strea, i32 1, [1 x i8]* @p_str411, [1 x i8]* @p_str411, i32 2, i32 2, i8* %img_2a_data_stream_0, i8* %img_2a_data_stream_0)"   --->   Operation 40 'specchannel' 'empty_98' <Predicate = true> <Delay = 0.00>
ST_1 : Operation 41 [1/1] (0.00ns)   --->   "call void (...)* @_ssdm_op_SpecInterface(i8* %img_2a_data_stream_0, [8 x i8]* @ap_fifo_str, i32 0, i32 0, [1 x i8]* @p_str412, i32 0, i32 0, [1 x i8]* @p_str413, [1 x i8]* @p_str414, [1 x i8]* @p_str415, i32 2, i32 2, i32 16, i32 16, [1 x i8]* @p_str416, [1 x i8]* @p_str417)"   --->   Operation 41 'specinterface' <Predicate = true> <Delay = 0.00>
ST_1 : Operation 42 [1/1] (0.00ns)   --->   "%empty_99 = call i32 (...)* @_ssdm_op_SpecChannel([25 x i8]* @img_2b_OC_data_strea, i32 1, [1 x i8]* @p_str418, [1 x i8]* @p_str418, i32 2, i32 2, i8* %img_2b_data_stream_0, i8* %img_2b_data_stream_0)"   --->   Operation 42 'specchannel' 'empty_99' <Predicate = true> <Delay = 0.00>
ST_1 : Operation 43 [1/1] (0.00ns)   --->   "call void (...)* @_ssdm_op_SpecInterface(i8* %img_2b_data_stream_0, [8 x i8]* @ap_fifo_str, i32 0, i32 0, [1 x i8]* @p_str419, i32 0, i32 0, [1 x i8]* @p_str420, [1 x i8]* @p_str421, [1 x i8]* @p_str422, i32 2, i32 2, i32 16, i32 16, [1 x i8]* @p_str423, [1 x i8]* @p_str424)"   --->   Operation 43 'specinterface' <Predicate = true> <Delay = 0.00>
ST_1 : Operation 44 [1/1] (0.00ns)   --->   "%empty_100 = call i32 (...)* @_ssdm_op_SpecChannel([24 x i8]* @img_3_OC_data_stream, i32 1, [1 x i8]* @p_str425, [1 x i8]* @p_str425, i32 2, i32 2, i8* %img_3_data_stream_0, i8* %img_3_data_stream_0)"   --->   Operation 44 'specchannel' 'empty_100' <Predicate = true> <Delay = 0.00>
ST_1 : Operation 45 [1/1] (0.00ns)   --->   "call void (...)* @_ssdm_op_SpecInterface(i8* %img_3_data_stream_0, [8 x i8]* @ap_fifo_str, i32 0, i32 0, [1 x i8]* @p_str426, i32 0, i32 0, [1 x i8]* @p_str427, [1 x i8]* @p_str428, [1 x i8]* @p_str429, i32 2, i32 2, i32 16, i32 16, [1 x i8]* @p_str430, [1 x i8]* @p_str431)"   --->   Operation 45 'specinterface' <Predicate = true> <Delay = 0.00>
ST_1 : Operation 46 [1/1] (0.00ns)   --->   "%empty_101 = call i32 (...)* @_ssdm_op_SpecChannel([24 x i8]* @img_4_OC_data_stream, i32 1, [1 x i8]* @p_str432, [1 x i8]* @p_str432, i32 2, i32 2, i8* %img_4_data_stream_0, i8* %img_4_data_stream_0)"   --->   Operation 46 'specchannel' 'empty_101' <Predicate = true> <Delay = 0.00>
ST_1 : Operation 47 [1/1] (0.00ns)   --->   "call void (...)* @_ssdm_op_SpecInterface(i8* %img_4_data_stream_0, [8 x i8]* @ap_fifo_str, i32 0, i32 0, [1 x i8]* @p_str433, i32 0, i32 0, [1 x i8]* @p_str434, [1 x i8]* @p_str435, [1 x i8]* @p_str436, i32 2, i32 2, i32 16, i32 16, [1 x i8]* @p_str437, [1 x i8]* @p_str438)"   --->   Operation 47 'specinterface' <Predicate = true> <Delay = 0.00>
ST_1 : Operation 48 [1/1] (0.00ns)   --->   "%empty_102 = call i32 (...)* @_ssdm_op_SpecChannel([24 x i8]* @img_5_OC_data_stream, i32 1, [1 x i8]* @p_str439, [1 x i8]* @p_str439, i32 2, i32 2, i8* %img_5_data_stream_0, i8* %img_5_data_stream_0)"   --->   Operation 48 'specchannel' 'empty_102' <Predicate = true> <Delay = 0.00>
ST_1 : Operation 49 [1/1] (0.00ns)   --->   "call void (...)* @_ssdm_op_SpecInterface(i8* %img_5_data_stream_0, [8 x i8]* @ap_fifo_str, i32 0, i32 0, [1 x i8]* @p_str440, i32 0, i32 0, [1 x i8]* @p_str441, [1 x i8]* @p_str442, [1 x i8]* @p_str443, i32 2, i32 2, i32 16, i32 16, [1 x i8]* @p_str444, [1 x i8]* @p_str445)"   --->   Operation 49 'specinterface' <Predicate = true> <Delay = 0.00>
ST_1 : Operation 50 [1/1] (0.00ns)   --->   "%empty_103 = call i32 (...)* @_ssdm_op_SpecChannel([24 x i8]* @img_6_OC_data_stream_2, i32 1, [1 x i8]* @p_str446, [1 x i8]* @p_str446, i32 2, i32 2, i8* %img_6_data_stream_0, i8* %img_6_data_stream_0)"   --->   Operation 50 'specchannel' 'empty_103' <Predicate = true> <Delay = 0.00>
ST_1 : Operation 51 [1/1] (0.00ns)   --->   "call void (...)* @_ssdm_op_SpecInterface(i8* %img_6_data_stream_0, [8 x i8]* @ap_fifo_str, i32 0, i32 0, [1 x i8]* @p_str447, i32 0, i32 0, [1 x i8]* @p_str448, [1 x i8]* @p_str449, [1 x i8]* @p_str450, i32 2, i32 2, i32 16, i32 16, [1 x i8]* @p_str451, [1 x i8]* @p_str452)"   --->   Operation 51 'specinterface' <Predicate = true> <Delay = 0.00>
ST_1 : Operation 52 [1/1] (0.00ns)   --->   "%empty_104 = call i32 (...)* @_ssdm_op_SpecChannel([24 x i8]* @img_6_OC_data_stream_1, i32 1, [1 x i8]* @p_str453, [1 x i8]* @p_str453, i32 2, i32 2, i8* %img_6_data_stream_1, i8* %img_6_data_stream_1)"   --->   Operation 52 'specchannel' 'empty_104' <Predicate = true> <Delay = 0.00>
ST_1 : Operation 53 [1/1] (0.00ns)   --->   "call void (...)* @_ssdm_op_SpecInterface(i8* %img_6_data_stream_1, [8 x i8]* @ap_fifo_str, i32 0, i32 0, [1 x i8]* @p_str454, i32 0, i32 0, [1 x i8]* @p_str455, [1 x i8]* @p_str456, [1 x i8]* @p_str457, i32 2, i32 2, i32 16, i32 16, [1 x i8]* @p_str458, [1 x i8]* @p_str459)"   --->   Operation 53 'specinterface' <Predicate = true> <Delay = 0.00>
ST_1 : Operation 54 [1/1] (0.00ns)   --->   "%empty_105 = call i32 (...)* @_ssdm_op_SpecChannel([25 x i8]* @img_6_OC_data_stream, i32 1, [1 x i8]* @p_str460, [1 x i8]* @p_str460, i32 2, i32 2, i8* %img_6_data_stream_2, i8* %img_6_data_stream_2)"   --->   Operation 54 'specchannel' 'empty_105' <Predicate = true> <Delay = 0.00>
ST_1 : Operation 55 [1/1] (0.00ns)   --->   "call void (...)* @_ssdm_op_SpecInterface(i8* %img_6_data_stream_2, [8 x i8]* @ap_fifo_str, i32 0, i32 0, [1 x i8]* @p_str461, i32 0, i32 0, [1 x i8]* @p_str462, [1 x i8]* @p_str463, [1 x i8]* @p_str464, i32 2, i32 2, i32 16, i32 16, [1 x i8]* @p_str465, [1 x i8]* @p_str466)"   --->   Operation 55 'specinterface' <Predicate = true> <Delay = 0.00>
ST_1 : Operation 56 [1/1] (0.00ns)   --->   "br i1 %enable_V_read, label %0, label %1" [SobelVideoWorking/a.cpp:23]   --->   Operation 56 'br' <Predicate = true> <Delay = 0.00>
ST_1 : Operation 57 [2/2] (1.66ns)   --->   "call fastcc void @Mat2AXIvideo(i11* %img_0_rows_V, i12* %img_0_cols_V, i8* %img_0_data_stream_0_V, i8* %img_0_data_stream_1_V, i8* %img_0_data_stream_2_V, i24* %OUTPUT_STREAM_V_data_V, i3* %OUTPUT_STREAM_V_keep_V, i3* %OUTPUT_STREAM_V_strb_V, i1* %OUTPUT_STREAM_V_user_V, i1* %OUTPUT_STREAM_V_last_V, i1* %OUTPUT_STREAM_V_id_V, i1* %OUTPUT_STREAM_V_dest_V)" [SobelVideoWorking/a.cpp:26]   --->   Operation 57 'call' <Predicate = (!enable_V_read)> <Delay = 1.66> <CoreType = "Generic">   --->   Core 0 '' <Latency = 0> <II = 1> <Delay = 1.00> <Generic> <Opcode : >
ST_1 : Operation 58 [2/2] (0.00ns)   --->   "call fastcc void @CvtColor.1(i11* %img_0_rows_V, i12* %img_0_cols_V, i8* %img_0_data_stream_0_V, i8* %img_0_data_stream_1_V, i8* %img_0_data_stream_2_V, i8* %img_1_data_stream_0)" [SobelVideoWorking/a.cpp:29]   --->   Operation 58 'call' <Predicate = (enable_V_read)> <Delay = 0.00> <CoreType = "Generic">   --->   Core 0 '' <Latency = 0> <II = 1> <Delay = 1.00> <Generic> <Opcode : >

State 2 <SV = 1> <Delay = 0.00>
ST_2 : Operation 59 [1/1] (0.00ns)   --->   "call void (...)* @_ssdm_op_SpecDataflowPipeline(i32 -1, [1 x i8]* @p_str3) nounwind" [SobelVideoWorking/a.cpp:25]   --->   Operation 59 'specdataflowpipeline' <Predicate = (!enable_V_read)> <Delay = 0.00>
ST_2 : Operation 60 [1/2] (0.00ns)   --->   "call fastcc void @Mat2AXIvideo(i11* %img_0_rows_V, i12* %img_0_cols_V, i8* %img_0_data_stream_0_V, i8* %img_0_data_stream_1_V, i8* %img_0_data_stream_2_V, i24* %OUTPUT_STREAM_V_data_V, i3* %OUTPUT_STREAM_V_keep_V, i3* %OUTPUT_STREAM_V_strb_V, i1* %OUTPUT_STREAM_V_user_V, i1* %OUTPUT_STREAM_V_last_V, i1* %OUTPUT_STREAM_V_id_V, i1* %OUTPUT_STREAM_V_dest_V)" [SobelVideoWorking/a.cpp:26]   --->   Operation 60 'call' <Predicate = (!enable_V_read)> <Delay = 0.00> <CoreType = "Generic">   --->   Core 0 '' <Latency = 0> <II = 1> <Delay = 1.00> <Generic> <Opcode : >
ST_2 : Operation 61 [1/1] (0.00ns)   --->   "br label %.exit" [SobelVideoWorking/a.cpp:27]   --->   Operation 61 'br' <Predicate = (!enable_V_read)> <Delay = 0.00>
ST_2 : Operation 62 [1/2] (0.00ns)   --->   "call fastcc void @CvtColor.1(i11* %img_0_rows_V, i12* %img_0_cols_V, i8* %img_0_data_stream_0_V, i8* %img_0_data_stream_1_V, i8* %img_0_data_stream_2_V, i8* %img_1_data_stream_0)" [SobelVideoWorking/a.cpp:29]   --->   Operation 62 'call' <Predicate = (enable_V_read)> <Delay = 0.00> <CoreType = "Generic">   --->   Core 0 '' <Latency = 0> <II = 1> <Delay = 1.00> <Generic> <Opcode : >

State 3 <SV = 2> <Delay = 0.00>
ST_3 : Operation 63 [2/2] (0.00ns)   --->   "call fastcc void @GaussianBlur(i8* %img_1_data_stream_0, i8* %img_2_data_stream_0)" [SobelVideoWorking/a.cpp:30]   --->   Operation 63 'call' <Predicate = (enable_V_read)> <Delay = 0.00> <CoreType = "Generic">   --->   Core 0 '' <Latency = 0> <II = 1> <Delay = 1.00> <Generic> <Opcode : >

State 4 <SV = 3> <Delay = 0.00>
ST_4 : Operation 64 [1/2] (0.00ns)   --->   "call fastcc void @GaussianBlur(i8* %img_1_data_stream_0, i8* %img_2_data_stream_0)" [SobelVideoWorking/a.cpp:30]   --->   Operation 64 'call' <Predicate = (enable_V_read)> <Delay = 0.00> <CoreType = "Generic">   --->   Core 0 '' <Latency = 0> <II = 1> <Delay = 1.00> <Generic> <Opcode : >

State 5 <SV = 4> <Delay = 0.00>
ST_5 : Operation 65 [2/2] (0.00ns)   --->   "call fastcc void @Duplicate(i8* %img_2_data_stream_0, i8* %img_2a_data_stream_0, i8* %img_2b_data_stream_0)" [SobelVideoWorking/a.cpp:31]   --->   Operation 65 'call' <Predicate = (enable_V_read)> <Delay = 0.00> <CoreType = "Generic">   --->   Core 0 '' <Latency = 0> <II = 1> <Delay = 1.00> <Generic> <Opcode : >

State 6 <SV = 5> <Delay = 0.00>
ST_6 : Operation 66 [1/2] (0.00ns)   --->   "call fastcc void @Duplicate(i8* %img_2_data_stream_0, i8* %img_2a_data_stream_0, i8* %img_2b_data_stream_0)" [SobelVideoWorking/a.cpp:31]   --->   Operation 66 'call' <Predicate = (enable_V_read)> <Delay = 0.00> <CoreType = "Generic">   --->   Core 0 '' <Latency = 0> <II = 1> <Delay = 1.00> <Generic> <Opcode : >

State 7 <SV = 6> <Delay = 0.00>
ST_7 : Operation 67 [2/2] (0.00ns)   --->   "call fastcc void @Sobel(i8* %img_2a_data_stream_0, i8* %img_3_data_stream_0)" [SobelVideoWorking/a.cpp:32]   --->   Operation 67 'call' <Predicate = (enable_V_read)> <Delay = 0.00> <CoreType = "Generic">   --->   Core 0 '' <Latency = 0> <II = 1> <Delay = 1.00> <Generic> <Opcode : >
ST_7 : Operation 68 [2/2] (0.00ns)   --->   "call fastcc void @Sobel.1(i8* %img_2b_data_stream_0, i8* %img_4_data_stream_0)" [SobelVideoWorking/a.cpp:33]   --->   Operation 68 'call' <Predicate = (enable_V_read)> <Delay = 0.00> <CoreType = "Generic">   --->   Core 0 '' <Latency = 0> <II = 1> <Delay = 1.00> <Generic> <Opcode : >

State 8 <SV = 7> <Delay = 0.00>
ST_8 : Operation 69 [1/2] (0.00ns)   --->   "call fastcc void @Sobel(i8* %img_2a_data_stream_0, i8* %img_3_data_stream_0)" [SobelVideoWorking/a.cpp:32]   --->   Operation 69 'call' <Predicate = (enable_V_read)> <Delay = 0.00> <CoreType = "Generic">   --->   Core 0 '' <Latency = 0> <II = 1> <Delay = 1.00> <Generic> <Opcode : >
ST_8 : Operation 70 [1/2] (0.00ns)   --->   "call fastcc void @Sobel.1(i8* %img_2b_data_stream_0, i8* %img_4_data_stream_0)" [SobelVideoWorking/a.cpp:33]   --->   Operation 70 'call' <Predicate = (enable_V_read)> <Delay = 0.00> <CoreType = "Generic">   --->   Core 0 '' <Latency = 0> <II = 1> <Delay = 1.00> <Generic> <Opcode : >

State 9 <SV = 8> <Delay = 0.00>
ST_9 : Operation 71 [2/2] (0.00ns)   --->   "call fastcc void @AddWeighted(i8* %img_4_data_stream_0, i8* %img_3_data_stream_0, i8* %img_5_data_stream_0)" [SobelVideoWorking/a.cpp:34]   --->   Operation 71 'call' <Predicate = (enable_V_read)> <Delay = 0.00> <CoreType = "Generic">   --->   Core 0 '' <Latency = 0> <II = 1> <Delay = 1.00> <Generic> <Opcode : >

State 10 <SV = 9> <Delay = 0.00>
ST_10 : Operation 72 [1/2] (0.00ns)   --->   "call fastcc void @AddWeighted(i8* %img_4_data_stream_0, i8* %img_3_data_stream_0, i8* %img_5_data_stream_0)" [SobelVideoWorking/a.cpp:34]   --->   Operation 72 'call' <Predicate = (enable_V_read)> <Delay = 0.00> <CoreType = "Generic">   --->   Core 0 '' <Latency = 0> <II = 1> <Delay = 1.00> <Generic> <Opcode : >

State 11 <SV = 10> <Delay = 0.00>
ST_11 : Operation 73 [2/2] (0.00ns)   --->   "call fastcc void @CvtColor(i8* %img_5_data_stream_0, i8* %img_6_data_stream_0, i8* %img_6_data_stream_1, i8* %img_6_data_stream_2)" [SobelVideoWorking/a.cpp:35]   --->   Operation 73 'call' <Predicate = (enable_V_read)> <Delay = 0.00> <CoreType = "Generic">   --->   Core 0 '' <Latency = 0> <II = 1> <Delay = 1.00> <Generic> <Opcode : >

State 12 <SV = 11> <Delay = 0.00>
ST_12 : Operation 74 [1/2] (0.00ns)   --->   "call fastcc void @CvtColor(i8* %img_5_data_stream_0, i8* %img_6_data_stream_0, i8* %img_6_data_stream_1, i8* %img_6_data_stream_2)" [SobelVideoWorking/a.cpp:35]   --->   Operation 74 'call' <Predicate = (enable_V_read)> <Delay = 0.00> <CoreType = "Generic">   --->   Core 0 '' <Latency = 0> <II = 1> <Delay = 1.00> <Generic> <Opcode : >

State 13 <SV = 12> <Delay = 1.66>
ST_13 : Operation 75 [2/2] (1.66ns)   --->   "call fastcc void @Mat2AXIvideo(i11* %img_6_rows_V, i12* %img_6_cols_V, i8* %img_6_data_stream_0, i8* %img_6_data_stream_1, i8* %img_6_data_stream_2, i24* %OUTPUT_STREAM_V_data_V, i3* %OUTPUT_STREAM_V_keep_V, i3* %OUTPUT_STREAM_V_strb_V, i1* %OUTPUT_STREAM_V_user_V, i1* %OUTPUT_STREAM_V_last_V, i1* %OUTPUT_STREAM_V_id_V, i1* %OUTPUT_STREAM_V_dest_V)" [SobelVideoWorking/a.cpp:36]   --->   Operation 75 'call' <Predicate = (enable_V_read)> <Delay = 1.66> <CoreType = "Generic">   --->   Core 0 '' <Latency = 0> <II = 1> <Delay = 1.00> <Generic> <Opcode : >

State 14 <SV = 13> <Delay = 0.00>
ST_14 : Operation 76 [1/2] (0.00ns)   --->   "call fastcc void @Mat2AXIvideo(i11* %img_6_rows_V, i12* %img_6_cols_V, i8* %img_6_data_stream_0, i8* %img_6_data_stream_1, i8* %img_6_data_stream_2, i24* %OUTPUT_STREAM_V_data_V, i3* %OUTPUT_STREAM_V_keep_V, i3* %OUTPUT_STREAM_V_strb_V, i1* %OUTPUT_STREAM_V_user_V, i1* %OUTPUT_STREAM_V_last_V, i1* %OUTPUT_STREAM_V_id_V, i1* %OUTPUT_STREAM_V_dest_V)" [SobelVideoWorking/a.cpp:36]   --->   Operation 76 'call' <Predicate = (enable_V_read)> <Delay = 0.00> <CoreType = "Generic">   --->   Core 0 '' <Latency = 0> <II = 1> <Delay = 1.00> <Generic> <Opcode : >
ST_14 : Operation 77 [1/1] (0.00ns)   --->   "br label %.exit"   --->   Operation 77 'br' <Predicate = (enable_V_read)> <Delay = 0.00>

State 15 <SV = 14> <Delay = 0.00>
ST_15 : Operation 78 [1/1] (0.00ns)   --->   "ret void"   --->   Operation 78 'ret' <Predicate = true> <Delay = 0.00>


============================================================
+ Verbose Summary: Timing violations
============================================================
Target clock period: 10ns, clock uncertainty: 1.25ns.

 <State 1>: 3.91ns
The critical path consists of the following:
	fifo read on port 'enable_V' [35]  (3.91 ns)

 <State 2>: 0ns
The critical path consists of the following:

 <State 3>: 0ns
The critical path consists of the following:

 <State 4>: 0ns
The critical path consists of the following:

 <State 5>: 0ns
The critical path consists of the following:

 <State 6>: 0ns
The critical path consists of the following:

 <State 7>: 0ns
The critical path consists of the following:

 <State 8>: 0ns
The critical path consists of the following:

 <State 9>: 0ns
The critical path consists of the following:

 <State 10>: 0ns
The critical path consists of the following:

 <State 11>: 0ns
The critical path consists of the following:

 <State 12>: 0ns
The critical path consists of the following:

 <State 13>: 1.66ns
The critical path consists of the following:
	'call' operation (SobelVideoWorking/a.cpp:36) to 'Mat2AXIvideo' [69]  (1.66 ns)

 <State 14>: 0ns
The critical path consists of the following:

 <State 15>: 0ns
The critical path consists of the following:


============================================================
+ Verbose Summary: Binding
============================================================
N/A
* FSMD analyzer results:
  - Output states:
 - Input state : 
  - Chain level:
	State 1
	State 2
	State 3
	State 4
	State 5
	State 6
	State 7
	State 8
	State 9
	State 10
	State 11
	State 12
	State 13
	State 14
	State 15


============================================================
+ Verbose Summary: Datapath Resource usage 
============================================================
N/A
