

================================================================
== Vivado HLS Report for 'CvtColor_1'
================================================================
* Date:           Mon Feb  4 18:08:44 2019

* Version:        2018.2 (Build 2258646 on Thu Jun 14 20:25:20 MDT 2018)
* Project:        SobelVideoWorking
* Solution:       solution1
* Product family: artix7
* Target device:  xc7a200tsbg484-1


================================================================
== Performance Estimates
================================================================
+ Timing (ns): 
    * Summary: 
    +--------+-------+----------+------------+
    |  Clock | Target| Estimated| Uncertainty|
    +--------+-------+----------+------------+
    |ap_clk  |  10.00|    11.000|        1.25|
    +--------+-------+----------+------------+

+ Latency (clock cycles): 
    * Summary: 
    +--------+--------+--------+--------+---------+
    |     Latency     |     Interval    | Pipeline|
    |   min  |   max  |   min  |   max  |   Type  |
    +--------+--------+--------+--------+---------+
    |  924481|  924481|  924481|  924481|   none  |
    +--------+--------+--------+--------+---------+

    + Detail: 
        * Instance: 
        N/A

        * Loop: 
        +---------------+--------+--------+----------+-----------+-----------+------+----------+
        |               |     Latency     | Iteration|  Initiation Interval  | Trip |          |
        |   Loop Name   |   min  |   max  |  Latency |  achieved |   target  | Count| Pipelined|
        +---------------+--------+--------+----------+-----------+-----------+------+----------+
        |- loop_height  |  924480|  924480|      1284|          -|          -|   720|    no    |
        | + loop_width  |    1281|    1281|         3|          1|          1|  1280|    yes   |
        +---------------+--------+--------+----------+-----------+-----------+------+----------+

============================================================
+ Verbose Summary: Synthesis Manager
============================================================
InlineROM: 1
ExposeGlobal: 0
============================================================
+ Verbose Summary: CDFG Model
============================================================
IsTopModel: 0
ResetActiveHigh: 1
IsCombinational: 2
IsDatapathOnly: 0
HasWiredReturn: 1
HasMFsm: 0
HasVarLatency: 1
IsPipeline: 0
IsRtlPipelined: 0
IsInstanceOverlapped: 0
IsDontTouch: 0
HasImplIP: 0
IsGatedGlobalClock: 0

+ Individual pipeline summary: 
  * Pipeline-0: initiation interval (II) = 1, depth = 3


============================================================
+ Verbose Summary: Schedule
============================================================
* Number of FSM states : 6
* Pipeline : 1
  Pipeline-0 : II = 1, D = 3, States = { 3 4 5 }
* Dataflow Pipeline: 0

* FSM state transitions: 
1 --> 
	2  / true
2 --> 
	3  / (!exitcond5)
3 --> 
	6  / (exitcond)
	4  / (!exitcond)
4 --> 
	5  / true
5 --> 
	3  / true
6 --> 
	2  / true

* FSM state operations: 

State 1 <SV = 0> <Delay = 1.66>
ST_1 : Operation 7 [1/1] (0.00ns)   --->   "call void (...)* @_ssdm_op_SpecInterface(i8* %p_dst_data_stream_V, [8 x i8]* @ap_fifo_str, i32 0, i32 0, [1 x i8]* @p_str397, i32 0, i32 0, [1 x i8]* @p_str398, [1 x i8]* @p_str399, [1 x i8]* @p_str400, i32 2, i32 2, i32 16, i32 16, [1 x i8]* @p_str401, [1 x i8]* @p_str402)"   --->   Operation 7 'specinterface' <Predicate = true> <Delay = 0.00>
ST_1 : Operation 8 [1/1] (1.66ns)   --->   "br label %0" [C:/Xilinx/Vivado/2018.2/common/technology/autopilot/hls/hls_video_imgproc.h:1947]   --->   Operation 8 'br' <Predicate = true> <Delay = 1.66>

State 2 <SV = 1> <Delay = 2.67>
ST_2 : Operation 9 [1/1] (0.00ns)   --->   "%i = phi i10 [ 0, %ap_fixed_base.exit25.i.i ], [ %i_1, %3 ]"   --->   Operation 9 'phi' 'i' <Predicate = true> <Delay = 0.00>
ST_2 : Operation 10 [1/1] (0.00ns)   --->   "call void (...)* @_ssdm_op_SpecLoopTripCount(i64 720, i64 720, i64 720)"   --->   Operation 10 'speclooptripcount' <Predicate = true> <Delay = 0.00>
ST_2 : Operation 11 [1/1] (1.70ns)   --->   "%exitcond5 = icmp eq i10 %i, -304" [C:/Xilinx/Vivado/2018.2/common/technology/autopilot/hls/hls_video_imgproc.h:1947]   --->   Operation 11 'icmp' 'exitcond5' <Predicate = true> <Delay = 1.70> <Core = "Cmp">   --->   Core 25 'Cmp' <Latency = 0> <II = 1> <Delay = 1.70> <FuncUnit> <Opcode : 'icmp'> <InPorts = 2> <OutPorts = 1>
ST_2 : Operation 12 [1/1] (2.12ns)   --->   "%i_1 = add i10 %i, 1" [C:/Xilinx/Vivado/2018.2/common/technology/autopilot/hls/hls_video_imgproc.h:1947]   --->   Operation 12 'add' 'i_1' <Predicate = true> <Delay = 2.12> <Core = "AddSub">   --->   Core 14 'AddSub' <Latency = 0> <II = 1> <Delay = 2.12> <FuncUnit> <Opcode : 'add' 'sub'> <InPorts = 2> <OutPorts = 1>
ST_2 : Operation 13 [1/1] (0.00ns)   --->   "br i1 %exitcond5, label %4, label %1" [C:/Xilinx/Vivado/2018.2/common/technology/autopilot/hls/hls_video_imgproc.h:1947]   --->   Operation 13 'br' <Predicate = true> <Delay = 0.00>
ST_2 : Operation 14 [1/1] (0.00ns)   --->   "call void (...)* @_ssdm_op_SpecLoopName([12 x i8]* @p_str9) nounwind" [C:/Xilinx/Vivado/2018.2/common/technology/autopilot/hls/hls_video_imgproc.h:1947]   --->   Operation 14 'specloopname' <Predicate = (!exitcond5)> <Delay = 0.00>
ST_2 : Operation 15 [1/1] (0.00ns)   --->   "%tmp = call i32 (...)* @_ssdm_op_SpecRegionBegin([12 x i8]* @p_str9)" [C:/Xilinx/Vivado/2018.2/common/technology/autopilot/hls/hls_video_imgproc.h:1947]   --->   Operation 15 'specregionbegin' 'tmp' <Predicate = (!exitcond5)> <Delay = 0.00>
ST_2 : Operation 16 [1/1] (1.66ns)   --->   "br label %2" [C:/Xilinx/Vivado/2018.2/common/technology/autopilot/hls/hls_video_imgproc.h:1948]   --->   Operation 16 'br' <Predicate = (!exitcond5)> <Delay = 1.66>
ST_2 : Operation 17 [1/1] (0.00ns)   --->   "ret void" [C:/Xilinx/Vivado/2018.2/common/technology/autopilot/hls/hls_video_imgproc.h:1956]   --->   Operation 17 'ret' <Predicate = (exitcond5)> <Delay = 0.00>

State 3 <SV = 2> <Delay = 7.18>
ST_3 : Operation 18 [1/1] (0.00ns)   --->   "%j = phi i11 [ 0, %1 ], [ %j_1, %"operator>>.exit_ifconv" ]"   --->   Operation 18 'phi' 'j' <Predicate = true> <Delay = 0.00>
ST_3 : Operation 19 [1/1] (0.00ns)   --->   "call void (...)* @_ssdm_op_SpecLoopTripCount(i64 1280, i64 1280, i64 1280)"   --->   Operation 19 'speclooptripcount' <Predicate = true> <Delay = 0.00>
ST_3 : Operation 20 [1/1] (1.81ns)   --->   "%exitcond = icmp eq i11 %j, -768" [C:/Xilinx/Vivado/2018.2/common/technology/autopilot/hls/hls_video_imgproc.h:1948]   --->   Operation 20 'icmp' 'exitcond' <Predicate = true> <Delay = 1.81> <Core = "Cmp">   --->   Core 25 'Cmp' <Latency = 0> <II = 1> <Delay = 1.70> <FuncUnit> <Opcode : 'icmp'> <InPorts = 2> <OutPorts = 1>
ST_3 : Operation 21 [1/1] (2.12ns)   --->   "%j_1 = add i11 %j, 1" [C:/Xilinx/Vivado/2018.2/common/technology/autopilot/hls/hls_video_imgproc.h:1948]   --->   Operation 21 'add' 'j_1' <Predicate = true> <Delay = 2.12> <Core = "AddSub">   --->   Core 14 'AddSub' <Latency = 0> <II = 1> <Delay = 2.12> <FuncUnit> <Opcode : 'add' 'sub'> <InPorts = 2> <OutPorts = 1>
ST_3 : Operation 22 [1/1] (0.00ns)   --->   "br i1 %exitcond, label %3, label %"operator>>.exit_ifconv"" [C:/Xilinx/Vivado/2018.2/common/technology/autopilot/hls/hls_video_imgproc.h:1948]   --->   Operation 22 'br' <Predicate = true> <Delay = 0.00>
ST_3 : Operation 23 [1/1] (0.00ns)   --->   "%tmp_s = call i32 (...)* @_ssdm_op_SpecRegionBegin([12 x i8]* @p_str45)" [C:/Xilinx/Vivado/2018.2/common/technology/autopilot/hls/hls_video_core.h:617->C:/Xilinx/Vivado/2018.2/common/technology/autopilot/hls/hls_video_core.h:656->C:/Xilinx/Vivado/2018.2/common/technology/autopilot/hls/hls_video_imgproc.h:1951]   --->   Operation 23 'specregionbegin' 'tmp_s' <Predicate = (!exitcond)> <Delay = 0.00>
ST_3 : Operation 24 [1/1] (0.00ns)   --->   "call void (...)* @_ssdm_op_SpecProtocol(i32 0, [1 x i8]* @p_str3) nounwind" [C:/Xilinx/Vivado/2018.2/common/technology/autopilot/hls/hls_video_core.h:621->C:/Xilinx/Vivado/2018.2/common/technology/autopilot/hls/hls_video_core.h:656->C:/Xilinx/Vivado/2018.2/common/technology/autopilot/hls/hls_video_imgproc.h:1951]   --->   Operation 24 'specprotocol' <Predicate = (!exitcond)> <Delay = 0.00>
ST_3 : Operation 25 [1/1] (0.00ns)   --->   "%tmp_89 = call i8 @_ssdm_op_Read.ap_auto.volatile.i8P(i8* %p_src_data_stream_0_V)" [C:/Xilinx/Vivado/2018.2/common/technology/autopilot/hls/hls_video_core.h:624->C:/Xilinx/Vivado/2018.2/common/technology/autopilot/hls/hls_video_core.h:656->C:/Xilinx/Vivado/2018.2/common/technology/autopilot/hls/hls_video_imgproc.h:1951]   --->   Operation 25 'read' 'tmp_89' <Predicate = (!exitcond)> <Delay = 0.00>
ST_3 : Operation 26 [1/1] (0.00ns)   --->   "%tmp_90 = call i8 @_ssdm_op_Read.ap_auto.volatile.i8P(i8* %p_src_data_stream_1_V)" [C:/Xilinx/Vivado/2018.2/common/technology/autopilot/hls/hls_video_core.h:624->C:/Xilinx/Vivado/2018.2/common/technology/autopilot/hls/hls_video_core.h:656->C:/Xilinx/Vivado/2018.2/common/technology/autopilot/hls/hls_video_imgproc.h:1951]   --->   Operation 26 'read' 'tmp_90' <Predicate = (!exitcond)> <Delay = 0.00>
ST_3 : Operation 27 [1/1] (0.00ns)   --->   "%tmp_91 = call i8 @_ssdm_op_Read.ap_auto.volatile.i8P(i8* %p_src_data_stream_2_V)" [C:/Xilinx/Vivado/2018.2/common/technology/autopilot/hls/hls_video_core.h:624->C:/Xilinx/Vivado/2018.2/common/technology/autopilot/hls/hls_video_core.h:656->C:/Xilinx/Vivado/2018.2/common/technology/autopilot/hls/hls_video_imgproc.h:1951]   --->   Operation 27 'read' 'tmp_91' <Predicate = (!exitcond)> <Delay = 0.00>
ST_3 : Operation 28 [1/1] (0.00ns)   --->   "%empty = call i32 (...)* @_ssdm_op_SpecRegionEnd([12 x i8]* @p_str45, i32 %tmp_s)" [C:/Xilinx/Vivado/2018.2/common/technology/autopilot/hls/hls_video_core.h:626->C:/Xilinx/Vivado/2018.2/common/technology/autopilot/hls/hls_video_core.h:656->C:/Xilinx/Vivado/2018.2/common/technology/autopilot/hls/hls_video_imgproc.h:1951]   --->   Operation 28 'specregionend' 'empty' <Predicate = (!exitcond)> <Delay = 0.00>
ST_3 : Operation 29 [1/1] (0.00ns)   --->   "%OP2_V_2_i_cast = zext i8 %tmp_91 to i29" [C:/Xilinx/Vivado/2018.2/common/technology/autopilot/hls/hls_video_imgproc.h:1477->C:/Xilinx/Vivado/2018.2/common/technology/autopilot/hls/hls_video_imgproc.h:1514->C:/Xilinx/Vivado/2018.2/common/technology/autopilot/hls/hls_video_imgproc.h:1952]   --->   Operation 29 'zext' 'OP2_V_2_i_cast' <Predicate = (!exitcond)> <Delay = 0.00>
ST_3 : Operation 30 [1/1] (7.18ns)   --->   "%r_V_4_i = mul i29 %OP2_V_2_i_cast, 1254096" [C:/Xilinx/Vivado/2018.2/common/technology/autopilot/hls/hls_video_imgproc.h:1477->C:/Xilinx/Vivado/2018.2/common/technology/autopilot/hls/hls_video_imgproc.h:1514->C:/Xilinx/Vivado/2018.2/common/technology/autopilot/hls/hls_video_imgproc.h:1952]   --->   Operation 30 'mul' 'r_V_4_i' <Predicate = (!exitcond)> <Delay = 7.18> <Core = "DSP48">   --->   Core 61 'DSP48' <Latency = 0> <II = 1> <Delay = 7.18> <IPBlock> <Opcode : 'mul' 'add' 'sub' 'select'> <InPorts = 0> <OutPorts = 1> <Sync> <CReg>

State 4 <SV = 3> <Delay = 11.0>
ST_4 : Operation 31 [1/1] (0.00ns)   --->   "%OP2_V_i_cast = zext i8 %tmp_89 to i28" [C:/Xilinx/Vivado/2018.2/common/technology/autopilot/hls/hls_video_imgproc.h:1473->C:/Xilinx/Vivado/2018.2/common/technology/autopilot/hls/hls_video_imgproc.h:1514->C:/Xilinx/Vivado/2018.2/common/technology/autopilot/hls/hls_video_imgproc.h:1952]   --->   Operation 31 'zext' 'OP2_V_i_cast' <Predicate = (!exitcond)> <Delay = 0.00>
ST_4 : Operation 32 [1/1] (3.36ns)   --->   "%r_V = mul i28 %OP2_V_i_cast, 478150" [C:/Xilinx/Vivado/2018.2/common/technology/autopilot/hls/hls_video_imgproc.h:1473->C:/Xilinx/Vivado/2018.2/common/technology/autopilot/hls/hls_video_imgproc.h:1514->C:/Xilinx/Vivado/2018.2/common/technology/autopilot/hls/hls_video_imgproc.h:1952]   --->   Operation 32 'mul' 'r_V' <Predicate = (!exitcond)> <Delay = 3.36> <Core = "DSP48">   --->   Core 61 'DSP48' <Latency = 0> <II = 1> <Delay = 7.18> <IPBlock> <Opcode : 'mul' 'add' 'sub' 'select'> <InPorts = 0> <OutPorts = 1> <Sync> <CReg>
ST_4 : Operation 33 [1/1] (0.00ns)   --->   "%OP2_V_1_i_cast = zext i8 %tmp_90 to i30" [C:/Xilinx/Vivado/2018.2/common/technology/autopilot/hls/hls_video_imgproc.h:1477->C:/Xilinx/Vivado/2018.2/common/technology/autopilot/hls/hls_video_imgproc.h:1514->C:/Xilinx/Vivado/2018.2/common/technology/autopilot/hls/hls_video_imgproc.h:1952]   --->   Operation 33 'zext' 'OP2_V_1_i_cast' <Predicate = (!exitcond)> <Delay = 0.00>
ST_4 : Operation 34 [1/1] (3.36ns)   --->   "%r_V_3_i = mul i30 %OP2_V_1_i_cast, 2462056" [C:/Xilinx/Vivado/2018.2/common/technology/autopilot/hls/hls_video_imgproc.h:1477->C:/Xilinx/Vivado/2018.2/common/technology/autopilot/hls/hls_video_imgproc.h:1514->C:/Xilinx/Vivado/2018.2/common/technology/autopilot/hls/hls_video_imgproc.h:1952]   --->   Operation 34 'mul' 'r_V_3_i' <Predicate = (!exitcond)> <Delay = 3.36> <Core = "DSP48">   --->   Core 61 'DSP48' <Latency = 0> <II = 1> <Delay = 7.18> <IPBlock> <Opcode : 'mul' 'add' 'sub' 'select'> <InPorts = 0> <OutPorts = 1> <Sync> <CReg>
ST_4 : Operation 35 [1/1] (0.00ns)   --->   "%tmp1_i_cast = zext i28 %r_V to i29" [C:/Xilinx/Vivado/2018.2/common/technology/autopilot/hls/hls_video_imgproc.h:1477->C:/Xilinx/Vivado/2018.2/common/technology/autopilot/hls/hls_video_imgproc.h:1514->C:/Xilinx/Vivado/2018.2/common/technology/autopilot/hls/hls_video_imgproc.h:1952]   --->   Operation 35 'zext' 'tmp1_i_cast' <Predicate = (!exitcond)> <Delay = 0.00>
ST_4 : Operation 36 [1/1] (3.82ns)   --->   "%p_Val2_5 = add i29 %r_V_4_i, %tmp1_i_cast" [C:/Xilinx/Vivado/2018.2/common/technology/autopilot/hls/hls_video_imgproc.h:1477->C:/Xilinx/Vivado/2018.2/common/technology/autopilot/hls/hls_video_imgproc.h:1514->C:/Xilinx/Vivado/2018.2/common/technology/autopilot/hls/hls_video_imgproc.h:1952]   --->   Operation 36 'add' 'p_Val2_5' <Predicate = (!exitcond)> <Delay = 3.82> <Core = "DSP48">   --->   Core 61 'DSP48' <Latency = 0> <II = 1> <Delay = 7.18> <IPBlock> <Opcode : 'mul' 'add' 'sub' 'select'> <InPorts = 0> <OutPorts = 1> <Sync> <CReg>
ST_4 : Operation 37 [1/1] (0.00ns)   --->   "%tmp_i_cast = zext i29 %p_Val2_5 to i30" [C:/Xilinx/Vivado/2018.2/common/technology/autopilot/hls/hls_video_imgproc.h:1477->C:/Xilinx/Vivado/2018.2/common/technology/autopilot/hls/hls_video_imgproc.h:1514->C:/Xilinx/Vivado/2018.2/common/technology/autopilot/hls/hls_video_imgproc.h:1952]   --->   Operation 37 'zext' 'tmp_i_cast' <Predicate = (!exitcond)> <Delay = 0.00>
ST_4 : Operation 38 [1/1] (3.82ns)   --->   "%r_V_1 = add i30 %r_V_3_i, %tmp_i_cast" [C:/Xilinx/Vivado/2018.2/common/technology/autopilot/hls/hls_video_imgproc.h:1477->C:/Xilinx/Vivado/2018.2/common/technology/autopilot/hls/hls_video_imgproc.h:1514->C:/Xilinx/Vivado/2018.2/common/technology/autopilot/hls/hls_video_imgproc.h:1952]   --->   Operation 38 'add' 'r_V_1' <Predicate = (!exitcond)> <Delay = 3.82> <Core = "DSP48">   --->   Core 61 'DSP48' <Latency = 0> <II = 1> <Delay = 7.18> <IPBlock> <Opcode : 'mul' 'add' 'sub' 'select'> <InPorts = 0> <OutPorts = 1> <Sync> <CReg>
ST_4 : Operation 39 [1/1] (0.00ns)   --->   "%p_Val2_7 = call i8 @_ssdm_op_PartSelect.i8.i30.i32.i32(i30 %r_V_1, i32 22, i32 29)" [C:/Xilinx/Vivado/2018.2/common/technology/autopilot/hls/hls_video_types.h:409->C:/Xilinx/Vivado/2018.2/common/technology/autopilot/hls/hls_video_types.h:500->C:/Xilinx/Vivado/2018.2/common/technology/autopilot/hls/hls_video_imgproc.h:1478->C:/Xilinx/Vivado/2018.2/common/technology/autopilot/hls/hls_video_imgproc.h:1514->C:/Xilinx/Vivado/2018.2/common/technology/autopilot/hls/hls_video_imgproc.h:1952]   --->   Operation 39 'partselect' 'p_Val2_7' <Predicate = (!exitcond)> <Delay = 0.00>
ST_4 : Operation 40 [1/1] (0.00ns)   --->   "%tmp_85 = call i1 @_ssdm_op_BitSelect.i1.i30.i32(i30 %r_V_1, i32 21)" [C:/Xilinx/Vivado/2018.2/common/technology/autopilot/hls/hls_video_types.h:409->C:/Xilinx/Vivado/2018.2/common/technology/autopilot/hls/hls_video_types.h:500->C:/Xilinx/Vivado/2018.2/common/technology/autopilot/hls/hls_video_imgproc.h:1478->C:/Xilinx/Vivado/2018.2/common/technology/autopilot/hls/hls_video_imgproc.h:1514->C:/Xilinx/Vivado/2018.2/common/technology/autopilot/hls/hls_video_imgproc.h:1952]   --->   Operation 40 'bitselect' 'tmp_85' <Predicate = (!exitcond)> <Delay = 0.00>

State 5 <SV = 4> <Delay = 7.06>
ST_5 : Operation 41 [1/1] (0.00ns)   --->   "call void (...)* @_ssdm_op_SpecLoopName([11 x i8]* @p_str10) nounwind" [C:/Xilinx/Vivado/2018.2/common/technology/autopilot/hls/hls_video_imgproc.h:1948]   --->   Operation 41 'specloopname' <Predicate = (!exitcond)> <Delay = 0.00>
ST_5 : Operation 42 [1/1] (0.00ns)   --->   "%tmp_36 = call i32 (...)* @_ssdm_op_SpecRegionBegin([11 x i8]* @p_str10)" [C:/Xilinx/Vivado/2018.2/common/technology/autopilot/hls/hls_video_imgproc.h:1948]   --->   Operation 42 'specregionbegin' 'tmp_36' <Predicate = (!exitcond)> <Delay = 0.00>
ST_5 : Operation 43 [1/1] (0.00ns)   --->   "call void (...)* @_ssdm_op_SpecPipeline(i32 -1, i32 1, i32 1, i32 0, [1 x i8]* @p_str3) nounwind" [C:/Xilinx/Vivado/2018.2/common/technology/autopilot/hls/hls_video_imgproc.h:1950]   --->   Operation 43 'specpipeline' <Predicate = (!exitcond)> <Delay = 0.00>
ST_5 : Operation 44 [1/1] (0.00ns)   --->   "%tmp_1_i_i_i = zext i1 %tmp_85 to i8" [C:/Xilinx/Vivado/2018.2/common/technology/autopilot/hls/hls_video_types.h:409->C:/Xilinx/Vivado/2018.2/common/technology/autopilot/hls/hls_video_types.h:500->C:/Xilinx/Vivado/2018.2/common/technology/autopilot/hls/hls_video_imgproc.h:1478->C:/Xilinx/Vivado/2018.2/common/technology/autopilot/hls/hls_video_imgproc.h:1514->C:/Xilinx/Vivado/2018.2/common/technology/autopilot/hls/hls_video_imgproc.h:1952]   --->   Operation 44 'zext' 'tmp_1_i_i_i' <Predicate = (!exitcond)> <Delay = 0.00>
ST_5 : Operation 45 [1/1] (0.00ns) (grouped into LUT with out node p_Val2_s)   --->   "%tmp_86 = call i1 @_ssdm_op_BitSelect.i1.i30.i32(i30 %r_V_1, i32 29)" [C:/Xilinx/Vivado/2018.2/common/technology/autopilot/hls/hls_video_types.h:409->C:/Xilinx/Vivado/2018.2/common/technology/autopilot/hls/hls_video_types.h:500->C:/Xilinx/Vivado/2018.2/common/technology/autopilot/hls/hls_video_imgproc.h:1478->C:/Xilinx/Vivado/2018.2/common/technology/autopilot/hls/hls_video_imgproc.h:1514->C:/Xilinx/Vivado/2018.2/common/technology/autopilot/hls/hls_video_imgproc.h:1952]   --->   Operation 45 'bitselect' 'tmp_86' <Predicate = (!exitcond)> <Delay = 0.00>
ST_5 : Operation 46 [1/1] (2.11ns)   --->   "%p_Val2_8 = add i8 %p_Val2_7, %tmp_1_i_i_i" [C:/Xilinx/Vivado/2018.2/common/technology/autopilot/hls/hls_video_types.h:409->C:/Xilinx/Vivado/2018.2/common/technology/autopilot/hls/hls_video_types.h:500->C:/Xilinx/Vivado/2018.2/common/technology/autopilot/hls/hls_video_imgproc.h:1478->C:/Xilinx/Vivado/2018.2/common/technology/autopilot/hls/hls_video_imgproc.h:1514->C:/Xilinx/Vivado/2018.2/common/technology/autopilot/hls/hls_video_imgproc.h:1952]   --->   Operation 46 'add' 'p_Val2_8' <Predicate = (!exitcond)> <Delay = 2.11> <Core = "AddSub">   --->   Core 14 'AddSub' <Latency = 0> <II = 1> <Delay = 2.12> <FuncUnit> <Opcode : 'add' 'sub'> <InPorts = 2> <OutPorts = 1>
ST_5 : Operation 47 [1/1] (0.00ns) (grouped into LUT with out node p_Val2_s)   --->   "%tmp_87 = call i1 @_ssdm_op_BitSelect.i1.i8.i32(i8 %p_Val2_8, i32 7)" [C:/Xilinx/Vivado/2018.2/common/technology/autopilot/hls/hls_video_types.h:409->C:/Xilinx/Vivado/2018.2/common/technology/autopilot/hls/hls_video_types.h:500->C:/Xilinx/Vivado/2018.2/common/technology/autopilot/hls/hls_video_imgproc.h:1478->C:/Xilinx/Vivado/2018.2/common/technology/autopilot/hls/hls_video_imgproc.h:1514->C:/Xilinx/Vivado/2018.2/common/technology/autopilot/hls/hls_video_imgproc.h:1952]   --->   Operation 47 'bitselect' 'tmp_87' <Predicate = (!exitcond)> <Delay = 0.00>
ST_5 : Operation 48 [1/1] (0.00ns) (grouped into LUT with out node p_Val2_s)   --->   "%p_Result_1_i_i_i_n = xor i1 %tmp_86, true" [C:/Xilinx/Vivado/2018.2/common/technology/autopilot/hls/hls_video_types.h:409->C:/Xilinx/Vivado/2018.2/common/technology/autopilot/hls/hls_video_types.h:500->C:/Xilinx/Vivado/2018.2/common/technology/autopilot/hls/hls_video_imgproc.h:1478->C:/Xilinx/Vivado/2018.2/common/technology/autopilot/hls/hls_video_imgproc.h:1514->C:/Xilinx/Vivado/2018.2/common/technology/autopilot/hls/hls_video_imgproc.h:1952]   --->   Operation 48 'xor' 'p_Result_1_i_i_i_n' <Predicate = (!exitcond)> <Delay = 0.00> <Core = "LogicGate">   --->   Core 27 'LogicGate' <Latency = 0> <II = 1> <Delay = 0.97> <FuncUnit> <Opcode : 'and' 'or' 'xor'> <InPorts = 2> <OutPorts = 1>
ST_5 : Operation 49 [1/1] (0.00ns) (grouped into LUT with out node p_Val2_s)   --->   "%not_carry = or i1 %tmp_87, %p_Result_1_i_i_i_n" [C:/Xilinx/Vivado/2018.2/common/technology/autopilot/hls/hls_video_types.h:409->C:/Xilinx/Vivado/2018.2/common/technology/autopilot/hls/hls_video_types.h:500->C:/Xilinx/Vivado/2018.2/common/technology/autopilot/hls/hls_video_imgproc.h:1478->C:/Xilinx/Vivado/2018.2/common/technology/autopilot/hls/hls_video_imgproc.h:1514->C:/Xilinx/Vivado/2018.2/common/technology/autopilot/hls/hls_video_imgproc.h:1952]   --->   Operation 49 'or' 'not_carry' <Predicate = (!exitcond)> <Delay = 0.00> <Core = "LogicGate">   --->   Core 27 'LogicGate' <Latency = 0> <II = 1> <Delay = 0.97> <FuncUnit> <Opcode : 'and' 'or' 'xor'> <InPorts = 2> <OutPorts = 1>
ST_5 : Operation 50 [1/1] (1.04ns) (out node of the LUT)   --->   "%p_Val2_s = select i1 %not_carry, i8 %p_Val2_8, i8 -1" [C:/Xilinx/Vivado/2018.2/common/technology/autopilot/hls/hls_video_types.h:409->C:/Xilinx/Vivado/2018.2/common/technology/autopilot/hls/hls_video_types.h:500->C:/Xilinx/Vivado/2018.2/common/technology/autopilot/hls/hls_video_imgproc.h:1478->C:/Xilinx/Vivado/2018.2/common/technology/autopilot/hls/hls_video_imgproc.h:1514->C:/Xilinx/Vivado/2018.2/common/technology/autopilot/hls/hls_video_imgproc.h:1952]   --->   Operation 50 'select' 'p_Val2_s' <Predicate = (!exitcond)> <Delay = 1.04> <Core = "Sel">   --->   Core 26 'Sel' <Latency = 0> <II = 1> <Delay = 1.04> <FuncUnit> <Opcode : 'select'> <InPorts = 3> <OutPorts = 1>
ST_5 : Operation 51 [1/1] (0.00ns)   --->   "%tmp_37 = call i32 (...)* @_ssdm_op_SpecRegionBegin([12 x i8]* @p_str19)" [C:/Xilinx/Vivado/2018.2/common/technology/autopilot/hls/hls_video_core.h:641->C:/Xilinx/Vivado/2018.2/common/technology/autopilot/hls/hls_video_core.h:662->C:/Xilinx/Vivado/2018.2/common/technology/autopilot/hls/hls_video_imgproc.h:1953]   --->   Operation 51 'specregionbegin' 'tmp_37' <Predicate = (!exitcond)> <Delay = 0.00>
ST_5 : Operation 52 [1/1] (0.00ns)   --->   "call void (...)* @_ssdm_op_SpecProtocol(i32 0, [1 x i8]* @p_str3) nounwind" [C:/Xilinx/Vivado/2018.2/common/technology/autopilot/hls/hls_video_core.h:645->C:/Xilinx/Vivado/2018.2/common/technology/autopilot/hls/hls_video_core.h:662->C:/Xilinx/Vivado/2018.2/common/technology/autopilot/hls/hls_video_imgproc.h:1953]   --->   Operation 52 'specprotocol' <Predicate = (!exitcond)> <Delay = 0.00>
ST_5 : Operation 53 [1/1] (3.90ns)   --->   "call void @_ssdm_op_Write.ap_fifo.volatile.i8P(i8* %p_dst_data_stream_V, i8 %p_Val2_s)" [C:/Xilinx/Vivado/2018.2/common/technology/autopilot/hls/hls_video_core.h:648->C:/Xilinx/Vivado/2018.2/common/technology/autopilot/hls/hls_video_core.h:662->C:/Xilinx/Vivado/2018.2/common/technology/autopilot/hls/hls_video_imgproc.h:1953]   --->   Operation 53 'write' <Predicate = (!exitcond)> <Delay = 3.90> <Core = "FIFO">   --->   Core 32 'FIFO' <Latency = 0> <II = 1> <Delay = 3.90> <Storage> <Opcode : 'read' 'write' 'nbread' 'nbwrite'> <Ports = 0> <Width = 8> <Depth = 2> <FIFO>
ST_5 : Operation 54 [1/1] (0.00ns)   --->   "%empty_83 = call i32 (...)* @_ssdm_op_SpecRegionEnd([12 x i8]* @p_str19, i32 %tmp_37)" [C:/Xilinx/Vivado/2018.2/common/technology/autopilot/hls/hls_video_core.h:650->C:/Xilinx/Vivado/2018.2/common/technology/autopilot/hls/hls_video_core.h:662->C:/Xilinx/Vivado/2018.2/common/technology/autopilot/hls/hls_video_imgproc.h:1953]   --->   Operation 54 'specregionend' 'empty_83' <Predicate = (!exitcond)> <Delay = 0.00>
ST_5 : Operation 55 [1/1] (0.00ns)   --->   "%empty_84 = call i32 (...)* @_ssdm_op_SpecRegionEnd([11 x i8]* @p_str10, i32 %tmp_36)" [C:/Xilinx/Vivado/2018.2/common/technology/autopilot/hls/hls_video_imgproc.h:1954]   --->   Operation 55 'specregionend' 'empty_84' <Predicate = (!exitcond)> <Delay = 0.00>
ST_5 : Operation 56 [1/1] (0.00ns)   --->   "br label %2" [C:/Xilinx/Vivado/2018.2/common/technology/autopilot/hls/hls_video_imgproc.h:1948]   --->   Operation 56 'br' <Predicate = (!exitcond)> <Delay = 0.00>

State 6 <SV = 3> <Delay = 0.00>
ST_6 : Operation 57 [1/1] (0.00ns)   --->   "%empty_85 = call i32 (...)* @_ssdm_op_SpecRegionEnd([12 x i8]* @p_str9, i32 %tmp)" [C:/Xilinx/Vivado/2018.2/common/technology/autopilot/hls/hls_video_imgproc.h:1955]   --->   Operation 57 'specregionend' 'empty_85' <Predicate = true> <Delay = 0.00>
ST_6 : Operation 58 [1/1] (0.00ns)   --->   "br label %0" [C:/Xilinx/Vivado/2018.2/common/technology/autopilot/hls/hls_video_imgproc.h:1947]   --->   Operation 58 'br' <Predicate = true> <Delay = 0.00>


============================================================
+ Verbose Summary: Timing violations
============================================================
Target clock period: 10ns, clock uncertainty: 1.25ns.

 <State 1>: 1.66ns
The critical path consists of the following:
	multiplexor before 'phi' operation ('i') with incoming values : ('i', C:/Xilinx/Vivado/2018.2/common/technology/autopilot/hls/hls_video_imgproc.h:1947) [8]  (1.66 ns)

 <State 2>: 2.68ns
The critical path consists of the following:
	'icmp' operation ('exitcond5', C:/Xilinx/Vivado/2018.2/common/technology/autopilot/hls/hls_video_imgproc.h:1947) [10]  (1.7 ns)
	blocking operation 0.978 ns on control path)

 <State 3>: 7.18ns
The critical path consists of the following:
	wire read on port 'p_src_data_stream_2_V' (C:/Xilinx/Vivado/2018.2/common/technology/autopilot/hls/hls_video_core.h:624->C:/Xilinx/Vivado/2018.2/common/technology/autopilot/hls/hls_video_core.h:656->C:/Xilinx/Vivado/2018.2/common/technology/autopilot/hls/hls_video_imgproc.h:1951) [31]  (0 ns)
	'mul' operation ('r_V_4_i', C:/Xilinx/Vivado/2018.2/common/technology/autopilot/hls/hls_video_imgproc.h:1477->C:/Xilinx/Vivado/2018.2/common/technology/autopilot/hls/hls_video_imgproc.h:1514->C:/Xilinx/Vivado/2018.2/common/technology/autopilot/hls/hls_video_imgproc.h:1952) [38]  (7.18 ns)

 <State 4>: 11ns
The critical path consists of the following:
	'mul' operation ('r.V', C:/Xilinx/Vivado/2018.2/common/technology/autopilot/hls/hls_video_imgproc.h:1473->C:/Xilinx/Vivado/2018.2/common/technology/autopilot/hls/hls_video_imgproc.h:1514->C:/Xilinx/Vivado/2018.2/common/technology/autopilot/hls/hls_video_imgproc.h:1952) [34]  (3.36 ns)
	'add' operation ('__Val2__', C:/Xilinx/Vivado/2018.2/common/technology/autopilot/hls/hls_video_imgproc.h:1477->C:/Xilinx/Vivado/2018.2/common/technology/autopilot/hls/hls_video_imgproc.h:1514->C:/Xilinx/Vivado/2018.2/common/technology/autopilot/hls/hls_video_imgproc.h:1952) [40]  (3.82 ns)
	'add' operation ('r.V', C:/Xilinx/Vivado/2018.2/common/technology/autopilot/hls/hls_video_imgproc.h:1477->C:/Xilinx/Vivado/2018.2/common/technology/autopilot/hls/hls_video_imgproc.h:1514->C:/Xilinx/Vivado/2018.2/common/technology/autopilot/hls/hls_video_imgproc.h:1952) [42]  (3.82 ns)

 <State 5>: 7.06ns
The critical path consists of the following:
	'add' operation ('__Val2__', C:/Xilinx/Vivado/2018.2/common/technology/autopilot/hls/hls_video_types.h:409->C:/Xilinx/Vivado/2018.2/common/technology/autopilot/hls/hls_video_types.h:500->C:/Xilinx/Vivado/2018.2/common/technology/autopilot/hls/hls_video_imgproc.h:1478->C:/Xilinx/Vivado/2018.2/common/technology/autopilot/hls/hls_video_imgproc.h:1514->C:/Xilinx/Vivado/2018.2/common/technology/autopilot/hls/hls_video_imgproc.h:1952) [47]  (2.12 ns)
	'select' operation ('__Val2__', C:/Xilinx/Vivado/2018.2/common/technology/autopilot/hls/hls_video_types.h:409->C:/Xilinx/Vivado/2018.2/common/technology/autopilot/hls/hls_video_types.h:500->C:/Xilinx/Vivado/2018.2/common/technology/autopilot/hls/hls_video_imgproc.h:1478->C:/Xilinx/Vivado/2018.2/common/technology/autopilot/hls/hls_video_imgproc.h:1514->C:/Xilinx/Vivado/2018.2/common/technology/autopilot/hls/hls_video_imgproc.h:1952) [51]  (1.04 ns)
	fifo write on port 'p_dst_data_stream_V' (C:/Xilinx/Vivado/2018.2/common/technology/autopilot/hls/hls_video_core.h:648->C:/Xilinx/Vivado/2018.2/common/technology/autopilot/hls/hls_video_core.h:662->C:/Xilinx/Vivado/2018.2/common/technology/autopilot/hls/hls_video_imgproc.h:1953) [54]  (3.91 ns)

 <State 6>: 0ns
The critical path consists of the following:


============================================================
+ Verbose Summary: Binding
============================================================
N/A
* FSMD analyzer results:
  - Output states:
 - Input state : 
  - Chain level:
	State 1
	State 2
	State 3
	State 4
	State 5
	State 6


============================================================
+ Verbose Summary: Datapath Resource usage 
============================================================
N/A
