
*** Running vivado
    with args -log design_1_wrapper.vds -m64 -product Vivado -mode batch -messageDb vivado.pb -notrace -source design_1_wrapper.tcl


****** Vivado v2018.2 (64-bit)
  **** SW Build 2258646 on Thu Jun 14 20:03:12 MDT 2018
  **** IP Build 2256618 on Thu Jun 14 22:10:49 MDT 2018
    ** Copyright 1986-2018 Xilinx, Inc. All Rights Reserved.

Sourcing tcl script 'C:/Users/biabe/AppData/Roaming/Xilinx/Vivado/Vivado_init.tcl'
source design_1_wrapper.tcl -notrace
INFO: [IP_Flow 19-234] Refreshing IP repositories
INFO: [IP_Flow 19-1704] No user IP repositories specified
INFO: [IP_Flow 19-2313] Loaded Vivado IP repository 'C:/Xilinx/Vivado/2018.2/data/ip'.
Command: synth_design -top design_1_wrapper -part xc7a200tsbg484-1
Starting synth_design
Attempting to get a license for feature 'Synthesis' and/or device 'xc7a200t'
INFO: [Common 17-349] Got license for feature 'Synthesis' and/or device 'xc7a200t'
INFO: Launching helper process for spawning children vivado processes
INFO: Helper process launched with PID 18860 
---------------------------------------------------------------------------------
Starting RTL Elaboration : Time (s): cpu = 00:00:02 ; elapsed = 00:00:02 . Memory (MB): peak = 439.512 ; gain = 99.676
---------------------------------------------------------------------------------
INFO: [Synth 8-638] synthesizing module 'design_1_wrapper' [D:/Beni/Digilent19/FirstOnNexysVideo/FirstOnNexysVideo.srcs/sources_1/bd/design_1/hdl/design_1_wrapper.vhd:25]
INFO: [Synth 8-3491] module 'design_1' declared at 'D:/Beni/Digilent19/FirstOnNexysVideo/FirstOnNexysVideo.srcs/sources_1/bd/design_1/synth/design_1.vhd:1366' bound to instance 'design_1_i' of component 'design_1' [D:/Beni/Digilent19/FirstOnNexysVideo/FirstOnNexysVideo.srcs/sources_1/bd/design_1/hdl/design_1_wrapper.vhd:175]
INFO: [Synth 8-638] synthesizing module 'design_1' [D:/Beni/Digilent19/FirstOnNexysVideo/FirstOnNexysVideo.srcs/sources_1/bd/design_1/synth/design_1.vhd:1383]
INFO: [Synth 8-3491] module 'design_1_axi_gpio_0_1' declared at 'D:/Beni/Digilent19/FirstOnNexysVideo/FirstOnNexysVideo.runs/synth_1/.Xil/Vivado-16480-DESKTOP-871TSOM/realtime/design_1_axi_gpio_0_1_stub.vhdl:5' bound to instance 'axi_gpio_0' of component 'design_1_axi_gpio_0_1' [D:/Beni/Digilent19/FirstOnNexysVideo/FirstOnNexysVideo.srcs/sources_1/bd/design_1/synth/design_1.vhd:1655]
INFO: [Synth 8-638] synthesizing module 'design_1_axi_gpio_0_1' [D:/Beni/Digilent19/FirstOnNexysVideo/FirstOnNexysVideo.runs/synth_1/.Xil/Vivado-16480-DESKTOP-871TSOM/realtime/design_1_axi_gpio_0_1_stub.vhdl:33]
INFO: [Synth 8-3491] module 'design_1_axi_uartlite_0_1' declared at 'D:/Beni/Digilent19/FirstOnNexysVideo/FirstOnNexysVideo.runs/synth_1/.Xil/Vivado-16480-DESKTOP-871TSOM/realtime/design_1_axi_uartlite_0_1_stub.vhdl:5' bound to instance 'axi_uartlite_0' of component 'design_1_axi_uartlite_0_1' [D:/Beni/Digilent19/FirstOnNexysVideo/FirstOnNexysVideo.srcs/sources_1/bd/design_1/synth/design_1.vhd:1680]
INFO: [Synth 8-638] synthesizing module 'design_1_axi_uartlite_0_1' [D:/Beni/Digilent19/FirstOnNexysVideo/FirstOnNexysVideo.runs/synth_1/.Xil/Vivado-16480-DESKTOP-871TSOM/realtime/design_1_axi_uartlite_0_1_stub.vhdl:33]
INFO: [Synth 8-3491] module 'design_1_clk_wiz_0_0' declared at 'D:/Beni/Digilent19/FirstOnNexysVideo/FirstOnNexysVideo.runs/synth_1/.Xil/Vivado-16480-DESKTOP-871TSOM/realtime/design_1_clk_wiz_0_0_stub.vhdl:5' bound to instance 'clk_wiz_0' of component 'design_1_clk_wiz_0_0' [D:/Beni/Digilent19/FirstOnNexysVideo/FirstOnNexysVideo.srcs/sources_1/bd/design_1/synth/design_1.vhd:1705]
INFO: [Synth 8-638] synthesizing module 'design_1_clk_wiz_0_0' [D:/Beni/Digilent19/FirstOnNexysVideo/FirstOnNexysVideo.runs/synth_1/.Xil/Vivado-16480-DESKTOP-871TSOM/realtime/design_1_clk_wiz_0_0_stub.vhdl:16]
INFO: [Synth 8-3491] module 'design_1_mdm_1_1' declared at 'D:/Beni/Digilent19/FirstOnNexysVideo/FirstOnNexysVideo.runs/synth_1/.Xil/Vivado-16480-DESKTOP-871TSOM/realtime/design_1_mdm_1_1_stub.vhdl:5' bound to instance 'mdm_1' of component 'design_1_mdm_1_1' [D:/Beni/Digilent19/FirstOnNexysVideo/FirstOnNexysVideo.srcs/sources_1/bd/design_1/synth/design_1.vhd:1713]
INFO: [Synth 8-638] synthesizing module 'design_1_mdm_1_1' [D:/Beni/Digilent19/FirstOnNexysVideo/FirstOnNexysVideo.runs/synth_1/.Xil/Vivado-16480-DESKTOP-871TSOM/realtime/design_1_mdm_1_1_stub.vhdl:21]
INFO: [Synth 8-3491] module 'design_1_microblaze_0_1' declared at 'D:/Beni/Digilent19/FirstOnNexysVideo/FirstOnNexysVideo.runs/synth_1/.Xil/Vivado-16480-DESKTOP-871TSOM/realtime/design_1_microblaze_0_1_stub.vhdl:5' bound to instance 'microblaze_0' of component 'design_1_microblaze_0_1' [D:/Beni/Digilent19/FirstOnNexysVideo/FirstOnNexysVideo.srcs/sources_1/bd/design_1/synth/design_1.vhd:1726]
INFO: [Synth 8-638] synthesizing module 'design_1_microblaze_0_1' [D:/Beni/Digilent19/FirstOnNexysVideo/FirstOnNexysVideo.runs/synth_1/.Xil/Vivado-16480-DESKTOP-871TSOM/realtime/design_1_microblaze_0_1_stub.vhdl:63]
INFO: [Synth 8-638] synthesizing module 'design_1_microblaze_0_axi_periph_0' [D:/Beni/Digilent19/FirstOnNexysVideo/FirstOnNexysVideo.srcs/sources_1/bd/design_1/synth/design_1.vhd:951]
INFO: [Synth 8-638] synthesizing module 'm00_couplers_imp_8RVYHO' [D:/Beni/Digilent19/FirstOnNexysVideo/FirstOnNexysVideo.srcs/sources_1/bd/design_1/synth/design_1.vhd:57]
INFO: [Synth 8-256] done synthesizing module 'm00_couplers_imp_8RVYHO' (1#1) [D:/Beni/Digilent19/FirstOnNexysVideo/FirstOnNexysVideo.srcs/sources_1/bd/design_1/synth/design_1.vhd:57]
INFO: [Synth 8-638] synthesizing module 'm01_couplers_imp_1UTB3Y5' [D:/Beni/Digilent19/FirstOnNexysVideo/FirstOnNexysVideo.srcs/sources_1/bd/design_1/synth/design_1.vhd:158]
INFO: [Synth 8-256] done synthesizing module 'm01_couplers_imp_1UTB3Y5' (2#1) [D:/Beni/Digilent19/FirstOnNexysVideo/FirstOnNexysVideo.srcs/sources_1/bd/design_1/synth/design_1.vhd:158]
INFO: [Synth 8-638] synthesizing module 's00_couplers_imp_1RZP34U' [D:/Beni/Digilent19/FirstOnNexysVideo/FirstOnNexysVideo.srcs/sources_1/bd/design_1/synth/design_1.vhd:821]
INFO: [Synth 8-256] done synthesizing module 's00_couplers_imp_1RZP34U' (3#1) [D:/Beni/Digilent19/FirstOnNexysVideo/FirstOnNexysVideo.srcs/sources_1/bd/design_1/synth/design_1.vhd:821]
INFO: [Synth 8-3491] module 'design_1_xbar_0' declared at 'D:/Beni/Digilent19/FirstOnNexysVideo/FirstOnNexysVideo.runs/synth_1/.Xil/Vivado-16480-DESKTOP-871TSOM/realtime/design_1_xbar_0_stub.vhdl:5' bound to instance 'xbar' of component 'design_1_xbar_0' [D:/Beni/Digilent19/FirstOnNexysVideo/FirstOnNexysVideo.srcs/sources_1/bd/design_1/synth/design_1.vhd:1301]
INFO: [Synth 8-638] synthesizing module 'design_1_xbar_0' [D:/Beni/Digilent19/FirstOnNexysVideo/FirstOnNexysVideo.runs/synth_1/.Xil/Vivado-16480-DESKTOP-871TSOM/realtime/design_1_xbar_0_stub.vhdl:51]
INFO: [Synth 8-256] done synthesizing module 'design_1_microblaze_0_axi_periph_0' (4#1) [D:/Beni/Digilent19/FirstOnNexysVideo/FirstOnNexysVideo.srcs/sources_1/bd/design_1/synth/design_1.vhd:951]
INFO: [Synth 8-638] synthesizing module 'microblaze_0_local_memory_imp_1K0VQXK' [D:/Beni/Digilent19/FirstOnNexysVideo/FirstOnNexysVideo.srcs/sources_1/bd/design_1/synth/design_1.vhd:242]
INFO: [Synth 8-3491] module 'design_1_dlmb_bram_if_cntlr_1' declared at 'D:/Beni/Digilent19/FirstOnNexysVideo/FirstOnNexysVideo.runs/synth_1/.Xil/Vivado-16480-DESKTOP-871TSOM/realtime/design_1_dlmb_bram_if_cntlr_1_stub.vhdl:5' bound to instance 'dlmb_bram_if_cntlr' of component 'design_1_dlmb_bram_if_cntlr_1' [D:/Beni/Digilent19/FirstOnNexysVideo/FirstOnNexysVideo.srcs/sources_1/bd/design_1/synth/design_1.vhd:456]
INFO: [Synth 8-638] synthesizing module 'design_1_dlmb_bram_if_cntlr_1' [D:/Beni/Digilent19/FirstOnNexysVideo/FirstOnNexysVideo.runs/synth_1/.Xil/Vivado-16480-DESKTOP-871TSOM/realtime/design_1_dlmb_bram_if_cntlr_1_stub.vhdl:31]
INFO: [Synth 8-3491] module 'design_1_dlmb_v10_1' declared at 'D:/Beni/Digilent19/FirstOnNexysVideo/FirstOnNexysVideo.runs/synth_1/.Xil/Vivado-16480-DESKTOP-871TSOM/realtime/design_1_dlmb_v10_1_stub.vhdl:5' bound to instance 'dlmb_v10' of component 'design_1_dlmb_v10_1' [D:/Beni/Digilent19/FirstOnNexysVideo/FirstOnNexysVideo.srcs/sources_1/bd/design_1/synth/design_1.vhd:510]
INFO: [Synth 8-638] synthesizing module 'design_1_dlmb_v10_1' [D:/Beni/Digilent19/FirstOnNexysVideo/FirstOnNexysVideo.runs/synth_1/.Xil/Vivado-16480-DESKTOP-871TSOM/realtime/design_1_dlmb_v10_1_stub.vhdl:36]
INFO: [Synth 8-3491] module 'design_1_ilmb_bram_if_cntlr_1' declared at 'D:/Beni/Digilent19/FirstOnNexysVideo/FirstOnNexysVideo.runs/synth_1/.Xil/Vivado-16480-DESKTOP-871TSOM/realtime/design_1_ilmb_bram_if_cntlr_1_stub.vhdl:5' bound to instance 'ilmb_bram_if_cntlr' of component 'design_1_ilmb_bram_if_cntlr_1' [D:/Beni/Digilent19/FirstOnNexysVideo/FirstOnNexysVideo.srcs/sources_1/bd/design_1/synth/design_1.vhd:538]
INFO: [Synth 8-638] synthesizing module 'design_1_ilmb_bram_if_cntlr_1' [D:/Beni/Digilent19/FirstOnNexysVideo/FirstOnNexysVideo.runs/synth_1/.Xil/Vivado-16480-DESKTOP-871TSOM/realtime/design_1_ilmb_bram_if_cntlr_1_stub.vhdl:31]
INFO: [Synth 8-3491] module 'design_1_ilmb_v10_1' declared at 'D:/Beni/Digilent19/FirstOnNexysVideo/FirstOnNexysVideo.runs/synth_1/.Xil/Vivado-16480-DESKTOP-871TSOM/realtime/design_1_ilmb_v10_1_stub.vhdl:5' bound to instance 'ilmb_v10' of component 'design_1_ilmb_v10_1' [D:/Beni/Digilent19/FirstOnNexysVideo/FirstOnNexysVideo.srcs/sources_1/bd/design_1/synth/design_1.vhd:592]
INFO: [Synth 8-638] synthesizing module 'design_1_ilmb_v10_1' [D:/Beni/Digilent19/FirstOnNexysVideo/FirstOnNexysVideo.runs/synth_1/.Xil/Vivado-16480-DESKTOP-871TSOM/realtime/design_1_ilmb_v10_1_stub.vhdl:36]
INFO: [Synth 8-3491] module 'design_1_lmb_bram_1' declared at 'D:/Beni/Digilent19/FirstOnNexysVideo/FirstOnNexysVideo.runs/synth_1/.Xil/Vivado-16480-DESKTOP-871TSOM/realtime/design_1_lmb_bram_1_stub.vhdl:5' bound to instance 'lmb_bram' of component 'design_1_lmb_bram_1' [D:/Beni/Digilent19/FirstOnNexysVideo/FirstOnNexysVideo.srcs/sources_1/bd/design_1/synth/design_1.vhd:620]
INFO: [Synth 8-638] synthesizing module 'design_1_lmb_bram_1' [D:/Beni/Digilent19/FirstOnNexysVideo/FirstOnNexysVideo.runs/synth_1/.Xil/Vivado-16480-DESKTOP-871TSOM/realtime/design_1_lmb_bram_1_stub.vhdl:27]
INFO: [Synth 8-256] done synthesizing module 'microblaze_0_local_memory_imp_1K0VQXK' (5#1) [D:/Beni/Digilent19/FirstOnNexysVideo/FirstOnNexysVideo.srcs/sources_1/bd/design_1/synth/design_1.vhd:242]
INFO: [Synth 8-3491] module 'design_1_rst_clk_wiz_0_100M_0' declared at 'D:/Beni/Digilent19/FirstOnNexysVideo/FirstOnNexysVideo.runs/synth_1/.Xil/Vivado-16480-DESKTOP-871TSOM/realtime/design_1_rst_clk_wiz_0_100M_0_stub.vhdl:5' bound to instance 'rst_clk_wiz_0_100M' of component 'design_1_rst_clk_wiz_0_100M_0' [D:/Beni/Digilent19/FirstOnNexysVideo/FirstOnNexysVideo.srcs/sources_1/bd/design_1/synth/design_1.vhd:1869]
INFO: [Synth 8-638] synthesizing module 'design_1_rst_clk_wiz_0_100M_0' [D:/Beni/Digilent19/FirstOnNexysVideo/FirstOnNexysVideo.runs/synth_1/.Xil/Vivado-16480-DESKTOP-871TSOM/realtime/design_1_rst_clk_wiz_0_100M_0_stub.vhdl:21]
INFO: [Synth 8-256] done synthesizing module 'design_1' (6#1) [D:/Beni/Digilent19/FirstOnNexysVideo/FirstOnNexysVideo.srcs/sources_1/bd/design_1/synth/design_1.vhd:1383]
INFO: [Synth 8-3491] module 'IOBUF' declared at 'C:/Xilinx/Vivado/2018.2/scripts/rt/data/unisim_comp.v:22660' bound to instance 'gpio_rtl_0_tri_iobuf_0' of component 'IOBUF' [D:/Beni/Digilent19/FirstOnNexysVideo/FirstOnNexysVideo.srcs/sources_1/bd/design_1/hdl/design_1_wrapper.vhd:279]
INFO: [Synth 8-6157] synthesizing module 'IOBUF' [C:/Xilinx/Vivado/2018.2/scripts/rt/data/unisim_comp.v:22660]
	Parameter DRIVE bound to: 12 - type: integer 
	Parameter IBUF_LOW_PWR bound to: TRUE - type: string 
	Parameter IOSTANDARD bound to: DEFAULT - type: string 
	Parameter SLEW bound to: SLOW - type: string 
INFO: [Synth 8-6155] done synthesizing module 'IOBUF' (7#1) [C:/Xilinx/Vivado/2018.2/scripts/rt/data/unisim_comp.v:22660]
INFO: [Synth 8-3491] module 'IOBUF' declared at 'C:/Xilinx/Vivado/2018.2/scripts/rt/data/unisim_comp.v:22660' bound to instance 'gpio_rtl_0_tri_iobuf_1' of component 'IOBUF' [D:/Beni/Digilent19/FirstOnNexysVideo/FirstOnNexysVideo.srcs/sources_1/bd/design_1/hdl/design_1_wrapper.vhd:286]
INFO: [Synth 8-3491] module 'IOBUF' declared at 'C:/Xilinx/Vivado/2018.2/scripts/rt/data/unisim_comp.v:22660' bound to instance 'gpio_rtl_0_tri_iobuf_10' of component 'IOBUF' [D:/Beni/Digilent19/FirstOnNexysVideo/FirstOnNexysVideo.srcs/sources_1/bd/design_1/hdl/design_1_wrapper.vhd:293]
INFO: [Synth 8-3491] module 'IOBUF' declared at 'C:/Xilinx/Vivado/2018.2/scripts/rt/data/unisim_comp.v:22660' bound to instance 'gpio_rtl_0_tri_iobuf_11' of component 'IOBUF' [D:/Beni/Digilent19/FirstOnNexysVideo/FirstOnNexysVideo.srcs/sources_1/bd/design_1/hdl/design_1_wrapper.vhd:300]
INFO: [Synth 8-3491] module 'IOBUF' declared at 'C:/Xilinx/Vivado/2018.2/scripts/rt/data/unisim_comp.v:22660' bound to instance 'gpio_rtl_0_tri_iobuf_12' of component 'IOBUF' [D:/Beni/Digilent19/FirstOnNexysVideo/FirstOnNexysVideo.srcs/sources_1/bd/design_1/hdl/design_1_wrapper.vhd:307]
INFO: [Synth 8-3491] module 'IOBUF' declared at 'C:/Xilinx/Vivado/2018.2/scripts/rt/data/unisim_comp.v:22660' bound to instance 'gpio_rtl_0_tri_iobuf_13' of component 'IOBUF' [D:/Beni/Digilent19/FirstOnNexysVideo/FirstOnNexysVideo.srcs/sources_1/bd/design_1/hdl/design_1_wrapper.vhd:314]
INFO: [Synth 8-3491] module 'IOBUF' declared at 'C:/Xilinx/Vivado/2018.2/scripts/rt/data/unisim_comp.v:22660' bound to instance 'gpio_rtl_0_tri_iobuf_14' of component 'IOBUF' [D:/Beni/Digilent19/FirstOnNexysVideo/FirstOnNexysVideo.srcs/sources_1/bd/design_1/hdl/design_1_wrapper.vhd:321]
INFO: [Synth 8-3491] module 'IOBUF' declared at 'C:/Xilinx/Vivado/2018.2/scripts/rt/data/unisim_comp.v:22660' bound to instance 'gpio_rtl_0_tri_iobuf_15' of component 'IOBUF' [D:/Beni/Digilent19/FirstOnNexysVideo/FirstOnNexysVideo.srcs/sources_1/bd/design_1/hdl/design_1_wrapper.vhd:328]
INFO: [Synth 8-3491] module 'IOBUF' declared at 'C:/Xilinx/Vivado/2018.2/scripts/rt/data/unisim_comp.v:22660' bound to instance 'gpio_rtl_0_tri_iobuf_16' of component 'IOBUF' [D:/Beni/Digilent19/FirstOnNexysVideo/FirstOnNexysVideo.srcs/sources_1/bd/design_1/hdl/design_1_wrapper.vhd:335]
INFO: [Synth 8-3491] module 'IOBUF' declared at 'C:/Xilinx/Vivado/2018.2/scripts/rt/data/unisim_comp.v:22660' bound to instance 'gpio_rtl_0_tri_iobuf_17' of component 'IOBUF' [D:/Beni/Digilent19/FirstOnNexysVideo/FirstOnNexysVideo.srcs/sources_1/bd/design_1/hdl/design_1_wrapper.vhd:342]
INFO: [Synth 8-3491] module 'IOBUF' declared at 'C:/Xilinx/Vivado/2018.2/scripts/rt/data/unisim_comp.v:22660' bound to instance 'gpio_rtl_0_tri_iobuf_18' of component 'IOBUF' [D:/Beni/Digilent19/FirstOnNexysVideo/FirstOnNexysVideo.srcs/sources_1/bd/design_1/hdl/design_1_wrapper.vhd:349]
INFO: [Synth 8-3491] module 'IOBUF' declared at 'C:/Xilinx/Vivado/2018.2/scripts/rt/data/unisim_comp.v:22660' bound to instance 'gpio_rtl_0_tri_iobuf_19' of component 'IOBUF' [D:/Beni/Digilent19/FirstOnNexysVideo/FirstOnNexysVideo.srcs/sources_1/bd/design_1/hdl/design_1_wrapper.vhd:356]
INFO: [Synth 8-3491] module 'IOBUF' declared at 'C:/Xilinx/Vivado/2018.2/scripts/rt/data/unisim_comp.v:22660' bound to instance 'gpio_rtl_0_tri_iobuf_2' of component 'IOBUF' [D:/Beni/Digilent19/FirstOnNexysVideo/FirstOnNexysVideo.srcs/sources_1/bd/design_1/hdl/design_1_wrapper.vhd:363]
INFO: [Synth 8-3491] module 'IOBUF' declared at 'C:/Xilinx/Vivado/2018.2/scripts/rt/data/unisim_comp.v:22660' bound to instance 'gpio_rtl_0_tri_iobuf_20' of component 'IOBUF' [D:/Beni/Digilent19/FirstOnNexysVideo/FirstOnNexysVideo.srcs/sources_1/bd/design_1/hdl/design_1_wrapper.vhd:370]
INFO: [Synth 8-3491] module 'IOBUF' declared at 'C:/Xilinx/Vivado/2018.2/scripts/rt/data/unisim_comp.v:22660' bound to instance 'gpio_rtl_0_tri_iobuf_21' of component 'IOBUF' [D:/Beni/Digilent19/FirstOnNexysVideo/FirstOnNexysVideo.srcs/sources_1/bd/design_1/hdl/design_1_wrapper.vhd:377]
INFO: [Synth 8-3491] module 'IOBUF' declared at 'C:/Xilinx/Vivado/2018.2/scripts/rt/data/unisim_comp.v:22660' bound to instance 'gpio_rtl_0_tri_iobuf_22' of component 'IOBUF' [D:/Beni/Digilent19/FirstOnNexysVideo/FirstOnNexysVideo.srcs/sources_1/bd/design_1/hdl/design_1_wrapper.vhd:384]
INFO: [Synth 8-3491] module 'IOBUF' declared at 'C:/Xilinx/Vivado/2018.2/scripts/rt/data/unisim_comp.v:22660' bound to instance 'gpio_rtl_0_tri_iobuf_23' of component 'IOBUF' [D:/Beni/Digilent19/FirstOnNexysVideo/FirstOnNexysVideo.srcs/sources_1/bd/design_1/hdl/design_1_wrapper.vhd:391]
INFO: [Synth 8-3491] module 'IOBUF' declared at 'C:/Xilinx/Vivado/2018.2/scripts/rt/data/unisim_comp.v:22660' bound to instance 'gpio_rtl_0_tri_iobuf_24' of component 'IOBUF' [D:/Beni/Digilent19/FirstOnNexysVideo/FirstOnNexysVideo.srcs/sources_1/bd/design_1/hdl/design_1_wrapper.vhd:398]
INFO: [Synth 8-3491] module 'IOBUF' declared at 'C:/Xilinx/Vivado/2018.2/scripts/rt/data/unisim_comp.v:22660' bound to instance 'gpio_rtl_0_tri_iobuf_25' of component 'IOBUF' [D:/Beni/Digilent19/FirstOnNexysVideo/FirstOnNexysVideo.srcs/sources_1/bd/design_1/hdl/design_1_wrapper.vhd:405]
INFO: [Synth 8-3491] module 'IOBUF' declared at 'C:/Xilinx/Vivado/2018.2/scripts/rt/data/unisim_comp.v:22660' bound to instance 'gpio_rtl_0_tri_iobuf_26' of component 'IOBUF' [D:/Beni/Digilent19/FirstOnNexysVideo/FirstOnNexysVideo.srcs/sources_1/bd/design_1/hdl/design_1_wrapper.vhd:412]
INFO: [Synth 8-3491] module 'IOBUF' declared at 'C:/Xilinx/Vivado/2018.2/scripts/rt/data/unisim_comp.v:22660' bound to instance 'gpio_rtl_0_tri_iobuf_27' of component 'IOBUF' [D:/Beni/Digilent19/FirstOnNexysVideo/FirstOnNexysVideo.srcs/sources_1/bd/design_1/hdl/design_1_wrapper.vhd:419]
INFO: [Synth 8-3491] module 'IOBUF' declared at 'C:/Xilinx/Vivado/2018.2/scripts/rt/data/unisim_comp.v:22660' bound to instance 'gpio_rtl_0_tri_iobuf_28' of component 'IOBUF' [D:/Beni/Digilent19/FirstOnNexysVideo/FirstOnNexysVideo.srcs/sources_1/bd/design_1/hdl/design_1_wrapper.vhd:426]
INFO: [Synth 8-3491] module 'IOBUF' declared at 'C:/Xilinx/Vivado/2018.2/scripts/rt/data/unisim_comp.v:22660' bound to instance 'gpio_rtl_0_tri_iobuf_29' of component 'IOBUF' [D:/Beni/Digilent19/FirstOnNexysVideo/FirstOnNexysVideo.srcs/sources_1/bd/design_1/hdl/design_1_wrapper.vhd:433]
INFO: [Synth 8-3491] module 'IOBUF' declared at 'C:/Xilinx/Vivado/2018.2/scripts/rt/data/unisim_comp.v:22660' bound to instance 'gpio_rtl_0_tri_iobuf_3' of component 'IOBUF' [D:/Beni/Digilent19/FirstOnNexysVideo/FirstOnNexysVideo.srcs/sources_1/bd/design_1/hdl/design_1_wrapper.vhd:440]
INFO: [Synth 8-3491] module 'IOBUF' declared at 'C:/Xilinx/Vivado/2018.2/scripts/rt/data/unisim_comp.v:22660' bound to instance 'gpio_rtl_0_tri_iobuf_30' of component 'IOBUF' [D:/Beni/Digilent19/FirstOnNexysVideo/FirstOnNexysVideo.srcs/sources_1/bd/design_1/hdl/design_1_wrapper.vhd:447]
INFO: [Synth 8-3491] module 'IOBUF' declared at 'C:/Xilinx/Vivado/2018.2/scripts/rt/data/unisim_comp.v:22660' bound to instance 'gpio_rtl_0_tri_iobuf_31' of component 'IOBUF' [D:/Beni/Digilent19/FirstOnNexysVideo/FirstOnNexysVideo.srcs/sources_1/bd/design_1/hdl/design_1_wrapper.vhd:454]
INFO: [Synth 8-3491] module 'IOBUF' declared at 'C:/Xilinx/Vivado/2018.2/scripts/rt/data/unisim_comp.v:22660' bound to instance 'gpio_rtl_0_tri_iobuf_4' of component 'IOBUF' [D:/Beni/Digilent19/FirstOnNexysVideo/FirstOnNexysVideo.srcs/sources_1/bd/design_1/hdl/design_1_wrapper.vhd:461]
INFO: [Synth 8-3491] module 'IOBUF' declared at 'C:/Xilinx/Vivado/2018.2/scripts/rt/data/unisim_comp.v:22660' bound to instance 'gpio_rtl_0_tri_iobuf_5' of component 'IOBUF' [D:/Beni/Digilent19/FirstOnNexysVideo/FirstOnNexysVideo.srcs/sources_1/bd/design_1/hdl/design_1_wrapper.vhd:468]
INFO: [Synth 8-3491] module 'IOBUF' declared at 'C:/Xilinx/Vivado/2018.2/scripts/rt/data/unisim_comp.v:22660' bound to instance 'gpio_rtl_0_tri_iobuf_6' of component 'IOBUF' [D:/Beni/Digilent19/FirstOnNexysVideo/FirstOnNexysVideo.srcs/sources_1/bd/design_1/hdl/design_1_wrapper.vhd:475]
INFO: [Synth 8-3491] module 'IOBUF' declared at 'C:/Xilinx/Vivado/2018.2/scripts/rt/data/unisim_comp.v:22660' bound to instance 'gpio_rtl_0_tri_iobuf_7' of component 'IOBUF' [D:/Beni/Digilent19/FirstOnNexysVideo/FirstOnNexysVideo.srcs/sources_1/bd/design_1/hdl/design_1_wrapper.vhd:482]
INFO: [Synth 8-3491] module 'IOBUF' declared at 'C:/Xilinx/Vivado/2018.2/scripts/rt/data/unisim_comp.v:22660' bound to instance 'gpio_rtl_0_tri_iobuf_8' of component 'IOBUF' [D:/Beni/Digilent19/FirstOnNexysVideo/FirstOnNexysVideo.srcs/sources_1/bd/design_1/hdl/design_1_wrapper.vhd:489]
INFO: [Synth 8-3491] module 'IOBUF' declared at 'C:/Xilinx/Vivado/2018.2/scripts/rt/data/unisim_comp.v:22660' bound to instance 'gpio_rtl_0_tri_iobuf_9' of component 'IOBUF' [D:/Beni/Digilent19/FirstOnNexysVideo/FirstOnNexysVideo.srcs/sources_1/bd/design_1/hdl/design_1_wrapper.vhd:496]
INFO: [Synth 8-256] done synthesizing module 'design_1_wrapper' (8#1) [D:/Beni/Digilent19/FirstOnNexysVideo/FirstOnNexysVideo.srcs/sources_1/bd/design_1/hdl/design_1_wrapper.vhd:25]
WARNING: [Synth 8-3331] design s00_couplers_imp_1RZP34U has unconnected port M_ACLK
WARNING: [Synth 8-3331] design s00_couplers_imp_1RZP34U has unconnected port M_ARESETN
WARNING: [Synth 8-3331] design s00_couplers_imp_1RZP34U has unconnected port S_ACLK
WARNING: [Synth 8-3331] design s00_couplers_imp_1RZP34U has unconnected port S_ARESETN
WARNING: [Synth 8-3331] design m01_couplers_imp_1UTB3Y5 has unconnected port M_ACLK
WARNING: [Synth 8-3331] design m01_couplers_imp_1UTB3Y5 has unconnected port M_ARESETN
WARNING: [Synth 8-3331] design m01_couplers_imp_1UTB3Y5 has unconnected port S_ACLK
WARNING: [Synth 8-3331] design m01_couplers_imp_1UTB3Y5 has unconnected port S_ARESETN
WARNING: [Synth 8-3331] design m00_couplers_imp_8RVYHO has unconnected port M_ACLK
WARNING: [Synth 8-3331] design m00_couplers_imp_8RVYHO has unconnected port M_ARESETN
WARNING: [Synth 8-3331] design m00_couplers_imp_8RVYHO has unconnected port S_ACLK
WARNING: [Synth 8-3331] design m00_couplers_imp_8RVYHO has unconnected port S_ARESETN
---------------------------------------------------------------------------------
Finished RTL Elaboration : Time (s): cpu = 00:00:02 ; elapsed = 00:00:02 . Memory (MB): peak = 497.355 ; gain = 157.520
---------------------------------------------------------------------------------

Report Check Netlist: 
+------+------------------+-------+---------+-------+------------------+
|      |Item              |Errors |Warnings |Status |Description       |
+------+------------------+-------+---------+-------+------------------+
|1     |multi_driven_nets |      0|        0|Passed |Multi driven nets |
+------+------------------+-------+---------+-------+------------------+
---------------------------------------------------------------------------------
Start Handling Custom Attributes
---------------------------------------------------------------------------------
---------------------------------------------------------------------------------
Finished Handling Custom Attributes : Time (s): cpu = 00:00:02 ; elapsed = 00:00:03 . Memory (MB): peak = 497.355 ; gain = 157.520
---------------------------------------------------------------------------------
---------------------------------------------------------------------------------
Finished RTL Optimization Phase 1 : Time (s): cpu = 00:00:02 ; elapsed = 00:00:03 . Memory (MB): peak = 497.355 ; gain = 157.520
---------------------------------------------------------------------------------
INFO: [Netlist 29-17] Analyzing 32 Unisim elements for replacement
INFO: [Netlist 29-28] Unisim Transformation completed in 0 CPU seconds
INFO: [Device 21-403] Loading part xc7a200tsbg484-1
INFO: [Project 1-570] Preparing netlist for logic optimization

Processing XDC Constraints
Initializing timing engine
Parsing XDC File [d:/Beni/Digilent19/FirstOnNexysVideo/FirstOnNexysVideo.srcs/sources_1/bd/design_1/ip/design_1_clk_wiz_0_0/design_1_clk_wiz_0_0/design_1_clk_wiz_0_0_in_context.xdc] for cell 'design_1_i/clk_wiz_0'
Finished Parsing XDC File [d:/Beni/Digilent19/FirstOnNexysVideo/FirstOnNexysVideo.srcs/sources_1/bd/design_1/ip/design_1_clk_wiz_0_0/design_1_clk_wiz_0_0/design_1_clk_wiz_0_0_in_context.xdc] for cell 'design_1_i/clk_wiz_0'
Parsing XDC File [d:/Beni/Digilent19/FirstOnNexysVideo/FirstOnNexysVideo.srcs/sources_1/bd/design_1/ip/design_1_microblaze_0_1/design_1_microblaze_0_1/design_1_microblaze_0_1_in_context.xdc] for cell 'design_1_i/microblaze_0'
Finished Parsing XDC File [d:/Beni/Digilent19/FirstOnNexysVideo/FirstOnNexysVideo.srcs/sources_1/bd/design_1/ip/design_1_microblaze_0_1/design_1_microblaze_0_1/design_1_microblaze_0_1_in_context.xdc] for cell 'design_1_i/microblaze_0'
Parsing XDC File [d:/Beni/Digilent19/FirstOnNexysVideo/FirstOnNexysVideo.srcs/sources_1/bd/design_1/ip/design_1_mdm_1_1/design_1_mdm_1_1/design_1_mdm_1_1_in_context.xdc] for cell 'design_1_i/mdm_1'
Finished Parsing XDC File [d:/Beni/Digilent19/FirstOnNexysVideo/FirstOnNexysVideo.srcs/sources_1/bd/design_1/ip/design_1_mdm_1_1/design_1_mdm_1_1/design_1_mdm_1_1_in_context.xdc] for cell 'design_1_i/mdm_1'
Parsing XDC File [d:/Beni/Digilent19/FirstOnNexysVideo/FirstOnNexysVideo.srcs/sources_1/bd/design_1/ip/design_1_rst_clk_wiz_0_100M_0/design_1_rst_clk_wiz_0_100M_0/design_1_rst_clk_wiz_0_100M_0_in_context.xdc] for cell 'design_1_i/rst_clk_wiz_0_100M'
Finished Parsing XDC File [d:/Beni/Digilent19/FirstOnNexysVideo/FirstOnNexysVideo.srcs/sources_1/bd/design_1/ip/design_1_rst_clk_wiz_0_100M_0/design_1_rst_clk_wiz_0_100M_0/design_1_rst_clk_wiz_0_100M_0_in_context.xdc] for cell 'design_1_i/rst_clk_wiz_0_100M'
Parsing XDC File [d:/Beni/Digilent19/FirstOnNexysVideo/FirstOnNexysVideo.srcs/sources_1/bd/design_1/ip/design_1_axi_gpio_0_1/design_1_axi_gpio_0_1/design_1_axi_gpio_0_1_in_context.xdc] for cell 'design_1_i/axi_gpio_0'
Finished Parsing XDC File [d:/Beni/Digilent19/FirstOnNexysVideo/FirstOnNexysVideo.srcs/sources_1/bd/design_1/ip/design_1_axi_gpio_0_1/design_1_axi_gpio_0_1/design_1_axi_gpio_0_1_in_context.xdc] for cell 'design_1_i/axi_gpio_0'
Parsing XDC File [d:/Beni/Digilent19/FirstOnNexysVideo/FirstOnNexysVideo.srcs/sources_1/bd/design_1/ip/design_1_axi_uartlite_0_1/design_1_axi_uartlite_0_1/design_1_axi_uartlite_0_1_in_context.xdc] for cell 'design_1_i/axi_uartlite_0'
Finished Parsing XDC File [d:/Beni/Digilent19/FirstOnNexysVideo/FirstOnNexysVideo.srcs/sources_1/bd/design_1/ip/design_1_axi_uartlite_0_1/design_1_axi_uartlite_0_1/design_1_axi_uartlite_0_1_in_context.xdc] for cell 'design_1_i/axi_uartlite_0'
Parsing XDC File [d:/Beni/Digilent19/FirstOnNexysVideo/FirstOnNexysVideo.srcs/sources_1/bd/design_1/ip/design_1_xbar_0/design_1_xbar_0/design_1_xbar_0_in_context.xdc] for cell 'design_1_i/microblaze_0_axi_periph/xbar'
Finished Parsing XDC File [d:/Beni/Digilent19/FirstOnNexysVideo/FirstOnNexysVideo.srcs/sources_1/bd/design_1/ip/design_1_xbar_0/design_1_xbar_0/design_1_xbar_0_in_context.xdc] for cell 'design_1_i/microblaze_0_axi_periph/xbar'
Parsing XDC File [d:/Beni/Digilent19/FirstOnNexysVideo/FirstOnNexysVideo.srcs/sources_1/bd/design_1/ip/design_1_dlmb_v10_1/design_1_dlmb_v10_1/design_1_ilmb_v10_1_in_context.xdc] for cell 'design_1_i/microblaze_0_local_memory/dlmb_v10'
Finished Parsing XDC File [d:/Beni/Digilent19/FirstOnNexysVideo/FirstOnNexysVideo.srcs/sources_1/bd/design_1/ip/design_1_dlmb_v10_1/design_1_dlmb_v10_1/design_1_ilmb_v10_1_in_context.xdc] for cell 'design_1_i/microblaze_0_local_memory/dlmb_v10'
Parsing XDC File [d:/Beni/Digilent19/FirstOnNexysVideo/FirstOnNexysVideo.srcs/sources_1/bd/design_1/ip/design_1_ilmb_v10_1/design_1_ilmb_v10_1/design_1_ilmb_v10_1_in_context.xdc] for cell 'design_1_i/microblaze_0_local_memory/ilmb_v10'
Finished Parsing XDC File [d:/Beni/Digilent19/FirstOnNexysVideo/FirstOnNexysVideo.srcs/sources_1/bd/design_1/ip/design_1_ilmb_v10_1/design_1_ilmb_v10_1/design_1_ilmb_v10_1_in_context.xdc] for cell 'design_1_i/microblaze_0_local_memory/ilmb_v10'
Parsing XDC File [d:/Beni/Digilent19/FirstOnNexysVideo/FirstOnNexysVideo.srcs/sources_1/bd/design_1/ip/design_1_dlmb_bram_if_cntlr_1/design_1_dlmb_bram_if_cntlr_1/design_1_dlmb_bram_if_cntlr_1_in_context.xdc] for cell 'design_1_i/microblaze_0_local_memory/dlmb_bram_if_cntlr'
Finished Parsing XDC File [d:/Beni/Digilent19/FirstOnNexysVideo/FirstOnNexysVideo.srcs/sources_1/bd/design_1/ip/design_1_dlmb_bram_if_cntlr_1/design_1_dlmb_bram_if_cntlr_1/design_1_dlmb_bram_if_cntlr_1_in_context.xdc] for cell 'design_1_i/microblaze_0_local_memory/dlmb_bram_if_cntlr'
Parsing XDC File [d:/Beni/Digilent19/FirstOnNexysVideo/FirstOnNexysVideo.srcs/sources_1/bd/design_1/ip/design_1_ilmb_bram_if_cntlr_1/design_1_ilmb_bram_if_cntlr_1/design_1_ilmb_bram_if_cntlr_1_in_context.xdc] for cell 'design_1_i/microblaze_0_local_memory/ilmb_bram_if_cntlr'
Finished Parsing XDC File [d:/Beni/Digilent19/FirstOnNexysVideo/FirstOnNexysVideo.srcs/sources_1/bd/design_1/ip/design_1_ilmb_bram_if_cntlr_1/design_1_ilmb_bram_if_cntlr_1/design_1_ilmb_bram_if_cntlr_1_in_context.xdc] for cell 'design_1_i/microblaze_0_local_memory/ilmb_bram_if_cntlr'
Parsing XDC File [d:/Beni/Digilent19/FirstOnNexysVideo/FirstOnNexysVideo.srcs/sources_1/bd/design_1/ip/design_1_lmb_bram_1/design_1_lmb_bram_1/design_1_lmb_bram_1_in_context.xdc] for cell 'design_1_i/microblaze_0_local_memory/lmb_bram'
Finished Parsing XDC File [d:/Beni/Digilent19/FirstOnNexysVideo/FirstOnNexysVideo.srcs/sources_1/bd/design_1/ip/design_1_lmb_bram_1/design_1_lmb_bram_1/design_1_lmb_bram_1_in_context.xdc] for cell 'design_1_i/microblaze_0_local_memory/lmb_bram'
Parsing XDC File [D:/Beni/Digilent19/FirstOnNexysVideo/FirstOnNexysVideo.srcs/constrs_1/new/a.xdc]
Finished Parsing XDC File [D:/Beni/Digilent19/FirstOnNexysVideo/FirstOnNexysVideo.srcs/constrs_1/new/a.xdc]
Parsing XDC File [D:/Beni/Digilent19/FirstOnNexysVideo/FirstOnNexysVideo.runs/synth_1/dont_touch.xdc]
Finished Parsing XDC File [D:/Beni/Digilent19/FirstOnNexysVideo/FirstOnNexysVideo.runs/synth_1/dont_touch.xdc]
Completed Processing XDC Constraints

INFO: [Project 1-111] Unisim Transformation Summary:
  A total of 32 instances were transformed.
  IOBUF => IOBUF (IBUF, OBUFT): 32 instances

Constraint Validation Runtime : Time (s): cpu = 00:00:00 ; elapsed = 00:00:00.026 . Memory (MB): peak = 846.125 ; gain = 0.082
WARNING: [Timing 38-316] Clock period '20.000' specified during out-of-context synthesis of instance 'design_1_i/microblaze_0_local_memory/lmb_bram' at clock pin 'clka' is different from the actual clock period '10.000', this can lead to different synthesis results.
---------------------------------------------------------------------------------
Finished Constraint Validation : Time (s): cpu = 00:00:10 ; elapsed = 00:00:11 . Memory (MB): peak = 847.629 ; gain = 507.793
---------------------------------------------------------------------------------
---------------------------------------------------------------------------------
Start Loading Part and Timing Information
---------------------------------------------------------------------------------
Loading part: xc7a200tsbg484-1
---------------------------------------------------------------------------------
Finished Loading Part and Timing Information : Time (s): cpu = 00:00:10 ; elapsed = 00:00:11 . Memory (MB): peak = 847.629 ; gain = 507.793
---------------------------------------------------------------------------------
---------------------------------------------------------------------------------
Start Applying 'set_property' XDC Constraints
---------------------------------------------------------------------------------
Applied set_property IO_BUFFER_TYPE = NONE for clk_100MHz. (constraint file  d:/Beni/Digilent19/FirstOnNexysVideo/FirstOnNexysVideo.srcs/sources_1/bd/design_1/ip/design_1_clk_wiz_0_0/design_1_clk_wiz_0_0/design_1_clk_wiz_0_0_in_context.xdc, line 4).
Applied set_property CLOCK_BUFFER_TYPE = NONE for clk_100MHz. (constraint file  d:/Beni/Digilent19/FirstOnNexysVideo/FirstOnNexysVideo.srcs/sources_1/bd/design_1/ip/design_1_clk_wiz_0_0/design_1_clk_wiz_0_0/design_1_clk_wiz_0_0_in_context.xdc, line 5).
Applied set_property DONT_TOUCH = true for design_1_i. (constraint file  auto generated constraint, line ).
Applied set_property DONT_TOUCH = true for design_1_i/clk_wiz_0. (constraint file  auto generated constraint, line ).
Applied set_property DONT_TOUCH = true for design_1_i/microblaze_0. (constraint file  auto generated constraint, line ).
Applied set_property DONT_TOUCH = true for design_1_i/mdm_1. (constraint file  auto generated constraint, line ).
Applied set_property DONT_TOUCH = true for design_1_i/rst_clk_wiz_0_100M. (constraint file  auto generated constraint, line ).
Applied set_property DONT_TOUCH = true for design_1_i/axi_gpio_0. (constraint file  auto generated constraint, line ).
Applied set_property DONT_TOUCH = true for design_1_i/axi_uartlite_0. (constraint file  auto generated constraint, line ).
Applied set_property DONT_TOUCH = true for design_1_i/microblaze_0_axi_periph. (constraint file  auto generated constraint, line ).
Applied set_property DONT_TOUCH = true for design_1_i/microblaze_0_axi_periph/xbar. (constraint file  auto generated constraint, line ).
Applied set_property DONT_TOUCH = true for design_1_i/microblaze_0_local_memory/dlmb_v10. (constraint file  auto generated constraint, line ).
Applied set_property DONT_TOUCH = true for design_1_i/microblaze_0_local_memory/ilmb_v10. (constraint file  auto generated constraint, line ).
Applied set_property DONT_TOUCH = true for design_1_i/microblaze_0_local_memory/dlmb_bram_if_cntlr. (constraint file  auto generated constraint, line ).
Applied set_property DONT_TOUCH = true for design_1_i/microblaze_0_local_memory/ilmb_bram_if_cntlr. (constraint file  auto generated constraint, line ).
Applied set_property DONT_TOUCH = true for design_1_i/microblaze_0_local_memory/lmb_bram. (constraint file  auto generated constraint, line ).
---------------------------------------------------------------------------------
Finished applying 'set_property' XDC Constraints : Time (s): cpu = 00:00:10 ; elapsed = 00:00:11 . Memory (MB): peak = 847.629 ; gain = 507.793
---------------------------------------------------------------------------------
---------------------------------------------------------------------------------
Finished RTL Optimization Phase 2 : Time (s): cpu = 00:00:10 ; elapsed = 00:00:11 . Memory (MB): peak = 847.629 ; gain = 507.793
---------------------------------------------------------------------------------

Report RTL Partitions: 
+-+--------------+------------+----------+
| |RTL Partition |Replication |Instances |
+-+--------------+------------+----------+
+-+--------------+------------+----------+
---------------------------------------------------------------------------------
Start RTL Component Statistics 
---------------------------------------------------------------------------------
Detailed RTL Component Info : 
---------------------------------------------------------------------------------
Finished RTL Component Statistics 
---------------------------------------------------------------------------------
---------------------------------------------------------------------------------
Start RTL Hierarchical Component Statistics 
---------------------------------------------------------------------------------
Hierarchical RTL Component report 
---------------------------------------------------------------------------------
Finished RTL Hierarchical Component Statistics
---------------------------------------------------------------------------------
---------------------------------------------------------------------------------
Start Part Resource Summary
---------------------------------------------------------------------------------
Part Resources:
DSPs: 740 (col length:100)
BRAMs: 730 (col length: RAMB18 100 RAMB36 50)
---------------------------------------------------------------------------------
Finished Part Resource Summary
---------------------------------------------------------------------------------
---------------------------------------------------------------------------------
Start Cross Boundary and Area Optimization
---------------------------------------------------------------------------------
Warning: Parallel synthesis criteria is not met 
WARNING: [Synth 8-3331] design design_1_microblaze_0_axi_periph_0 has unconnected port M00_ACLK
WARNING: [Synth 8-3331] design design_1_microblaze_0_axi_periph_0 has unconnected port M00_ARESETN
WARNING: [Synth 8-3331] design design_1_microblaze_0_axi_periph_0 has unconnected port M01_ACLK
WARNING: [Synth 8-3331] design design_1_microblaze_0_axi_periph_0 has unconnected port M01_ARESETN
WARNING: [Synth 8-3331] design design_1_microblaze_0_axi_periph_0 has unconnected port S00_ACLK
WARNING: [Synth 8-3331] design design_1_microblaze_0_axi_periph_0 has unconnected port S00_ARESETN
---------------------------------------------------------------------------------
Finished Cross Boundary and Area Optimization : Time (s): cpu = 00:00:10 ; elapsed = 00:00:12 . Memory (MB): peak = 847.629 ; gain = 507.793
---------------------------------------------------------------------------------

Report RTL Partitions: 
+-+--------------+------------+----------+
| |RTL Partition |Replication |Instances |
+-+--------------+------------+----------+
+-+--------------+------------+----------+
---------------------------------------------------------------------------------
Start Applying XDC Timing Constraints
---------------------------------------------------------------------------------
INFO: [Synth 8-5578] Moved timing constraint from pin 'design_1_i/clk_wiz_0/clk_out1' to pin 'design_1_i/clk_wiz_0/bbstub_clk_out1/O'
INFO: [Synth 8-5578] Moved timing constraint from pin 'design_1_i/clk_wiz_0/clk_out2' to pin 'design_1_i/clk_wiz_0/bbstub_clk_out2/O'
INFO: [Synth 8-5578] Moved timing constraint from pin 'design_1_i/mdm_1/Dbg_Clk_0' to pin 'design_1_i/mdm_1/bbstub_Dbg_Clk_0/O'
INFO: [Synth 8-5578] Moved timing constraint from pin 'design_1_i/mdm_1/Dbg_Update_0' to pin 'design_1_i/mdm_1/bbstub_Dbg_Update_0/O'
INFO: [Synth 8-5578] Moved timing constraint from pin 'design_1_i/microblaze_0_local_memory/dlmb_bram_if_cntlr/BRAM_Clk_A' to pin 'design_1_i/microblaze_0_local_memory/dlmb_bram_if_cntlr/bbstub_BRAM_Clk_A/O'
INFO: [Synth 8-5578] Moved timing constraint from pin 'design_1_i/microblaze_0_local_memory/ilmb_bram_if_cntlr/BRAM_Clk_A' to pin 'design_1_i/microblaze_0_local_memory/ilmb_bram_if_cntlr/bbstub_BRAM_Clk_A/O'
INFO: [Synth 8-5819] Moved 6 constraints on hierarchical pins to their respective driving/loading pins
---------------------------------------------------------------------------------
Finished Applying XDC Timing Constraints : Time (s): cpu = 00:00:16 ; elapsed = 00:00:19 . Memory (MB): peak = 849.039 ; gain = 509.203
---------------------------------------------------------------------------------
---------------------------------------------------------------------------------
Start Timing Optimization
---------------------------------------------------------------------------------
---------------------------------------------------------------------------------
Finished Timing Optimization : Time (s): cpu = 00:00:16 ; elapsed = 00:00:19 . Memory (MB): peak = 849.191 ; gain = 509.355
---------------------------------------------------------------------------------

Report RTL Partitions: 
+-+--------------+------------+----------+
| |RTL Partition |Replication |Instances |
+-+--------------+------------+----------+
+-+--------------+------------+----------+
---------------------------------------------------------------------------------
Start Technology Mapping
---------------------------------------------------------------------------------
---------------------------------------------------------------------------------
Finished Technology Mapping : Time (s): cpu = 00:00:16 ; elapsed = 00:00:19 . Memory (MB): peak = 850.551 ; gain = 510.715
---------------------------------------------------------------------------------

Report RTL Partitions: 
+-+--------------+------------+----------+
| |RTL Partition |Replication |Instances |
+-+--------------+------------+----------+
+-+--------------+------------+----------+
---------------------------------------------------------------------------------
Start IO Insertion
---------------------------------------------------------------------------------
---------------------------------------------------------------------------------
Start Flattening Before IO Insertion
---------------------------------------------------------------------------------
---------------------------------------------------------------------------------
Finished Flattening Before IO Insertion
---------------------------------------------------------------------------------
---------------------------------------------------------------------------------
Start Final Netlist Cleanup
---------------------------------------------------------------------------------
---------------------------------------------------------------------------------
Finished Final Netlist Cleanup
---------------------------------------------------------------------------------
---------------------------------------------------------------------------------
Finished IO Insertion : Time (s): cpu = 00:00:17 ; elapsed = 00:00:20 . Memory (MB): peak = 850.551 ; gain = 510.715
---------------------------------------------------------------------------------

Report Check Netlist: 
+------+------------------+-------+---------+-------+------------------+
|      |Item              |Errors |Warnings |Status |Description       |
+------+------------------+-------+---------+-------+------------------+
|1     |multi_driven_nets |      0|        0|Passed |Multi driven nets |
+------+------------------+-------+---------+-------+------------------+
---------------------------------------------------------------------------------
Start Renaming Generated Instances
---------------------------------------------------------------------------------
---------------------------------------------------------------------------------
Finished Renaming Generated Instances : Time (s): cpu = 00:00:17 ; elapsed = 00:00:20 . Memory (MB): peak = 850.551 ; gain = 510.715
---------------------------------------------------------------------------------

Report RTL Partitions: 
+-+--------------+------------+----------+
| |RTL Partition |Replication |Instances |
+-+--------------+------------+----------+
+-+--------------+------------+----------+
---------------------------------------------------------------------------------
Start Rebuilding User Hierarchy
---------------------------------------------------------------------------------
---------------------------------------------------------------------------------
Finished Rebuilding User Hierarchy : Time (s): cpu = 00:00:17 ; elapsed = 00:00:20 . Memory (MB): peak = 850.551 ; gain = 510.715
---------------------------------------------------------------------------------
---------------------------------------------------------------------------------
Start Renaming Generated Ports
---------------------------------------------------------------------------------
---------------------------------------------------------------------------------
Finished Renaming Generated Ports : Time (s): cpu = 00:00:17 ; elapsed = 00:00:20 . Memory (MB): peak = 850.551 ; gain = 510.715
---------------------------------------------------------------------------------
---------------------------------------------------------------------------------
Start Handling Custom Attributes
---------------------------------------------------------------------------------
---------------------------------------------------------------------------------
Finished Handling Custom Attributes : Time (s): cpu = 00:00:17 ; elapsed = 00:00:20 . Memory (MB): peak = 850.551 ; gain = 510.715
---------------------------------------------------------------------------------
---------------------------------------------------------------------------------
Start Renaming Generated Nets
---------------------------------------------------------------------------------
---------------------------------------------------------------------------------
Finished Renaming Generated Nets : Time (s): cpu = 00:00:17 ; elapsed = 00:00:20 . Memory (MB): peak = 850.551 ; gain = 510.715
---------------------------------------------------------------------------------
---------------------------------------------------------------------------------
Start Writing Synthesis Report
---------------------------------------------------------------------------------

Report BlackBoxes: 
+------+------------------------------+----------+
|      |BlackBox name                 |Instances |
+------+------------------------------+----------+
|1     |design_1_xbar_0               |         1|
|2     |design_1_axi_gpio_0_1         |         1|
|3     |design_1_axi_uartlite_0_1     |         1|
|4     |design_1_clk_wiz_0_0          |         1|
|5     |design_1_mdm_1_1              |         1|
|6     |design_1_microblaze_0_1       |         1|
|7     |design_1_rst_clk_wiz_0_100M_0 |         1|
|8     |design_1_dlmb_bram_if_cntlr_1 |         1|
|9     |design_1_dlmb_v10_1           |         1|
|10    |design_1_ilmb_bram_if_cntlr_1 |         1|
|11    |design_1_ilmb_v10_1           |         1|
|12    |design_1_lmb_bram_1           |         1|
+------+------------------------------+----------+

Report Cell Usage: 
+------+--------------------------------------+------+
|      |Cell                                  |Count |
+------+--------------------------------------+------+
|1     |design_1_axi_gpio_0_1_bbox_0          |     1|
|2     |design_1_axi_uartlite_0_1_bbox_1      |     1|
|3     |design_1_clk_wiz_0_0_bbox_2           |     1|
|4     |design_1_dlmb_bram_if_cntlr_1_bbox_6  |     1|
|5     |design_1_dlmb_v10_1_bbox_7            |     1|
|6     |design_1_ilmb_bram_if_cntlr_1_bbox_8  |     1|
|7     |design_1_ilmb_v10_1_bbox_9            |     1|
|8     |design_1_lmb_bram_1_bbox_10           |     1|
|9     |design_1_mdm_1_1_bbox_3               |     1|
|10    |design_1_microblaze_0_1_bbox_4        |     1|
|11    |design_1_rst_clk_wiz_0_100M_0_bbox_11 |     1|
|12    |design_1_xbar_0_bbox_5                |     1|
|13    |IBUF                                  |     3|
|14    |IOBUF                                 |    32|
|15    |OBUF                                  |     1|
+------+--------------------------------------+------+

Report Instance Areas: 
+------+------------------------------+--------------------------------------+------+
|      |Instance                      |Module                                |Cells |
+------+------------------------------+--------------------------------------+------+
|1     |top                           |                                      |  1186|
|2     |  design_1_i                  |design_1                              |  1150|
|3     |    microblaze_0_axi_periph   |design_1_microblaze_0_axi_periph_0    |   263|
|4     |    microblaze_0_local_memory |microblaze_0_local_memory_imp_1K0VQXK |   496|
+------+------------------------------+--------------------------------------+------+
---------------------------------------------------------------------------------
Finished Writing Synthesis Report : Time (s): cpu = 00:00:17 ; elapsed = 00:00:20 . Memory (MB): peak = 850.551 ; gain = 510.715
---------------------------------------------------------------------------------
Synthesis finished with 0 errors, 0 critical warnings and 6 warnings.
Synthesis Optimization Runtime : Time (s): cpu = 00:00:09 ; elapsed = 00:00:13 . Memory (MB): peak = 850.551 ; gain = 160.441
Synthesis Optimization Complete : Time (s): cpu = 00:00:17 ; elapsed = 00:00:20 . Memory (MB): peak = 850.551 ; gain = 510.715
INFO: [Project 1-571] Translating synthesized netlist
INFO: [Netlist 29-17] Analyzing 35 Unisim elements for replacement
INFO: [Netlist 29-28] Unisim Transformation completed in 0 CPU seconds
INFO: [Project 1-570] Preparing netlist for logic optimization
INFO: [Opt 31-138] Pushed 0 inverter(s) to 0 load pin(s).
INFO: [Project 1-111] Unisim Transformation Summary:
  A total of 32 instances were transformed.
  IOBUF => IOBUF (IBUF, OBUFT): 32 instances

INFO: [Common 17-83] Releasing license: Synthesis
96 Infos, 19 Warnings, 0 Critical Warnings and 0 Errors encountered.
synth_design completed successfully
synth_design: Time (s): cpu = 00:00:19 ; elapsed = 00:00:22 . Memory (MB): peak = 874.734 ; gain = 541.820
WARNING: [Constraints 18-5210] No constraint will be written out.
INFO: [Common 17-1381] The checkpoint 'D:/Beni/Digilent19/FirstOnNexysVideo/FirstOnNexysVideo.runs/synth_1/design_1_wrapper.dcp' has been generated.
INFO: [runtcl-4] Executing : report_utilization -file design_1_wrapper_utilization_synth.rpt -pb design_1_wrapper_utilization_synth.pb
report_utilization: Time (s): cpu = 00:00:00 ; elapsed = 00:00:00.057 . Memory (MB): peak = 875.055 ; gain = 0.000
INFO: [Common 17-206] Exiting Vivado at Fri Dec  7 13:01:52 2018...
