

================================================================
== Vivado HLS Report for 'CvtColor'
================================================================
* Date:           Wed Jan 23 20:31:29 2019

* Version:        2018.2 (Build 2258646 on Thu Jun 14 20:25:20 MDT 2018)
* Project:        BlackFilter
* Solution:       solution1
* Product family: zynq
* Target device:  xc7z020clg400-1


================================================================
== Performance Estimates
================================================================
+ Timing (ns): 
    * Summary: 
    +--------+-------+----------+------------+
    |  Clock | Target| Estimated| Uncertainty|
    +--------+-------+----------+------------+
    |ap_clk  |  10.00|     7.268|        1.25|
    +--------+-------+----------+------------+

+ Latency (clock cycles): 
    * Summary: 
    +---------+---------+---------+---------+---------+
    |      Latency      |      Interval     | Pipeline|
    |   min   |   max   |   min   |   max   |   Type  |
    +---------+---------+---------+---------+---------+
    |  4006001|  4006001|  4006001|  4006001|   none  |
    +---------+---------+---------+---------+---------+

    + Detail: 
        * Instance: 
        N/A

        * Loop: 
        +---------------+---------+---------+----------+-----------+-----------+------+----------+
        |               |      Latency      | Iteration|  Initiation Interval  | Trip |          |
        |   Loop Name   |   min   |   max   |  Latency |  achieved |   target  | Count| Pipelined|
        +---------------+---------+---------+----------+-----------+-----------+------+----------+
        |- loop_height  |  4006000|  4006000|      2003|          -|          -|  2000|    no    |
        | + loop_width  |     2000|     2000|         2|          1|          1|  2000|    yes   |
        +---------------+---------+---------+----------+-----------+-----------+------+----------+

============================================================
+ Verbose Summary: Synthesis Manager
============================================================
InlineROM: 1
ExposeGlobal: 0
============================================================
+ Verbose Summary: CDFG Model
============================================================
IsTopModel: 0
ResetActiveHigh: 1
IsCombinational: 2
IsDatapathOnly: 0
HasWiredReturn: 1
HasMFsm: 0
HasVarLatency: 1
IsPipeline: 0
IsRtlPipelined: 0
IsInstanceOverlapped: 0
IsDontTouch: 0
HasImplIP: 0
IsGatedGlobalClock: 0

+ Individual pipeline summary: 
  * Pipeline-0: initiation interval (II) = 1, depth = 2


============================================================
+ Verbose Summary: Schedule
============================================================
* Number of FSM states : 5
* Pipeline : 1
  Pipeline-0 : II = 1, D = 2, States = { 3 4 }
* Dataflow Pipeline: 0

* FSM state transitions: 
1 --> 
	2  / true
2 --> 
	3  / (!exitcond1)
3 --> 
	5  / (exitcond)
	4  / (!exitcond)
4 --> 
	3  / true
5 --> 
	2  / true

* FSM state operations: 

State 1 <SV = 0> <Delay = 1.76>
ST_1 : Operation 6 [1/1] (0.00ns)   --->   "call void (...)* @_ssdm_op_SpecInterface(i8* %p_dst_data_stream_2_V, [8 x i8]* @ap_fifo_str, i32 0, i32 0, [1 x i8]* @p_str116, i32 0, i32 0, [1 x i8]* @p_str117, [1 x i8]* @p_str118, [1 x i8]* @p_str119, i32 2, i32 2, i32 16, i32 16, [1 x i8]* @p_str120, [1 x i8]* @p_str121)"   --->   Operation 6 'specinterface' <Predicate = true> <Delay = 0.00>
ST_1 : Operation 7 [1/1] (0.00ns)   --->   "call void (...)* @_ssdm_op_SpecInterface(i8* %p_dst_data_stream_1_V, [8 x i8]* @ap_fifo_str, i32 0, i32 0, [1 x i8]* @p_str109, i32 0, i32 0, [1 x i8]* @p_str110, [1 x i8]* @p_str111, [1 x i8]* @p_str112, i32 2, i32 2, i32 16, i32 16, [1 x i8]* @p_str113, [1 x i8]* @p_str114)"   --->   Operation 7 'specinterface' <Predicate = true> <Delay = 0.00>
ST_1 : Operation 8 [1/1] (0.00ns)   --->   "call void (...)* @_ssdm_op_SpecInterface(i8* %p_dst_data_stream_0_V, [8 x i8]* @ap_fifo_str, i32 0, i32 0, [1 x i8]* @p_str102, i32 0, i32 0, [1 x i8]* @p_str103, [1 x i8]* @p_str104, [1 x i8]* @p_str105, i32 2, i32 2, i32 16, i32 16, [1 x i8]* @p_str106, [1 x i8]* @p_str107)"   --->   Operation 8 'specinterface' <Predicate = true> <Delay = 0.00>
ST_1 : Operation 9 [1/1] (0.00ns)   --->   "call void (...)* @_ssdm_op_SpecInterface(i8* %p_src_data_stream_V, [8 x i8]* @ap_fifo_str, i32 0, i32 0, [1 x i8]* @p_str95, i32 0, i32 0, [1 x i8]* @p_str96, [1 x i8]* @p_str97, [1 x i8]* @p_str98, i32 2, i32 2, i32 16, i32 16, [1 x i8]* @p_str99, [1 x i8]* @p_str100)"   --->   Operation 9 'specinterface' <Predicate = true> <Delay = 0.00>
ST_1 : Operation 10 [1/1] (1.76ns)   --->   "br label %0" [C:/Xilinx/Vivado/2018.2/common/technology/autopilot/hls/hls_video_imgproc.h:1947]   --->   Operation 10 'br' <Predicate = true> <Delay = 1.76>

State 2 <SV = 1> <Delay = 2.85>
ST_2 : Operation 11 [1/1] (0.00ns)   --->   "%i = phi i11 [ 0, %._crit_edge ], [ %i_1, %3 ]"   --->   Operation 11 'phi' 'i' <Predicate = true> <Delay = 0.00>
ST_2 : Operation 12 [1/1] (0.00ns)   --->   "call void (...)* @_ssdm_op_SpecLoopTripCount(i64 2000, i64 2000, i64 2000)"   --->   Operation 12 'speclooptripcount' <Predicate = true> <Delay = 0.00>
ST_2 : Operation 13 [1/1] (1.88ns)   --->   "%exitcond1 = icmp eq i11 %i, -48" [C:/Xilinx/Vivado/2018.2/common/technology/autopilot/hls/hls_video_imgproc.h:1947]   --->   Operation 13 'icmp' 'exitcond1' <Predicate = true> <Delay = 1.88> <Core = "Cmp">   --->   Core 25 'Cmp' <Latency = 0> <II = 1> <Delay = 1.88> <FuncUnit> <Opcode : 'icmp'> <InPorts = 2> <OutPorts = 1>
ST_2 : Operation 14 [1/1] (1.63ns)   --->   "%i_1 = add i11 %i, 1" [C:/Xilinx/Vivado/2018.2/common/technology/autopilot/hls/hls_video_imgproc.h:1947]   --->   Operation 14 'add' 'i_1' <Predicate = true> <Delay = 1.63> <Core = "AddSub">   --->   Core 14 'AddSub' <Latency = 0> <II = 1> <Delay = 1.63> <FuncUnit> <Opcode : 'add' 'sub'> <InPorts = 2> <OutPorts = 1>
ST_2 : Operation 15 [1/1] (0.00ns)   --->   "br i1 %exitcond1, label %4, label %1" [C:/Xilinx/Vivado/2018.2/common/technology/autopilot/hls/hls_video_imgproc.h:1947]   --->   Operation 15 'br' <Predicate = true> <Delay = 0.00>
ST_2 : Operation 16 [1/1] (0.00ns)   --->   "call void (...)* @_ssdm_op_SpecLoopName([12 x i8]* @p_str10) nounwind" [C:/Xilinx/Vivado/2018.2/common/technology/autopilot/hls/hls_video_imgproc.h:1947]   --->   Operation 16 'specloopname' <Predicate = (!exitcond1)> <Delay = 0.00>
ST_2 : Operation 17 [1/1] (0.00ns)   --->   "%tmp = call i32 (...)* @_ssdm_op_SpecRegionBegin([12 x i8]* @p_str10)" [C:/Xilinx/Vivado/2018.2/common/technology/autopilot/hls/hls_video_imgproc.h:1947]   --->   Operation 17 'specregionbegin' 'tmp' <Predicate = (!exitcond1)> <Delay = 0.00>
ST_2 : Operation 18 [1/1] (1.76ns)   --->   "br label %2" [C:/Xilinx/Vivado/2018.2/common/technology/autopilot/hls/hls_video_imgproc.h:1948]   --->   Operation 18 'br' <Predicate = (!exitcond1)> <Delay = 1.76>
ST_2 : Operation 19 [1/1] (0.00ns)   --->   "ret void" [C:/Xilinx/Vivado/2018.2/common/technology/autopilot/hls/hls_video_imgproc.h:1956]   --->   Operation 19 'ret' <Predicate = (exitcond1)> <Delay = 0.00>

State 3 <SV = 2> <Delay = 1.88>
ST_3 : Operation 20 [1/1] (0.00ns)   --->   "%j = phi i11 [ 0, %1 ], [ %j_1, %"operator<<.exit" ]"   --->   Operation 20 'phi' 'j' <Predicate = true> <Delay = 0.00>
ST_3 : Operation 21 [1/1] (0.00ns)   --->   "call void (...)* @_ssdm_op_SpecLoopTripCount(i64 2000, i64 2000, i64 2000)"   --->   Operation 21 'speclooptripcount' <Predicate = true> <Delay = 0.00>
ST_3 : Operation 22 [1/1] (1.88ns)   --->   "%exitcond = icmp eq i11 %j, -48" [C:/Xilinx/Vivado/2018.2/common/technology/autopilot/hls/hls_video_imgproc.h:1948]   --->   Operation 22 'icmp' 'exitcond' <Predicate = true> <Delay = 1.88> <Core = "Cmp">   --->   Core 25 'Cmp' <Latency = 0> <II = 1> <Delay = 1.88> <FuncUnit> <Opcode : 'icmp'> <InPorts = 2> <OutPorts = 1>
ST_3 : Operation 23 [1/1] (1.63ns)   --->   "%j_1 = add i11 %j, 1" [C:/Xilinx/Vivado/2018.2/common/technology/autopilot/hls/hls_video_imgproc.h:1948]   --->   Operation 23 'add' 'j_1' <Predicate = true> <Delay = 1.63> <Core = "AddSub">   --->   Core 14 'AddSub' <Latency = 0> <II = 1> <Delay = 1.63> <FuncUnit> <Opcode : 'add' 'sub'> <InPorts = 2> <OutPorts = 1>
ST_3 : Operation 24 [1/1] (0.00ns)   --->   "br i1 %exitcond, label %3, label %"operator<<.exit"" [C:/Xilinx/Vivado/2018.2/common/technology/autopilot/hls/hls_video_imgproc.h:1948]   --->   Operation 24 'br' <Predicate = true> <Delay = 0.00>

State 4 <SV = 3> <Delay = 7.26>
ST_4 : Operation 25 [1/1] (0.00ns)   --->   "call void (...)* @_ssdm_op_SpecLoopName([11 x i8]* @p_str11) nounwind" [C:/Xilinx/Vivado/2018.2/common/technology/autopilot/hls/hls_video_imgproc.h:1948]   --->   Operation 25 'specloopname' <Predicate = (!exitcond)> <Delay = 0.00>
ST_4 : Operation 26 [1/1] (0.00ns)   --->   "%tmp_4 = call i32 (...)* @_ssdm_op_SpecRegionBegin([11 x i8]* @p_str11)" [C:/Xilinx/Vivado/2018.2/common/technology/autopilot/hls/hls_video_imgproc.h:1948]   --->   Operation 26 'specregionbegin' 'tmp_4' <Predicate = (!exitcond)> <Delay = 0.00>
ST_4 : Operation 27 [1/1] (0.00ns)   --->   "call void (...)* @_ssdm_op_SpecPipeline(i32 -1, i32 1, i32 1, i32 0, [1 x i8]* @p_str3) nounwind" [C:/Xilinx/Vivado/2018.2/common/technology/autopilot/hls/hls_video_imgproc.h:1950]   --->   Operation 27 'specpipeline' <Predicate = (!exitcond)> <Delay = 0.00>
ST_4 : Operation 28 [1/1] (0.00ns)   --->   "%tmp_5 = call i32 (...)* @_ssdm_op_SpecRegionBegin([12 x i8]* @p_str21)" [C:/Xilinx/Vivado/2018.2/common/technology/autopilot/hls/hls_video_core.h:617->C:/Xilinx/Vivado/2018.2/common/technology/autopilot/hls/hls_video_core.h:656->C:/Xilinx/Vivado/2018.2/common/technology/autopilot/hls/hls_video_imgproc.h:1951]   --->   Operation 28 'specregionbegin' 'tmp_5' <Predicate = (!exitcond)> <Delay = 0.00>
ST_4 : Operation 29 [1/1] (0.00ns)   --->   "call void (...)* @_ssdm_op_SpecProtocol(i32 0, [1 x i8]* @p_str3) nounwind" [C:/Xilinx/Vivado/2018.2/common/technology/autopilot/hls/hls_video_core.h:621->C:/Xilinx/Vivado/2018.2/common/technology/autopilot/hls/hls_video_core.h:656->C:/Xilinx/Vivado/2018.2/common/technology/autopilot/hls/hls_video_imgproc.h:1951]   --->   Operation 29 'specprotocol' <Predicate = (!exitcond)> <Delay = 0.00>
ST_4 : Operation 30 [1/1] (3.63ns)   --->   "%tmp_15 = call i8 @_ssdm_op_Read.ap_fifo.volatile.i8P(i8* %p_src_data_stream_V)" [C:/Xilinx/Vivado/2018.2/common/technology/autopilot/hls/hls_video_core.h:624->C:/Xilinx/Vivado/2018.2/common/technology/autopilot/hls/hls_video_core.h:656->C:/Xilinx/Vivado/2018.2/common/technology/autopilot/hls/hls_video_imgproc.h:1951]   --->   Operation 30 'read' 'tmp_15' <Predicate = (!exitcond)> <Delay = 3.63> <Core = "FIFO">   --->   Core 32 'FIFO' <Latency = 0> <II = 1> <Delay = 3.63> <Storage> <Opcode : 'read' 'write' 'nbread' 'nbwrite'> <Ports = 0> <Width = 8> <Depth = 2> <FIFO>
ST_4 : Operation 31 [1/1] (0.00ns)   --->   "%empty = call i32 (...)* @_ssdm_op_SpecRegionEnd([12 x i8]* @p_str21, i32 %tmp_5)" [C:/Xilinx/Vivado/2018.2/common/technology/autopilot/hls/hls_video_core.h:626->C:/Xilinx/Vivado/2018.2/common/technology/autopilot/hls/hls_video_core.h:656->C:/Xilinx/Vivado/2018.2/common/technology/autopilot/hls/hls_video_imgproc.h:1951]   --->   Operation 31 'specregionend' 'empty' <Predicate = (!exitcond)> <Delay = 0.00>
ST_4 : Operation 32 [1/1] (0.00ns)   --->   "%tmp_6 = call i32 (...)* @_ssdm_op_SpecRegionBegin([12 x i8]* @p_str19)" [C:/Xilinx/Vivado/2018.2/common/technology/autopilot/hls/hls_video_core.h:641->C:/Xilinx/Vivado/2018.2/common/technology/autopilot/hls/hls_video_core.h:662->C:/Xilinx/Vivado/2018.2/common/technology/autopilot/hls/hls_video_imgproc.h:1953]   --->   Operation 32 'specregionbegin' 'tmp_6' <Predicate = (!exitcond)> <Delay = 0.00>
ST_4 : Operation 33 [1/1] (0.00ns)   --->   "call void (...)* @_ssdm_op_SpecProtocol(i32 0, [1 x i8]* @p_str3) nounwind" [C:/Xilinx/Vivado/2018.2/common/technology/autopilot/hls/hls_video_core.h:645->C:/Xilinx/Vivado/2018.2/common/technology/autopilot/hls/hls_video_core.h:662->C:/Xilinx/Vivado/2018.2/common/technology/autopilot/hls/hls_video_imgproc.h:1953]   --->   Operation 33 'specprotocol' <Predicate = (!exitcond)> <Delay = 0.00>
ST_4 : Operation 34 [1/1] (3.63ns)   --->   "call void @_ssdm_op_Write.ap_fifo.volatile.i8P(i8* %p_dst_data_stream_0_V, i8 %tmp_15)" [C:/Xilinx/Vivado/2018.2/common/technology/autopilot/hls/hls_video_core.h:648->C:/Xilinx/Vivado/2018.2/common/technology/autopilot/hls/hls_video_core.h:662->C:/Xilinx/Vivado/2018.2/common/technology/autopilot/hls/hls_video_imgproc.h:1953]   --->   Operation 34 'write' <Predicate = (!exitcond)> <Delay = 3.63> <Core = "FIFO">   --->   Core 32 'FIFO' <Latency = 0> <II = 1> <Delay = 3.63> <Storage> <Opcode : 'read' 'write' 'nbread' 'nbwrite'> <Ports = 0> <Width = 8> <Depth = 2> <FIFO>
ST_4 : Operation 35 [1/1] (3.63ns)   --->   "call void @_ssdm_op_Write.ap_fifo.volatile.i8P(i8* %p_dst_data_stream_1_V, i8 %tmp_15)" [C:/Xilinx/Vivado/2018.2/common/technology/autopilot/hls/hls_video_core.h:648->C:/Xilinx/Vivado/2018.2/common/technology/autopilot/hls/hls_video_core.h:662->C:/Xilinx/Vivado/2018.2/common/technology/autopilot/hls/hls_video_imgproc.h:1953]   --->   Operation 35 'write' <Predicate = (!exitcond)> <Delay = 3.63> <Core = "FIFO">   --->   Core 32 'FIFO' <Latency = 0> <II = 1> <Delay = 3.63> <Storage> <Opcode : 'read' 'write' 'nbread' 'nbwrite'> <Ports = 0> <Width = 8> <Depth = 2> <FIFO>
ST_4 : Operation 36 [1/1] (3.63ns)   --->   "call void @_ssdm_op_Write.ap_fifo.volatile.i8P(i8* %p_dst_data_stream_2_V, i8 %tmp_15)" [C:/Xilinx/Vivado/2018.2/common/technology/autopilot/hls/hls_video_core.h:648->C:/Xilinx/Vivado/2018.2/common/technology/autopilot/hls/hls_video_core.h:662->C:/Xilinx/Vivado/2018.2/common/technology/autopilot/hls/hls_video_imgproc.h:1953]   --->   Operation 36 'write' <Predicate = (!exitcond)> <Delay = 3.63> <Core = "FIFO">   --->   Core 32 'FIFO' <Latency = 0> <II = 1> <Delay = 3.63> <Storage> <Opcode : 'read' 'write' 'nbread' 'nbwrite'> <Ports = 0> <Width = 8> <Depth = 2> <FIFO>
ST_4 : Operation 37 [1/1] (0.00ns)   --->   "%empty_46 = call i32 (...)* @_ssdm_op_SpecRegionEnd([12 x i8]* @p_str19, i32 %tmp_6)" [C:/Xilinx/Vivado/2018.2/common/technology/autopilot/hls/hls_video_core.h:650->C:/Xilinx/Vivado/2018.2/common/technology/autopilot/hls/hls_video_core.h:662->C:/Xilinx/Vivado/2018.2/common/technology/autopilot/hls/hls_video_imgproc.h:1953]   --->   Operation 37 'specregionend' 'empty_46' <Predicate = (!exitcond)> <Delay = 0.00>
ST_4 : Operation 38 [1/1] (0.00ns)   --->   "%empty_47 = call i32 (...)* @_ssdm_op_SpecRegionEnd([11 x i8]* @p_str11, i32 %tmp_4)" [C:/Xilinx/Vivado/2018.2/common/technology/autopilot/hls/hls_video_imgproc.h:1954]   --->   Operation 38 'specregionend' 'empty_47' <Predicate = (!exitcond)> <Delay = 0.00>
ST_4 : Operation 39 [1/1] (0.00ns)   --->   "br label %2" [C:/Xilinx/Vivado/2018.2/common/technology/autopilot/hls/hls_video_imgproc.h:1948]   --->   Operation 39 'br' <Predicate = (!exitcond)> <Delay = 0.00>

State 5 <SV = 3> <Delay = 0.00>
ST_5 : Operation 40 [1/1] (0.00ns)   --->   "%empty_48 = call i32 (...)* @_ssdm_op_SpecRegionEnd([12 x i8]* @p_str10, i32 %tmp)" [C:/Xilinx/Vivado/2018.2/common/technology/autopilot/hls/hls_video_imgproc.h:1955]   --->   Operation 40 'specregionend' 'empty_48' <Predicate = true> <Delay = 0.00>
ST_5 : Operation 41 [1/1] (0.00ns)   --->   "br label %0" [C:/Xilinx/Vivado/2018.2/common/technology/autopilot/hls/hls_video_imgproc.h:1947]   --->   Operation 41 'br' <Predicate = true> <Delay = 0.00>


============================================================
+ Verbose Summary: Timing violations
============================================================
Target clock period: 10ns, clock uncertainty: 1.25ns.

 <State 1>: 1.77ns
The critical path consists of the following:
	multiplexor before 'phi' operation ('i') with incoming values : ('i', C:/Xilinx/Vivado/2018.2/common/technology/autopilot/hls/hls_video_imgproc.h:1947) [11]  (1.77 ns)

 <State 2>: 2.86ns
The critical path consists of the following:
	'icmp' operation ('exitcond1', C:/Xilinx/Vivado/2018.2/common/technology/autopilot/hls/hls_video_imgproc.h:1947) [13]  (1.88 ns)
	blocking operation 0.978 ns on control path)

 <State 3>: 1.88ns
The critical path consists of the following:
	'phi' operation ('j') with incoming values : ('j', C:/Xilinx/Vivado/2018.2/common/technology/autopilot/hls/hls_video_imgproc.h:1948) [21]  (0 ns)
	'icmp' operation ('exitcond', C:/Xilinx/Vivado/2018.2/common/technology/autopilot/hls/hls_video_imgproc.h:1948) [23]  (1.88 ns)

 <State 4>: 7.27ns
The critical path consists of the following:
	fifo read on port 'p_src_data_stream_V' (C:/Xilinx/Vivado/2018.2/common/technology/autopilot/hls/hls_video_core.h:624->C:/Xilinx/Vivado/2018.2/common/technology/autopilot/hls/hls_video_core.h:656->C:/Xilinx/Vivado/2018.2/common/technology/autopilot/hls/hls_video_imgproc.h:1951) [32]  (3.63 ns)
	fifo write on port 'p_dst_data_stream_1_V' (C:/Xilinx/Vivado/2018.2/common/technology/autopilot/hls/hls_video_core.h:648->C:/Xilinx/Vivado/2018.2/common/technology/autopilot/hls/hls_video_core.h:662->C:/Xilinx/Vivado/2018.2/common/technology/autopilot/hls/hls_video_imgproc.h:1953) [37]  (3.63 ns)

 <State 5>: 0ns
The critical path consists of the following:


============================================================
+ Verbose Summary: Binding
============================================================
N/A
* FSMD analyzer results:
  - Output states:
 - Input state : 
  - Chain level:
	State 1
	State 2
	State 3
	State 4
	State 5


============================================================
+ Verbose Summary: Datapath Resource usage 
============================================================
N/A
