

================================================================
== Vivado HLS Report for 'Random'
================================================================
* Date:           Fri Mar  1 10:33:41 2019

* Version:        2018.2 (Build 2258646 on Thu Jun 14 20:25:20 MDT 2018)
* Project:        RandomGenerator
* Solution:       solution1
* Product family: zynq
* Target device:  xc7z020clg400-1


================================================================
== Performance Estimates
================================================================
+ Timing (ns): 
    * Summary: 
    +--------+-------+----------+------------+
    |  Clock | Target| Estimated| Uncertainty|
    +--------+-------+----------+------------+
    |ap_clk  |  10.00|     6.538|        1.25|
    +--------+-------+----------+------------+

+ Latency (clock cycles): 
    * Summary: 
    +-----+---------+-----+---------+---------+
    |    Latency    |    Interval   | Pipeline|
    | min |   max   | min |   max   |   Type  |
    +-----+---------+-----+---------+---------+
    |    4|  8371203|    4|  8371203|   none  |
    +-----+---------+-----+---------+---------+

    + Detail: 
        * Instance: 
        N/A

        * Loop: 
        +----------+-----+---------+----------+-----------+-----------+-------------+----------+
        |          |    Latency    | Iteration|  Initiation Interval  |     Trip    |          |
        | Loop Name| min |   max   |  Latency |  achieved |   target  |    Count    | Pipelined|
        +----------+-----+---------+----------+-----------+-----------+-------------+----------+
        |- read_A  |    2|  8371201|         2|          1|          1| 1 ~ 8371200 |    yes   |
        +----------+-----+---------+----------+-----------+-----------+-------------+----------+



================================================================
== Utilization Estimates
================================================================
* Summary: 
+-----------------+---------+-------+--------+-------+
|       Name      | BRAM_18K| DSP48E|   FF   |  LUT  |
+-----------------+---------+-------+--------+-------+
|DSP              |        -|      -|       -|      -|
|Expression       |        -|      -|       0|    374|
|FIFO             |        -|      -|       -|      -|
|Instance         |        0|      -|     264|    424|
|Memory           |        -|      -|       -|      -|
|Multiplexer      |        -|      -|       -|    174|
|Register         |        -|      -|     477|      -|
+-----------------+---------+-------+--------+-------+
|Total            |        0|      0|     741|    972|
+-----------------+---------+-------+--------+-------+
|Available        |      280|    220|  106400|  53200|
+-----------------+---------+-------+--------+-------+
|Utilization (%)  |        0|      0|   ~0   |      1|
+-----------------+---------+-------+--------+-------+

+ Detail: 
    * Instance: 
    +----------------------------+--------------------------+---------+-------+-----+-----+
    |          Instance          |          Module          | BRAM_18K| DSP48E|  FF | LUT |
    +----------------------------+--------------------------+---------+-------+-----+-----+
    |Random_CONTROL_BUS_s_axi_U  |Random_CONTROL_BUS_s_axi  |        0|      0|  264|  424|
    +----------------------------+--------------------------+---------+-------+-----+-----+
    |Total                       |                          |        0|      0|  264|  424|
    +----------------------------+--------------------------+---------+-------+-----+-----+

    * DSP48: 
    N/A

    * Memory: 
    N/A

    * FIFO: 
    N/A

    * Expression: 
    +----------------------------------------+----------+-------+---+----+------------+------------+
    |              Variable Name             | Operation| DSP48E| FF| LUT| Bitwidth P0| Bitwidth P1|
    +----------------------------------------+----------+-------+---+----+------------+------------+
    |in1Count_fu_274_p2                      |     +    |      0|  0|  30|          23|           1|
    |r_V_fu_305_p2                           |     +    |      0|  0|  63|          56|          56|
    |sum_V_fu_292_p2                         |     +    |      0|  0|  62|          55|          55|
    |tmp_7_fu_335_p2                         |     -    |      0|  0|  39|           1|          32|
    |INPUT_STREAM_V_data_V_0_load_A          |    and   |      0|  0|   2|           1|           1|
    |INPUT_STREAM_V_data_V_0_load_B          |    and   |      0|  0|   2|           1|           1|
    |INPUT_STREAM_V_last_V_0_load_A          |    and   |      0|  0|   2|           1|           1|
    |INPUT_STREAM_V_last_V_0_load_B          |    and   |      0|  0|   2|           1|           1|
    |ap_block_pp0_stage0_11001               |    and   |      0|  0|   2|           1|           1|
    |ap_block_state2_pp0_stage0_iter0        |    and   |      0|  0|   2|           1|           1|
    |ap_condition_542                        |    and   |      0|  0|   2|           1|           1|
    |INPUT_STREAM_V_data_V_0_state_cmp_full  |   icmp   |      0|  0|   8|           2|           1|
    |INPUT_STREAM_V_last_V_0_state_cmp_full  |   icmp   |      0|  0|   8|           2|           1|
    |tmp_fu_268_p2                           |   icmp   |      0|  0|  18|          23|          16|
    |ap_predicate_tran3to4_state2            |    or    |      0|  0|   2|           1|           1|
    |r_V_3_fu_349_p3                         |  select  |      0|  0|  32|           1|          32|
    |agg_result_e                            |    xor   |      0|  0|  32|          32|          32|
    |ap_enable_pp0                           |    xor   |      0|  0|   2|           1|           2|
    |r_V_4_fu_373_p2                         |    xor   |      0|  0|  64|          64|          64|
    +----------------------------------------+----------+-------+---+----+------------+------------+
    |Total                                   |          |      0|  0| 374|         268|         300|
    +----------------------------------------+----------+-------+---+----+------------+------------+

    * Multiplexer: 
    +----------------------------------+----+-----------+-----+-----------+
    |               Name               | LUT| Input Size| Bits| Total Bits|
    +----------------------------------+----+-----------+-----+-----------+
    |INPUT_STREAM_TDATA_blk_n          |   9|          2|    1|          2|
    |INPUT_STREAM_V_data_V_0_data_out  |   9|          2|   32|         64|
    |INPUT_STREAM_V_data_V_0_state     |  15|          3|    2|          6|
    |INPUT_STREAM_V_dest_V_0_state     |  15|          3|    2|          6|
    |INPUT_STREAM_V_last_V_0_data_out  |   9|          2|    1|          2|
    |INPUT_STREAM_V_last_V_0_state     |  15|          3|    2|          6|
    |ap_NS_fsm                         |  21|          4|    1|          4|
    |ap_enable_reg_pp0_iter1           |   9|          2|    1|          2|
    |ap_phi_mux_i_phi_fu_190_p4        |   9|          2|   23|         46|
    |ap_phi_mux_p_0_phi_fu_179_p4      |   9|          2|   55|        110|
    |first_2_reg_243                   |   9|          2|   32|         64|
    |i_reg_186                         |   9|          2|   23|         46|
    |in1Count_1_reg_254                |   9|          2|   23|         46|
    |lhs_V_reg_222                     |   9|          2|   55|        110|
    |p_0_reg_176                       |   9|          2|   55|        110|
    |value_1_reg_232                   |   9|          2|   32|         64|
    +----------------------------------+----+-----------+-----+-----------+
    |Total                             | 174|         37|  340|        688|
    +----------------------------------+----+-----------+-----+-----------+

    * Register: 
    +-----------------------------------+----+----+-----+-----------+
    |                Name               | FF | LUT| Bits| Const Bits|
    +-----------------------------------+----+----+-----+-----------+
    |INPUT_STREAM_V_data_V_0_payload_A  |  32|   0|   32|          0|
    |INPUT_STREAM_V_data_V_0_payload_B  |  32|   0|   32|          0|
    |INPUT_STREAM_V_data_V_0_sel_rd     |   1|   0|    1|          0|
    |INPUT_STREAM_V_data_V_0_sel_wr     |   1|   0|    1|          0|
    |INPUT_STREAM_V_data_V_0_state      |   2|   0|    2|          0|
    |INPUT_STREAM_V_dest_V_0_state      |   2|   0|    2|          0|
    |INPUT_STREAM_V_last_V_0_payload_A  |   1|   0|    1|          0|
    |INPUT_STREAM_V_last_V_0_payload_B  |   1|   0|    1|          0|
    |INPUT_STREAM_V_last_V_0_sel_rd     |   1|   0|    1|          0|
    |INPUT_STREAM_V_last_V_0_sel_wr     |   1|   0|    1|          0|
    |INPUT_STREAM_V_last_V_0_state      |   2|   0|    2|          0|
    |ap_CS_fsm                          |   3|   0|    3|          0|
    |ap_enable_reg_pp0_iter0            |   1|   0|    1|          0|
    |ap_enable_reg_pp0_iter1            |   1|   0|    1|          0|
    |first_2_reg_243                    |  32|   0|   32|          0|
    |first_s_reg_210                    |  32|   0|   32|          0|
    |i_op_assign_reg_198                |  32|   0|   32|          0|
    |i_reg_186                          |  23|   0|   23|          0|
    |in1Count_1_reg_254                 |  23|   0|   23|          0|
    |in1Count_reg_420                   |  23|   0|   23|          0|
    |lhs_V_reg_222                      |  55|   0|   55|          0|
    |p_0_reg_176                        |  55|   0|   55|          0|
    |sum_V_reg_436                      |  55|   0|   55|          0|
    |tmp_data_V_reg_426                 |  32|   0|   32|          0|
    |tmp_last_V_reg_432                 |   1|   0|    1|          0|
    |tmp_reg_416                        |   1|   0|    1|          0|
    |value_1_reg_232                    |  32|   0|   32|          0|
    +-----------------------------------+----+----+-----+-----------+
    |Total                              | 477|   0|  477|          0|
    +-----------------------------------+----+----+-----+-----------+



================================================================
== Interface
================================================================
* Summary: 
+---------------------------+-----+-----+------------+-----------------------+--------------+
|         RTL Ports         | Dir | Bits|  Protocol  |     Source Object     |    C Type    |
+---------------------------+-----+-----+------------+-----------------------+--------------+
|s_axi_CONTROL_BUS_AWVALID  |  in |    1|    s_axi   |      CONTROL_BUS      |    pointer   |
|s_axi_CONTROL_BUS_AWREADY  | out |    1|    s_axi   |      CONTROL_BUS      |    pointer   |
|s_axi_CONTROL_BUS_AWADDR   |  in |    6|    s_axi   |      CONTROL_BUS      |    pointer   |
|s_axi_CONTROL_BUS_WVALID   |  in |    1|    s_axi   |      CONTROL_BUS      |    pointer   |
|s_axi_CONTROL_BUS_WREADY   | out |    1|    s_axi   |      CONTROL_BUS      |    pointer   |
|s_axi_CONTROL_BUS_WDATA    |  in |   32|    s_axi   |      CONTROL_BUS      |    pointer   |
|s_axi_CONTROL_BUS_WSTRB    |  in |    4|    s_axi   |      CONTROL_BUS      |    pointer   |
|s_axi_CONTROL_BUS_ARVALID  |  in |    1|    s_axi   |      CONTROL_BUS      |    pointer   |
|s_axi_CONTROL_BUS_ARREADY  | out |    1|    s_axi   |      CONTROL_BUS      |    pointer   |
|s_axi_CONTROL_BUS_ARADDR   |  in |    6|    s_axi   |      CONTROL_BUS      |    pointer   |
|s_axi_CONTROL_BUS_RVALID   | out |    1|    s_axi   |      CONTROL_BUS      |    pointer   |
|s_axi_CONTROL_BUS_RREADY   |  in |    1|    s_axi   |      CONTROL_BUS      |    pointer   |
|s_axi_CONTROL_BUS_RDATA    | out |   32|    s_axi   |      CONTROL_BUS      |    pointer   |
|s_axi_CONTROL_BUS_RRESP    | out |    2|    s_axi   |      CONTROL_BUS      |    pointer   |
|s_axi_CONTROL_BUS_BVALID   | out |    1|    s_axi   |      CONTROL_BUS      |    pointer   |
|s_axi_CONTROL_BUS_BREADY   |  in |    1|    s_axi   |      CONTROL_BUS      |    pointer   |
|s_axi_CONTROL_BUS_BRESP    | out |    2|    s_axi   |      CONTROL_BUS      |    pointer   |
|ap_clk                     |  in |    1| ap_ctrl_hs |         Random        | return value |
|ap_rst_n                   |  in |    1| ap_ctrl_hs |         Random        | return value |
|interrupt                  | out |    1| ap_ctrl_hs |         Random        | return value |
|INPUT_STREAM_TDATA         |  in |   32|    axis    | INPUT_STREAM_V_data_V |    pointer   |
|INPUT_STREAM_TVALID        |  in |    1|    axis    | INPUT_STREAM_V_dest_V |    pointer   |
|INPUT_STREAM_TREADY        | out |    1|    axis    | INPUT_STREAM_V_dest_V |    pointer   |
|INPUT_STREAM_TDEST         |  in |    6|    axis    | INPUT_STREAM_V_dest_V |    pointer   |
|INPUT_STREAM_TKEEP         |  in |    4|    axis    | INPUT_STREAM_V_keep_V |    pointer   |
|INPUT_STREAM_TSTRB         |  in |    4|    axis    | INPUT_STREAM_V_strb_V |    pointer   |
|INPUT_STREAM_TUSER         |  in |    2|    axis    | INPUT_STREAM_V_user_V |    pointer   |
|INPUT_STREAM_TLAST         |  in |    1|    axis    | INPUT_STREAM_V_last_V |    pointer   |
|INPUT_STREAM_TID           |  in |    5|    axis    |  INPUT_STREAM_V_id_V  |    pointer   |
|temperature_V              |  in |   12|   ap_none  |     temperature_V     |    scalar    |
|last_V                     |  in |   64|   ap_none  |         last_V        |    scalar    |
+---------------------------+-----+-----+------------+-----------------------+--------------+

