

================================================================
== Vivado HLS Report for 'sobel'
================================================================
* Date:           Mon Dec 10 17:59:07 2018

* Version:        2018.2 (Build 2258646 on Thu Jun 14 20:25:20 MDT 2018)
* Project:        edge3
* Solution:       solution1
* Product family: aartix7
* Target device:  xa7a12tcsg325-1q


================================================================
== Performance Estimates
================================================================
+ Timing (ns): 
    * Summary: 
    +--------+-------+----------+------------+
    |  Clock | Target| Estimated| Uncertainty|
    +--------+-------+----------+------------+
    |ap_clk  |  10.00|     0.000|        1.25|
    +--------+-------+----------+------------+

+ Latency (clock cycles): 
    * Summary: 
    +-----+-----+-----+-----+----------+
    |  Latency  |  Interval | Pipeline |
    | min | max | min | max |   Type   |
    +-----+-----+-----+-----+----------+
    |    0|    0|    ?|    ?| dataflow |
    +-----+-----+-----+-----+----------+

    + Detail: 
        * Instance: 
        N/A

        * Loop: 
        N/A

============================================================
+ Verbose Summary: Synthesis Manager
============================================================
InlineROM: 1
ExposeGlobal: 0
============================================================
+ Verbose Summary: CDFG Model
============================================================
IsTopModel: 1
ResetActiveHigh: 1
IsCombinational: 2
IsDatapathOnly: 0
HasWiredReturn: 0
HasMFsm: 0
HasVarLatency: 0
IsPipeline: 0
IsRtlPipelined: 0
IsInstanceOverlapped: 0
IsDontTouch: 0
HasImplIP: 0
IsGatedGlobalClock: 0


============================================================
+ Verbose Summary: Schedule
============================================================
* Number of FSM states : 1
* Pipeline : 0
* Dataflow Pipeline: 1
  DF-Pipeline-0: Size = 1, States = { 1 }

* FSM state transitions: 
1 --> 

* FSM state operations: 

State 1 <SV = 0> <Delay = 0.00>
ST_1 : Operation 2 [1/1] (0.00ns)   --->   "call void (...)* @_ssdm_op_SpecDataflowPipeline(i32 -1, [1 x i8]* @p_str4) nounwind" [edge3/a.cpp:14]   --->   Operation 2 'specdataflowpipeline' <Predicate = true> <Delay = 0.00>
ST_1 : Operation 3 [1/1] (0.00ns)   --->   "call void (...)* @_ssdm_op_SpecBitsMap(i24* %INPUT_STREAMINPUT_STREAM_V_data_V), !map !121"   --->   Operation 3 'specbitsmap' <Predicate = true> <Delay = 0.00>
ST_1 : Operation 4 [1/1] (0.00ns)   --->   "call void (...)* @_ssdm_op_SpecBitsMap(i3* %INPUT_STREAMINPUT_STREAM_V_keep_V), !map !125"   --->   Operation 4 'specbitsmap' <Predicate = true> <Delay = 0.00>
ST_1 : Operation 5 [1/1] (0.00ns)   --->   "call void (...)* @_ssdm_op_SpecBitsMap(i3* %INPUT_STREAMINPUT_STREAM_V_strb_V), !map !129"   --->   Operation 5 'specbitsmap' <Predicate = true> <Delay = 0.00>
ST_1 : Operation 6 [1/1] (0.00ns)   --->   "call void (...)* @_ssdm_op_SpecBitsMap(i1* %INPUT_STREAMINPUT_STREAM_V_user_V), !map !133"   --->   Operation 6 'specbitsmap' <Predicate = true> <Delay = 0.00>
ST_1 : Operation 7 [1/1] (0.00ns)   --->   "call void (...)* @_ssdm_op_SpecBitsMap(i1* %INPUT_STREAMINPUT_STREAM_V_last_V), !map !137"   --->   Operation 7 'specbitsmap' <Predicate = true> <Delay = 0.00>
ST_1 : Operation 8 [1/1] (0.00ns)   --->   "call void (...)* @_ssdm_op_SpecBitsMap(i1* %INPUT_STREAMINPUT_STREAM_V_id_V), !map !141"   --->   Operation 8 'specbitsmap' <Predicate = true> <Delay = 0.00>
ST_1 : Operation 9 [1/1] (0.00ns)   --->   "call void (...)* @_ssdm_op_SpecBitsMap(i1* %INPUT_STREAMINPUT_STREAM_V_dest_V), !map !145"   --->   Operation 9 'specbitsmap' <Predicate = true> <Delay = 0.00>
ST_1 : Operation 10 [1/1] (0.00ns)   --->   "call void (...)* @_ssdm_op_SpecBitsMap(i24* %OUTPUT_STREAMOUTPUT_STREAM_V_data_V), !map !149"   --->   Operation 10 'specbitsmap' <Predicate = true> <Delay = 0.00>
ST_1 : Operation 11 [1/1] (0.00ns)   --->   "call void (...)* @_ssdm_op_SpecBitsMap(i3* %OUTPUT_STREAMOUTPUT_STREAM_V_keep_V), !map !153"   --->   Operation 11 'specbitsmap' <Predicate = true> <Delay = 0.00>
ST_1 : Operation 12 [1/1] (0.00ns)   --->   "call void (...)* @_ssdm_op_SpecBitsMap(i3* %OUTPUT_STREAMOUTPUT_STREAM_V_strb_V), !map !157"   --->   Operation 12 'specbitsmap' <Predicate = true> <Delay = 0.00>
ST_1 : Operation 13 [1/1] (0.00ns)   --->   "call void (...)* @_ssdm_op_SpecBitsMap(i1* %OUTPUT_STREAMOUTPUT_STREAM_V_user_V), !map !161"   --->   Operation 13 'specbitsmap' <Predicate = true> <Delay = 0.00>
ST_1 : Operation 14 [1/1] (0.00ns)   --->   "call void (...)* @_ssdm_op_SpecBitsMap(i1* %OUTPUT_STREAMOUTPUT_STREAM_V_last_V), !map !165"   --->   Operation 14 'specbitsmap' <Predicate = true> <Delay = 0.00>
ST_1 : Operation 15 [1/1] (0.00ns)   --->   "call void (...)* @_ssdm_op_SpecBitsMap(i1* %OUTPUT_STREAMOUTPUT_STREAM_V_id_V), !map !169"   --->   Operation 15 'specbitsmap' <Predicate = true> <Delay = 0.00>
ST_1 : Operation 16 [1/1] (0.00ns)   --->   "call void (...)* @_ssdm_op_SpecBitsMap(i1* %OUTPUT_STREAMOUTPUT_STREAM_V_dest_V), !map !173"   --->   Operation 16 'specbitsmap' <Predicate = true> <Delay = 0.00>
ST_1 : Operation 17 [1/1] (0.00ns)   --->   "call void (...)* @_ssdm_op_SpecTopModule([6 x i8]* @sobel_str) nounwind"   --->   Operation 17 'spectopmodule' <Predicate = true> <Delay = 0.00>
ST_1 : Operation 18 [1/1] (0.00ns)   --->   "call void (...)* @_ssdm_op_SpecInterface(i24* %INPUT_STREAMINPUT_STREAM_V_data_V, i3* %INPUT_STREAMINPUT_STREAM_V_keep_V, i3* %INPUT_STREAMINPUT_STREAM_V_strb_V, i1* %INPUT_STREAMINPUT_STREAM_V_user_V, i1* %INPUT_STREAMINPUT_STREAM_V_last_V, i1* %INPUT_STREAMINPUT_STREAM_V_id_V, i1* %INPUT_STREAMINPUT_STREAM_V_dest_V, [5 x i8]* @p_str, i32 1, i32 1, [5 x i8]* @p_str2, i32 0, i32 0, [13 x i8]* @p_str3, [1 x i8]* @p_str4, [1 x i8]* @p_str4, i32 0, i32 0, i32 0, i32 0, [1 x i8]* @p_str4, [1 x i8]* @p_str4) nounwind" [edge3/a.cpp:6]   --->   Operation 18 'specinterface' <Predicate = true> <Delay = 0.00>
ST_1 : Operation 19 [1/1] (0.00ns)   --->   "call void (...)* @_ssdm_op_SpecInterface(i24* %OUTPUT_STREAMOUTPUT_STREAM_V_data_V, i3* %OUTPUT_STREAMOUTPUT_STREAM_V_keep_V, i3* %OUTPUT_STREAMOUTPUT_STREAM_V_strb_V, i1* %OUTPUT_STREAMOUTPUT_STREAM_V_user_V, i1* %OUTPUT_STREAMOUTPUT_STREAM_V_last_V, i1* %OUTPUT_STREAMOUTPUT_STREAM_V_id_V, i1* %OUTPUT_STREAMOUTPUT_STREAM_V_dest_V, [5 x i8]* @p_str, i32 1, i32 1, [5 x i8]* @p_str2, i32 0, i32 0, [14 x i8]* @p_str5, [1 x i8]* @p_str4, [1 x i8]* @p_str4, i32 0, i32 0, i32 0, i32 0, [1 x i8]* @p_str4, [1 x i8]* @p_str4) nounwind" [edge3/a.cpp:7]   --->   Operation 19 'specinterface' <Predicate = true> <Delay = 0.00>
ST_1 : Operation 20 [1/1] (0.00ns)   --->   "call void (...)* @_ssdm_op_SpecInterface(i32 0, [13 x i8]* @p_str6, i32 0, i32 0, [1 x i8]* @p_str4, i32 0, i32 0, [1 x i8]* @p_str4, [1 x i8]* @p_str4, [1 x i8]* @p_str4, i32 0, i32 0, i32 0, i32 0, [1 x i8]* @p_str4, [1 x i8]* @p_str4) nounwind" [edge3/a.cpp:10]   --->   Operation 20 'specinterface' <Predicate = true> <Delay = 0.00>
ST_1 : Operation 21 [1/1] (0.00ns)   --->   "unreachable"   --->   Operation 21 'unreachable' <Predicate = true> <Delay = 0.00>


============================================================
+ Verbose Summary: Timing violations
============================================================
Target clock period: 10ns, clock uncertainty: 1.25ns.

 <State 1>: 0ns
The critical path consists of the following:


============================================================
+ Verbose Summary: Binding
============================================================
N/A
* FSMD analyzer results:
  - Output states:
 - Input state : 
  - Chain level:
	State 1


============================================================
+ Verbose Summary: Datapath Resource usage 
============================================================
N/A
