

================================================================
== Vivado HLS Report for 'Adder2'
================================================================
* Date:           Fri Dec 21 20:54:01 2018

* Version:        2018.2 (Build 2258646 on Thu Jun 14 20:25:20 MDT 2018)
* Project:        MotionDetector2
* Solution:       solution1
* Product family: zynq
* Target device:  xc7z020clg400-1


================================================================
== Performance Estimates
================================================================
+ Timing (ns): 
    * Summary: 
    +--------+-------+----------+------------+
    |  Clock | Target| Estimated| Uncertainty|
    +--------+-------+----------+------------+
    |ap_clk  |  10.00|     4.217|        1.25|
    +--------+-------+----------+------------+

+ Latency (clock cycles): 
    * Summary: 
    +-----+---------+-----+---------+---------+
    |    Latency    |    Interval   | Pipeline|
    | min |   max   | min |   max   |   Type  |
    +-----+---------+-----+---------+---------+
    |    4|  8371203|    4|  8371203|   none  |
    +-----+---------+-----+---------+---------+

    + Detail: 
        * Instance: 
        N/A

        * Loop: 
        +----------+-----+---------+----------+-----------+-----------+-------------+----------+
        |          |    Latency    | Iteration|  Initiation Interval  |     Trip    |          |
        | Loop Name| min |   max   |  Latency |  achieved |   target  |    Count    | Pipelined|
        +----------+-----+---------+----------+-----------+-----------+-------------+----------+
        |- read_A  |    2|  8371201|         3|          1|          1| 1 ~ 8371200 |    yes   |
        +----------+-----+---------+----------+-----------+-----------+-------------+----------+

============================================================
+ Verbose Summary: Synthesis Manager
============================================================
InlineROM: 1
ExposeGlobal: 0
============================================================
+ Verbose Summary: CDFG Model
============================================================
IsTopModel: 1
ResetActiveHigh: 1
IsCombinational: 0
IsDatapathOnly: 0
HasWiredReturn: 1
HasMFsm: 0
HasVarLatency: 1
IsPipeline: 0
IsRtlPipelined: 0
IsInstanceOverlapped: 0
IsDontTouch: 0
HasImplIP: 0
IsGatedGlobalClock: 0

+ Individual pipeline summary: 
  * Pipeline-0: initiation interval (II) = 1, depth = 3


============================================================
+ Verbose Summary: Schedule
============================================================
* Number of FSM states : 5
* Pipeline : 1
  Pipeline-0 : II = 1, D = 3, States = { 2 3 4 }
* Dataflow Pipeline: 0

* FSM state transitions: 
1 --> 
	2  / true
2 --> 
	5  / (!tmp) | (tmp & tmp_last_V)
	3  / (tmp & !tmp_last_V)
3 --> 
	4  / true
4 --> 
	2  / true
5 --> 

* FSM state operations: 

State 1 <SV = 0> <Delay = 1.76>
ST_1 : Operation 6 [1/1] (0.00ns)   --->   "call void (...)* @_ssdm_op_SpecBitsMap(i32* %agg_result_a), !map !68"   --->   Operation 6 'specbitsmap' <Predicate = true> <Delay = 0.00>
ST_1 : Operation 7 [1/1] (0.00ns)   --->   "call void (...)* @_ssdm_op_SpecBitsMap(i32* %agg_result_b), !map !72"   --->   Operation 7 'specbitsmap' <Predicate = true> <Delay = 0.00>
ST_1 : Operation 8 [1/1] (0.00ns)   --->   "call void (...)* @_ssdm_op_SpecBitsMap(i32* %agg_result_c), !map !76"   --->   Operation 8 'specbitsmap' <Predicate = true> <Delay = 0.00>
ST_1 : Operation 9 [1/1] (0.00ns)   --->   "call void (...)* @_ssdm_op_SpecBitsMap(i32* %agg_result_d), !map !80"   --->   Operation 9 'specbitsmap' <Predicate = true> <Delay = 0.00>
ST_1 : Operation 10 [1/1] (0.00ns)   --->   "call void (...)* @_ssdm_op_SpecBitsMap(i32* %agg_result_e), !map !84"   --->   Operation 10 'specbitsmap' <Predicate = true> <Delay = 0.00>
ST_1 : Operation 11 [1/1] (0.00ns)   --->   "call void (...)* @_ssdm_op_SpecBitsMap(i32* %agg_result_f), !map !88"   --->   Operation 11 'specbitsmap' <Predicate = true> <Delay = 0.00>
ST_1 : Operation 12 [1/1] (0.00ns)   --->   "call void (...)* @_ssdm_op_SpecBitsMap(i32* %INPUT_STREAM_V_data_V), !map !92"   --->   Operation 12 'specbitsmap' <Predicate = true> <Delay = 0.00>
ST_1 : Operation 13 [1/1] (0.00ns)   --->   "call void (...)* @_ssdm_op_SpecBitsMap(i4* %INPUT_STREAM_V_keep_V), !map !96"   --->   Operation 13 'specbitsmap' <Predicate = true> <Delay = 0.00>
ST_1 : Operation 14 [1/1] (0.00ns)   --->   "call void (...)* @_ssdm_op_SpecBitsMap(i4* %INPUT_STREAM_V_strb_V), !map !100"   --->   Operation 14 'specbitsmap' <Predicate = true> <Delay = 0.00>
ST_1 : Operation 15 [1/1] (0.00ns)   --->   "call void (...)* @_ssdm_op_SpecBitsMap(i2* %INPUT_STREAM_V_user_V), !map !104"   --->   Operation 15 'specbitsmap' <Predicate = true> <Delay = 0.00>
ST_1 : Operation 16 [1/1] (0.00ns)   --->   "call void (...)* @_ssdm_op_SpecBitsMap(i1* %INPUT_STREAM_V_last_V), !map !108"   --->   Operation 16 'specbitsmap' <Predicate = true> <Delay = 0.00>
ST_1 : Operation 17 [1/1] (0.00ns)   --->   "call void (...)* @_ssdm_op_SpecBitsMap(i5* %INPUT_STREAM_V_id_V), !map !112"   --->   Operation 17 'specbitsmap' <Predicate = true> <Delay = 0.00>
ST_1 : Operation 18 [1/1] (0.00ns)   --->   "call void (...)* @_ssdm_op_SpecBitsMap(i6* %INPUT_STREAM_V_dest_V), !map !116"   --->   Operation 18 'specbitsmap' <Predicate = true> <Delay = 0.00>
ST_1 : Operation 19 [1/1] (0.00ns)   --->   "call void (...)* @_ssdm_op_SpecBitsMap(i32* %OUTPUT_STREAM_V_data_V), !map !120"   --->   Operation 19 'specbitsmap' <Predicate = true> <Delay = 0.00>
ST_1 : Operation 20 [1/1] (0.00ns)   --->   "call void (...)* @_ssdm_op_SpecBitsMap(i4* %OUTPUT_STREAM_V_keep_V), !map !124"   --->   Operation 20 'specbitsmap' <Predicate = true> <Delay = 0.00>
ST_1 : Operation 21 [1/1] (0.00ns)   --->   "call void (...)* @_ssdm_op_SpecBitsMap(i4* %OUTPUT_STREAM_V_strb_V), !map !128"   --->   Operation 21 'specbitsmap' <Predicate = true> <Delay = 0.00>
ST_1 : Operation 22 [1/1] (0.00ns)   --->   "call void (...)* @_ssdm_op_SpecBitsMap(i2* %OUTPUT_STREAM_V_user_V), !map !132"   --->   Operation 22 'specbitsmap' <Predicate = true> <Delay = 0.00>
ST_1 : Operation 23 [1/1] (0.00ns)   --->   "call void (...)* @_ssdm_op_SpecBitsMap(i1* %OUTPUT_STREAM_V_last_V), !map !136"   --->   Operation 23 'specbitsmap' <Predicate = true> <Delay = 0.00>
ST_1 : Operation 24 [1/1] (0.00ns)   --->   "call void (...)* @_ssdm_op_SpecBitsMap(i5* %OUTPUT_STREAM_V_id_V), !map !140"   --->   Operation 24 'specbitsmap' <Predicate = true> <Delay = 0.00>
ST_1 : Operation 25 [1/1] (0.00ns)   --->   "call void (...)* @_ssdm_op_SpecBitsMap(i6* %OUTPUT_STREAM_V_dest_V), !map !144"   --->   Operation 25 'specbitsmap' <Predicate = true> <Delay = 0.00>
ST_1 : Operation 26 [1/1] (0.00ns)   --->   "call void (...)* @_ssdm_op_SpecBitsMap(i32 %searched), !map !148"   --->   Operation 26 'specbitsmap' <Predicate = true> <Delay = 0.00>
ST_1 : Operation 27 [1/1] (0.00ns)   --->   "call void (...)* @_ssdm_op_SpecTopModule([7 x i8]* @Adder2_str) nounwind"   --->   Operation 27 'spectopmodule' <Predicate = true> <Delay = 0.00>
ST_1 : Operation 28 [1/1] (0.00ns)   --->   "call void (...)* @_ssdm_op_SpecInterface(i32 %searched, [10 x i8]* @p_str, i32 0, i32 0, [1 x i8]* @p_str1, i32 0, i32 0, [12 x i8]* @p_str2, [1 x i8]* @p_str1, [1 x i8]* @p_str1, i32 0, i32 0, i32 0, i32 0, [1 x i8]* @p_str1, [1 x i8]* @p_str1) nounwind" [MotionDetector2/main.cpp:28]   --->   Operation 28 'specinterface' <Predicate = true> <Delay = 0.00>
ST_1 : Operation 29 [1/1] (0.00ns)   --->   "call void (...)* @_ssdm_op_SpecInterface(i32 0, [10 x i8]* @p_str, i32 0, i32 0, [1 x i8]* @p_str1, i32 0, i32 0, [12 x i8]* @p_str2, [1 x i8]* @p_str1, [1 x i8]* @p_str1, i32 0, i32 0, i32 0, i32 0, [1 x i8]* @p_str1, [1 x i8]* @p_str1) nounwind" [MotionDetector2/main.cpp:29]   --->   Operation 29 'specinterface' <Predicate = true> <Delay = 0.00>
ST_1 : Operation 30 [1/1] (0.00ns)   --->   "call void (...)* @_ssdm_op_SpecInterface(i32* %agg_result_a, i32* %agg_result_b, i32* %agg_result_c, i32* %agg_result_d, i32* %agg_result_e, i32* %agg_result_f, [10 x i8]* @p_str, i32 0, i32 0, [1 x i8]* @p_str1, i32 0, i32 0, [12 x i8]* @p_str2, [1 x i8]* @p_str1, [1 x i8]* @p_str1, i32 0, i32 0, i32 0, i32 0, [1 x i8]* @p_str1, [1 x i8]* @p_str1) nounwind" [MotionDetector2/main.cpp:29]   --->   Operation 30 'specinterface' <Predicate = true> <Delay = 0.00>
ST_1 : Operation 31 [1/1] (0.00ns)   --->   "call void (...)* @_ssdm_op_SpecInterface(i32* %INPUT_STREAM_V_data_V, i4* %INPUT_STREAM_V_keep_V, i4* %INPUT_STREAM_V_strb_V, i2* %INPUT_STREAM_V_user_V, i1* %INPUT_STREAM_V_last_V, i5* %INPUT_STREAM_V_id_V, i6* %INPUT_STREAM_V_dest_V, [5 x i8]* @p_str3, i32 1, i32 1, [5 x i8]* @p_str4, i32 0, i32 0, [1 x i8]* @p_str1, [1 x i8]* @p_str1, [1 x i8]* @p_str1, i32 0, i32 0, i32 0, i32 0, [13 x i8]* @p_str5, [1 x i8]* @p_str1) nounwind" [MotionDetector2/main.cpp:31]   --->   Operation 31 'specinterface' <Predicate = true> <Delay = 0.00>
ST_1 : Operation 32 [1/1] (0.00ns)   --->   "call void (...)* @_ssdm_op_SpecInterface(i32* %OUTPUT_STREAM_V_data_V, i4* %OUTPUT_STREAM_V_keep_V, i4* %OUTPUT_STREAM_V_strb_V, i2* %OUTPUT_STREAM_V_user_V, i1* %OUTPUT_STREAM_V_last_V, i5* %OUTPUT_STREAM_V_id_V, i6* %OUTPUT_STREAM_V_dest_V, [5 x i8]* @p_str3, i32 1, i32 1, [5 x i8]* @p_str4, i32 0, i32 0, [1 x i8]* @p_str1, [1 x i8]* @p_str1, [1 x i8]* @p_str1, i32 0, i32 0, i32 0, i32 0, [14 x i8]* @p_str6, [1 x i8]* @p_str1) nounwind" [MotionDetector2/main.cpp:32]   --->   Operation 32 'specinterface' <Predicate = true> <Delay = 0.00>
ST_1 : Operation 33 [1/1] (1.76ns)   --->   "br label %0" [MotionDetector2/main.cpp:47]   --->   Operation 33 'br' <Predicate = true> <Delay = 1.76>

State 2 <SV = 1> <Delay = 4.21>
ST_2 : Operation 34 [1/1] (0.00ns)   --->   "%differentBytes = phi i32 [ 0, %arrayctor.loop1.preheader ], [ %differentBytes_2, %1 ]"   --->   Operation 34 'phi' 'differentBytes' <Predicate = true> <Delay = 0.00>
ST_2 : Operation 35 [1/1] (0.00ns)   --->   "%in1Count = phi i23 [ 0, %arrayctor.loop1.preheader ], [ %in1Count_3, %1 ]"   --->   Operation 35 'phi' 'in1Count' <Predicate = true> <Delay = 0.00>
ST_2 : Operation 36 [1/1] (2.44ns)   --->   "%tmp = icmp ult i23 %in1Count, -17408" [MotionDetector2/main.cpp:47]   --->   Operation 36 'icmp' 'tmp' <Predicate = true> <Delay = 2.44> <Core = "Cmp">   --->   Core 25 'Cmp' <Latency = 0> <II = 1> <Delay = 2.44> <FuncUnit> <Opcode : 'icmp'> <InPorts = 2> <OutPorts = 1>
ST_2 : Operation 37 [1/1] (0.00ns)   --->   "%empty = call i32 (...)* @_ssdm_op_SpecLoopTripCount(i64 1, i64 8371200, i64 4185600)"   --->   Operation 37 'speclooptripcount' 'empty' <Predicate = true> <Delay = 0.00>
ST_2 : Operation 38 [1/1] (2.28ns)   --->   "%in1Count_3 = add i23 %in1Count, 1" [MotionDetector2/main.cpp:59]   --->   Operation 38 'add' 'in1Count_3' <Predicate = true> <Delay = 2.28> <Core = "AddSub">   --->   Core 14 'AddSub' <Latency = 0> <II = 1> <Delay = 2.55> <FuncUnit> <Opcode : 'add' 'sub'> <InPorts = 2> <OutPorts = 1>
ST_2 : Operation 39 [1/1] (1.76ns)   --->   "br i1 %tmp, label %._crit_edge, label %.loopexit" [MotionDetector2/main.cpp:47]   --->   Operation 39 'br' <Predicate = true> <Delay = 1.76>
ST_2 : Operation 40 [1/1] (0.00ns)   --->   "call void (...)* @_ssdm_op_SpecLoopName([7 x i8]* @p_str7) nounwind" [MotionDetector2/main.cpp:47]   --->   Operation 40 'specloopname' <Predicate = (tmp)> <Delay = 0.00>
ST_2 : Operation 41 [1/1] (0.00ns)   --->   "%tmp_1 = call i32 (...)* @_ssdm_op_SpecRegionBegin([7 x i8]* @p_str7)" [MotionDetector2/main.cpp:47]   --->   Operation 41 'specregionbegin' 'tmp_1' <Predicate = (tmp)> <Delay = 0.00>
ST_2 : Operation 42 [1/1] (0.00ns)   --->   "call void (...)* @_ssdm_op_SpecPipeline(i32 -1, i32 1, i32 1, i32 0, [1 x i8]* @p_str1) nounwind" [MotionDetector2/main.cpp:48]   --->   Operation 42 'specpipeline' <Predicate = (tmp)> <Delay = 0.00>
ST_2 : Operation 43 [1/1] (0.00ns)   --->   "%empty_9 = call { i32, i4, i4, i2, i1, i5, i6 } @_ssdm_op_Read.axis.volatile.i32P.i4P.i4P.i2P.i1P.i5P.i6P(i32* %INPUT_STREAM_V_data_V, i4* %INPUT_STREAM_V_keep_V, i4* %INPUT_STREAM_V_strb_V, i2* %INPUT_STREAM_V_user_V, i1* %INPUT_STREAM_V_last_V, i5* %INPUT_STREAM_V_id_V, i6* %INPUT_STREAM_V_dest_V)" [MotionDetector2/main.cpp:49]   --->   Operation 43 'read' 'empty_9' <Predicate = (tmp)> <Delay = 0.00> <Core = "AXI4Stream">   --->   Core 5 'AXI4Stream' <Latency = 0> <II = 1> <Delay = 1.00> <Adapter> <Opcode : >
ST_2 : Operation 44 [1/1] (0.00ns)   --->   "%tmp_data_V = extractvalue { i32, i4, i4, i2, i1, i5, i6 } %empty_9, 0" [MotionDetector2/main.cpp:49]   --->   Operation 44 'extractvalue' 'tmp_data_V' <Predicate = (tmp)> <Delay = 0.00>
ST_2 : Operation 45 [1/1] (0.00ns)   --->   "%tmp_keep_V = extractvalue { i32, i4, i4, i2, i1, i5, i6 } %empty_9, 1" [MotionDetector2/main.cpp:49]   --->   Operation 45 'extractvalue' 'tmp_keep_V' <Predicate = (tmp)> <Delay = 0.00>
ST_2 : Operation 46 [1/1] (0.00ns)   --->   "%tmp_strb_V = extractvalue { i32, i4, i4, i2, i1, i5, i6 } %empty_9, 2" [MotionDetector2/main.cpp:49]   --->   Operation 46 'extractvalue' 'tmp_strb_V' <Predicate = (tmp)> <Delay = 0.00>
ST_2 : Operation 47 [1/1] (0.00ns)   --->   "%tmp_user_V = extractvalue { i32, i4, i4, i2, i1, i5, i6 } %empty_9, 3" [MotionDetector2/main.cpp:49]   --->   Operation 47 'extractvalue' 'tmp_user_V' <Predicate = (tmp)> <Delay = 0.00>
ST_2 : Operation 48 [1/1] (0.00ns)   --->   "%tmp_last_V = extractvalue { i32, i4, i4, i2, i1, i5, i6 } %empty_9, 4" [MotionDetector2/main.cpp:49]   --->   Operation 48 'extractvalue' 'tmp_last_V' <Predicate = (tmp)> <Delay = 0.00>
ST_2 : Operation 49 [1/1] (0.00ns)   --->   "%tmp_id_V = extractvalue { i32, i4, i4, i2, i1, i5, i6 } %empty_9, 5" [MotionDetector2/main.cpp:49]   --->   Operation 49 'extractvalue' 'tmp_id_V' <Predicate = (tmp)> <Delay = 0.00>
ST_2 : Operation 50 [1/1] (0.00ns)   --->   "%tmp_dest_V = extractvalue { i32, i4, i4, i2, i1, i5, i6 } %empty_9, 6" [MotionDetector2/main.cpp:49]   --->   Operation 50 'extractvalue' 'tmp_dest_V' <Predicate = (tmp)> <Delay = 0.00>
ST_2 : Operation 51 [1/1] (2.55ns)   --->   "%differentBytes_2 = add i32 %tmp_data_V, %differentBytes" [MotionDetector2/main.cpp:51]   --->   Operation 51 'add' 'differentBytes_2' <Predicate = (tmp)> <Delay = 2.55> <Core = "AddSub">   --->   Core 14 'AddSub' <Latency = 0> <II = 1> <Delay = 2.55> <FuncUnit> <Opcode : 'add' 'sub'> <InPorts = 2> <OutPorts = 1>
ST_2 : Operation 52 [1/1] (1.76ns)   --->   "br i1 %tmp_last_V, label %.loopexit, label %1" [MotionDetector2/main.cpp:62]   --->   Operation 52 'br' <Predicate = (tmp)> <Delay = 1.76>

State 3 <SV = 2> <Delay = 0.00>
ST_3 : Operation 53 [2/2] (0.00ns)   --->   "call void @_ssdm_op_Write.axis.volatile.i32P.i4P.i4P.i2P.i1P.i5P.i6P(i32* %OUTPUT_STREAM_V_data_V, i4* %OUTPUT_STREAM_V_keep_V, i4* %OUTPUT_STREAM_V_strb_V, i2* %OUTPUT_STREAM_V_user_V, i1* %OUTPUT_STREAM_V_last_V, i5* %OUTPUT_STREAM_V_id_V, i6* %OUTPUT_STREAM_V_dest_V, i32 %tmp_data_V, i4 %tmp_keep_V, i4 %tmp_strb_V, i2 %tmp_user_V, i1 false, i5 %tmp_id_V, i6 %tmp_dest_V)" [MotionDetector2/main.cpp:67]   --->   Operation 53 'write' <Predicate = (tmp & !tmp_last_V)> <Delay = 0.00> <Core = "AXI4Stream">   --->   Core 5 'AXI4Stream' <Latency = 0> <II = 1> <Delay = 1.00> <Adapter> <Opcode : >

State 4 <SV = 3> <Delay = 0.00>
ST_4 : Operation 54 [1/2] (0.00ns)   --->   "call void @_ssdm_op_Write.axis.volatile.i32P.i4P.i4P.i2P.i1P.i5P.i6P(i32* %OUTPUT_STREAM_V_data_V, i4* %OUTPUT_STREAM_V_keep_V, i4* %OUTPUT_STREAM_V_strb_V, i2* %OUTPUT_STREAM_V_user_V, i1* %OUTPUT_STREAM_V_last_V, i5* %OUTPUT_STREAM_V_id_V, i6* %OUTPUT_STREAM_V_dest_V, i32 %tmp_data_V, i4 %tmp_keep_V, i4 %tmp_strb_V, i2 %tmp_user_V, i1 false, i5 %tmp_id_V, i6 %tmp_dest_V)" [MotionDetector2/main.cpp:67]   --->   Operation 54 'write' <Predicate = (tmp & !tmp_last_V)> <Delay = 0.00> <Core = "AXI4Stream">   --->   Core 5 'AXI4Stream' <Latency = 0> <II = 1> <Delay = 1.00> <Adapter> <Opcode : >
ST_4 : Operation 55 [1/1] (0.00ns)   --->   "%empty_10 = call i32 (...)* @_ssdm_op_SpecRegionEnd([7 x i8]* @p_str7, i32 %tmp_1)" [MotionDetector2/main.cpp:70]   --->   Operation 55 'specregionend' 'empty_10' <Predicate = (tmp & !tmp_last_V)> <Delay = 0.00>
ST_4 : Operation 56 [1/1] (0.00ns)   --->   "br label %0" [MotionDetector2/main.cpp:47]   --->   Operation 56 'br' <Predicate = (tmp & !tmp_last_V)> <Delay = 0.00>

State 5 <SV = 2> <Delay = 1.00>
ST_5 : Operation 57 [1/1] (0.00ns)   --->   "%differentBytes_1 = phi i32 [ %differentBytes, %0 ], [ %differentBytes_2, %._crit_edge ]"   --->   Operation 57 'phi' 'differentBytes_1' <Predicate = true> <Delay = 0.00>
ST_5 : Operation 58 [1/1] (0.00ns)   --->   "%in1Count_1 = phi i23 [ %in1Count, %0 ], [ %in1Count_3, %._crit_edge ]"   --->   Operation 58 'phi' 'in1Count_1' <Predicate = true> <Delay = 0.00>
ST_5 : Operation 59 [1/1] (0.00ns)   --->   "%in1Count_1_cast = zext i23 %in1Count_1 to i32" [MotionDetector2/main.cpp:73]   --->   Operation 59 'zext' 'in1Count_1_cast' <Predicate = true> <Delay = 0.00>
ST_5 : Operation 60 [1/1] (1.00ns)   --->   "call void @_ssdm_op_Write.s_axilite.i32P(i32* %agg_result_a, i32 %differentBytes_1)" [MotionDetector2/main.cpp:74]   --->   Operation 60 'write' <Predicate = true> <Delay = 1.00> <Core = "s_axilite">   --->   Core 10 's_axilite' <Latency = 0> <II = 1> <Delay = 1.00> <Adapter> <Opcode : 'read' 'write'>
ST_5 : Operation 61 [1/1] (1.00ns)   --->   "call void @_ssdm_op_Write.s_axilite.i32P(i32* %agg_result_b, i32 %in1Count_1_cast)" [MotionDetector2/main.cpp:75]   --->   Operation 61 'write' <Predicate = true> <Delay = 1.00> <Core = "s_axilite">   --->   Core 10 's_axilite' <Latency = 0> <II = 1> <Delay = 1.00> <Adapter> <Opcode : 'read' 'write'>
ST_5 : Operation 62 [1/1] (1.00ns)   --->   "call void @_ssdm_op_Write.s_axilite.i32P(i32* %agg_result_c, i32 2748)" [MotionDetector2/main.cpp:76]   --->   Operation 62 'write' <Predicate = true> <Delay = 1.00> <Core = "s_axilite">   --->   Core 10 's_axilite' <Latency = 0> <II = 1> <Delay = 1.00> <Adapter> <Opcode : 'read' 'write'>
ST_5 : Operation 63 [1/1] (1.00ns)   --->   "call void @_ssdm_op_Write.s_axilite.i32P(i32* %agg_result_d, i32 0)" [MotionDetector2/main.cpp:77]   --->   Operation 63 'write' <Predicate = true> <Delay = 1.00> <Core = "s_axilite">   --->   Core 10 's_axilite' <Latency = 0> <II = 1> <Delay = 1.00> <Adapter> <Opcode : 'read' 'write'>
ST_5 : Operation 64 [1/1] (1.00ns)   --->   "call void @_ssdm_op_Write.s_axilite.i32P(i32* %agg_result_e, i32 0)" [MotionDetector2/main.cpp:78]   --->   Operation 64 'write' <Predicate = true> <Delay = 1.00> <Core = "s_axilite">   --->   Core 10 's_axilite' <Latency = 0> <II = 1> <Delay = 1.00> <Adapter> <Opcode : 'read' 'write'>
ST_5 : Operation 65 [1/1] (1.00ns)   --->   "call void @_ssdm_op_Write.s_axilite.i32P(i32* %agg_result_f, i32 1936)" [MotionDetector2/main.cpp:79]   --->   Operation 65 'write' <Predicate = true> <Delay = 1.00> <Core = "s_axilite">   --->   Core 10 's_axilite' <Latency = 0> <II = 1> <Delay = 1.00> <Adapter> <Opcode : 'read' 'write'>
ST_5 : Operation 66 [1/1] (0.00ns)   --->   "ret void" [MotionDetector2/main.cpp:80]   --->   Operation 66 'ret' <Predicate = true> <Delay = 0.00>


============================================================
+ Verbose Summary: Binding
============================================================
STG Binding: 
---------------- STG Properties BEGIN ----------------
- Is combinational: 0
- Is one-state seq: 0
- Is datapath-only: 0
- Is pipelined: 0
- Is top level: 1
Port [ Return ] is wired: 1; IO mode=ap_ctrl_hs:ce=0
Port [ agg_result_a]:  wired=1; compound=0; hidden=0; nouse=0; global=0; static=0; extern=0; dir=1; type=0; pingpong=0; private_global=0; IO mode=ap_vld:ce=0
Port [ agg_result_b]:  wired=1; compound=0; hidden=0; nouse=0; global=0; static=0; extern=0; dir=1; type=0; pingpong=0; private_global=0; IO mode=ap_vld:ce=0
Port [ agg_result_c]:  wired=1; compound=0; hidden=0; nouse=0; global=0; static=0; extern=0; dir=1; type=0; pingpong=0; private_global=0; IO mode=ap_vld:ce=0
Port [ agg_result_d]:  wired=1; compound=0; hidden=0; nouse=0; global=0; static=0; extern=0; dir=1; type=0; pingpong=0; private_global=0; IO mode=ap_vld:ce=0
Port [ agg_result_e]:  wired=1; compound=0; hidden=0; nouse=0; global=0; static=0; extern=0; dir=1; type=0; pingpong=0; private_global=0; IO mode=ap_vld:ce=0
Port [ agg_result_f]:  wired=1; compound=0; hidden=0; nouse=0; global=0; static=0; extern=0; dir=1; type=0; pingpong=0; private_global=0; IO mode=ap_vld:ce=0
Port [ INPUT_STREAM_V_data_V]:  wired=1; compound=1; hidden=0; nouse=0; global=0; static=0; extern=0; dir=0; type=0; pingpong=0; private_global=0; IO mode=axis:ce=0
Port [ INPUT_STREAM_V_keep_V]:  wired=1; compound=1; hidden=0; nouse=0; global=0; static=0; extern=0; dir=0; type=0; pingpong=0; private_global=0; IO mode=axis:ce=0
Port [ INPUT_STREAM_V_strb_V]:  wired=1; compound=1; hidden=0; nouse=0; global=0; static=0; extern=0; dir=0; type=0; pingpong=0; private_global=0; IO mode=axis:ce=0
Port [ INPUT_STREAM_V_user_V]:  wired=1; compound=1; hidden=0; nouse=0; global=0; static=0; extern=0; dir=0; type=0; pingpong=0; private_global=0; IO mode=axis:ce=0
Port [ INPUT_STREAM_V_last_V]:  wired=1; compound=1; hidden=0; nouse=0; global=0; static=0; extern=0; dir=0; type=0; pingpong=0; private_global=0; IO mode=axis:ce=0
Port [ INPUT_STREAM_V_id_V]:  wired=1; compound=1; hidden=0; nouse=0; global=0; static=0; extern=0; dir=0; type=0; pingpong=0; private_global=0; IO mode=axis:ce=0
Port [ INPUT_STREAM_V_dest_V]:  wired=1; compound=1; hidden=0; nouse=0; global=0; static=0; extern=0; dir=0; type=0; pingpong=0; private_global=0; IO mode=axis:ce=0
Port [ OUTPUT_STREAM_V_data_V]:  wired=1; compound=1; hidden=0; nouse=0; global=0; static=0; extern=0; dir=1; type=0; pingpong=0; private_global=0; IO mode=axis:ce=0
Port [ OUTPUT_STREAM_V_keep_V]:  wired=1; compound=1; hidden=0; nouse=0; global=0; static=0; extern=0; dir=1; type=0; pingpong=0; private_global=0; IO mode=axis:ce=0
Port [ OUTPUT_STREAM_V_strb_V]:  wired=1; compound=1; hidden=0; nouse=0; global=0; static=0; extern=0; dir=1; type=0; pingpong=0; private_global=0; IO mode=axis:ce=0
Port [ OUTPUT_STREAM_V_user_V]:  wired=1; compound=1; hidden=0; nouse=0; global=0; static=0; extern=0; dir=1; type=0; pingpong=0; private_global=0; IO mode=axis:ce=0
Port [ OUTPUT_STREAM_V_last_V]:  wired=1; compound=1; hidden=0; nouse=0; global=0; static=0; extern=0; dir=1; type=0; pingpong=0; private_global=0; IO mode=axis:ce=0
Port [ OUTPUT_STREAM_V_id_V]:  wired=1; compound=1; hidden=0; nouse=0; global=0; static=0; extern=0; dir=1; type=0; pingpong=0; private_global=0; IO mode=axis:ce=0
Port [ OUTPUT_STREAM_V_dest_V]:  wired=1; compound=1; hidden=0; nouse=0; global=0; static=0; extern=0; dir=1; type=0; pingpong=0; private_global=0; IO mode=axis:ce=0
Port [ searched]:  wired=1; compound=0; hidden=0; nouse=1; global=0; static=0; extern=0; dir=0; type=0; pingpong=0; private_global=0; IO mode=ap_none:ce=0
---------------- STG Properties END ------------------

---------------- Datapath Model BEGIN ----------------

<LifeTime>
<method=bitvector/>
StgValue_6       (specbitsmap      ) [ 000000]
StgValue_7       (specbitsmap      ) [ 000000]
StgValue_8       (specbitsmap      ) [ 000000]
StgValue_9       (specbitsmap      ) [ 000000]
StgValue_10      (specbitsmap      ) [ 000000]
StgValue_11      (specbitsmap      ) [ 000000]
StgValue_12      (specbitsmap      ) [ 000000]
StgValue_13      (specbitsmap      ) [ 000000]
StgValue_14      (specbitsmap      ) [ 000000]
StgValue_15      (specbitsmap      ) [ 000000]
StgValue_16      (specbitsmap      ) [ 000000]
StgValue_17      (specbitsmap      ) [ 000000]
StgValue_18      (specbitsmap      ) [ 000000]
StgValue_19      (specbitsmap      ) [ 000000]
StgValue_20      (specbitsmap      ) [ 000000]
StgValue_21      (specbitsmap      ) [ 000000]
StgValue_22      (specbitsmap      ) [ 000000]
StgValue_23      (specbitsmap      ) [ 000000]
StgValue_24      (specbitsmap      ) [ 000000]
StgValue_25      (specbitsmap      ) [ 000000]
StgValue_26      (specbitsmap      ) [ 000000]
StgValue_27      (spectopmodule    ) [ 000000]
StgValue_28      (specinterface    ) [ 000000]
StgValue_29      (specinterface    ) [ 000000]
StgValue_30      (specinterface    ) [ 000000]
StgValue_31      (specinterface    ) [ 000000]
StgValue_32      (specinterface    ) [ 000000]
StgValue_33      (br               ) [ 011110]
differentBytes   (phi              ) [ 001001]
in1Count         (phi              ) [ 001001]
tmp              (icmp             ) [ 001110]
empty            (speclooptripcount) [ 000000]
in1Count_3       (add              ) [ 011111]
StgValue_39      (br               ) [ 001111]
StgValue_40      (specloopname     ) [ 000000]
tmp_1            (specregionbegin  ) [ 001110]
StgValue_42      (specpipeline     ) [ 000000]
empty_9          (read             ) [ 000000]
tmp_data_V       (extractvalue     ) [ 001110]
tmp_keep_V       (extractvalue     ) [ 001110]
tmp_strb_V       (extractvalue     ) [ 001110]
tmp_user_V       (extractvalue     ) [ 001110]
tmp_last_V       (extractvalue     ) [ 001110]
tmp_id_V         (extractvalue     ) [ 001110]
tmp_dest_V       (extractvalue     ) [ 001110]
differentBytes_2 (add              ) [ 011111]
StgValue_52      (br               ) [ 001111]
StgValue_54      (write            ) [ 000000]
empty_10         (specregionend    ) [ 000000]
StgValue_56      (br               ) [ 011110]
differentBytes_1 (phi              ) [ 000001]
in1Count_1       (phi              ) [ 000001]
in1Count_1_cast  (zext             ) [ 000000]
StgValue_60      (write            ) [ 000000]
StgValue_61      (write            ) [ 000000]
StgValue_62      (write            ) [ 000000]
StgValue_63      (write            ) [ 000000]
StgValue_64      (write            ) [ 000000]
StgValue_65      (write            ) [ 000000]
StgValue_66      (ret              ) [ 000000]
</LifeTime>

<model>

<comp_list>
<comp id="0" class="1000" name="agg_result_a">
<pin_list>
<pin id="1" dir="1" index="0" bw="1" slack="0"/>
</pin_list>
<bind>
<StgValue><ssdm name="agg_result_a"/></StgValue>
</bind>
</comp>

<comp id="2" class="1000" name="agg_result_b">
<pin_list>
<pin id="3" dir="1" index="0" bw="1" slack="0"/>
</pin_list>
<bind>
<StgValue><ssdm name="agg_result_b"/></StgValue>
</bind>
</comp>

<comp id="4" class="1000" name="agg_result_c">
<pin_list>
<pin id="5" dir="1" index="0" bw="1" slack="0"/>
</pin_list>
<bind>
<StgValue><ssdm name="agg_result_c"/></StgValue>
</bind>
</comp>

<comp id="6" class="1000" name="agg_result_d">
<pin_list>
<pin id="7" dir="1" index="0" bw="1" slack="0"/>
</pin_list>
<bind>
<StgValue><ssdm name="agg_result_d"/></StgValue>
</bind>
</comp>

<comp id="8" class="1000" name="agg_result_e">
<pin_list>
<pin id="9" dir="1" index="0" bw="1" slack="0"/>
</pin_list>
<bind>
<StgValue><ssdm name="agg_result_e"/></StgValue>
</bind>
</comp>

<comp id="10" class="1000" name="agg_result_f">
<pin_list>
<pin id="11" dir="1" index="0" bw="1" slack="0"/>
</pin_list>
<bind>
<StgValue><ssdm name="agg_result_f"/></StgValue>
</bind>
</comp>

<comp id="12" class="1000" name="INPUT_STREAM_V_data_V">
<pin_list>
<pin id="13" dir="1" index="0" bw="1" slack="0"/>
</pin_list>
<bind>
<StgValue><ssdm name="INPUT_STREAM_V_data_V"/></StgValue>
</bind>
</comp>

<comp id="14" class="1000" name="INPUT_STREAM_V_keep_V">
<pin_list>
<pin id="15" dir="1" index="0" bw="1" slack="0"/>
</pin_list>
<bind>
<StgValue><ssdm name="INPUT_STREAM_V_keep_V"/></StgValue>
</bind>
</comp>

<comp id="16" class="1000" name="INPUT_STREAM_V_strb_V">
<pin_list>
<pin id="17" dir="1" index="0" bw="1" slack="0"/>
</pin_list>
<bind>
<StgValue><ssdm name="INPUT_STREAM_V_strb_V"/></StgValue>
</bind>
</comp>

<comp id="18" class="1000" name="INPUT_STREAM_V_user_V">
<pin_list>
<pin id="19" dir="1" index="0" bw="1" slack="0"/>
</pin_list>
<bind>
<StgValue><ssdm name="INPUT_STREAM_V_user_V"/></StgValue>
</bind>
</comp>

<comp id="20" class="1000" name="INPUT_STREAM_V_last_V">
<pin_list>
<pin id="21" dir="1" index="0" bw="1" slack="0"/>
</pin_list>
<bind>
<StgValue><ssdm name="INPUT_STREAM_V_last_V"/></StgValue>
</bind>
</comp>

<comp id="22" class="1000" name="INPUT_STREAM_V_id_V">
<pin_list>
<pin id="23" dir="1" index="0" bw="1" slack="0"/>
</pin_list>
<bind>
<StgValue><ssdm name="INPUT_STREAM_V_id_V"/></StgValue>
</bind>
</comp>

<comp id="24" class="1000" name="INPUT_STREAM_V_dest_V">
<pin_list>
<pin id="25" dir="1" index="0" bw="1" slack="0"/>
</pin_list>
<bind>
<StgValue><ssdm name="INPUT_STREAM_V_dest_V"/></StgValue>
</bind>
</comp>

<comp id="26" class="1000" name="OUTPUT_STREAM_V_data_V">
<pin_list>
<pin id="27" dir="1" index="0" bw="1" slack="0"/>
</pin_list>
<bind>
<StgValue><ssdm name="OUTPUT_STREAM_V_data_V"/></StgValue>
</bind>
</comp>

<comp id="28" class="1000" name="OUTPUT_STREAM_V_keep_V">
<pin_list>
<pin id="29" dir="1" index="0" bw="1" slack="0"/>
</pin_list>
<bind>
<StgValue><ssdm name="OUTPUT_STREAM_V_keep_V"/></StgValue>
</bind>
</comp>

<comp id="30" class="1000" name="OUTPUT_STREAM_V_strb_V">
<pin_list>
<pin id="31" dir="1" index="0" bw="1" slack="0"/>
</pin_list>
<bind>
<StgValue><ssdm name="OUTPUT_STREAM_V_strb_V"/></StgValue>
</bind>
</comp>

<comp id="32" class="1000" name="OUTPUT_STREAM_V_user_V">
<pin_list>
<pin id="33" dir="1" index="0" bw="1" slack="0"/>
</pin_list>
<bind>
<StgValue><ssdm name="OUTPUT_STREAM_V_user_V"/></StgValue>
</bind>
</comp>

<comp id="34" class="1000" name="OUTPUT_STREAM_V_last_V">
<pin_list>
<pin id="35" dir="1" index="0" bw="1" slack="0"/>
</pin_list>
<bind>
<StgValue><ssdm name="OUTPUT_STREAM_V_last_V"/></StgValue>
</bind>
</comp>

<comp id="36" class="1000" name="OUTPUT_STREAM_V_id_V">
<pin_list>
<pin id="37" dir="1" index="0" bw="1" slack="0"/>
</pin_list>
<bind>
<StgValue><ssdm name="OUTPUT_STREAM_V_id_V"/></StgValue>
</bind>
</comp>

<comp id="38" class="1000" name="OUTPUT_STREAM_V_dest_V">
<pin_list>
<pin id="39" dir="1" index="0" bw="1" slack="0"/>
</pin_list>
<bind>
<StgValue><ssdm name="OUTPUT_STREAM_V_dest_V"/></StgValue>
</bind>
</comp>

<comp id="40" class="1000" name="searched">
<pin_list>
<pin id="41" dir="1" index="0" bw="1" slack="2147483647"/>
</pin_list>
<bind>
<StgValue><ssdm name="searched"/></StgValue>
</bind>
</comp>

<comp id="42" class="1001" name="const_42">
<pin_list>
<pin id="43" dir="1" index="0" bw="1" slack="2147483647"/>
</pin_list>
<bind>
<StgValue><ssdm name="_ssdm_op_SpecBitsMap"/></StgValue>
</bind>
</comp>

<comp id="44" class="1001" name="const_44">
<pin_list>
<pin id="45" dir="1" index="0" bw="1" slack="2147483647"/>
</pin_list>
<bind>
<StgValue><ssdm name="_ssdm_op_SpecTopModule"/></StgValue>
</bind>
</comp>

<comp id="46" class="1001" name="const_46">
<pin_list>
<pin id="47" dir="1" index="0" bw="1" slack="2147483647"/>
</pin_list>
<bind>
<StgValue><ssdm name="Adder2_str"/></StgValue>
</bind>
</comp>

<comp id="48" class="1001" name="const_48">
<pin_list>
<pin id="49" dir="1" index="0" bw="1" slack="2147483647"/>
</pin_list>
<bind>
<StgValue><ssdm name="_ssdm_op_SpecInterface"/></StgValue>
</bind>
</comp>

<comp id="50" class="1001" name="const_50">
<pin_list>
<pin id="51" dir="1" index="0" bw="1" slack="2147483647"/>
</pin_list>
<bind>
<StgValue><ssdm name="p_str"/></StgValue>
</bind>
</comp>

<comp id="52" class="1001" name="const_52">
<pin_list>
<pin id="53" dir="1" index="0" bw="1" slack="0"/>
</pin_list>
<bind>
<StgValue><ssdm name=""/></StgValue>
</bind>
</comp>

<comp id="54" class="1001" name="const_54">
<pin_list>
<pin id="55" dir="1" index="0" bw="1" slack="2147483647"/>
</pin_list>
<bind>
<StgValue><ssdm name="p_str1"/></StgValue>
</bind>
</comp>

<comp id="56" class="1001" name="const_56">
<pin_list>
<pin id="57" dir="1" index="0" bw="1" slack="2147483647"/>
</pin_list>
<bind>
<StgValue><ssdm name="p_str2"/></StgValue>
</bind>
</comp>

<comp id="58" class="1001" name="const_58">
<pin_list>
<pin id="59" dir="1" index="0" bw="1" slack="2147483647"/>
</pin_list>
<bind>
<StgValue><ssdm name="p_str3"/></StgValue>
</bind>
</comp>

<comp id="60" class="1001" name="const_60">
<pin_list>
<pin id="61" dir="1" index="0" bw="1" slack="2147483647"/>
</pin_list>
<bind>
<StgValue><ssdm name=""/></StgValue>
</bind>
</comp>

<comp id="62" class="1001" name="const_62">
<pin_list>
<pin id="63" dir="1" index="0" bw="1" slack="2147483647"/>
</pin_list>
<bind>
<StgValue><ssdm name="p_str4"/></StgValue>
</bind>
</comp>

<comp id="64" class="1001" name="const_64">
<pin_list>
<pin id="65" dir="1" index="0" bw="1" slack="2147483647"/>
</pin_list>
<bind>
<StgValue><ssdm name="p_str5"/></StgValue>
</bind>
</comp>

<comp id="66" class="1001" name="const_66">
<pin_list>
<pin id="67" dir="1" index="0" bw="1" slack="2147483647"/>
</pin_list>
<bind>
<StgValue><ssdm name="p_str6"/></StgValue>
</bind>
</comp>

<comp id="68" class="1001" name="const_68">
<pin_list>
<pin id="69" dir="1" index="0" bw="1" slack="1"/>
</pin_list>
<bind>
<StgValue><ssdm name=""/></StgValue>
</bind>
</comp>

<comp id="70" class="1001" name="const_70">
<pin_list>
<pin id="71" dir="1" index="0" bw="1" slack="0"/>
</pin_list>
<bind>
<StgValue><ssdm name=""/></StgValue>
</bind>
</comp>

<comp id="72" class="1001" name="const_72">
<pin_list>
<pin id="73" dir="1" index="0" bw="1" slack="2147483647"/>
</pin_list>
<bind>
<StgValue><ssdm name="_ssdm_op_SpecLoopTripCount"/></StgValue>
</bind>
</comp>

<comp id="74" class="1001" name="const_74">
<pin_list>
<pin id="75" dir="1" index="0" bw="1" slack="2147483647"/>
</pin_list>
<bind>
<StgValue><ssdm name=""/></StgValue>
</bind>
</comp>

<comp id="76" class="1001" name="const_76">
<pin_list>
<pin id="77" dir="1" index="0" bw="1" slack="2147483647"/>
</pin_list>
<bind>
<StgValue><ssdm name=""/></StgValue>
</bind>
</comp>

<comp id="78" class="1001" name="const_78">
<pin_list>
<pin id="79" dir="1" index="0" bw="1" slack="2147483647"/>
</pin_list>
<bind>
<StgValue><ssdm name=""/></StgValue>
</bind>
</comp>

<comp id="80" class="1001" name="const_80">
<pin_list>
<pin id="81" dir="1" index="0" bw="1" slack="0"/>
</pin_list>
<bind>
<StgValue><ssdm name=""/></StgValue>
</bind>
</comp>

<comp id="82" class="1001" name="const_82">
<pin_list>
<pin id="83" dir="1" index="0" bw="1" slack="2147483647"/>
</pin_list>
<bind>
<StgValue><ssdm name="_ssdm_op_SpecLoopName"/></StgValue>
</bind>
</comp>

<comp id="84" class="1001" name="const_84">
<pin_list>
<pin id="85" dir="1" index="0" bw="1" slack="2147483647"/>
</pin_list>
<bind>
<StgValue><ssdm name="p_str7"/></StgValue>
</bind>
</comp>

<comp id="86" class="1001" name="const_86">
<pin_list>
<pin id="87" dir="1" index="0" bw="1" slack="2147483647"/>
</pin_list>
<bind>
<StgValue><ssdm name="_ssdm_op_SpecRegionBegin"/></StgValue>
</bind>
</comp>

<comp id="88" class="1001" name="const_88">
<pin_list>
<pin id="89" dir="1" index="0" bw="1" slack="2147483647"/>
</pin_list>
<bind>
<StgValue><ssdm name="_ssdm_op_SpecPipeline"/></StgValue>
</bind>
</comp>

<comp id="90" class="1001" name="const_90">
<pin_list>
<pin id="91" dir="1" index="0" bw="1" slack="2147483647"/>
</pin_list>
<bind>
<StgValue><ssdm name=""/></StgValue>
</bind>
</comp>

<comp id="92" class="1001" name="const_92">
<pin_list>
<pin id="93" dir="1" index="0" bw="1" slack="0"/>
</pin_list>
<bind>
<StgValue><ssdm name="_ssdm_op_Read.axis.volatile.i32P.i4P.i4P.i2P.i1P.i5P.i6P"/></StgValue>
</bind>
</comp>

<comp id="94" class="1001" name="const_94">
<pin_list>
<pin id="95" dir="1" index="0" bw="1" slack="0"/>
</pin_list>
<bind>
<StgValue><ssdm name="_ssdm_op_Write.axis.volatile.i32P.i4P.i4P.i2P.i1P.i5P.i6P"/></StgValue>
</bind>
</comp>

<comp id="96" class="1001" name="const_96">
<pin_list>
<pin id="97" dir="1" index="0" bw="1" slack="0"/>
</pin_list>
<bind>
<StgValue><ssdm name=""/></StgValue>
</bind>
</comp>

<comp id="98" class="1001" name="const_98">
<pin_list>
<pin id="99" dir="1" index="0" bw="1" slack="2147483647"/>
</pin_list>
<bind>
<StgValue><ssdm name="_ssdm_op_SpecRegionEnd"/></StgValue>
</bind>
</comp>

<comp id="100" class="1001" name="const_100">
<pin_list>
<pin id="101" dir="1" index="0" bw="1" slack="0"/>
</pin_list>
<bind>
<StgValue><ssdm name="_ssdm_op_Write.s_axilite.i32P"/></StgValue>
</bind>
</comp>

<comp id="102" class="1001" name="const_102">
<pin_list>
<pin id="103" dir="1" index="0" bw="1" slack="0"/>
</pin_list>
<bind>
<StgValue><ssdm name=""/></StgValue>
</bind>
</comp>

<comp id="104" class="1001" name="const_104">
<pin_list>
<pin id="105" dir="1" index="0" bw="1" slack="0"/>
</pin_list>
<bind>
<StgValue><ssdm name=""/></StgValue>
</bind>
</comp>

<comp id="106" class="1004" name="empty_9_read_fu_106">
<pin_list>
<pin id="107" dir="0" index="0" bw="54" slack="0"/>
<pin id="108" dir="0" index="1" bw="32" slack="0"/>
<pin id="109" dir="0" index="2" bw="4" slack="0"/>
<pin id="110" dir="0" index="3" bw="4" slack="0"/>
<pin id="111" dir="0" index="4" bw="2" slack="0"/>
<pin id="112" dir="0" index="5" bw="1" slack="0"/>
<pin id="113" dir="0" index="6" bw="5" slack="0"/>
<pin id="114" dir="0" index="7" bw="6" slack="0"/>
<pin id="115" dir="1" index="8" bw="54" slack="0"/>
</pin_list>
<bind>
<opcode="read(1150) " fcode="read"/>
<opset="empty_9/2 "/>
</bind>
</comp>

<comp id="124" class="1004" name="grp_write_fu_124">
<pin_list>
<pin id="125" dir="0" index="0" bw="0" slack="0"/>
<pin id="126" dir="0" index="1" bw="32" slack="0"/>
<pin id="127" dir="0" index="2" bw="4" slack="0"/>
<pin id="128" dir="0" index="3" bw="4" slack="0"/>
<pin id="129" dir="0" index="4" bw="2" slack="0"/>
<pin id="130" dir="0" index="5" bw="1" slack="0"/>
<pin id="131" dir="0" index="6" bw="5" slack="0"/>
<pin id="132" dir="0" index="7" bw="6" slack="0"/>
<pin id="133" dir="0" index="8" bw="32" slack="1"/>
<pin id="134" dir="0" index="9" bw="4" slack="1"/>
<pin id="135" dir="0" index="10" bw="4" slack="1"/>
<pin id="136" dir="0" index="11" bw="2" slack="1"/>
<pin id="137" dir="0" index="12" bw="1" slack="0"/>
<pin id="138" dir="0" index="13" bw="5" slack="1"/>
<pin id="139" dir="0" index="14" bw="6" slack="1"/>
<pin id="140" dir="1" index="15" bw="0" slack="2147483647"/>
</pin_list>
<bind>
<opcode="write(1151) " fcode="write"/>
<opset="StgValue_53/3 "/>
</bind>
</comp>

<comp id="150" class="1004" name="StgValue_60_write_fu_150">
<pin_list>
<pin id="151" dir="0" index="0" bw="0" slack="0"/>
<pin id="152" dir="0" index="1" bw="32" slack="0"/>
<pin id="153" dir="0" index="2" bw="32" slack="0"/>
<pin id="154" dir="1" index="3" bw="0" slack="2147483647"/>
</pin_list>
<bind>
<opcode="write(1151) " fcode="write"/>
<opset="StgValue_60/5 "/>
</bind>
</comp>

<comp id="157" class="1004" name="StgValue_61_write_fu_157">
<pin_list>
<pin id="158" dir="0" index="0" bw="0" slack="0"/>
<pin id="159" dir="0" index="1" bw="32" slack="0"/>
<pin id="160" dir="0" index="2" bw="23" slack="0"/>
<pin id="161" dir="1" index="3" bw="0" slack="2147483647"/>
</pin_list>
<bind>
<opcode="write(1151) " fcode="write"/>
<opset="StgValue_61/5 "/>
</bind>
</comp>

<comp id="164" class="1004" name="StgValue_62_write_fu_164">
<pin_list>
<pin id="165" dir="0" index="0" bw="0" slack="0"/>
<pin id="166" dir="0" index="1" bw="32" slack="0"/>
<pin id="167" dir="0" index="2" bw="13" slack="0"/>
<pin id="168" dir="1" index="3" bw="0" slack="2147483647"/>
</pin_list>
<bind>
<opcode="write(1151) " fcode="write"/>
<opset="StgValue_62/5 "/>
</bind>
</comp>

<comp id="172" class="1004" name="StgValue_63_write_fu_172">
<pin_list>
<pin id="173" dir="0" index="0" bw="0" slack="0"/>
<pin id="174" dir="0" index="1" bw="32" slack="0"/>
<pin id="175" dir="0" index="2" bw="1" slack="0"/>
<pin id="176" dir="1" index="3" bw="0" slack="2147483647"/>
</pin_list>
<bind>
<opcode="write(1151) " fcode="write"/>
<opset="StgValue_63/5 "/>
</bind>
</comp>

<comp id="180" class="1004" name="StgValue_64_write_fu_180">
<pin_list>
<pin id="181" dir="0" index="0" bw="0" slack="0"/>
<pin id="182" dir="0" index="1" bw="32" slack="0"/>
<pin id="183" dir="0" index="2" bw="1" slack="0"/>
<pin id="184" dir="1" index="3" bw="0" slack="2147483647"/>
</pin_list>
<bind>
<opcode="write(1151) " fcode="write"/>
<opset="StgValue_64/5 "/>
</bind>
</comp>

<comp id="188" class="1004" name="StgValue_65_write_fu_188">
<pin_list>
<pin id="189" dir="0" index="0" bw="0" slack="0"/>
<pin id="190" dir="0" index="1" bw="32" slack="0"/>
<pin id="191" dir="0" index="2" bw="12" slack="0"/>
<pin id="192" dir="1" index="3" bw="0" slack="2147483647"/>
</pin_list>
<bind>
<opcode="write(1151) " fcode="write"/>
<opset="StgValue_65/5 "/>
</bind>
</comp>

<comp id="196" class="1005" name="differentBytes_reg_196">
<pin_list>
<pin id="197" dir="0" index="0" bw="32" slack="1"/>
<pin id="198" dir="1" index="1" bw="32" slack="1"/>
</pin_list>
<bind>
<opset="differentBytes (phireg) "/>
</bind>
</comp>

<comp id="200" class="1004" name="differentBytes_phi_fu_200">
<pin_list>
<pin id="201" dir="0" index="0" bw="1" slack="1"/>
<pin id="202" dir="0" index="1" bw="0" slack="2147483647"/>
<pin id="203" dir="0" index="2" bw="32" slack="0"/>
<pin id="204" dir="0" index="3" bw="0" slack="2147483647"/>
<pin id="205" dir="1" index="4" bw="32" slack="0"/>
</pin_list>
<bind>
<opcode="phi(47) " fcode="phi"/>
<opset="differentBytes/2 "/>
</bind>
</comp>

<comp id="208" class="1005" name="in1Count_reg_208">
<pin_list>
<pin id="209" dir="0" index="0" bw="23" slack="1"/>
<pin id="210" dir="1" index="1" bw="23" slack="1"/>
</pin_list>
<bind>
<opset="in1Count (phireg) "/>
</bind>
</comp>

<comp id="212" class="1004" name="in1Count_phi_fu_212">
<pin_list>
<pin id="213" dir="0" index="0" bw="1" slack="1"/>
<pin id="214" dir="0" index="1" bw="0" slack="2147483647"/>
<pin id="215" dir="0" index="2" bw="23" slack="0"/>
<pin id="216" dir="0" index="3" bw="0" slack="2147483647"/>
<pin id="217" dir="1" index="4" bw="23" slack="0"/>
</pin_list>
<bind>
<opcode="phi(47) " fcode="phi"/>
<opset="in1Count/2 "/>
</bind>
</comp>

<comp id="220" class="1005" name="differentBytes_1_reg_220">
<pin_list>
<pin id="221" dir="0" index="0" bw="32" slack="2147483647"/>
<pin id="222" dir="1" index="1" bw="32" slack="2147483647"/>
</pin_list>
<bind>
<opset="differentBytes_1 (phireg) "/>
</bind>
</comp>

<comp id="223" class="1004" name="differentBytes_1_phi_fu_223">
<pin_list>
<pin id="224" dir="0" index="0" bw="32" slack="1"/>
<pin id="225" dir="0" index="1" bw="0" slack="2147483647"/>
<pin id="226" dir="0" index="2" bw="32" slack="1"/>
<pin id="227" dir="0" index="3" bw="0" slack="2147483647"/>
<pin id="228" dir="1" index="4" bw="32" slack="0"/>
</pin_list>
<bind>
<opcode="phi(47) " fcode="phi"/>
<opset="differentBytes_1/5 "/>
</bind>
</comp>

<comp id="231" class="1005" name="in1Count_1_reg_231">
<pin_list>
<pin id="232" dir="0" index="0" bw="23" slack="2147483647"/>
<pin id="233" dir="1" index="1" bw="23" slack="2147483647"/>
</pin_list>
<bind>
<opset="in1Count_1 (phireg) "/>
</bind>
</comp>

<comp id="234" class="1004" name="in1Count_1_phi_fu_234">
<pin_list>
<pin id="235" dir="0" index="0" bw="23" slack="1"/>
<pin id="236" dir="0" index="1" bw="0" slack="2147483647"/>
<pin id="237" dir="0" index="2" bw="23" slack="1"/>
<pin id="238" dir="0" index="3" bw="0" slack="2147483647"/>
<pin id="239" dir="1" index="4" bw="23" slack="0"/>
</pin_list>
<bind>
<opcode="phi(47) " fcode="phi"/>
<opset="in1Count_1/5 "/>
</bind>
</comp>

<comp id="241" class="1004" name="tmp_fu_241">
<pin_list>
<pin id="242" dir="0" index="0" bw="23" slack="0"/>
<pin id="243" dir="0" index="1" bw="23" slack="0"/>
<pin id="244" dir="1" index="2" bw="1" slack="1"/>
</pin_list>
<bind>
<opcode="icmp(45) " fcode="icmp"/>
<opset="tmp/2 "/>
</bind>
</comp>

<comp id="247" class="1004" name="in1Count_3_fu_247">
<pin_list>
<pin id="248" dir="0" index="0" bw="23" slack="0"/>
<pin id="249" dir="0" index="1" bw="1" slack="0"/>
<pin id="250" dir="1" index="2" bw="23" slack="0"/>
</pin_list>
<bind>
<opcode="add(8) " fcode="add"/>
<opset="in1Count_3/2 "/>
</bind>
</comp>

<comp id="253" class="1004" name="tmp_data_V_fu_253">
<pin_list>
<pin id="254" dir="0" index="0" bw="54" slack="0"/>
<pin id="255" dir="1" index="1" bw="32" slack="0"/>
</pin_list>
<bind>
<opcode="extractvalue(56) " fcode="extractvalue"/>
<opset="tmp_data_V/2 "/>
</bind>
</comp>

<comp id="257" class="1004" name="tmp_keep_V_fu_257">
<pin_list>
<pin id="258" dir="0" index="0" bw="54" slack="0"/>
<pin id="259" dir="1" index="1" bw="4" slack="1"/>
</pin_list>
<bind>
<opcode="extractvalue(56) " fcode="extractvalue"/>
<opset="tmp_keep_V/2 "/>
</bind>
</comp>

<comp id="261" class="1004" name="tmp_strb_V_fu_261">
<pin_list>
<pin id="262" dir="0" index="0" bw="54" slack="0"/>
<pin id="263" dir="1" index="1" bw="4" slack="1"/>
</pin_list>
<bind>
<opcode="extractvalue(56) " fcode="extractvalue"/>
<opset="tmp_strb_V/2 "/>
</bind>
</comp>

<comp id="265" class="1004" name="tmp_user_V_fu_265">
<pin_list>
<pin id="266" dir="0" index="0" bw="54" slack="0"/>
<pin id="267" dir="1" index="1" bw="2" slack="1"/>
</pin_list>
<bind>
<opcode="extractvalue(56) " fcode="extractvalue"/>
<opset="tmp_user_V/2 "/>
</bind>
</comp>

<comp id="269" class="1004" name="tmp_last_V_fu_269">
<pin_list>
<pin id="270" dir="0" index="0" bw="54" slack="0"/>
<pin id="271" dir="1" index="1" bw="1" slack="1"/>
</pin_list>
<bind>
<opcode="extractvalue(56) " fcode="extractvalue"/>
<opset="tmp_last_V/2 "/>
</bind>
</comp>

<comp id="273" class="1004" name="tmp_id_V_fu_273">
<pin_list>
<pin id="274" dir="0" index="0" bw="54" slack="0"/>
<pin id="275" dir="1" index="1" bw="5" slack="1"/>
</pin_list>
<bind>
<opcode="extractvalue(56) " fcode="extractvalue"/>
<opset="tmp_id_V/2 "/>
</bind>
</comp>

<comp id="277" class="1004" name="tmp_dest_V_fu_277">
<pin_list>
<pin id="278" dir="0" index="0" bw="54" slack="0"/>
<pin id="279" dir="1" index="1" bw="6" slack="1"/>
</pin_list>
<bind>
<opcode="extractvalue(56) " fcode="extractvalue"/>
<opset="tmp_dest_V/2 "/>
</bind>
</comp>

<comp id="281" class="1004" name="differentBytes_2_fu_281">
<pin_list>
<pin id="282" dir="0" index="0" bw="32" slack="0"/>
<pin id="283" dir="0" index="1" bw="32" slack="0"/>
<pin id="284" dir="1" index="2" bw="32" slack="0"/>
</pin_list>
<bind>
<opcode="add(8) " fcode="add"/>
<opset="differentBytes_2/2 "/>
</bind>
</comp>

<comp id="287" class="1004" name="in1Count_1_cast_fu_287">
<pin_list>
<pin id="288" dir="0" index="0" bw="23" slack="0"/>
<pin id="289" dir="1" index="1" bw="32" slack="0"/>
</pin_list>
<bind>
<opcode="zext(34) " fcode="zext"/>
<opset="in1Count_1_cast/5 "/>
</bind>
</comp>

<comp id="292" class="1005" name="tmp_reg_292">
<pin_list>
<pin id="293" dir="0" index="0" bw="1" slack="1"/>
<pin id="294" dir="1" index="1" bw="1" slack="2147483647"/>
</pin_list>
<bind>
<opset="tmp "/>
</bind>
</comp>

<comp id="296" class="1005" name="in1Count_3_reg_296">
<pin_list>
<pin id="297" dir="0" index="0" bw="23" slack="0"/>
<pin id="298" dir="1" index="1" bw="23" slack="0"/>
</pin_list>
<bind>
<opset="in1Count_3 "/>
</bind>
</comp>

<comp id="302" class="1005" name="tmp_data_V_reg_302">
<pin_list>
<pin id="303" dir="0" index="0" bw="32" slack="1"/>
<pin id="304" dir="1" index="1" bw="32" slack="1"/>
</pin_list>
<bind>
<opset="tmp_data_V "/>
</bind>
</comp>

<comp id="307" class="1005" name="tmp_keep_V_reg_307">
<pin_list>
<pin id="308" dir="0" index="0" bw="4" slack="1"/>
<pin id="309" dir="1" index="1" bw="4" slack="1"/>
</pin_list>
<bind>
<opset="tmp_keep_V "/>
</bind>
</comp>

<comp id="312" class="1005" name="tmp_strb_V_reg_312">
<pin_list>
<pin id="313" dir="0" index="0" bw="4" slack="1"/>
<pin id="314" dir="1" index="1" bw="4" slack="1"/>
</pin_list>
<bind>
<opset="tmp_strb_V "/>
</bind>
</comp>

<comp id="317" class="1005" name="tmp_user_V_reg_317">
<pin_list>
<pin id="318" dir="0" index="0" bw="2" slack="1"/>
<pin id="319" dir="1" index="1" bw="2" slack="1"/>
</pin_list>
<bind>
<opset="tmp_user_V "/>
</bind>
</comp>

<comp id="322" class="1005" name="tmp_last_V_reg_322">
<pin_list>
<pin id="323" dir="0" index="0" bw="1" slack="1"/>
<pin id="324" dir="1" index="1" bw="1" slack="2147483647"/>
</pin_list>
<bind>
<opset="tmp_last_V "/>
</bind>
</comp>

<comp id="326" class="1005" name="tmp_id_V_reg_326">
<pin_list>
<pin id="327" dir="0" index="0" bw="5" slack="1"/>
<pin id="328" dir="1" index="1" bw="5" slack="1"/>
</pin_list>
<bind>
<opset="tmp_id_V "/>
</bind>
</comp>

<comp id="331" class="1005" name="tmp_dest_V_reg_331">
<pin_list>
<pin id="332" dir="0" index="0" bw="6" slack="1"/>
<pin id="333" dir="1" index="1" bw="6" slack="1"/>
</pin_list>
<bind>
<opset="tmp_dest_V "/>
</bind>
</comp>

<comp id="336" class="1005" name="differentBytes_2_reg_336">
<pin_list>
<pin id="337" dir="0" index="0" bw="32" slack="0"/>
<pin id="338" dir="1" index="1" bw="32" slack="0"/>
</pin_list>
<bind>
<opset="differentBytes_2 "/>
</bind>
</comp>

</comp_list>

<net_list>
<net id="116"><net_src comp="92" pin="0"/><net_sink comp="106" pin=0"/></net>

<net id="117"><net_src comp="12" pin="0"/><net_sink comp="106" pin=1"/></net>

<net id="118"><net_src comp="14" pin="0"/><net_sink comp="106" pin=2"/></net>

<net id="119"><net_src comp="16" pin="0"/><net_sink comp="106" pin=3"/></net>

<net id="120"><net_src comp="18" pin="0"/><net_sink comp="106" pin=4"/></net>

<net id="121"><net_src comp="20" pin="0"/><net_sink comp="106" pin=5"/></net>

<net id="122"><net_src comp="22" pin="0"/><net_sink comp="106" pin=6"/></net>

<net id="123"><net_src comp="24" pin="0"/><net_sink comp="106" pin=7"/></net>

<net id="141"><net_src comp="94" pin="0"/><net_sink comp="124" pin=0"/></net>

<net id="142"><net_src comp="26" pin="0"/><net_sink comp="124" pin=1"/></net>

<net id="143"><net_src comp="28" pin="0"/><net_sink comp="124" pin=2"/></net>

<net id="144"><net_src comp="30" pin="0"/><net_sink comp="124" pin=3"/></net>

<net id="145"><net_src comp="32" pin="0"/><net_sink comp="124" pin=4"/></net>

<net id="146"><net_src comp="34" pin="0"/><net_sink comp="124" pin=5"/></net>

<net id="147"><net_src comp="36" pin="0"/><net_sink comp="124" pin=6"/></net>

<net id="148"><net_src comp="38" pin="0"/><net_sink comp="124" pin=7"/></net>

<net id="149"><net_src comp="96" pin="0"/><net_sink comp="124" pin=12"/></net>

<net id="155"><net_src comp="100" pin="0"/><net_sink comp="150" pin=0"/></net>

<net id="156"><net_src comp="0" pin="0"/><net_sink comp="150" pin=1"/></net>

<net id="162"><net_src comp="100" pin="0"/><net_sink comp="157" pin=0"/></net>

<net id="163"><net_src comp="2" pin="0"/><net_sink comp="157" pin=1"/></net>

<net id="169"><net_src comp="100" pin="0"/><net_sink comp="164" pin=0"/></net>

<net id="170"><net_src comp="4" pin="0"/><net_sink comp="164" pin=1"/></net>

<net id="171"><net_src comp="102" pin="0"/><net_sink comp="164" pin=2"/></net>

<net id="177"><net_src comp="100" pin="0"/><net_sink comp="172" pin=0"/></net>

<net id="178"><net_src comp="6" pin="0"/><net_sink comp="172" pin=1"/></net>

<net id="179"><net_src comp="52" pin="0"/><net_sink comp="172" pin=2"/></net>

<net id="185"><net_src comp="100" pin="0"/><net_sink comp="180" pin=0"/></net>

<net id="186"><net_src comp="8" pin="0"/><net_sink comp="180" pin=1"/></net>

<net id="187"><net_src comp="52" pin="0"/><net_sink comp="180" pin=2"/></net>

<net id="193"><net_src comp="100" pin="0"/><net_sink comp="188" pin=0"/></net>

<net id="194"><net_src comp="10" pin="0"/><net_sink comp="188" pin=1"/></net>

<net id="195"><net_src comp="104" pin="0"/><net_sink comp="188" pin=2"/></net>

<net id="199"><net_src comp="52" pin="0"/><net_sink comp="196" pin=0"/></net>

<net id="206"><net_src comp="196" pin="1"/><net_sink comp="200" pin=0"/></net>

<net id="207"><net_src comp="200" pin="4"/><net_sink comp="196" pin=0"/></net>

<net id="211"><net_src comp="68" pin="0"/><net_sink comp="208" pin=0"/></net>

<net id="218"><net_src comp="208" pin="1"/><net_sink comp="212" pin=0"/></net>

<net id="219"><net_src comp="212" pin="4"/><net_sink comp="208" pin=0"/></net>

<net id="229"><net_src comp="196" pin="1"/><net_sink comp="223" pin=0"/></net>

<net id="230"><net_src comp="223" pin="4"/><net_sink comp="150" pin=2"/></net>

<net id="240"><net_src comp="208" pin="1"/><net_sink comp="234" pin=0"/></net>

<net id="245"><net_src comp="212" pin="4"/><net_sink comp="241" pin=0"/></net>

<net id="246"><net_src comp="70" pin="0"/><net_sink comp="241" pin=1"/></net>

<net id="251"><net_src comp="212" pin="4"/><net_sink comp="247" pin=0"/></net>

<net id="252"><net_src comp="80" pin="0"/><net_sink comp="247" pin=1"/></net>

<net id="256"><net_src comp="106" pin="8"/><net_sink comp="253" pin=0"/></net>

<net id="260"><net_src comp="106" pin="8"/><net_sink comp="257" pin=0"/></net>

<net id="264"><net_src comp="106" pin="8"/><net_sink comp="261" pin=0"/></net>

<net id="268"><net_src comp="106" pin="8"/><net_sink comp="265" pin=0"/></net>

<net id="272"><net_src comp="106" pin="8"/><net_sink comp="269" pin=0"/></net>

<net id="276"><net_src comp="106" pin="8"/><net_sink comp="273" pin=0"/></net>

<net id="280"><net_src comp="106" pin="8"/><net_sink comp="277" pin=0"/></net>

<net id="285"><net_src comp="253" pin="1"/><net_sink comp="281" pin=0"/></net>

<net id="286"><net_src comp="200" pin="4"/><net_sink comp="281" pin=1"/></net>

<net id="290"><net_src comp="234" pin="4"/><net_sink comp="287" pin=0"/></net>

<net id="291"><net_src comp="287" pin="1"/><net_sink comp="157" pin=2"/></net>

<net id="295"><net_src comp="241" pin="2"/><net_sink comp="292" pin=0"/></net>

<net id="299"><net_src comp="247" pin="2"/><net_sink comp="296" pin=0"/></net>

<net id="300"><net_src comp="296" pin="1"/><net_sink comp="212" pin=2"/></net>

<net id="301"><net_src comp="296" pin="1"/><net_sink comp="234" pin=2"/></net>

<net id="305"><net_src comp="253" pin="1"/><net_sink comp="302" pin=0"/></net>

<net id="306"><net_src comp="302" pin="1"/><net_sink comp="124" pin=8"/></net>

<net id="310"><net_src comp="257" pin="1"/><net_sink comp="307" pin=0"/></net>

<net id="311"><net_src comp="307" pin="1"/><net_sink comp="124" pin=9"/></net>

<net id="315"><net_src comp="261" pin="1"/><net_sink comp="312" pin=0"/></net>

<net id="316"><net_src comp="312" pin="1"/><net_sink comp="124" pin=10"/></net>

<net id="320"><net_src comp="265" pin="1"/><net_sink comp="317" pin=0"/></net>

<net id="321"><net_src comp="317" pin="1"/><net_sink comp="124" pin=11"/></net>

<net id="325"><net_src comp="269" pin="1"/><net_sink comp="322" pin=0"/></net>

<net id="329"><net_src comp="273" pin="1"/><net_sink comp="326" pin=0"/></net>

<net id="330"><net_src comp="326" pin="1"/><net_sink comp="124" pin=13"/></net>

<net id="334"><net_src comp="277" pin="1"/><net_sink comp="331" pin=0"/></net>

<net id="335"><net_src comp="331" pin="1"/><net_sink comp="124" pin=14"/></net>

<net id="339"><net_src comp="281" pin="2"/><net_sink comp="336" pin=0"/></net>

<net id="340"><net_src comp="336" pin="1"/><net_sink comp="200" pin=2"/></net>

<net id="341"><net_src comp="336" pin="1"/><net_sink comp="223" pin=2"/></net>

</net_list>

</model> 
---------------- Datapath Model END ------------------

* FSMD analyzer results:
  - Output states:
	Port: agg_result_a | {5 }
	Port: agg_result_b | {5 }
	Port: agg_result_c | {5 }
	Port: agg_result_d | {5 }
	Port: agg_result_e | {5 }
	Port: agg_result_f | {5 }
	Port: OUTPUT_STREAM_V_data_V | {4 }
	Port: OUTPUT_STREAM_V_keep_V | {4 }
	Port: OUTPUT_STREAM_V_strb_V | {4 }
	Port: OUTPUT_STREAM_V_user_V | {4 }
	Port: OUTPUT_STREAM_V_last_V | {4 }
	Port: OUTPUT_STREAM_V_id_V | {4 }
	Port: OUTPUT_STREAM_V_dest_V | {4 }
 - Input state : 
	Port: Adder2 : INPUT_STREAM_V_data_V | {2 }
	Port: Adder2 : INPUT_STREAM_V_keep_V | {2 }
	Port: Adder2 : INPUT_STREAM_V_strb_V | {2 }
	Port: Adder2 : INPUT_STREAM_V_user_V | {2 }
	Port: Adder2 : INPUT_STREAM_V_last_V | {2 }
	Port: Adder2 : INPUT_STREAM_V_id_V | {2 }
	Port: Adder2 : INPUT_STREAM_V_dest_V | {2 }
  - Chain level:
	State 1
	State 2
		tmp : 1
		in1Count_3 : 1
		StgValue_39 : 2
		differentBytes_2 : 1
		StgValue_52 : 1
	State 3
	State 4
	State 5
		in1Count_1_cast : 1
		StgValue_60 : 1
		StgValue_61 : 2


============================================================
+ Verbose Summary: Datapath Resource usage 
============================================================

* Functional unit list:
|----------|--------------------------|---------|---------|
| Operation|      Functional Unit     |    FF   |   LUT   |
|----------|--------------------------|---------|---------|
|    add   |     in1Count_3_fu_247    |    0    |    30   |
|          |  differentBytes_2_fu_281 |    0    |    39   |
|----------|--------------------------|---------|---------|
|   icmp   |        tmp_fu_241        |    0    |    18   |
|----------|--------------------------|---------|---------|
|   read   |    empty_9_read_fu_106   |    0    |    0    |
|----------|--------------------------|---------|---------|
|          |     grp_write_fu_124     |    0    |    0    |
|          | StgValue_60_write_fu_150 |    0    |    0    |
|          | StgValue_61_write_fu_157 |    0    |    0    |
|   write  | StgValue_62_write_fu_164 |    0    |    0    |
|          | StgValue_63_write_fu_172 |    0    |    0    |
|          | StgValue_64_write_fu_180 |    0    |    0    |
|          | StgValue_65_write_fu_188 |    0    |    0    |
|----------|--------------------------|---------|---------|
|          |     tmp_data_V_fu_253    |    0    |    0    |
|          |     tmp_keep_V_fu_257    |    0    |    0    |
|          |     tmp_strb_V_fu_261    |    0    |    0    |
|extractvalue|     tmp_user_V_fu_265    |    0    |    0    |
|          |     tmp_last_V_fu_269    |    0    |    0    |
|          |      tmp_id_V_fu_273     |    0    |    0    |
|          |     tmp_dest_V_fu_277    |    0    |    0    |
|----------|--------------------------|---------|---------|
|   zext   |  in1Count_1_cast_fu_287  |    0    |    0    |
|----------|--------------------------|---------|---------|
|   Total  |                          |    0    |    87   |
|----------|--------------------------|---------|---------|

Memories:
N/A

* Register list:
+------------------------+--------+
|                        |   FF   |
+------------------------+--------+
|differentBytes_1_reg_220|   32   |
|differentBytes_2_reg_336|   32   |
| differentBytes_reg_196 |   32   |
|   in1Count_1_reg_231   |   23   |
|   in1Count_3_reg_296   |   23   |
|    in1Count_reg_208    |   23   |
|   tmp_data_V_reg_302   |   32   |
|   tmp_dest_V_reg_331   |    6   |
|    tmp_id_V_reg_326    |    5   |
|   tmp_keep_V_reg_307   |    4   |
|   tmp_last_V_reg_322   |    1   |
|       tmp_reg_292      |    1   |
|   tmp_strb_V_reg_312   |    4   |
|   tmp_user_V_reg_317   |    2   |
+------------------------+--------+
|          Total         |   220  |
+------------------------+--------+

* Multiplexer (MUX) list: 
|------------------------|------|------|------|--------||---------||---------|
|          Comp          |  Pin | Size |  BW  | S x BW ||  Delay  ||   LUT   |
|------------------------|------|------|------|--------||---------||---------|
| differentBytes_reg_196 |  p0  |   2  |  32  |   64   ||    9    |
|    in1Count_reg_208    |  p0  |   2  |  23  |   46   ||    9    |
|------------------------|------|------|------|--------||---------||---------|
|          Total         |      |      |      |   110  ||  3.538  ||    18   |
|------------------------|------|------|------|--------||---------||---------|



* Summary:
+-----------+--------+--------+--------+
|           |  Delay |   FF   |   LUT  |
+-----------+--------+--------+--------+
|  Function |    -   |    0   |   87   |
|   Memory  |    -   |    -   |    -   |
|Multiplexer|    3   |    -   |   18   |
|  Register |    -   |   220  |    -   |
+-----------+--------+--------+--------+
|   Total   |    3   |   220  |   105  |
+-----------+--------+--------+--------+
