

================================================================
== Vivado HLS Report for 'Block_proc307309'
================================================================
* Date:           Wed Dec 19 22:30:23 2018

* Version:        2018.2 (Build 2258646 on Thu Jun 14 20:25:20 MDT 2018)
* Project:        SobelNewVivado
* Solution:       solution1
* Product family: artix7
* Target device:  xc7a200tsbg484-1


================================================================
== Performance Estimates
================================================================
+ Timing (ns): 
    * Summary: 
    +--------+-------+----------+------------+
    |  Clock | Target| Estimated| Uncertainty|
    +--------+-------+----------+------------+
    |ap_clk  |  10.00|    11.000|        1.25|
    +--------+-------+----------+------------+

+ Latency (clock cycles): 
    * Summary: 
    +---------+----------+---------+----------+---------+
    |       Latency      |      Interval      | Pipeline|
    |   min   |    max   |   min   |    max   |   Type  |
    +---------+----------+---------+----------+---------+
    |  2077923|  14594226|  2077923|  14594226|   none  |
    +---------+----------+---------+----------+---------+

    + Detail: 
        * Instance: 
        +-------------------------+--------------+---------+---------+---------+---------+---------+
        |                         |              |      Latency      |      Interval     | Pipeline|
        |         Instance        |    Module    |   min   |   max   |   min   |   max   |   Type  |
        +-------------------------+--------------+---------+---------+---------+---------+---------+
        |grp_AddWeighted_fu_596   |AddWeighted   |  2108162|  2108162|  2108162|  2108162|   none  |
        |grp_Sobel_fu_609         |Sobel         |  2087183|  2087183|  2087183|  2087183|   none  |
        |grp_Sobel_1_fu_619       |Sobel_1       |  2087183|  2087183|  2087183|  2087183|   none  |
        |grp_GaussianBlur_fu_629  |GaussianBlur  |  2087183|  2087183|  2087183|  2087183|   none  |
        |grp_CvtColor_1_fu_639    |CvtColor_1    |  2080081|  2080081|  2080081|  2080081|   none  |
        |grp_Mat2AXIvideo_fu_652  |Mat2AXIvideo  |  2077921|  2077921|  2077921|  2077921|   none  |
        |grp_Duplicate_fu_676     |Duplicate     |  2076841|  2076841|  2076841|  2076841|   none  |
        |grp_CvtColor_fu_689      |CvtColor      |  2076841|  2076841|  2076841|  2076841|   none  |
        +-------------------------+--------------+---------+---------+---------+---------+---------+

        * Loop: 
        N/A



================================================================
== Utilization Estimates
================================================================
* Summary: 
+-----------------+---------+-------+--------+--------+
|       Name      | BRAM_18K| DSP48E|   FF   |   LUT  |
+-----------------+---------+-------+--------+--------+
|DSP              |        -|      -|       -|       -|
|Expression       |        -|      -|       0|      90|
|FIFO             |        0|      -|     120|     432|
|Instance         |       27|    111|   12917|   20680|
|Memory           |        -|      -|       -|       -|
|Multiplexer      |        -|      -|       -|     865|
|Register         |        -|      -|     121|       -|
+-----------------+---------+-------+--------+--------+
|Total            |       27|    111|   13158|   22067|
+-----------------+---------+-------+--------+--------+
|Available        |      730|    740|  269200|  129000|
+-----------------+---------+-------+--------+--------+
|Utilization (%)  |        3|     15|       4|      17|
+-----------------+---------+-------+--------+--------+

+ Detail: 
    * Instance: 
    +-------------------------+--------------+---------+-------+------+-------+
    |         Instance        |    Module    | BRAM_18K| DSP48E|  FF  |  LUT  |
    +-------------------------+--------------+---------+-------+------+-------+
    |grp_AddWeighted_fu_596   |AddWeighted   |        0|     84|  9460|  13235|
    |grp_CvtColor_fu_689      |CvtColor      |        0|      0|    40|    184|
    |grp_CvtColor_1_fu_639    |CvtColor_1    |        0|      3|   215|    248|
    |grp_Duplicate_fu_676     |Duplicate     |        0|      0|    40|    211|
    |grp_GaussianBlur_fu_629  |GaussianBlur  |        9|     12|  1134|   1956|
    |grp_Mat2AXIvideo_fu_652  |Mat2AXIvideo  |        0|      0|   120|    358|
    |grp_Sobel_fu_609         |Sobel         |        9|      6|   954|   2244|
    |grp_Sobel_1_fu_619       |Sobel_1       |        9|      6|   954|   2244|
    +-------------------------+--------------+---------+-------+------+-------+
    |Total                    |              |       27|    111| 12917|  20680|
    +-------------------------+--------------+---------+-------+------+-------+

    * DSP48: 
    N/A

    * Memory: 
    N/A

    * FIFO: 
    +-----------------------------+---------+---+----+------+-----+---------+
    |             Name            | BRAM_18K| FF| LUT| Depth| Bits| Size:D*B|
    +-----------------------------+---------+---+----+------+-----+---------+
    |img_1_data_stream_0_fifo_U   |        0|  5|  18|     1|    8|        8|
    |img_1_data_stream_1_fifo_U   |        0|  5|  18|     1|    8|        8|
    |img_1_data_stream_2_fifo_U   |        0|  5|  18|     1|    8|        8|
    |img_2_data_stream_0_fifo_U   |        0|  5|  18|     1|    8|        8|
    |img_2_data_stream_1_fifo_U   |        0|  5|  18|     1|    8|        8|
    |img_2_data_stream_2_fifo_U   |        0|  5|  18|     1|    8|        8|
    |img_2a_data_stream_0_fifo_U  |        0|  5|  18|     1|    8|        8|
    |img_2a_data_stream_1_fifo_U  |        0|  5|  18|     1|    8|        8|
    |img_2a_data_stream_2_fifo_U  |        0|  5|  18|     1|    8|        8|
    |img_2b_data_stream_0_fifo_U  |        0|  5|  18|     1|    8|        8|
    |img_2b_data_stream_1_fifo_U  |        0|  5|  18|     1|    8|        8|
    |img_2b_data_stream_2_fifo_U  |        0|  5|  18|     1|    8|        8|
    |img_3_data_stream_0_fifo_U   |        0|  5|  18|     1|    8|        8|
    |img_3_data_stream_1_fifo_U   |        0|  5|  18|     1|    8|        8|
    |img_3_data_stream_2_fifo_U   |        0|  5|  18|     1|    8|        8|
    |img_4_data_stream_0_fifo_U   |        0|  5|  18|     1|    8|        8|
    |img_4_data_stream_1_fifo_U   |        0|  5|  18|     1|    8|        8|
    |img_4_data_stream_2_fifo_U   |        0|  5|  18|     1|    8|        8|
    |img_5_data_stream_0_fifo_U   |        0|  5|  18|     1|    8|        8|
    |img_5_data_stream_1_fifo_U   |        0|  5|  18|     1|    8|        8|
    |img_5_data_stream_2_fifo_U   |        0|  5|  18|     1|    8|        8|
    |img_6_data_stream_0_fifo_U   |        0|  5|  18|     1|    8|        8|
    |img_6_data_stream_1_fifo_U   |        0|  5|  18|     1|    8|        8|
    |img_6_data_stream_2_fifo_U   |        0|  5|  18|     1|    8|        8|
    +-----------------------------+---------+---+----+------+-----+---------+
    |Total                        |        0|120| 432|    24|  192|      192|
    +-----------------------------+---------+---+----+------+-----+---------+

    * Expression: 
    +-----------------------------------------+----------+-------+---+----+------------+------------+
    |              Variable Name              | Operation| DSP48E| FF| LUT| Bitwidth P0| Bitwidth P1|
    +-----------------------------------------+----------+-------+---+----+------------+------------+
    |OUTPUT_STREAM_V_data_V_1_load_A          |    and   |      0|  0|   2|           1|           1|
    |OUTPUT_STREAM_V_data_V_1_load_B          |    and   |      0|  0|   2|           1|           1|
    |OUTPUT_STREAM_V_dest_V_1_load_A          |    and   |      0|  0|   2|           1|           1|
    |OUTPUT_STREAM_V_dest_V_1_load_B          |    and   |      0|  0|   2|           1|           1|
    |OUTPUT_STREAM_V_id_V_1_load_A            |    and   |      0|  0|   2|           1|           1|
    |OUTPUT_STREAM_V_id_V_1_load_B            |    and   |      0|  0|   2|           1|           1|
    |OUTPUT_STREAM_V_keep_V_1_load_A          |    and   |      0|  0|   2|           1|           1|
    |OUTPUT_STREAM_V_keep_V_1_load_B          |    and   |      0|  0|   2|           1|           1|
    |OUTPUT_STREAM_V_last_V_1_load_A          |    and   |      0|  0|   2|           1|           1|
    |OUTPUT_STREAM_V_last_V_1_load_B          |    and   |      0|  0|   2|           1|           1|
    |OUTPUT_STREAM_V_strb_V_1_load_A          |    and   |      0|  0|   2|           1|           1|
    |OUTPUT_STREAM_V_strb_V_1_load_B          |    and   |      0|  0|   2|           1|           1|
    |OUTPUT_STREAM_V_user_V_1_load_A          |    and   |      0|  0|   2|           1|           1|
    |OUTPUT_STREAM_V_user_V_1_load_B          |    and   |      0|  0|   2|           1|           1|
    |OUTPUT_STREAM_V_data_V_1_state_cmp_full  |   icmp   |      0|  0|   8|           2|           1|
    |OUTPUT_STREAM_V_dest_V_1_state_cmp_full  |   icmp   |      0|  0|   8|           2|           1|
    |OUTPUT_STREAM_V_id_V_1_state_cmp_full    |   icmp   |      0|  0|   8|           2|           1|
    |OUTPUT_STREAM_V_keep_V_1_state_cmp_full  |   icmp   |      0|  0|   8|           2|           1|
    |OUTPUT_STREAM_V_last_V_1_state_cmp_full  |   icmp   |      0|  0|   8|           2|           1|
    |OUTPUT_STREAM_V_strb_V_1_state_cmp_full  |   icmp   |      0|  0|   8|           2|           1|
    |OUTPUT_STREAM_V_user_V_1_state_cmp_full  |   icmp   |      0|  0|   8|           2|           1|
    |ap_block_state1                          |    or    |      0|  0|   2|           1|           1|
    |ap_block_state16                         |    or    |      0|  0|   2|           1|           1|
    |ap_block_state8_on_subcall_done          |    or    |      0|  0|   2|           1|           1|
    +-----------------------------------------+----------+-------+---+----+------------+------------+
    |Total                                    |          |      0|  0|  90|          31|          24|
    +-----------------------------------------+----------+-------+---+----+------------+------------+

    * Multiplexer: 
    +-----------------------------------------------------+----+-----------+-----+-----------+
    |                         Name                        | LUT| Input Size| Bits| Total Bits|
    +-----------------------------------------------------+----+-----------+-----+-----------+
    |Enabled_V_blk_n                                      |   9|          2|    1|          2|
    |OUTPUT_STREAM_V_data_V_1_data_out                    |   9|          2|   24|         48|
    |OUTPUT_STREAM_V_data_V_1_state                       |  15|          3|    2|          6|
    |OUTPUT_STREAM_V_data_V_1_vld_in                      |   9|          2|    1|          2|
    |OUTPUT_STREAM_V_dest_V_1_data_out                    |   9|          2|    1|          2|
    |OUTPUT_STREAM_V_dest_V_1_state                       |  15|          3|    2|          6|
    |OUTPUT_STREAM_V_dest_V_1_vld_in                      |   9|          2|    1|          2|
    |OUTPUT_STREAM_V_id_V_1_data_out                      |   9|          2|    1|          2|
    |OUTPUT_STREAM_V_id_V_1_state                         |  15|          3|    2|          6|
    |OUTPUT_STREAM_V_id_V_1_vld_in                        |   9|          2|    1|          2|
    |OUTPUT_STREAM_V_keep_V_1_data_out                    |   9|          2|    3|          6|
    |OUTPUT_STREAM_V_keep_V_1_state                       |  15|          3|    2|          6|
    |OUTPUT_STREAM_V_keep_V_1_vld_in                      |   9|          2|    1|          2|
    |OUTPUT_STREAM_V_last_V_1_data_out                    |   9|          2|    1|          2|
    |OUTPUT_STREAM_V_last_V_1_state                       |  15|          3|    2|          6|
    |OUTPUT_STREAM_V_last_V_1_vld_in                      |   9|          2|    1|          2|
    |OUTPUT_STREAM_V_strb_V_1_data_out                    |   9|          2|    3|          6|
    |OUTPUT_STREAM_V_strb_V_1_state                       |  15|          3|    2|          6|
    |OUTPUT_STREAM_V_strb_V_1_vld_in                      |   9|          2|    1|          2|
    |OUTPUT_STREAM_V_user_V_1_data_out                    |   9|          2|    1|          2|
    |OUTPUT_STREAM_V_user_V_1_state                       |  15|          3|    2|          6|
    |OUTPUT_STREAM_V_user_V_1_vld_in                      |   9|          2|    1|          2|
    |ap_NS_fsm                                            |  85|         17|    1|         17|
    |ap_done                                              |   9|          2|    1|          2|
    |grp_Mat2AXIvideo_fu_652_img_data_stream_0_V_dout     |   9|          2|    8|         16|
    |grp_Mat2AXIvideo_fu_652_img_data_stream_0_V_empty_n  |   9|          2|    1|          2|
    |grp_Mat2AXIvideo_fu_652_img_data_stream_1_V_dout     |   9|          2|    8|         16|
    |grp_Mat2AXIvideo_fu_652_img_data_stream_1_V_empty_n  |   9|          2|    1|          2|
    |grp_Mat2AXIvideo_fu_652_img_data_stream_2_V_dout     |   9|          2|    8|         16|
    |grp_Mat2AXIvideo_fu_652_img_data_stream_2_V_empty_n  |   9|          2|    1|          2|
    |img_0_data_stream_0_V_read                           |  15|          3|    1|          3|
    |img_0_data_stream_1_V_read                           |  15|          3|    1|          3|
    |img_0_data_stream_2_V_read                           |  15|          3|    1|          3|
    |img_1_data_stream_0_read                             |   9|          2|    1|          2|
    |img_1_data_stream_0_write                            |   9|          2|    1|          2|
    |img_1_data_stream_1_read                             |   9|          2|    1|          2|
    |img_1_data_stream_1_write                            |   9|          2|    1|          2|
    |img_1_data_stream_2_read                             |   9|          2|    1|          2|
    |img_1_data_stream_2_write                            |   9|          2|    1|          2|
    |img_2_data_stream_0_read                             |   9|          2|    1|          2|
    |img_2_data_stream_0_write                            |   9|          2|    1|          2|
    |img_2_data_stream_1_read                             |   9|          2|    1|          2|
    |img_2_data_stream_1_write                            |   9|          2|    1|          2|
    |img_2_data_stream_2_read                             |   9|          2|    1|          2|
    |img_2_data_stream_2_write                            |   9|          2|    1|          2|
    |img_2a_data_stream_0_read                            |   9|          2|    1|          2|
    |img_2a_data_stream_0_write                           |   9|          2|    1|          2|
    |img_2a_data_stream_1_read                            |   9|          2|    1|          2|
    |img_2a_data_stream_1_write                           |   9|          2|    1|          2|
    |img_2a_data_stream_2_read                            |   9|          2|    1|          2|
    |img_2a_data_stream_2_write                           |   9|          2|    1|          2|
    |img_2b_data_stream_0_read                            |   9|          2|    1|          2|
    |img_2b_data_stream_0_write                           |   9|          2|    1|          2|
    |img_2b_data_stream_1_read                            |   9|          2|    1|          2|
    |img_2b_data_stream_1_write                           |   9|          2|    1|          2|
    |img_2b_data_stream_2_read                            |   9|          2|    1|          2|
    |img_2b_data_stream_2_write                           |   9|          2|    1|          2|
    |img_3_data_stream_0_read                             |   9|          2|    1|          2|
    |img_3_data_stream_0_write                            |   9|          2|    1|          2|
    |img_3_data_stream_1_read                             |   9|          2|    1|          2|
    |img_3_data_stream_1_write                            |   9|          2|    1|          2|
    |img_3_data_stream_2_read                             |   9|          2|    1|          2|
    |img_3_data_stream_2_write                            |   9|          2|    1|          2|
    |img_4_data_stream_0_read                             |   9|          2|    1|          2|
    |img_4_data_stream_0_write                            |   9|          2|    1|          2|
    |img_4_data_stream_1_read                             |   9|          2|    1|          2|
    |img_4_data_stream_1_write                            |   9|          2|    1|          2|
    |img_4_data_stream_2_read                             |   9|          2|    1|          2|
    |img_4_data_stream_2_write                            |   9|          2|    1|          2|
    |img_5_data_stream_0_read                             |   9|          2|    1|          2|
    |img_5_data_stream_0_write                            |   9|          2|    1|          2|
    |img_5_data_stream_1_read                             |   9|          2|    1|          2|
    |img_5_data_stream_1_write                            |   9|          2|    1|          2|
    |img_5_data_stream_2_read                             |   9|          2|    1|          2|
    |img_5_data_stream_2_write                            |   9|          2|    1|          2|
    |img_6_data_stream_0_read                             |   9|          2|    1|          2|
    |img_6_data_stream_0_write                            |   9|          2|    1|          2|
    |img_6_data_stream_1_read                             |   9|          2|    1|          2|
    |img_6_data_stream_1_write                            |   9|          2|    1|          2|
    |img_6_data_stream_2_read                             |   9|          2|    1|          2|
    |img_6_data_stream_2_write                            |   9|          2|    1|          2|
    +-----------------------------------------------------+----+-----------+-----+-----------+
    |Total                                                | 865|        187|  136|        304|
    +-----------------------------------------------------+----+-----------+-----+-----------+

    * Register: 
    +--------------------------------------+----+----+-----+-----------+
    |                 Name                 | FF | LUT| Bits| Const Bits|
    +--------------------------------------+----+----+-----+-----------+
    |OUTPUT_STREAM_V_data_V_1_payload_A    |  24|   0|   24|          0|
    |OUTPUT_STREAM_V_data_V_1_payload_B    |  24|   0|   24|          0|
    |OUTPUT_STREAM_V_data_V_1_sel_rd       |   1|   0|    1|          0|
    |OUTPUT_STREAM_V_data_V_1_sel_wr       |   1|   0|    1|          0|
    |OUTPUT_STREAM_V_data_V_1_state        |   2|   0|    2|          0|
    |OUTPUT_STREAM_V_dest_V_1_payload_A    |   1|   0|    1|          0|
    |OUTPUT_STREAM_V_dest_V_1_payload_B    |   1|   0|    1|          0|
    |OUTPUT_STREAM_V_dest_V_1_sel_rd       |   1|   0|    1|          0|
    |OUTPUT_STREAM_V_dest_V_1_sel_wr       |   1|   0|    1|          0|
    |OUTPUT_STREAM_V_dest_V_1_state        |   2|   0|    2|          0|
    |OUTPUT_STREAM_V_id_V_1_payload_A      |   1|   0|    1|          0|
    |OUTPUT_STREAM_V_id_V_1_payload_B      |   1|   0|    1|          0|
    |OUTPUT_STREAM_V_id_V_1_sel_rd         |   1|   0|    1|          0|
    |OUTPUT_STREAM_V_id_V_1_sel_wr         |   1|   0|    1|          0|
    |OUTPUT_STREAM_V_id_V_1_state          |   2|   0|    2|          0|
    |OUTPUT_STREAM_V_keep_V_1_payload_A    |   3|   0|    3|          0|
    |OUTPUT_STREAM_V_keep_V_1_payload_B    |   3|   0|    3|          0|
    |OUTPUT_STREAM_V_keep_V_1_sel_rd       |   1|   0|    1|          0|
    |OUTPUT_STREAM_V_keep_V_1_sel_wr       |   1|   0|    1|          0|
    |OUTPUT_STREAM_V_keep_V_1_state        |   2|   0|    2|          0|
    |OUTPUT_STREAM_V_last_V_1_payload_A    |   1|   0|    1|          0|
    |OUTPUT_STREAM_V_last_V_1_payload_B    |   1|   0|    1|          0|
    |OUTPUT_STREAM_V_last_V_1_sel_rd       |   1|   0|    1|          0|
    |OUTPUT_STREAM_V_last_V_1_sel_wr       |   1|   0|    1|          0|
    |OUTPUT_STREAM_V_last_V_1_state        |   2|   0|    2|          0|
    |OUTPUT_STREAM_V_strb_V_1_payload_A    |   3|   0|    3|          0|
    |OUTPUT_STREAM_V_strb_V_1_payload_B    |   3|   0|    3|          0|
    |OUTPUT_STREAM_V_strb_V_1_sel_rd       |   1|   0|    1|          0|
    |OUTPUT_STREAM_V_strb_V_1_sel_wr       |   1|   0|    1|          0|
    |OUTPUT_STREAM_V_strb_V_1_state        |   2|   0|    2|          0|
    |OUTPUT_STREAM_V_user_V_1_payload_A    |   1|   0|    1|          0|
    |OUTPUT_STREAM_V_user_V_1_payload_B    |   1|   0|    1|          0|
    |OUTPUT_STREAM_V_user_V_1_sel_rd       |   1|   0|    1|          0|
    |OUTPUT_STREAM_V_user_V_1_sel_wr       |   1|   0|    1|          0|
    |OUTPUT_STREAM_V_user_V_1_state        |   2|   0|    2|          0|
    |ap_CS_fsm                             |  16|   0|   16|          0|
    |ap_done_reg                           |   1|   0|    1|          0|
    |grp_AddWeighted_fu_596_ap_start_reg   |   1|   0|    1|          0|
    |grp_CvtColor_1_fu_639_ap_start_reg    |   1|   0|    1|          0|
    |grp_CvtColor_fu_689_ap_start_reg      |   1|   0|    1|          0|
    |grp_Duplicate_fu_676_ap_start_reg     |   1|   0|    1|          0|
    |grp_GaussianBlur_fu_629_ap_start_reg  |   1|   0|    1|          0|
    |grp_Mat2AXIvideo_fu_652_ap_start_reg  |   1|   0|    1|          0|
    |grp_Sobel_1_fu_619_ap_start_reg       |   1|   0|    1|          0|
    |grp_Sobel_fu_609_ap_start_reg         |   1|   0|    1|          0|
    +--------------------------------------+----+----+-----+-----------+
    |Total                                 | 121|   0|  121|          0|
    +--------------------------------------+----+----+-----+-----------+



================================================================
== Interface
================================================================
* Summary: 
+-------------------------------+-----+-----+------------+------------------------+--------------+
|           RTL Ports           | Dir | Bits|  Protocol  |      Source Object     |    C Type    |
+-------------------------------+-----+-----+------------+------------------------+--------------+
|ap_clk                         |  in |    1| ap_ctrl_hs |    Block__proc307309   | return value |
|ap_rst                         |  in |    1| ap_ctrl_hs |    Block__proc307309   | return value |
|ap_start                       |  in |    1| ap_ctrl_hs |    Block__proc307309   | return value |
|ap_done                        | out |    1| ap_ctrl_hs |    Block__proc307309   | return value |
|ap_continue                    |  in |    1| ap_ctrl_hs |    Block__proc307309   | return value |
|ap_idle                        | out |    1| ap_ctrl_hs |    Block__proc307309   | return value |
|ap_ready                       | out |    1| ap_ctrl_hs |    Block__proc307309   | return value |
|Enabled_V_dout                 |  in |    1|   ap_fifo  |        Enabled_V       |    pointer   |
|Enabled_V_empty_n              |  in |    1|   ap_fifo  |        Enabled_V       |    pointer   |
|Enabled_V_read                 | out |    1|   ap_fifo  |        Enabled_V       |    pointer   |
|img_0_data_stream_0_V_dout     |  in |    8|   ap_fifo  |  img_0_data_stream_0_V |    pointer   |
|img_0_data_stream_0_V_empty_n  |  in |    1|   ap_fifo  |  img_0_data_stream_0_V |    pointer   |
|img_0_data_stream_0_V_read     | out |    1|   ap_fifo  |  img_0_data_stream_0_V |    pointer   |
|img_0_data_stream_1_V_dout     |  in |    8|   ap_fifo  |  img_0_data_stream_1_V |    pointer   |
|img_0_data_stream_1_V_empty_n  |  in |    1|   ap_fifo  |  img_0_data_stream_1_V |    pointer   |
|img_0_data_stream_1_V_read     | out |    1|   ap_fifo  |  img_0_data_stream_1_V |    pointer   |
|img_0_data_stream_2_V_dout     |  in |    8|   ap_fifo  |  img_0_data_stream_2_V |    pointer   |
|img_0_data_stream_2_V_empty_n  |  in |    1|   ap_fifo  |  img_0_data_stream_2_V |    pointer   |
|img_0_data_stream_2_V_read     | out |    1|   ap_fifo  |  img_0_data_stream_2_V |    pointer   |
|OUTPUT_STREAM_TDATA            | out |   24|    axis    | OUTPUT_STREAM_V_data_V |    pointer   |
|OUTPUT_STREAM_TVALID           | out |    1|    axis    | OUTPUT_STREAM_V_dest_V |    pointer   |
|OUTPUT_STREAM_TREADY           |  in |    1|    axis    | OUTPUT_STREAM_V_dest_V |    pointer   |
|OUTPUT_STREAM_TDEST            | out |    1|    axis    | OUTPUT_STREAM_V_dest_V |    pointer   |
|OUTPUT_STREAM_TKEEP            | out |    3|    axis    | OUTPUT_STREAM_V_keep_V |    pointer   |
|OUTPUT_STREAM_TSTRB            | out |    3|    axis    | OUTPUT_STREAM_V_strb_V |    pointer   |
|OUTPUT_STREAM_TUSER            | out |    1|    axis    | OUTPUT_STREAM_V_user_V |    pointer   |
|OUTPUT_STREAM_TLAST            | out |    1|    axis    | OUTPUT_STREAM_V_last_V |    pointer   |
|OUTPUT_STREAM_TID              | out |    1|    axis    |  OUTPUT_STREAM_V_id_V  |    pointer   |
+-------------------------------+-----+-----+------------+------------------------+--------------+

