

================================================================
== Vivado HLS Report for 'CvtColor_1'
================================================================
* Date:           Wed Dec 19 22:30:16 2018

* Version:        2018.2 (Build 2258646 on Thu Jun 14 20:25:20 MDT 2018)
* Project:        SobelNewVivado
* Solution:       solution1
* Product family: artix7
* Target device:  xc7a200tsbg484-1


================================================================
== Performance Estimates
================================================================
+ Timing (ns): 
    * Summary: 
    +--------+-------+----------+------------+
    |  Clock | Target| Estimated| Uncertainty|
    +--------+-------+----------+------------+
    |ap_clk  |  10.00|    11.000|        1.25|
    +--------+-------+----------+------------+

+ Latency (clock cycles): 
    * Summary: 
    +---------+---------+---------+---------+---------+
    |      Latency      |      Interval     | Pipeline|
    |   min   |   max   |   min   |   max   |   Type  |
    +---------+---------+---------+---------+---------+
    |  2080081|  2080081|  2080081|  2080081|   none  |
    +---------+---------+---------+---------+---------+

    + Detail: 
        * Instance: 
        N/A

        * Loop: 
        +---------------+---------+---------+----------+-----------+-----------+------+----------+
        |               |      Latency      | Iteration|  Initiation Interval  | Trip |          |
        |   Loop Name   |   min   |   max   |  Latency |  achieved |   target  | Count| Pipelined|
        +---------------+---------+---------+----------+-----------+-----------+------+----------+
        |- loop_height  |  2080080|  2080080|      1926|          -|          -|  1080|    no    |
        | + loop_width  |     1923|     1923|         5|          1|          1|  1920|    yes   |
        +---------------+---------+---------+----------+-----------+-----------+------+----------+



================================================================
== Utilization Estimates
================================================================
* Summary: 
+-----------------+---------+-------+--------+--------+
|       Name      | BRAM_18K| DSP48E|   FF   |   LUT  |
+-----------------+---------+-------+--------+--------+
|DSP              |        -|      3|       -|       -|
|Expression       |        -|      -|       0|      99|
|FIFO             |        -|      -|       -|       -|
|Instance         |        -|      -|       -|       -|
|Memory           |        -|      -|       -|       -|
|Multiplexer      |        -|      -|       -|     117|
|Register         |        0|      -|     215|      32|
+-----------------+---------+-------+--------+--------+
|Total            |        0|      3|     215|     248|
+-----------------+---------+-------+--------+--------+
|Available        |      730|    740|  269200|  129000|
+-----------------+---------+-------+--------+--------+
|Utilization (%)  |        0|   ~0  |   ~0   |   ~0   |
+-----------------+---------+-------+--------+--------+

+ Detail: 
    * Instance: 
    N/A

    * DSP48: 
    +--------------------------+----------------------+--------------+
    |         Instance         |        Module        |  Expression  |
    +--------------------------+----------------------+--------------+
    |SobelFilter_mac_mcud_U16  |SobelFilter_mac_mcud  | i0 + i1 * i2 |
    |SobelFilter_mac_mdEe_U17  |SobelFilter_mac_mdEe  | i0 * i1 + i2 |
    |SobelFilter_mul_mbkb_U15  |SobelFilter_mul_mbkb  |    i0 * i1   |
    +--------------------------+----------------------+--------------+

    * Memory: 
    N/A

    * FIFO: 
    N/A

    * Expression: 
    +----------------------------------+----------+-------+---+----+------------+------------+
    |           Variable Name          | Operation| DSP48E| FF| LUT| Bitwidth P0| Bitwidth P1|
    +----------------------------------+----------+-------+---+----+------------+------------+
    |i_1_fu_227_p2                     |     +    |      0|  0|  18|          11|           1|
    |j_1_fu_239_p2                     |     +    |      0|  0|  18|          11|           1|
    |p_Val2_39_fu_283_p2               |     +    |      0|  0|  15|           8|           8|
    |tmp_72_fu_233_p2                  |   icmp   |      0|  0|  13|          11|           9|
    |tmp_s_fu_221_p2                   |   icmp   |      0|  0|  13|          11|          11|
    |ap_block_pp0_stage0_01001         |    or    |      0|  0|   2|           1|           1|
    |ap_block_state4_pp0_stage0_iter1  |    or    |      0|  0|   2|           1|           1|
    |ap_block_state7_pp0_stage0_iter4  |    or    |      0|  0|   2|           1|           1|
    |not_carry_fu_302_p2               |    or    |      0|  0|   2|           1|           1|
    |p_Val2_s_fu_308_p3                |  select  |      0|  0|   8|           1|           8|
    |ap_enable_pp0                     |    xor   |      0|  0|   2|           1|           2|
    |ap_enable_reg_pp0_iter1           |    xor   |      0|  0|   2|           2|           1|
    |p_Result_1_i_i_i_n_fu_296_p2      |    xor   |      0|  0|   2|           1|           2|
    +----------------------------------+----------+-------+---+----+------------+------------+
    |Total                             |          |      0|  0|  99|          61|          47|
    +----------------------------------+----------+-------+---+----+------------+------------+

    * Multiplexer: 
    +-----------------------------+----+-----------+-----+-----------+
    |             Name            | LUT| Input Size| Bits| Total Bits|
    +-----------------------------+----+-----------+-----+-----------+
    |ap_NS_fsm                    |  27|          5|    1|          5|
    |ap_enable_reg_pp0_iter1      |   9|          2|    1|          2|
    |ap_enable_reg_pp0_iter4      |   9|          2|    1|          2|
    |i_reg_199                    |   9|          2|   11|         22|
    |j_reg_210                    |   9|          2|   11|         22|
    |p_dst_data_stream_0_V_blk_n  |   9|          2|    1|          2|
    |p_dst_data_stream_1_V_blk_n  |   9|          2|    1|          2|
    |p_dst_data_stream_2_V_blk_n  |   9|          2|    1|          2|
    |p_src_data_stream_0_V_blk_n  |   9|          2|    1|          2|
    |p_src_data_stream_1_V_blk_n  |   9|          2|    1|          2|
    |p_src_data_stream_2_V_blk_n  |   9|          2|    1|          2|
    +-----------------------------+----+-----------+-----+-----------+
    |Total                        | 117|         25|   31|         65|
    +-----------------------------+----+-----------+-----+-----------+

    * Register: 
    +-------------------------------+----+----+-----+-----------+
    |              Name             | FF | LUT| Bits| Const Bits|
    +-------------------------------+----+----+-----+-----------+
    |ap_CS_fsm                      |   4|   0|    4|          0|
    |ap_enable_reg_pp0_iter0        |   1|   0|    1|          0|
    |ap_enable_reg_pp0_iter1        |   1|   0|    1|          0|
    |ap_enable_reg_pp0_iter2        |   1|   0|    1|          0|
    |ap_enable_reg_pp0_iter3        |   1|   0|    1|          0|
    |ap_enable_reg_pp0_iter4        |   1|   0|    1|          0|
    |i_1_reg_347                    |  11|   0|   11|          0|
    |i_reg_199                      |  11|   0|   11|          0|
    |j_reg_210                      |  11|   0|   11|          0|
    |p_Val2_38_reg_386              |   8|   0|    8|          0|
    |r_V_1_reg_381                  |  30|   0|   30|          0|
    |r_V_4_i_reg_376                |  29|   0|   29|          0|
    |tmp_182_reg_391                |   1|   0|    1|          0|
    |tmp_186_reg_361                |   8|   0|    8|          0|
    |tmp_186_reg_361_pp0_iter2_reg  |   8|   0|    8|          0|
    |tmp_187_reg_366                |   8|   0|    8|          0|
    |tmp_187_reg_366_pp0_iter2_reg  |   8|   0|    8|          0|
    |tmp_188_reg_371                |   8|   0|    8|          0|
    |tmp_72_reg_352                 |   1|   0|    1|          0|
    |tmp_72_reg_352                 |  64|  32|    1|          0|
    +-------------------------------+----+----+-----+-----------+
    |Total                          | 215|  32|  152|          0|
    +-------------------------------+----+----+-----+-----------+



================================================================
== Interface
================================================================
* Summary: 
+-------------------------------+-----+-----+------------+-----------------------+--------------+
|           RTL Ports           | Dir | Bits|  Protocol  |     Source Object     |    C Type    |
+-------------------------------+-----+-----+------------+-----------------------+--------------+
|ap_clk                         |  in |    1| ap_ctrl_hs |       CvtColor.1      | return value |
|ap_rst                         |  in |    1| ap_ctrl_hs |       CvtColor.1      | return value |
|ap_start                       |  in |    1| ap_ctrl_hs |       CvtColor.1      | return value |
|ap_done                        | out |    1| ap_ctrl_hs |       CvtColor.1      | return value |
|ap_idle                        | out |    1| ap_ctrl_hs |       CvtColor.1      | return value |
|ap_ready                       | out |    1| ap_ctrl_hs |       CvtColor.1      | return value |
|p_src_data_stream_0_V_dout     |  in |    8|   ap_fifo  | p_src_data_stream_0_V |    pointer   |
|p_src_data_stream_0_V_empty_n  |  in |    1|   ap_fifo  | p_src_data_stream_0_V |    pointer   |
|p_src_data_stream_0_V_read     | out |    1|   ap_fifo  | p_src_data_stream_0_V |    pointer   |
|p_src_data_stream_1_V_dout     |  in |    8|   ap_fifo  | p_src_data_stream_1_V |    pointer   |
|p_src_data_stream_1_V_empty_n  |  in |    1|   ap_fifo  | p_src_data_stream_1_V |    pointer   |
|p_src_data_stream_1_V_read     | out |    1|   ap_fifo  | p_src_data_stream_1_V |    pointer   |
|p_src_data_stream_2_V_dout     |  in |    8|   ap_fifo  | p_src_data_stream_2_V |    pointer   |
|p_src_data_stream_2_V_empty_n  |  in |    1|   ap_fifo  | p_src_data_stream_2_V |    pointer   |
|p_src_data_stream_2_V_read     | out |    1|   ap_fifo  | p_src_data_stream_2_V |    pointer   |
|p_dst_data_stream_0_V_din      | out |    8|   ap_fifo  | p_dst_data_stream_0_V |    pointer   |
|p_dst_data_stream_0_V_full_n   |  in |    1|   ap_fifo  | p_dst_data_stream_0_V |    pointer   |
|p_dst_data_stream_0_V_write    | out |    1|   ap_fifo  | p_dst_data_stream_0_V |    pointer   |
|p_dst_data_stream_1_V_din      | out |    8|   ap_fifo  | p_dst_data_stream_1_V |    pointer   |
|p_dst_data_stream_1_V_full_n   |  in |    1|   ap_fifo  | p_dst_data_stream_1_V |    pointer   |
|p_dst_data_stream_1_V_write    | out |    1|   ap_fifo  | p_dst_data_stream_1_V |    pointer   |
|p_dst_data_stream_2_V_din      | out |    8|   ap_fifo  | p_dst_data_stream_2_V |    pointer   |
|p_dst_data_stream_2_V_full_n   |  in |    1|   ap_fifo  | p_dst_data_stream_2_V |    pointer   |
|p_dst_data_stream_2_V_write    | out |    1|   ap_fifo  | p_dst_data_stream_2_V |    pointer   |
+-------------------------------+-----+-----+------------+-----------------------+--------------+

