

================================================================
== Vivado HLS Report for 'Filter2D_1'
================================================================
* Date:           Wed Dec 19 22:30:17 2018

* Version:        2018.2 (Build 2258646 on Thu Jun 14 20:25:20 MDT 2018)
* Project:        SobelNewVivado
* Solution:       solution1
* Product family: artix7
* Target device:  xc7a200tsbg484-1


================================================================
== Performance Estimates
================================================================
+ Timing (ns): 
    * Summary: 
    +--------+-------+----------+------------+
    |  Clock | Target| Estimated| Uncertainty|
    +--------+-------+----------+------------+
    |ap_clk  |  10.00|     9.674|        1.25|
    +--------+-------+----------+------------+

+ Latency (clock cycles): 
    * Summary: 
    +---------+---------+---------+---------+---------+
    |      Latency      |      Interval     | Pipeline|
    |   min   |   max   |   min   |   max   |   Type  |
    +---------+---------+---------+---------+---------+
    |  2087182|  2087182|  2087182|  2087182|   none  |
    +---------+---------+---------+---------+---------+

    + Detail: 
        * Instance: 
        N/A

        * Loop: 
        +---------------+---------+---------+----------+-----------+-----------+------+----------+
        |               |      Latency      | Iteration|  Initiation Interval  | Trip |          |
        |   Loop Name   |   min   |   max   |  Latency |  achieved |   target  | Count| Pipelined|
        +---------------+---------+---------+----------+-----------+-----------+------+----------+
        |- Loop 1       |        2|        2|         1|          -|          -|     3|    no    |
        |- loop_height  |  2087178|  2087178|      1929|          -|          -|  1082|    no    |
        | + loop_width  |     1926|     1926|         6|          1|          1|  1922|    yes   |
        +---------------+---------+---------+----------+-----------+-----------+------+----------+



================================================================
== Utilization Estimates
================================================================
* Summary: 
+-----------------+---------+-------+--------+--------+
|       Name      | BRAM_18K| DSP48E|   FF   |   LUT  |
+-----------------+---------+-------+--------+--------+
|DSP              |        -|     12|       -|       -|
|Expression       |        -|      -|       0|    1331|
|FIFO             |        -|      -|       -|       -|
|Instance         |        -|      -|       0|     270|
|Memory           |        9|      -|       0|       0|
|Multiplexer      |        -|      -|       -|     222|
|Register         |        0|      -|    1131|      64|
+-----------------+---------+-------+--------+--------+
|Total            |        9|     12|    1131|    1887|
+-----------------+---------+-------+--------+--------+
|Available        |      730|    740|  269200|  129000|
+-----------------+---------+-------+--------+--------+
|Utilization (%)  |        1|      1|   ~0   |       1|
+-----------------+---------+-------+--------+--------+

+ Detail: 
    * Instance: 
    +--------------------------+----------------------+---------+-------+---+----+
    |         Instance         |        Module        | BRAM_18K| DSP48E| FF| LUT|
    +--------------------------+----------------------+---------+-------+---+----+
    |SobelFilter_mux_3ncg_U27  |SobelFilter_mux_3ncg  |        0|      0|  0|  15|
    |SobelFilter_mux_3ncg_U28  |SobelFilter_mux_3ncg  |        0|      0|  0|  15|
    |SobelFilter_mux_3ncg_U29  |SobelFilter_mux_3ncg  |        0|      0|  0|  15|
    |SobelFilter_mux_3ncg_U30  |SobelFilter_mux_3ncg  |        0|      0|  0|  15|
    |SobelFilter_mux_3ncg_U31  |SobelFilter_mux_3ncg  |        0|      0|  0|  15|
    |SobelFilter_mux_3ncg_U32  |SobelFilter_mux_3ncg  |        0|      0|  0|  15|
    |SobelFilter_mux_3ncg_U33  |SobelFilter_mux_3ncg  |        0|      0|  0|  15|
    |SobelFilter_mux_3ncg_U34  |SobelFilter_mux_3ncg  |        0|      0|  0|  15|
    |SobelFilter_mux_3ncg_U35  |SobelFilter_mux_3ncg  |        0|      0|  0|  15|
    |SobelFilter_mux_3ncg_U36  |SobelFilter_mux_3ncg  |        0|      0|  0|  15|
    |SobelFilter_mux_3ncg_U37  |SobelFilter_mux_3ncg  |        0|      0|  0|  15|
    |SobelFilter_mux_3ncg_U38  |SobelFilter_mux_3ncg  |        0|      0|  0|  15|
    |SobelFilter_mux_3ncg_U39  |SobelFilter_mux_3ncg  |        0|      0|  0|  15|
    |SobelFilter_mux_3ncg_U40  |SobelFilter_mux_3ncg  |        0|      0|  0|  15|
    |SobelFilter_mux_3ncg_U41  |SobelFilter_mux_3ncg  |        0|      0|  0|  15|
    |SobelFilter_mux_3ncg_U42  |SobelFilter_mux_3ncg  |        0|      0|  0|  15|
    |SobelFilter_mux_3ncg_U43  |SobelFilter_mux_3ncg  |        0|      0|  0|  15|
    |SobelFilter_mux_3ncg_U44  |SobelFilter_mux_3ncg  |        0|      0|  0|  15|
    +--------------------------+----------------------+---------+-------+---+----+
    |Total                     |                      |        0|      0|  0| 270|
    +--------------------------+----------------------+---------+-------+---+----+

    * DSP48: 
    +--------------------------+----------------------+---------------------+
    |         Instance         |        Module        |      Expression     |
    +--------------------------+----------------------+---------------------+
    |SobelFilter_ama_apcA_U48  |SobelFilter_ama_apcA  | (i0 + i1) * i2 + i3 |
    |SobelFilter_ama_apcA_U50  |SobelFilter_ama_apcA  | (i0 + i1) * i2 + i3 |
    |SobelFilter_ama_apcA_U52  |SobelFilter_ama_apcA  | (i0 + i1) * i2 + i3 |
    |SobelFilter_mac_mqcK_U49  |SobelFilter_mac_mqcK  |     i0 + i1 * i2    |
    |SobelFilter_mac_mqcK_U51  |SobelFilter_mac_mqcK  |     i0 + i1 * i2    |
    |SobelFilter_mac_mqcK_U53  |SobelFilter_mac_mqcK  |     i0 + i1 * i2    |
    |SobelFilter_mac_mrcU_U54  |SobelFilter_mac_mrcU  |     i0 + i1 * i2    |
    |SobelFilter_mac_mrcU_U55  |SobelFilter_mac_mrcU  |     i0 + i1 * i2    |
    |SobelFilter_mac_mrcU_U56  |SobelFilter_mac_mrcU  |     i0 + i1 * i2    |
    |SobelFilter_mul_mocq_U45  |SobelFilter_mul_mocq  |       i0 * i1       |
    |SobelFilter_mul_mocq_U46  |SobelFilter_mul_mocq  |       i0 * i1       |
    |SobelFilter_mul_mocq_U47  |SobelFilter_mul_mocq  |       i0 * i1       |
    +--------------------------+----------------------+---------------------+

    * Memory: 
    +-----------------+----------------------+---------+---+----+------+-----+------+-------------+
    |      Memory     |        Module        | BRAM_18K| FF| LUT| Words| Bits| Banks| W*Bits*Banks|
    +-----------------+----------------------+---------+---+----+------+-----+------+-------------+
    |k_buf_0_val_3_U  |Filter2D_1_k_buf_eOg  |        1|  0|   0|  1920|    8|     1|        15360|
    |k_buf_0_val_4_U  |Filter2D_1_k_buf_eOg  |        1|  0|   0|  1920|    8|     1|        15360|
    |k_buf_0_val_5_U  |Filter2D_1_k_buf_eOg  |        1|  0|   0|  1920|    8|     1|        15360|
    |k_buf_1_val_3_U  |Filter2D_1_k_buf_eOg  |        1|  0|   0|  1920|    8|     1|        15360|
    |k_buf_1_val_4_U  |Filter2D_1_k_buf_eOg  |        1|  0|   0|  1920|    8|     1|        15360|
    |k_buf_1_val_5_U  |Filter2D_1_k_buf_eOg  |        1|  0|   0|  1920|    8|     1|        15360|
    |k_buf_2_val_3_U  |Filter2D_1_k_buf_eOg  |        1|  0|   0|  1920|    8|     1|        15360|
    |k_buf_2_val_4_U  |Filter2D_1_k_buf_eOg  |        1|  0|   0|  1920|    8|     1|        15360|
    |k_buf_2_val_5_U  |Filter2D_1_k_buf_eOg  |        1|  0|   0|  1920|    8|     1|        15360|
    +-----------------+----------------------+---------+---+----+------+-----+------+-------------+
    |Total            |                      |        9|  0|   0| 17280|   72|     9|       138240|
    +-----------------+----------------------+---------+---+----+------+-----+------+-------------+

    * FIFO: 
    N/A

    * Expression: 
    +-----------------------------------+----------+-------+---+----+------------+------------+
    |           Variable Name           | Operation| DSP48E| FF| LUT| Bitwidth P0| Bitwidth P1|
    +-----------------------------------+----------+-------+---+----+------------+------------+
    |ImagLoc_x_fu_957_p2                |     +    |      0|  0|  19|           2|          12|
    |i_V_fu_643_p2                      |     +    |      0|  0|  18|          11|           1|
    |j_V_fu_935_p2                      |     +    |      0|  0|  18|          11|           1|
    |p_Val2_15_fu_2503_p2               |     +    |      0|  0|  15|           8|           8|
    |p_Val2_17_fu_2404_p2               |     +    |      0|  0|  34|          27|          27|
    |p_Val2_20_fu_2558_p2               |     +    |      0|  0|  15|           8|           8|
    |p_Val2_6_fu_2194_p2                |     +    |      0|  0|  34|          27|          27|
    |p_Val2_8_fu_2448_p2                |     +    |      0|  0|  15|           8|           8|
    |p_Val2_91_0_2_fu_2142_p2           |     +    |      0|  0|   8|          26|          26|
    |p_Val2_91_1_2_fu_2247_p2           |     +    |      0|  0|   8|          26|          26|
    |p_Val2_91_2_2_fu_2352_p2           |     +    |      0|  0|   8|          26|          26|
    |p_Val2_s_fu_2299_p2                |     +    |      0|  0|  34|          27|          27|
    |p_assign_14_0_1_fu_763_p2          |     +    |      0|  0|  19|           3|          12|
    |p_assign_14_0_2_fu_807_p2          |     +    |      0|  0|  19|           3|          12|
    |tmp42_fu_2133_p2                   |     +    |      0|  0|   8|          26|          26|
    |tmp44_fu_1755_p2                   |     +    |      0|  0|  32|          25|          25|
    |tmp59_fu_2238_p2                   |     +    |      0|  0|   8|          26|          26|
    |tmp60_fu_1894_p2                   |     +    |      0|  0|  32|          25|          25|
    |tmp64_fu_2343_p2                   |     +    |      0|  0|   8|          26|          26|
    |tmp65_fu_2033_p2                   |     +    |      0|  0|  32|          25|          25|
    |tmp_31_fu_621_p2                   |     +    |      0|  0|  10|           2|           1|
    |tmp_38_fu_699_p2                   |     +    |      0|  0|  19|           2|          12|
    |tmp_43_fu_865_p2                   |     +    |      0|  0|  10|           2|           2|
    |tmp_47_fu_905_p2                   |     +    |      0|  0|  10|           1|           2|
    |p_assign_1_fu_739_p2               |     -    |      0|  0|  19|           1|          12|
    |p_assign_9_fu_1001_p2              |     -    |      0|  0|  19|           1|          12|
    |p_assign_s_fu_1025_p2              |     -    |      0|  0|  21|          12|          14|
    |r_V_10_0_0_1_fu_1665_p2            |     -    |      0|  0|  27|          20|          20|
    |r_V_10_0_1_2_fu_1734_p2            |     -    |      0|  0|  27|          20|          20|
    |r_V_10_0_1_fu_1706_p2              |     -    |      0|  0|  27|          20|          20|
    |r_V_10_0_2_1_fu_2174_p2            |     -    |      0|  0|  27|          20|          20|
    |r_V_10_1_0_1_fu_1804_p2            |     -    |      0|  0|  27|          20|          20|
    |r_V_10_1_1_2_fu_1873_p2            |     -    |      0|  0|  27|          20|          20|
    |r_V_10_1_1_fu_1845_p2              |     -    |      0|  0|  27|          20|          20|
    |r_V_10_1_2_1_fu_2279_p2            |     -    |      0|  0|  27|          20|          20|
    |r_V_10_2_0_1_fu_1943_p2            |     -    |      0|  0|  27|          20|          20|
    |r_V_10_2_1_2_fu_2012_p2            |     -    |      0|  0|  27|          20|          20|
    |r_V_10_2_1_fu_1984_p2              |     -    |      0|  0|  27|          20|          20|
    |r_V_10_2_2_1_fu_2384_p2            |     -    |      0|  0|  27|          20|          20|
    |tmp_41_fu_851_p2                   |     -    |      0|  0|  12|           3|           2|
    |tmp_74_fu_789_p2                   |     -    |      0|  0|  12|           3|           2|
    |ap_condition_641                   |    and   |      0|  0|   2|           1|           1|
    |ap_condition_647                   |    and   |      0|  0|   2|           1|           1|
    |ap_predicate_op215_read_state6     |    and   |      0|  0|   2|           1|           1|
    |ap_predicate_op227_read_state6     |    and   |      0|  0|   2|           1|           1|
    |brmerge_i_i_not_i_i1_fu_2533_p2    |    and   |      0|  0|   2|           1|           1|
    |brmerge_i_i_not_i_i2_fu_2588_p2    |    and   |      0|  0|   2|           1|           1|
    |brmerge_i_i_not_i_i_fu_2478_p2     |    and   |      0|  0|   2|           1|           1|
    |or_cond_i425_i_fu_725_p2           |    and   |      0|  0|   2|           1|           1|
    |or_cond_i_fu_1056_p2               |    and   |      0|  0|   2|           1|           1|
    |or_cond_i_i_fu_987_p2              |    and   |      0|  0|   2|           1|           1|
    |Range1_all_zeros_2_fu_2528_p2      |   icmp   |      0|  0|  11|           5|           1|
    |Range1_all_zeros_3_fu_2583_p2      |   icmp   |      0|  0|  11|           5|           1|
    |Range1_all_zeros_fu_2473_p2        |   icmp   |      0|  0|  11|           5|           1|
    |exitcond389_i_fu_929_p2            |   icmp   |      0|  0|  13|          11|           8|
    |exitcond390_i_fu_637_p2            |   icmp   |      0|  0|  13|          11|          11|
    |icmp1_fu_951_p2                    |   icmp   |      0|  0|  13|          10|           1|
    |icmp_fu_671_p2                     |   icmp   |      0|  0|  13|          10|           1|
    |tmp_32_fu_627_p2                   |   icmp   |      0|  0|   9|           2|           3|
    |tmp_34_fu_649_p2                   |   icmp   |      0|  0|  13|          11|          11|
    |tmp_35_fu_677_p2                   |   icmp   |      0|  0|  13|          11|           1|
    |tmp_36_fu_689_p2                   |   icmp   |      0|  0|  13|          11|          11|
    |tmp_39_fu_719_p2                   |   icmp   |      0|  0|  13|          12|          11|
    |tmp_40_fu_753_p2                   |   icmp   |      0|  0|  13|          12|          11|
    |tmp_49_fu_981_p2                   |   icmp   |      0|  0|  13|          12|          11|
    |tmp_50_fu_1019_p2                  |   icmp   |      0|  0|  13|          12|          11|
    |tmp_572_0_1_fu_683_p2              |   icmp   |      0|  0|  13|          11|           1|
    |ap_block_pp0_stage0_01001          |    or    |      0|  0|   2|           1|           1|
    |ap_block_state6_pp0_stage0_iter2   |    or    |      0|  0|   2|           1|           1|
    |ap_block_state9_pp0_stage0_iter5   |    or    |      0|  0|   2|           1|           1|
    |brmerge_fu_1051_p2                 |    or    |      0|  0|   2|           1|           1|
    |carry_i1_fu_2522_p2                |    or    |      0|  0|   2|           1|           1|
    |carry_i2_fu_2577_p2                |    or    |      0|  0|   2|           1|           1|
    |carry_i_fu_2467_p2                 |    or    |      0|  0|   2|           1|           1|
    |col_buf_0_val_0_0_fu_1121_p3       |  select  |      0|  0|   8|           1|           8|
    |col_buf_0_val_1_0_fu_1140_p3       |  select  |      0|  0|   8|           1|           8|
    |col_buf_0_val_2_0_fu_1159_p3       |  select  |      0|  0|   8|           1|           8|
    |col_buf_1_val_0_0_fu_1296_p3       |  select  |      0|  0|   8|           1|           8|
    |col_buf_1_val_1_0_fu_1315_p3       |  select  |      0|  0|   8|           1|           8|
    |col_buf_1_val_2_0_fu_1334_p3       |  select  |      0|  0|   8|           1|           8|
    |col_buf_2_val_0_0_fu_1462_p3       |  select  |      0|  0|   8|           1|           8|
    |col_buf_2_val_1_0_fu_1481_p3       |  select  |      0|  0|   8|           1|           8|
    |col_buf_2_val_2_0_fu_1500_p3       |  select  |      0|  0|   8|           1|           8|
    |p_dst_data_stream_0_V_din          |  select  |      0|  0|   8|           1|           8|
    |p_dst_data_stream_1_V_din          |  select  |      0|  0|   8|           1|           8|
    |p_dst_data_stream_2_V_din          |  select  |      0|  0|   8|           1|           8|
    |p_p2_i426_i_fu_745_p3              |  select  |      0|  0|  12|           1|          12|
    |p_p2_i_i_fu_1007_p3                |  select  |      0|  0|  12|           1|          12|
    |p_p2_i_i_p_assign_s_fu_1031_p3     |  select  |      0|  0|  14|           1|          14|
    |src_kernel_win_0_va_6_fu_1216_p3   |  select  |      0|  0|   8|           1|           8|
    |src_kernel_win_0_va_7_fu_1234_p3   |  select  |      0|  0|   8|           1|           8|
    |src_kernel_win_0_va_8_fu_1252_p3   |  select  |      0|  0|   8|           1|           8|
    |src_kernel_win_1_va_6_fu_1391_p3   |  select  |      0|  0|   8|           1|           8|
    |src_kernel_win_1_va_7_fu_1409_p3   |  select  |      0|  0|   8|           1|           8|
    |src_kernel_win_1_va_8_fu_1427_p3   |  select  |      0|  0|   8|           1|           8|
    |src_kernel_win_2_va_10_fu_1566_p3  |  select  |      0|  0|   8|           1|           8|
    |src_kernel_win_2_va_11_fu_1584_p3  |  select  |      0|  0|   8|           1|           8|
    |src_kernel_win_2_va_9_fu_1548_p3   |  select  |      0|  0|   8|           1|           8|
    |tmp_104_fu_843_p3                  |  select  |      0|  0|   2|           1|           2|
    |tmp_42_fu_857_p3                   |  select  |      0|  0|   2|           1|           2|
    |tmp_44_fu_871_p3                   |  select  |      0|  0|   2|           1|           2|
    |tmp_46_fu_891_p3                   |  select  |      0|  0|   2|           1|           2|
    |tmp_48_fu_911_p3                   |  select  |      0|  0|   2|           1|           2|
    |tmp_91_fu_799_p3                   |  select  |      0|  0|   2|           1|           2|
    |x_fu_1039_p3                       |  select  |      0|  0|  14|           1|          14|
    |ap_enable_pp0                      |    xor   |      0|  0|   2|           1|           2|
    |col_assign_6_0_t_fu_1104_p2        |    xor   |      0|  0|   2|           2|           2|
    |not_Result_4_i_i_1_fu_2516_p2      |    xor   |      0|  0|   2|           1|           2|
    |not_Result_4_i_i_2_fu_2571_p2      |    xor   |      0|  0|   2|           1|           2|
    |not_Result_4_i_i_fu_2461_p2        |    xor   |      0|  0|   2|           1|           2|
    |rev1_fu_975_p2                     |    xor   |      0|  0|   2|           1|           2|
    |rev_fu_713_p2                      |    xor   |      0|  0|   2|           1|           2|
    |row_assign_13_0_0_t_fu_879_p2      |    xor   |      0|  0|   2|           2|           2|
    |row_assign_13_0_1_t_fu_899_p2      |    xor   |      0|  0|   2|           2|           2|
    |row_assign_13_0_2_t_fu_919_p2      |    xor   |      0|  0|   2|           2|           2|
    |tmp_102_fu_833_p2                  |    xor   |      0|  0|   2|           2|           2|
    |tmp_45_fu_885_p2                   |    xor   |      0|  0|   3|           2|           3|
    |tmp_528_0_0_not_fu_655_p2          |    xor   |      0|  0|   2|           1|           2|
    +-----------------------------------+----------+-------+---+----+------------+------------+
    |Total                              |          |      0|  0|1331|         851|        1044|
    +-----------------------------------+----------+-------+---+----+------------+------------+

    * Multiplexer: 
    +-----------------------------+----+-----------+-----+-----------+
    |             Name            | LUT| Input Size| Bits| Total Bits|
    +-----------------------------+----+-----------+-----+-----------+
    |ap_NS_fsm                    |  33|          6|    1|          6|
    |ap_enable_reg_pp0_iter3      |   9|          2|    1|          2|
    |ap_enable_reg_pp0_iter5      |   9|          2|    1|          2|
    |k_buf_0_val_4_d1             |  15|          3|    8|         24|
    |k_buf_0_val_5_d1             |  15|          3|    8|         24|
    |k_buf_1_val_4_d1             |  15|          3|    8|         24|
    |k_buf_1_val_5_d1             |  15|          3|    8|         24|
    |k_buf_2_val_4_d1             |  15|          3|    8|         24|
    |k_buf_2_val_5_d1             |  15|          3|    8|         24|
    |p_dst_data_stream_0_V_blk_n  |   9|          2|    1|          2|
    |p_dst_data_stream_1_V_blk_n  |   9|          2|    1|          2|
    |p_dst_data_stream_2_V_blk_n  |   9|          2|    1|          2|
    |p_src_data_stream_0_V_blk_n  |   9|          2|    1|          2|
    |p_src_data_stream_1_V_blk_n  |   9|          2|    1|          2|
    |p_src_data_stream_2_V_blk_n  |   9|          2|    1|          2|
    |t_V_3_reg_610                |   9|          2|   11|         22|
    |t_V_reg_599                  |   9|          2|   11|         22|
    |tmp_s_reg_588                |   9|          2|    2|          4|
    +-----------------------------+----+-----------+-----+-----------+
    |Total                        | 222|         46|   81|        214|
    +-----------------------------+----+-----------+-----+-----------+

    * Register: 
    +----------------------------------------------+----+----+-----+-----------+
    |                     Name                     | FF | LUT| Bits| Const Bits|
    +----------------------------------------------+----+----+-----+-----------+
    |ap_CS_fsm                                     |   5|   0|    5|          0|
    |ap_enable_reg_pp0_iter0                       |   1|   0|    1|          0|
    |ap_enable_reg_pp0_iter1                       |   1|   0|    1|          0|
    |ap_enable_reg_pp0_iter2                       |   1|   0|    1|          0|
    |ap_enable_reg_pp0_iter3                       |   1|   0|    1|          0|
    |ap_enable_reg_pp0_iter4                       |   1|   0|    1|          0|
    |ap_enable_reg_pp0_iter5                       |   1|   0|    1|          0|
    |brmerge_reg_3029                              |   1|   0|    1|          0|
    |brmerge_reg_3029_pp0_iter1_reg                |   1|   0|    1|          0|
    |exitcond389_i_reg_3006                        |   1|   0|    1|          0|
    |i_V_reg_2945                                  |  11|   0|   11|          0|
    |icmp_reg_2959                                 |   1|   0|    1|          0|
    |k_buf_0_val_3_addr_reg_3046                   |  11|   0|   11|          0|
    |k_buf_0_val_4_addr_reg_3052                   |  11|   0|   11|          0|
    |k_buf_0_val_5_addr_reg_3058                   |  11|   0|   11|          0|
    |k_buf_1_val_3_addr_reg_3064                   |  11|   0|   11|          0|
    |k_buf_1_val_4_addr_reg_3070                   |  11|   0|   11|          0|
    |k_buf_1_val_5_addr_reg_3076                   |  11|   0|   11|          0|
    |k_buf_2_val_3_addr_reg_3082                   |  11|   0|   11|          0|
    |k_buf_2_val_4_addr_reg_3088                   |  11|   0|   11|          0|
    |k_buf_2_val_5_addr_reg_3094                   |  11|   0|   11|          0|
    |or_cond_i_i_reg_3015                          |   1|   0|    1|          0|
    |or_cond_i_i_reg_3015_pp0_iter1_reg            |   1|   0|    1|          0|
    |or_cond_i_reg_3042                            |   1|   0|    1|          0|
    |p_Val2_17_reg_3287                            |  27|   0|   27|          0|
    |p_Val2_19_reg_3292                            |   8|   0|    8|          0|
    |p_Val2_6_reg_3247                             |  27|   0|   27|          0|
    |p_Val2_7_reg_3252                             |   8|   0|    8|          0|
    |p_Val2_91_0_0_2_reg_3190                      |  25|   0|   25|          0|
    |p_Val2_91_1_0_2_reg_3211                      |  25|   0|   25|          0|
    |p_Val2_91_2_0_2_reg_3232                      |  25|   0|   25|          0|
    |p_Val2_9_reg_3272                             |   8|   0|    8|          0|
    |p_Val2_s_reg_3267                             |  27|   0|   27|          0|
    |r_V_10_0_1_1_reg_3118                         |  21|   0|   21|          0|
    |r_V_10_0_1_reg_3195                           |  18|   0|   20|          2|
    |r_V_10_1_1_1_reg_3141                         |  21|   0|   21|          0|
    |r_V_10_1_1_reg_3216                           |  18|   0|   20|          2|
    |r_V_10_2_1_1_reg_3164                         |  21|   0|   21|          0|
    |r_V_10_2_1_reg_3237                           |  18|   0|   20|          2|
    |right_border_buf_0_1_fu_322                   |   8|   0|    8|          0|
    |right_border_buf_0_2_fu_330                   |   8|   0|    8|          0|
    |right_border_buf_0_3_fu_334                   |   8|   0|    8|          0|
    |right_border_buf_0_4_fu_342                   |   8|   0|    8|          0|
    |right_border_buf_0_5_fu_346                   |   8|   0|    8|          0|
    |right_border_buf_0_s_fu_318                   |   8|   0|    8|          0|
    |right_border_buf_1_1_fu_358                   |   8|   0|    8|          0|
    |right_border_buf_1_2_fu_366                   |   8|   0|    8|          0|
    |right_border_buf_1_3_fu_370                   |   8|   0|    8|          0|
    |right_border_buf_1_4_fu_378                   |   8|   0|    8|          0|
    |right_border_buf_1_5_fu_382                   |   8|   0|    8|          0|
    |right_border_buf_1_s_fu_354                   |   8|   0|    8|          0|
    |right_border_buf_2_1_fu_338                   |   8|   0|    8|          0|
    |right_border_buf_2_2_fu_350                   |   8|   0|    8|          0|
    |right_border_buf_2_3_fu_362                   |   8|   0|    8|          0|
    |right_border_buf_2_4_fu_374                   |   8|   0|    8|          0|
    |right_border_buf_2_5_fu_386                   |   8|   0|    8|          0|
    |right_border_buf_2_s_fu_326                   |   8|   0|    8|          0|
    |row_assign_13_0_0_t_reg_2985                  |   2|   0|    2|          0|
    |row_assign_13_0_1_t_reg_2992                  |   2|   0|    2|          0|
    |row_assign_13_0_2_t_reg_2999                  |   2|   0|    2|          0|
    |src_kernel_win_0_va_16_reg_3169               |   8|   0|    8|          0|
    |src_kernel_win_0_va_1_fu_250                  |   8|   0|    8|          0|
    |src_kernel_win_0_va_2_fu_254                  |   8|   0|    8|          0|
    |src_kernel_win_0_va_3_fu_258                  |   8|   0|    8|          0|
    |src_kernel_win_0_va_4_fu_262                  |   8|   0|    8|          0|
    |src_kernel_win_0_va_5_fu_266                  |   8|   0|    8|          0|
    |src_kernel_win_0_va_6_reg_3100                |   8|   0|    8|          0|
    |src_kernel_win_0_va_6_reg_3100_pp0_iter3_reg  |   8|   0|    8|          0|
    |src_kernel_win_0_va_7_reg_3106                |   8|   0|    8|          0|
    |src_kernel_win_0_va_8_reg_3112                |   8|   0|    8|          0|
    |src_kernel_win_0_va_9_reg_3184                |   8|   0|    8|          0|
    |src_kernel_win_0_va_fu_246                    |   8|   0|    8|          0|
    |src_kernel_win_1_va_16_reg_3174               |   8|   0|    8|          0|
    |src_kernel_win_1_va_1_fu_274                  |   8|   0|    8|          0|
    |src_kernel_win_1_va_2_fu_278                  |   8|   0|    8|          0|
    |src_kernel_win_1_va_3_fu_282                  |   8|   0|    8|          0|
    |src_kernel_win_1_va_4_fu_286                  |   8|   0|    8|          0|
    |src_kernel_win_1_va_5_fu_290                  |   8|   0|    8|          0|
    |src_kernel_win_1_va_6_reg_3123                |   8|   0|    8|          0|
    |src_kernel_win_1_va_6_reg_3123_pp0_iter3_reg  |   8|   0|    8|          0|
    |src_kernel_win_1_va_7_reg_3129                |   8|   0|    8|          0|
    |src_kernel_win_1_va_8_reg_3135                |   8|   0|    8|          0|
    |src_kernel_win_1_va_9_reg_3205                |   8|   0|    8|          0|
    |src_kernel_win_1_va_fu_270                    |   8|   0|    8|          0|
    |src_kernel_win_2_va_10_reg_3152               |   8|   0|    8|          0|
    |src_kernel_win_2_va_11_reg_3158               |   8|   0|    8|          0|
    |src_kernel_win_2_va_12_reg_3226               |   8|   0|    8|          0|
    |src_kernel_win_2_va_1_fu_298                  |   8|   0|    8|          0|
    |src_kernel_win_2_va_2_fu_302                  |   8|   0|    8|          0|
    |src_kernel_win_2_va_3_fu_306                  |   8|   0|    8|          0|
    |src_kernel_win_2_va_4_fu_310                  |   8|   0|    8|          0|
    |src_kernel_win_2_va_5_fu_314                  |   8|   0|    8|          0|
    |src_kernel_win_2_va_7_reg_3179                |   8|   0|    8|          0|
    |src_kernel_win_2_va_9_reg_3146                |   8|   0|    8|          0|
    |src_kernel_win_2_va_9_reg_3146_pp0_iter3_reg  |   8|   0|    8|          0|
    |src_kernel_win_2_va_fu_294                    |   8|   0|    8|          0|
    |t_V_3_reg_610                                 |  11|   0|   11|          0|
    |t_V_reg_599                                   |  11|   0|   11|          0|
    |tmp44_reg_3200                                |  25|   0|   25|          0|
    |tmp60_reg_3221                                |  25|   0|   25|          0|
    |tmp65_reg_3242                                |  25|   0|   25|          0|
    |tmp_108_reg_3024                              |   2|   0|    2|          0|
    |tmp_108_reg_3024_pp0_iter1_reg                |   2|   0|    2|          0|
    |tmp_111_reg_3257                              |   1|   0|    1|          0|
    |tmp_117_reg_3277                              |   1|   0|    1|          0|
    |tmp_123_reg_3297                              |   1|   0|    1|          0|
    |tmp_34_reg_2950                               |   1|   0|    1|          0|
    |tmp_35_reg_2964                               |   1|   0|    1|          0|
    |tmp_36_reg_2972                               |   1|   0|    1|          0|
    |tmp_528_0_0_not_reg_2954                      |   1|   0|    1|          0|
    |tmp_572_0_1_reg_2968                          |   1|   0|    1|          0|
    |tmp_58_reg_3262                               |   5|   0|    5|          0|
    |tmp_71_reg_3282                               |   5|   0|    5|          0|
    |tmp_80_reg_3302                               |   5|   0|    5|          0|
    |tmp_s_reg_588                                 |   2|   0|    2|          0|
    |x_reg_3019                                    |  14|   0|   14|          0|
    |exitcond389_i_reg_3006                        |  64|  32|    1|          0|
    |or_cond_i_reg_3042                            |  64|  32|    1|          0|
    +----------------------------------------------+----+----+-----+-----------+
    |Total                                         |1131|  64| 1011|          6|
    +----------------------------------------------+----+----+-----+-----------+



================================================================
== Interface
================================================================
* Summary: 
+-------------------------------+-----+-----+------------+-----------------------+--------------+
|           RTL Ports           | Dir | Bits|  Protocol  |     Source Object     |    C Type    |
+-------------------------------+-----+-----+------------+-----------------------+--------------+
|ap_clk                         |  in |    1| ap_ctrl_hs |       Filter2D.1      | return value |
|ap_rst                         |  in |    1| ap_ctrl_hs |       Filter2D.1      | return value |
|ap_start                       |  in |    1| ap_ctrl_hs |       Filter2D.1      | return value |
|ap_done                        | out |    1| ap_ctrl_hs |       Filter2D.1      | return value |
|ap_idle                        | out |    1| ap_ctrl_hs |       Filter2D.1      | return value |
|ap_ready                       | out |    1| ap_ctrl_hs |       Filter2D.1      | return value |
|p_src_data_stream_0_V_dout     |  in |    8|   ap_fifo  | p_src_data_stream_0_V |    pointer   |
|p_src_data_stream_0_V_empty_n  |  in |    1|   ap_fifo  | p_src_data_stream_0_V |    pointer   |
|p_src_data_stream_0_V_read     | out |    1|   ap_fifo  | p_src_data_stream_0_V |    pointer   |
|p_src_data_stream_1_V_dout     |  in |    8|   ap_fifo  | p_src_data_stream_1_V |    pointer   |
|p_src_data_stream_1_V_empty_n  |  in |    1|   ap_fifo  | p_src_data_stream_1_V |    pointer   |
|p_src_data_stream_1_V_read     | out |    1|   ap_fifo  | p_src_data_stream_1_V |    pointer   |
|p_src_data_stream_2_V_dout     |  in |    8|   ap_fifo  | p_src_data_stream_2_V |    pointer   |
|p_src_data_stream_2_V_empty_n  |  in |    1|   ap_fifo  | p_src_data_stream_2_V |    pointer   |
|p_src_data_stream_2_V_read     | out |    1|   ap_fifo  | p_src_data_stream_2_V |    pointer   |
|p_dst_data_stream_0_V_din      | out |    8|   ap_fifo  | p_dst_data_stream_0_V |    pointer   |
|p_dst_data_stream_0_V_full_n   |  in |    1|   ap_fifo  | p_dst_data_stream_0_V |    pointer   |
|p_dst_data_stream_0_V_write    | out |    1|   ap_fifo  | p_dst_data_stream_0_V |    pointer   |
|p_dst_data_stream_1_V_din      | out |    8|   ap_fifo  | p_dst_data_stream_1_V |    pointer   |
|p_dst_data_stream_1_V_full_n   |  in |    1|   ap_fifo  | p_dst_data_stream_1_V |    pointer   |
|p_dst_data_stream_1_V_write    | out |    1|   ap_fifo  | p_dst_data_stream_1_V |    pointer   |
|p_dst_data_stream_2_V_din      | out |    8|   ap_fifo  | p_dst_data_stream_2_V |    pointer   |
|p_dst_data_stream_2_V_full_n   |  in |    1|   ap_fifo  | p_dst_data_stream_2_V |    pointer   |
|p_dst_data_stream_2_V_write    | out |    1|   ap_fifo  | p_dst_data_stream_2_V |    pointer   |
+-------------------------------+-----+-----+------------+-----------------------+--------------+

