

================================================================
== Vivado HLS Report for 'Filter2D'
================================================================
* Date:           Wed Dec 19 22:30:19 2018

* Version:        2018.2 (Build 2258646 on Thu Jun 14 20:25:20 MDT 2018)
* Project:        SobelNewVivado
* Solution:       solution1
* Product family: artix7
* Target device:  xc7a200tsbg484-1


================================================================
== Performance Estimates
================================================================
+ Timing (ns): 
    * Summary: 
    +--------+-------+----------+------------+
    |  Clock | Target| Estimated| Uncertainty|
    +--------+-------+----------+------------+
    |ap_clk  |  10.00|    10.858|        1.25|
    +--------+-------+----------+------------+

+ Latency (clock cycles): 
    * Summary: 
    +---------+---------+---------+---------+---------+
    |      Latency      |      Interval     | Pipeline|
    |   min   |   max   |   min   |   max   |   Type  |
    +---------+---------+---------+---------+---------+
    |  2087182|  2087182|  2087182|  2087182|   none  |
    +---------+---------+---------+---------+---------+

    + Detail: 
        * Instance: 
        N/A

        * Loop: 
        +---------------+---------+---------+----------+-----------+-----------+------+----------+
        |               |      Latency      | Iteration|  Initiation Interval  | Trip |          |
        |   Loop Name   |   min   |   max   |  Latency |  achieved |   target  | Count| Pipelined|
        +---------------+---------+---------+----------+-----------+-----------+------+----------+
        |- Loop 1       |        2|        2|         1|          -|          -|     3|    no    |
        |- loop_height  |  2087178|  2087178|      1929|          -|          -|  1082|    no    |
        | + loop_width  |     1926|     1926|         6|          1|          1|  1922|    yes   |
        +---------------+---------+---------+----------+-----------+-----------+------+----------+



================================================================
== Utilization Estimates
================================================================
* Summary: 
+-----------------+---------+-------+--------+--------+
|       Name      | BRAM_18K| DSP48E|   FF   |   LUT  |
+-----------------+---------+-------+--------+--------+
|DSP              |        -|      6|       -|       -|
|Expression       |        -|      0|       0|    1619|
|FIFO             |        -|      -|       -|       -|
|Instance         |        -|      -|       0|     270|
|Memory           |        9|      -|       0|       0|
|Multiplexer      |        -|      -|       -|     222|
|Register         |        0|      -|     951|      64|
+-----------------+---------+-------+--------+--------+
|Total            |        9|      6|     951|    2175|
+-----------------+---------+-------+--------+--------+
|Available        |      730|    740|  269200|  129000|
+-----------------+---------+-------+--------+--------+
|Utilization (%)  |        1|   ~0  |   ~0   |       1|
+-----------------+---------+-------+--------+--------+

+ Detail: 
    * Instance: 
    +---------------------------+----------------------+---------+-------+---+----+
    |          Instance         |        Module        | BRAM_18K| DSP48E| FF| LUT|
    +---------------------------+----------------------+---------+-------+---+----+
    |SobelFilter_mux_3ncg_U84   |SobelFilter_mux_3ncg  |        0|      0|  0|  15|
    |SobelFilter_mux_3ncg_U85   |SobelFilter_mux_3ncg  |        0|      0|  0|  15|
    |SobelFilter_mux_3ncg_U86   |SobelFilter_mux_3ncg  |        0|      0|  0|  15|
    |SobelFilter_mux_3ncg_U87   |SobelFilter_mux_3ncg  |        0|      0|  0|  15|
    |SobelFilter_mux_3ncg_U88   |SobelFilter_mux_3ncg  |        0|      0|  0|  15|
    |SobelFilter_mux_3ncg_U89   |SobelFilter_mux_3ncg  |        0|      0|  0|  15|
    |SobelFilter_mux_3ncg_U90   |SobelFilter_mux_3ncg  |        0|      0|  0|  15|
    |SobelFilter_mux_3ncg_U91   |SobelFilter_mux_3ncg  |        0|      0|  0|  15|
    |SobelFilter_mux_3ncg_U92   |SobelFilter_mux_3ncg  |        0|      0|  0|  15|
    |SobelFilter_mux_3ncg_U93   |SobelFilter_mux_3ncg  |        0|      0|  0|  15|
    |SobelFilter_mux_3ncg_U94   |SobelFilter_mux_3ncg  |        0|      0|  0|  15|
    |SobelFilter_mux_3ncg_U95   |SobelFilter_mux_3ncg  |        0|      0|  0|  15|
    |SobelFilter_mux_3ncg_U96   |SobelFilter_mux_3ncg  |        0|      0|  0|  15|
    |SobelFilter_mux_3ncg_U97   |SobelFilter_mux_3ncg  |        0|      0|  0|  15|
    |SobelFilter_mux_3ncg_U98   |SobelFilter_mux_3ncg  |        0|      0|  0|  15|
    |SobelFilter_mux_3ncg_U99   |SobelFilter_mux_3ncg  |        0|      0|  0|  15|
    |SobelFilter_mux_3ncg_U100  |SobelFilter_mux_3ncg  |        0|      0|  0|  15|
    |SobelFilter_mux_3ncg_U101  |SobelFilter_mux_3ncg  |        0|      0|  0|  15|
    +---------------------------+----------------------+---------+-------+---+----+
    |Total                      |                      |        0|      0|  0| 270|
    +---------------------------+----------------------+---------+-------+---+----+

    * DSP48: 
    +---------------------------+----------------------+--------------+
    |          Instance         |        Module        |  Expression  |
    +---------------------------+----------------------+--------------+
    |SobelFilter_mac_mBew_U102  |SobelFilter_mac_mBew  | i0 + i1 * i2 |
    |SobelFilter_mac_mBew_U103  |SobelFilter_mac_mBew  | i0 + i1 * i2 |
    |SobelFilter_mac_mBew_U104  |SobelFilter_mac_mBew  | i0 + i1 * i2 |
    |SobelFilter_mac_mCeG_U105  |SobelFilter_mac_mCeG  | i0 * i1 + i2 |
    |SobelFilter_mac_mCeG_U106  |SobelFilter_mac_mCeG  | i0 * i1 + i2 |
    |SobelFilter_mac_mCeG_U107  |SobelFilter_mac_mCeG  | i0 * i1 + i2 |
    +---------------------------+----------------------+--------------+

    * Memory: 
    +-----------------+----------------------+---------+---+----+------+-----+------+-------------+
    |      Memory     |        Module        | BRAM_18K| FF| LUT| Words| Bits| Banks| W*Bits*Banks|
    +-----------------+----------------------+---------+---+----+------+-----+------+-------------+
    |k_buf_0_val_3_U  |Filter2D_1_k_buf_eOg  |        1|  0|   0|  1920|    8|     1|        15360|
    |k_buf_0_val_4_U  |Filter2D_1_k_buf_eOg  |        1|  0|   0|  1920|    8|     1|        15360|
    |k_buf_0_val_5_U  |Filter2D_1_k_buf_eOg  |        1|  0|   0|  1920|    8|     1|        15360|
    |k_buf_1_val_3_U  |Filter2D_1_k_buf_eOg  |        1|  0|   0|  1920|    8|     1|        15360|
    |k_buf_1_val_4_U  |Filter2D_1_k_buf_eOg  |        1|  0|   0|  1920|    8|     1|        15360|
    |k_buf_1_val_5_U  |Filter2D_1_k_buf_eOg  |        1|  0|   0|  1920|    8|     1|        15360|
    |k_buf_2_val_3_U  |Filter2D_1_k_buf_eOg  |        1|  0|   0|  1920|    8|     1|        15360|
    |k_buf_2_val_4_U  |Filter2D_1_k_buf_eOg  |        1|  0|   0|  1920|    8|     1|        15360|
    |k_buf_2_val_5_U  |Filter2D_1_k_buf_eOg  |        1|  0|   0|  1920|    8|     1|        15360|
    +-----------------+----------------------+---------+---+----+------+-----+------+-------------+
    |Total            |                      |        9|  0|   0| 17280|   72|     9|       138240|
    +-----------------+----------------------+---------+---+----+------+-----+------+-------------+

    * FIFO: 
    N/A

    * Expression: 
    +-----------------------------------+----------+-------+---+----+------------+------------+
    |           Variable Name           | Operation| DSP48E| FF| LUT| Bitwidth P0| Bitwidth P1|
    +-----------------------------------+----------+-------+---+----+------------+------------+
    |r_V_8_0_1_2_fu_1784_p2             |     *    |      0|  0|  42|           4|           8|
    |r_V_8_0_1_fu_1759_p2               |     *    |      0|  0|  42|           3|           8|
    |r_V_8_0_2_1_fu_1816_p2             |     *    |      0|  0|  42|           3|           8|
    |r_V_8_0_2_fu_1803_p2               |     *    |      0|  0|  42|           2|           8|
    |r_V_8_1_1_2_fu_1899_p2             |     *    |      0|  0|  42|           4|           8|
    |r_V_8_1_1_fu_1874_p2               |     *    |      0|  0|  42|           3|           8|
    |r_V_8_1_2_1_fu_1931_p2             |     *    |      0|  0|  42|           3|           8|
    |r_V_8_1_2_fu_1918_p2               |     *    |      0|  0|  42|           2|           8|
    |r_V_8_2_1_2_fu_2014_p2             |     *    |      0|  0|  42|           4|           8|
    |r_V_8_2_1_fu_1989_p2               |     *    |      0|  0|  42|           3|           8|
    |r_V_8_2_2_1_fu_2046_p2             |     *    |      0|  0|  42|           3|           8|
    |r_V_8_2_2_fu_2033_p2               |     *    |      0|  0|  42|           2|           8|
    |ImagLoc_x_fu_1009_p2               |     +    |      0|  0|  19|           2|          12|
    |i_V_fu_695_p2                      |     +    |      0|  0|  18|          11|           1|
    |j_V_fu_987_p2                      |     +    |      0|  0|  18|          11|           1|
    |p_Val2_27_fu_2164_p2               |     +    |      0|  0|   8|          12|          12|
    |p_Val2_29_fu_2244_p2               |     +    |      0|  0|   8|          12|          12|
    |p_Val2_31_fu_2342_p2               |     +    |      0|  0|   8|           8|           8|
    |p_Val2_7_fu_2182_p2                |     +    |      0|  0|   8|           8|           8|
    |p_Val2_89_0_1_1_fu_1775_p2         |     +    |      0|  0|  19|          12|          12|
    |p_Val2_89_1_1_1_fu_1890_p2         |     +    |      0|  0|  19|          12|          12|
    |p_Val2_89_2_1_1_fu_2005_p2         |     +    |      0|  0|  19|          12|          12|
    |p_Val2_8_fu_2262_p2                |     +    |      0|  0|   8|           8|           8|
    |p_Val2_s_fu_2324_p2                |     +    |      0|  0|   8|          12|          12|
    |p_assign_6_0_1_fu_815_p2           |     +    |      0|  0|  19|           3|          12|
    |p_assign_6_0_2_fu_859_p2           |     +    |      0|  0|  19|           3|          12|
    |tmp31_fu_2157_p2                   |     +    |      0|  0|   8|          12|          12|
    |tmp32_fu_1838_p2                   |     +    |      0|  0|  18|          11|          11|
    |tmp33_fu_1828_p2                   |     +    |      0|  0|  17|          10|          10|
    |tmp34_fu_1844_p2                   |     +    |      0|  0|   8|           8|           8|
    |tmp35_fu_2178_p2                   |     +    |      0|  0|   8|           8|           8|
    |tmp36_fu_1850_p2                   |     +    |      0|  0|  15|           8|           8|
    |tmp39_fu_2237_p2                   |     +    |      0|  0|   8|          12|          12|
    |tmp40_fu_1953_p2                   |     +    |      0|  0|  18|          11|          11|
    |tmp41_fu_1943_p2                   |     +    |      0|  0|  17|          10|          10|
    |tmp42_fu_1959_p2                   |     +    |      0|  0|   8|           8|           8|
    |tmp43_fu_2258_p2                   |     +    |      0|  0|   8|           8|           8|
    |tmp44_fu_1965_p2                   |     +    |      0|  0|  15|           8|           8|
    |tmp47_fu_2317_p2                   |     +    |      0|  0|   8|          12|          12|
    |tmp48_fu_2068_p2                   |     +    |      0|  0|  18|          11|          11|
    |tmp49_fu_2058_p2                   |     +    |      0|  0|  17|          10|          10|
    |tmp50_fu_2074_p2                   |     +    |      0|  0|   8|           8|           8|
    |tmp51_fu_2338_p2                   |     +    |      0|  0|   8|           8|           8|
    |tmp52_fu_2080_p2                   |     +    |      0|  0|  15|           8|           8|
    |tmp_32_fu_655_p2                   |     +    |      0|  0|  10|           2|           1|
    |tmp_42_fu_751_p2                   |     +    |      0|  0|  19|           2|          12|
    |tmp_68_fu_917_p2                   |     +    |      0|  0|  10|           2|           2|
    |tmp_80_fu_957_p2                   |     +    |      0|  0|  10|           1|           2|
    |tmp_83_fu_1793_p2                  |     +    |      0|  0|   8|           8|           8|
    |tmp_91_fu_1908_p2                  |     +    |      0|  0|   8|           8|           8|
    |tmp_99_fu_2023_p2                  |     +    |      0|  0|   8|           8|           8|
    |p_assign_1_fu_1053_p2              |     -    |      0|  0|  19|           1|          12|
    |p_assign_2_fu_1077_p2              |     -    |      0|  0|  21|          12|          14|
    |p_assign_7_fu_791_p2               |     -    |      0|  0|  19|           1|          12|
    |r_V_8_1_fu_1513_p2                 |     -    |      0|  0|  16|           1|           9|
    |r_V_8_2_fu_1687_p2                 |     -    |      0|  0|  16|           1|           9|
    |r_V_8_fu_1321_p2                   |     -    |      0|  0|  16|           1|           9|
    |tmp_134_fu_841_p2                  |     -    |      0|  0|  12|           3|           2|
    |tmp_66_fu_903_p2                   |     -    |      0|  0|  12|           3|           2|
    |ap_condition_649                   |    and   |      0|  0|   2|           1|           1|
    |ap_condition_655                   |    and   |      0|  0|   2|           1|           1|
    |ap_predicate_op227_read_state6     |    and   |      0|  0|   2|           1|           1|
    |ap_predicate_op239_read_state6     |    and   |      0|  0|   2|           1|           1|
    |or_cond_i425_i_fu_777_p2           |    and   |      0|  0|   2|           1|           1|
    |or_cond_i_fu_1108_p2               |    and   |      0|  0|   2|           1|           1|
    |or_cond_i_i_fu_1039_p2             |    and   |      0|  0|   2|           1|           1|
    |overflow_1_fu_2289_p2              |    and   |      0|  0|   2|           1|           1|
    |overflow_2_fu_2369_p2              |    and   |      0|  0|   2|           1|           1|
    |overflow_fu_2209_p2                |    and   |      0|  0|   2|           1|           1|
    |exitcond389_i_fu_981_p2            |   icmp   |      0|  0|  13|          11|           8|
    |exitcond390_i_fu_689_p2            |   icmp   |      0|  0|  13|          11|          11|
    |icmp2_fu_1003_p2                   |   icmp   |      0|  0|  13|          10|           1|
    |icmp_fu_723_p2                     |   icmp   |      0|  0|  13|          10|           1|
    |not_i_i_i1_fu_2363_p2              |   icmp   |      0|  0|   9|           4|           1|
    |not_i_i_i5_fu_2283_p2              |   icmp   |      0|  0|   9|           4|           1|
    |not_i_i_i_fu_2203_p2               |   icmp   |      0|  0|   9|           4|           1|
    |tmp_33_fu_661_p2                   |   icmp   |      0|  0|   9|           2|           3|
    |tmp_38_fu_701_p2                   |   icmp   |      0|  0|  13|          11|          11|
    |tmp_40_fu_729_p2                   |   icmp   |      0|  0|  13|          11|           1|
    |tmp_41_fu_741_p2                   |   icmp   |      0|  0|  13|          11|          11|
    |tmp_428_0_1_fu_735_p2              |   icmp   |      0|  0|  13|          11|           1|
    |tmp_44_fu_771_p2                   |   icmp   |      0|  0|  13|          12|          11|
    |tmp_46_fu_805_p2                   |   icmp   |      0|  0|  13|          12|          11|
    |tmp_51_fu_1033_p2                  |   icmp   |      0|  0|  13|          12|          11|
    |tmp_53_fu_1071_p2                  |   icmp   |      0|  0|  13|          12|          11|
    |ap_block_pp0_stage0_01001          |    or    |      0|  0|   2|           1|           1|
    |ap_block_state6_pp0_stage0_iter2   |    or    |      0|  0|   2|           1|           1|
    |ap_block_state9_pp0_stage0_iter5   |    or    |      0|  0|   2|           1|           1|
    |brmerge_fu_1103_p2                 |    or    |      0|  0|   2|           1|           1|
    |tmp_i_i1_79_fu_2383_p2             |    or    |      0|  0|   2|           1|           1|
    |tmp_i_i8_fu_2303_p2                |    or    |      0|  0|   2|           1|           1|
    |tmp_i_i_78_fu_2223_p2              |    or    |      0|  0|   2|           1|           1|
    |col_buf_0_val_0_0_fu_1173_p3       |  select  |      0|  0|   8|           1|           8|
    |col_buf_0_val_1_0_fu_1192_p3       |  select  |      0|  0|   8|           1|           8|
    |col_buf_0_val_2_0_fu_1211_p3       |  select  |      0|  0|   8|           1|           8|
    |col_buf_1_val_0_0_fu_1365_p3       |  select  |      0|  0|   8|           1|           8|
    |col_buf_1_val_1_0_fu_1384_p3       |  select  |      0|  0|   8|           1|           8|
    |col_buf_1_val_2_0_fu_1403_p3       |  select  |      0|  0|   8|           1|           8|
    |col_buf_2_val_0_0_fu_1548_p3       |  select  |      0|  0|   8|           1|           8|
    |col_buf_2_val_1_0_fu_1567_p3       |  select  |      0|  0|   8|           1|           8|
    |col_buf_2_val_2_0_fu_1586_p3       |  select  |      0|  0|   8|           1|           8|
    |p_Val2_33_fu_2229_p3               |  select  |      0|  0|   8|           1|           8|
    |p_Val2_34_fu_2309_p3               |  select  |      0|  0|   8|           1|           8|
    |p_Val2_35_fu_2389_p3               |  select  |      0|  0|   8|           1|           8|
    |p_mux_i_i16_cast_fu_2375_p3        |  select  |      0|  0|   2|           1|           2|
    |p_mux_i_i7_cast_fu_2295_p3         |  select  |      0|  0|   2|           1|           2|
    |p_mux_i_i_cast_fu_2215_p3          |  select  |      0|  0|   2|           1|           2|
    |p_p2_i426_i_fu_797_p3              |  select  |      0|  0|  12|           1|          12|
    |p_p2_i_i_fu_1059_p3                |  select  |      0|  0|  12|           1|          12|
    |p_p2_i_i_p_assign_2_fu_1083_p3     |  select  |      0|  0|  14|           1|          14|
    |src_kernel_win_0_va_23_fu_1268_p3  |  select  |      0|  0|   8|           1|           8|
    |src_kernel_win_0_va_24_fu_1286_p3  |  select  |      0|  0|   8|           1|           8|
    |src_kernel_win_0_va_25_fu_1304_p3  |  select  |      0|  0|   8|           1|           8|
    |src_kernel_win_1_va_23_fu_1460_p3  |  select  |      0|  0|   8|           1|           8|
    |src_kernel_win_1_va_24_fu_1478_p3  |  select  |      0|  0|   8|           1|           8|
    |src_kernel_win_1_va_25_fu_1496_p3  |  select  |      0|  0|   8|           1|           8|
    |src_kernel_win_2_va_26_fu_1634_p3  |  select  |      0|  0|   8|           1|           8|
    |src_kernel_win_2_va_27_fu_1652_p3  |  select  |      0|  0|   8|           1|           8|
    |src_kernel_win_2_va_28_fu_1670_p3  |  select  |      0|  0|   8|           1|           8|
    |tmp_136_fu_851_p3                  |  select  |      0|  0|   2|           1|           2|
    |tmp_142_fu_895_p3                  |  select  |      0|  0|   2|           1|           2|
    |tmp_67_fu_909_p3                   |  select  |      0|  0|   2|           1|           2|
    |tmp_69_fu_923_p3                   |  select  |      0|  0|   2|           1|           2|
    |tmp_75_fu_943_p3                   |  select  |      0|  0|   2|           1|           2|
    |tmp_81_fu_963_p3                   |  select  |      0|  0|   2|           1|           2|
    |x_fu_1091_p3                       |  select  |      0|  0|  14|           1|          14|
    |ap_enable_pp0                      |    xor   |      0|  0|   2|           1|           2|
    |col_assign_3_0_t_fu_1156_p2        |    xor   |      0|  0|   2|           2|           2|
    |rev2_fu_1027_p2                    |    xor   |      0|  0|   2|           1|           2|
    |rev_fu_765_p2                      |    xor   |      0|  0|   2|           1|           2|
    |row_assign_10_0_0_t_fu_931_p2      |    xor   |      0|  0|   2|           2|           2|
    |row_assign_10_0_1_t_fu_951_p2      |    xor   |      0|  0|   2|           2|           2|
    |row_assign_10_0_2_t_fu_971_p2      |    xor   |      0|  0|   2|           2|           2|
    |tmp_140_fu_885_p2                  |    xor   |      0|  0|   2|           2|           2|
    |tmp_384_0_0_not_fu_707_p2          |    xor   |      0|  0|   2|           1|           2|
    |tmp_74_fu_937_p2                   |    xor   |      0|  0|   3|           2|           3|
    |tmp_i_i1_fu_2357_p2                |    xor   |      0|  0|   2|           1|           2|
    |tmp_i_i4_fu_2277_p2                |    xor   |      0|  0|   2|           1|           2|
    |tmp_i_i_fu_2197_p2                 |    xor   |      0|  0|   2|           1|           2|
    +-----------------------------------+----------+-------+---+----+------------+------------+
    |Total                              |          |      0|  0|1619|         605|         888|
    +-----------------------------------+----------+-------+---+----+------------+------------+

    * Multiplexer: 
    +-----------------------------+----+-----------+-----+-----------+
    |             Name            | LUT| Input Size| Bits| Total Bits|
    +-----------------------------+----+-----------+-----+-----------+
    |ap_NS_fsm                    |  33|          6|    1|          6|
    |ap_enable_reg_pp0_iter3      |   9|          2|    1|          2|
    |ap_enable_reg_pp0_iter5      |   9|          2|    1|          2|
    |k_buf_0_val_4_d1             |  15|          3|    8|         24|
    |k_buf_0_val_5_d1             |  15|          3|    8|         24|
    |k_buf_1_val_4_d1             |  15|          3|    8|         24|
    |k_buf_1_val_5_d1             |  15|          3|    8|         24|
    |k_buf_2_val_4_d1             |  15|          3|    8|         24|
    |k_buf_2_val_5_d1             |  15|          3|    8|         24|
    |p_dst_data_stream_0_V_blk_n  |   9|          2|    1|          2|
    |p_dst_data_stream_1_V_blk_n  |   9|          2|    1|          2|
    |p_dst_data_stream_2_V_blk_n  |   9|          2|    1|          2|
    |p_src_data_stream_0_V_blk_n  |   9|          2|    1|          2|
    |p_src_data_stream_1_V_blk_n  |   9|          2|    1|          2|
    |p_src_data_stream_2_V_blk_n  |   9|          2|    1|          2|
    |t_V_3_reg_644                |   9|          2|   11|         22|
    |t_V_reg_633                  |   9|          2|   11|         22|
    |tmp_s_reg_622                |   9|          2|    2|          4|
    +-----------------------------+----+-----------+-----+-----------+
    |Total                        | 222|         46|   81|        214|
    +-----------------------------+----+-----------+-----+-----------+

    * Register: 
    +------------------------------------+----+----+-----+-----------+
    |                Name                | FF | LUT| Bits| Const Bits|
    +------------------------------------+----+----+-----+-----------+
    |OP2_V_0_0_1_cast_reg_2708           |  10|   0|   10|          0|
    |OP2_V_0_0_2_cast_reg_2715           |  10|   0|   10|          0|
    |OP2_V_0_1_2_cast_reg_2729           |   4|   0|   12|          8|
    |OP2_V_0_1_cast_reg_2722             |  11|   0|   11|          0|
    |OP2_V_0_2_1_cast_reg_2743           |   3|   0|   11|          8|
    |OP2_V_0_2_cast_reg_2736             |  10|   0|   10|          0|
    |ap_CS_fsm                           |   5|   0|    5|          0|
    |ap_enable_reg_pp0_iter0             |   1|   0|    1|          0|
    |ap_enable_reg_pp0_iter1             |   1|   0|    1|          0|
    |ap_enable_reg_pp0_iter2             |   1|   0|    1|          0|
    |ap_enable_reg_pp0_iter3             |   1|   0|    1|          0|
    |ap_enable_reg_pp0_iter4             |   1|   0|    1|          0|
    |ap_enable_reg_pp0_iter5             |   1|   0|    1|          0|
    |brmerge_reg_2838                    |   1|   0|    1|          0|
    |brmerge_reg_2838_pp0_iter1_reg      |   1|   0|    1|          0|
    |exitcond389_i_reg_2815              |   1|   0|    1|          0|
    |i_V_reg_2754                        |  11|   0|   11|          0|
    |icmp_reg_2768                       |   1|   0|    1|          0|
    |k_buf_0_val_3_addr_reg_2855         |  11|   0|   11|          0|
    |k_buf_0_val_4_addr_reg_2861         |  11|   0|   11|          0|
    |k_buf_0_val_5_addr_reg_2867         |  11|   0|   11|          0|
    |k_buf_1_val_3_addr_reg_2873         |  11|   0|   11|          0|
    |k_buf_1_val_4_addr_reg_2879         |  11|   0|   11|          0|
    |k_buf_1_val_5_addr_reg_2885         |  11|   0|   11|          0|
    |k_buf_2_val_3_addr_reg_2891         |  11|   0|   11|          0|
    |k_buf_2_val_4_addr_reg_2897         |  11|   0|   11|          0|
    |k_buf_2_val_5_addr_reg_2903         |  11|   0|   11|          0|
    |or_cond_i_i_reg_2824                |   1|   0|    1|          0|
    |or_cond_i_i_reg_2824_pp0_iter1_reg  |   1|   0|    1|          0|
    |or_cond_i_reg_2851                  |   1|   0|    1|          0|
    |p_Val2_33_reg_3068                  |   8|   0|    8|          0|
    |p_Val2_34_reg_3073                  |   8|   0|    8|          0|
    |p_Val2_35_reg_3078                  |   8|   0|    8|          0|
    |p_Val2_89_0_0_1_reg_2927            |  11|   0|   11|          0|
    |p_Val2_89_0_1_1_reg_2978            |  12|   0|   12|          0|
    |p_Val2_89_1_0_1_reg_2950            |  11|   0|   11|          0|
    |p_Val2_89_1_1_1_reg_3008            |  12|   0|   12|          0|
    |p_Val2_89_2_0_1_reg_2973            |  11|   0|   11|          0|
    |p_Val2_89_2_1_1_reg_3038            |  12|   0|   12|          0|
    |r_V_8_0_1_2_reg_2983                |  12|   0|   12|          0|
    |r_V_8_1_1_2_reg_3013                |  12|   0|   12|          0|
    |r_V_8_2_1_2_reg_3043                |  12|   0|   12|          0|
    |right_border_buf_0_15_fu_320        |   8|   0|    8|          0|
    |right_border_buf_0_16_fu_328        |   8|   0|    8|          0|
    |right_border_buf_0_17_fu_332        |   8|   0|    8|          0|
    |right_border_buf_0_18_fu_340        |   8|   0|    8|          0|
    |right_border_buf_0_19_fu_344        |   8|   0|    8|          0|
    |right_border_buf_0_s_fu_316         |   8|   0|    8|          0|
    |right_border_buf_1_15_fu_356        |   8|   0|    8|          0|
    |right_border_buf_1_16_fu_364        |   8|   0|    8|          0|
    |right_border_buf_1_17_fu_368        |   8|   0|    8|          0|
    |right_border_buf_1_18_fu_376        |   8|   0|    8|          0|
    |right_border_buf_1_19_fu_380        |   8|   0|    8|          0|
    |right_border_buf_1_s_fu_352         |   8|   0|    8|          0|
    |right_border_buf_2_12_fu_336        |   8|   0|    8|          0|
    |right_border_buf_2_13_fu_348        |   8|   0|    8|          0|
    |right_border_buf_2_14_fu_360        |   8|   0|    8|          0|
    |right_border_buf_2_15_fu_372        |   8|   0|    8|          0|
    |right_border_buf_2_16_fu_384        |   8|   0|    8|          0|
    |right_border_buf_2_s_fu_324         |   8|   0|    8|          0|
    |row_assign_10_0_0_t_reg_2794        |   2|   0|    2|          0|
    |row_assign_10_0_1_t_reg_2801        |   2|   0|    2|          0|
    |row_assign_10_0_2_t_reg_2808        |   2|   0|    2|          0|
    |src_kernel_win_0_va_18_fu_248       |   8|   0|    8|          0|
    |src_kernel_win_0_va_19_fu_252       |   8|   0|    8|          0|
    |src_kernel_win_0_va_20_fu_256       |   8|   0|    8|          0|
    |src_kernel_win_0_va_21_fu_260       |   8|   0|    8|          0|
    |src_kernel_win_0_va_22_fu_264       |   8|   0|    8|          0|
    |src_kernel_win_0_va_23_reg_2909     |   8|   0|    8|          0|
    |src_kernel_win_0_va_24_reg_2916     |   8|   0|    8|          0|
    |src_kernel_win_0_va_25_reg_2922     |   8|   0|    8|          0|
    |src_kernel_win_0_va_fu_244          |   8|   0|    8|          0|
    |src_kernel_win_1_va_18_fu_272       |   8|   0|    8|          0|
    |src_kernel_win_1_va_19_fu_276       |   8|   0|    8|          0|
    |src_kernel_win_1_va_20_fu_280       |   8|   0|    8|          0|
    |src_kernel_win_1_va_21_fu_284       |   8|   0|    8|          0|
    |src_kernel_win_1_va_22_fu_288       |   8|   0|    8|          0|
    |src_kernel_win_1_va_23_reg_2932     |   8|   0|    8|          0|
    |src_kernel_win_1_va_24_reg_2939     |   8|   0|    8|          0|
    |src_kernel_win_1_va_25_reg_2945     |   8|   0|    8|          0|
    |src_kernel_win_1_va_fu_268          |   8|   0|    8|          0|
    |src_kernel_win_2_va_18_fu_296       |   8|   0|    8|          0|
    |src_kernel_win_2_va_19_fu_300       |   8|   0|    8|          0|
    |src_kernel_win_2_va_20_fu_304       |   8|   0|    8|          0|
    |src_kernel_win_2_va_21_fu_308       |   8|   0|    8|          0|
    |src_kernel_win_2_va_22_fu_312       |   8|   0|    8|          0|
    |src_kernel_win_2_va_26_reg_2955     |   8|   0|    8|          0|
    |src_kernel_win_2_va_27_reg_2962     |   8|   0|    8|          0|
    |src_kernel_win_2_va_28_reg_2968     |   8|   0|    8|          0|
    |src_kernel_win_2_va_fu_292          |   8|   0|    8|          0|
    |t_V_3_reg_644                       |  11|   0|   11|          0|
    |t_V_reg_633                         |  11|   0|   11|          0|
    |tmp32_reg_2993                      |  11|   0|   11|          0|
    |tmp34_reg_2998                      |   8|   0|    8|          0|
    |tmp36_reg_3003                      |   8|   0|    8|          0|
    |tmp40_reg_3023                      |  11|   0|   11|          0|
    |tmp42_reg_3028                      |   8|   0|    8|          0|
    |tmp44_reg_3033                      |   8|   0|    8|          0|
    |tmp48_reg_3053                      |  11|   0|   11|          0|
    |tmp50_reg_3058                      |   8|   0|    8|          0|
    |tmp52_reg_3063                      |   8|   0|    8|          0|
    |tmp_146_reg_2833                    |   2|   0|    2|          0|
    |tmp_146_reg_2833_pp0_iter1_reg      |   2|   0|    2|          0|
    |tmp_152_reg_2988                    |   8|   0|    8|          0|
    |tmp_161_reg_3018                    |   8|   0|    8|          0|
    |tmp_170_reg_3048                    |   8|   0|    8|          0|
    |tmp_384_0_0_not_reg_2763            |   1|   0|    1|          0|
    |tmp_38_reg_2759                     |   1|   0|    1|          0|
    |tmp_40_reg_2773                     |   1|   0|    1|          0|
    |tmp_41_reg_2781                     |   1|   0|    1|          0|
    |tmp_428_0_1_reg_2777                |   1|   0|    1|          0|
    |tmp_s_reg_622                       |   2|   0|    2|          0|
    |x_reg_2828                          |  14|   0|   14|          0|
    |exitcond389_i_reg_2815              |  64|  32|    1|          0|
    |or_cond_i_reg_2851                  |  64|  32|    1|          0|
    +------------------------------------+----+----+-----+-----------+
    |Total                               | 951|  64|  841|         16|
    +------------------------------------+----+----+-----+-----------+



================================================================
== Interface
================================================================
* Summary: 
+-------------------------------+-----+-----+------------+-------------------------+--------------+
|           RTL Ports           | Dir | Bits|  Protocol  |      Source Object      |    C Type    |
+-------------------------------+-----+-----+------------+-------------------------+--------------+
|ap_clk                         |  in |    1| ap_ctrl_hs |         Filter2D        | return value |
|ap_rst                         |  in |    1| ap_ctrl_hs |         Filter2D        | return value |
|ap_start                       |  in |    1| ap_ctrl_hs |         Filter2D        | return value |
|ap_done                        | out |    1| ap_ctrl_hs |         Filter2D        | return value |
|ap_idle                        | out |    1| ap_ctrl_hs |         Filter2D        | return value |
|ap_ready                       | out |    1| ap_ctrl_hs |         Filter2D        | return value |
|p_src_data_stream_0_V_dout     |  in |    8|   ap_fifo  |  p_src_data_stream_0_V  |    pointer   |
|p_src_data_stream_0_V_empty_n  |  in |    1|   ap_fifo  |  p_src_data_stream_0_V  |    pointer   |
|p_src_data_stream_0_V_read     | out |    1|   ap_fifo  |  p_src_data_stream_0_V  |    pointer   |
|p_src_data_stream_1_V_dout     |  in |    8|   ap_fifo  |  p_src_data_stream_1_V  |    pointer   |
|p_src_data_stream_1_V_empty_n  |  in |    1|   ap_fifo  |  p_src_data_stream_1_V  |    pointer   |
|p_src_data_stream_1_V_read     | out |    1|   ap_fifo  |  p_src_data_stream_1_V  |    pointer   |
|p_src_data_stream_2_V_dout     |  in |    8|   ap_fifo  |  p_src_data_stream_2_V  |    pointer   |
|p_src_data_stream_2_V_empty_n  |  in |    1|   ap_fifo  |  p_src_data_stream_2_V  |    pointer   |
|p_src_data_stream_2_V_read     | out |    1|   ap_fifo  |  p_src_data_stream_2_V  |    pointer   |
|p_dst_data_stream_0_V_din      | out |    8|   ap_fifo  |  p_dst_data_stream_0_V  |    pointer   |
|p_dst_data_stream_0_V_full_n   |  in |    1|   ap_fifo  |  p_dst_data_stream_0_V  |    pointer   |
|p_dst_data_stream_0_V_write    | out |    1|   ap_fifo  |  p_dst_data_stream_0_V  |    pointer   |
|p_dst_data_stream_1_V_din      | out |    8|   ap_fifo  |  p_dst_data_stream_1_V  |    pointer   |
|p_dst_data_stream_1_V_full_n   |  in |    1|   ap_fifo  |  p_dst_data_stream_1_V  |    pointer   |
|p_dst_data_stream_1_V_write    | out |    1|   ap_fifo  |  p_dst_data_stream_1_V  |    pointer   |
|p_dst_data_stream_2_V_din      | out |    8|   ap_fifo  |  p_dst_data_stream_2_V  |    pointer   |
|p_dst_data_stream_2_V_full_n   |  in |    1|   ap_fifo  |  p_dst_data_stream_2_V  |    pointer   |
|p_dst_data_stream_2_V_write    | out |    1|   ap_fifo  |  p_dst_data_stream_2_V  |    pointer   |
|p_kernel_val_0_V_1_read        |  in |    2|   ap_none  | p_kernel_val_0_V_1_read |    scalar    |
|p_kernel_val_0_V_2_read        |  in |    2|   ap_none  | p_kernel_val_0_V_2_read |    scalar    |
|p_kernel_val_1_V_0_read        |  in |    3|   ap_none  | p_kernel_val_1_V_0_read |    scalar    |
|p_kernel_val_1_V_2_read        |  in |    4|   ap_none  | p_kernel_val_1_V_2_read |    scalar    |
|p_kernel_val_2_V_0_read        |  in |    2|   ap_none  | p_kernel_val_2_V_0_read |    scalar    |
|p_kernel_val_2_V_1_read        |  in |    3|   ap_none  | p_kernel_val_2_V_1_read |    scalar    |
+-------------------------------+-----+-----+------------+-------------------------+--------------+

