

================================================================
== Vivado HLS Report for 'operator_1'
================================================================
* Date:           Wed Dec 19 22:30:21 2018

* Version:        2018.2 (Build 2258646 on Thu Jun 14 20:25:20 MDT 2018)
* Project:        SobelNewVivado
* Solution:       solution1
* Product family: artix7
* Target device:  xc7a200tsbg484-1


================================================================
== Performance Estimates
================================================================
+ Timing (ns): 
    * Summary: 
    +--------+-------+----------+------------+
    |  Clock | Target| Estimated| Uncertainty|
    +--------+-------+----------+------------+
    |ap_clk  |  10.00|     8.483|        1.25|
    +--------+-------+----------+------------+

+ Latency (clock cycles): 
    * Summary: 
    +-----+-----+-----+-----+----------+
    |  Latency  |  Interval | Pipeline |
    | min | max | min | max |   Type   |
    +-----+-----+-----+-----+----------+
    |    2|    2|    1|    1| function |
    +-----+-----+-----+-----+----------+

    + Detail: 
        * Instance: 
        N/A

        * Loop: 
        N/A



================================================================
== Utilization Estimates
================================================================
* Summary: 
+-----------------+---------+-------+--------+--------+
|       Name      | BRAM_18K| DSP48E|   FF   |   LUT  |
+-----------------+---------+-------+--------+--------+
|DSP              |        -|      -|       -|       -|
|Expression       |        -|      -|       0|    1342|
|FIFO             |        -|      -|       -|       -|
|Instance         |        -|      -|       -|       -|
|Memory           |        -|      -|       -|       -|
|Multiplexer      |        -|      -|       -|       9|
|Register         |        -|      -|     224|       -|
+-----------------+---------+-------+--------+--------+
|Total            |        0|      0|     224|    1351|
+-----------------+---------+-------+--------+--------+
|Available        |      730|    740|  269200|  129000|
+-----------------+---------+-------+--------+--------+
|Utilization (%)  |        0|      0|   ~0   |       1|
+-----------------+---------+-------+--------+--------+

+ Detail: 
    * Instance: 
    N/A

    * DSP48: 
    N/A

    * Memory: 
    N/A

    * FIFO: 
    N/A

    * Expression: 
    +----------------------------------+----------+-------+---+-----+------------+------------+
    |           Variable Name          | Operation| DSP48E| FF| LUT | Bitwidth P0| Bitwidth P1|
    +----------------------------------+----------+-------+---+-----+------------+------------+
    |p_Val2_4_fu_288_p2                |     +    |      0|  0|   15|           8|           8|
    |pos1_fu_385_p2                    |     +    |      0|  0|   19|           4|          12|
    |pos2_fu_204_p2                    |     +    |      0|  0|   19|           4|          12|
    |tmp_12_fu_253_p2                  |     +    |      0|  0|   19|           2|          12|
    |F2_fu_146_p2                      |     -    |      0|  0|   19|          11|          12|
    |man_V_1_fu_126_p2                 |     -    |      0|  0|   61|           1|          54|
    |tmp_2_fu_158_p2                   |     -    |      0|  0|   19|           1|          12|
    |Range1_all_ones_1_fu_436_p2       |    and   |      0|  0|    2|           1|           1|
    |Range1_all_ones_2_i_18_fu_614_p2  |    and   |      0|  0|    2|           1|           1|
    |Range1_all_ones_fu_560_p2         |    and   |      0|  0|    2|           1|           1|
    |brmerge_i_i_not_fu_670_p2         |    and   |      0|  0|    2|           1|           1|
    |carry_1_i_fu_379_p2               |    and   |      0|  0|    2|           1|           1|
    |or_cond115_i_fu_544_p2            |    and   |      0|  0|    2|           1|           1|
    |or_cond117_i_fu_556_p2            |    and   |      0|  0|    2|           1|           1|
    |p_122_i_fu_570_p2                 |    and   |      0|  0|    2|           1|           1|
    |sel_tmp11_fu_496_p2               |    and   |      0|  0|    2|           1|           1|
    |sel_tmp15_fu_636_p2               |    and   |      0|  0|    2|           1|           1|
    |sel_tmp16_fu_641_p2               |    and   |      0|  0|    2|           1|           1|
    |sel_tmp17_demorgan_fu_696_p2      |    and   |      0|  0|    2|           1|           1|
    |sel_tmp18_fu_706_p2               |    and   |      0|  0|    2|           1|           1|
    |sel_tmp21_fu_742_p2               |    and   |      0|  0|    2|           1|           1|
    |sel_tmp2_fu_319_p2                |    and   |      0|  0|    2|           1|           1|
    |sel_tmp3_fu_324_p2                |    and   |      0|  0|    2|           1|           1|
    |sel_tmp6_fu_519_p2                |    and   |      0|  0|    2|           1|           1|
    |sel_tmp8_fu_344_p2                |    and   |      0|  0|    2|           1|           1|
    |tmp1_fu_430_p2                    |    and   |      0|  0|    2|           1|           1|
    |tmp2_fu_630_p2                    |    and   |      0|  0|    2|           1|           1|
    |tmp_demorgan_fu_502_p2            |    and   |      0|  0|    2|           1|           1|
    |tmp_fu_373_p2                     |    and   |      0|  0|    2|           1|           1|
    |tmp_17_fu_421_p2                  |   ashr   |      0|  0|  162|          54|          54|
    |tmp_4_fu_225_p2                   |   ashr   |      0|  0|  162|          54|          54|
    |Range1_all_zeros_1_fu_479_p2      |   icmp   |      0|  0|   29|          54|           1|
    |Range2_all_ones_fu_462_p2         |   icmp   |      0|  0|   29|          54|          54|
    |icmp_fu_198_p2                    |   icmp   |      0|  0|   13|           9|           1|
    |tmp_11_fu_248_p2                  |   icmp   |      0|  0|   13|          12|           6|
    |tmp_15_fu_397_p2                  |   icmp   |      0|  0|   13|          12|           6|
    |tmp_19_fu_442_p2                  |   icmp   |      0|  0|   13|          12|           6|
    |tmp_22_fu_468_p2                  |   icmp   |      0|  0|   29|          54|           1|
    |tmp_23_fu_474_p2                  |   icmp   |      0|  0|   13|          12|           6|
    |tmp_3_fu_172_p2                   |   icmp   |      0|  0|   13|          11|          11|
    |tmp_5_fu_182_p2                   |   icmp   |      0|  0|   13|          12|           6|
    |tmp_9_fu_140_p2                   |   icmp   |      0|  0|   29|          63|           1|
    |tmp_i_i_i_17_fu_92_p2             |   icmp   |      0|  0|   29|          52|           1|
    |tmp_i_i_i_fu_86_p2                |   icmp   |      0|  0|   13|          11|           2|
    |tmp_s_fu_152_p2                   |   icmp   |      0|  0|   13|          12|           1|
    |Range2_V_1_fu_451_p2              |   lshr   |      0|  0|  162|          54|          54|
    |r_V_fu_456_p2                     |   lshr   |      0|  0|  162|           2|          54|
    |brmerge_fu_682_p2                 |    or    |      0|  0|    2|           1|           1|
    |not_sel_tmp_fu_367_p2             |    or    |      0|  0|    2|           1|           1|
    |p_119_i_fu_575_p2                 |    or    |      0|  0|    2|           1|           1|
    |p_121_demorgan_i_fu_658_p2        |    or    |      0|  0|    2|           1|           1|
    |sel_tmp10_fu_490_p2               |    or    |      0|  0|    2|           1|           1|
    |sel_tmp12_demorgan_fu_358_p2      |    or    |      0|  0|    2|           1|           1|
    |sel_tmp55_demorgan_fu_731_p2      |    or    |      0|  0|    2|           1|           1|
    |tmp3_fu_653_p2                    |    or    |      0|  0|    2|           1|           1|
    |tmp_25_fu_711_p2                  |    or    |      0|  0|    2|           1|           1|
    |tmp_26_fu_717_p2                  |    or    |      0|  0|    2|           1|           1|
    |F2_2_fu_164_p3                    |  select  |      0|  0|   12|           1|          12|
    |Range1_all_ones_2_i_fu_584_p3     |  select  |      0|  0|    2|           1|           1|
    |Range1_all_zeros_2_i_fu_599_p3    |  select  |      0|  0|    2|           1|           1|
    |Range2_all_ones_1_i_fu_549_p3     |  select  |      0|  0|    2|           1|           1|
    |agg_result_fu_748_p3              |  select  |      0|  0|    8|           1|           8|
    |deleted_zeros_fu_607_p3           |  select  |      0|  0|    2|           1|           1|
    |p_Val2_0_i_i6_fu_234_p3           |  select  |      0|  0|    2|           1|           2|
    |p_Val2_12_0_i_mux_fu_688_p3       |  select  |      0|  0|    8|           1|           8|
    |p_Val2_3_fu_241_p3                |  select  |      0|  0|    8|           1|           8|
    |p_Val2_5_fu_524_p3                |  select  |      0|  0|    8|           1|           8|
    |p_Val2_s_fu_132_p3                |  select  |      0|  0|   54|           1|          54|
    |qb_fu_269_p3                      |  select  |      0|  0|    2|           1|           1|
    |sel_tmp12_fu_579_p3               |  select  |      0|  0|    2|           1|           1|
    |sel_tmp13_fu_592_p3               |  select  |      0|  0|    2|           1|           1|
    |sel_tmp19_fu_723_p3               |  select  |      0|  0|    8|           1|           1|
    |sel_tmp4_fu_330_p3                |  select  |      0|  0|    8|           1|           8|
    |sel_tmp9_fu_350_p3                |  select  |      0|  0|    8|           1|           8|
    |sel_tmp_fu_308_p3                 |  select  |      0|  0|    8|           1|           8|
    |underflow_fu_645_p3               |  select  |      0|  0|    2|           1|           1|
    |tmp_10_fu_509_p2                  |    shl   |      0|  0|   19|           8|           8|
    |Range1_all_zeros_fu_565_p2        |    xor   |      0|  0|    2|           2|           1|
    |p_121_demorgan_i_not_fu_676_p2    |    xor   |      0|  0|    2|           1|           2|
    |rev5_fu_539_p2                    |    xor   |      0|  0|    2|           1|           2|
    |rev_fu_411_p2                     |    xor   |      0|  0|    2|           1|           2|
    |sel_tmp14_fu_625_p2               |    xor   |      0|  0|    2|           1|           2|
    |sel_tmp17_fu_700_p2               |    xor   |      0|  0|    2|           1|           2|
    |sel_tmp1_fu_314_p2                |    xor   |      0|  0|    2|           1|           2|
    |sel_tmp20_fu_736_p2               |    xor   |      0|  0|    2|           1|           2|
    |sel_tmp5_fu_514_p2                |    xor   |      0|  0|    2|           1|           2|
    |sel_tmp7_fu_338_p2                |    xor   |      0|  0|    2|           1|           2|
    |tmp_14_fu_302_p2                  |    xor   |      0|  0|    2|           1|           2|
    |tmp_22_not_fu_484_p2              |    xor   |      0|  0|    2|           1|           2|
    |tmp_24_fu_619_p2                  |    xor   |      0|  0|    2|           2|           1|
    |tmp_8_not_fu_362_p2               |    xor   |      0|  0|    2|           1|           2|
    |underflow_not_fu_664_p2           |    xor   |      0|  0|    2|           1|           2|
    +----------------------------------+----------+-------+---+-----+------------+------------+
    |Total                             |          |      0|  0| 1342|         651|         642|
    +----------------------------------+----------+-------+---+-----+------------+------------+

    * Multiplexer: 
    +-----------+----+-----------+-----+-----------+
    |    Name   | LUT| Input Size| Bits| Total Bits|
    +-----------+----+-----------+-----+-----------+
    |ap_return  |   9|          2|    8|         16|
    +-----------+----+-----------+-----+-----------+
    |Total      |   9|          2|    8|         16|
    +-----------+----+-----------+-----+-----------+

    * Register: 
    +------------------------------------+----+----+-----+-----------+
    |                Name                | FF | LUT| Bits| Const Bits|
    +------------------------------------+----+----+-----+-----------+
    |F2_2_reg_805                        |  12|   0|   12|          0|
    |F2_2_reg_805_pp0_iter1_reg          |  12|   0|   12|          0|
    |F2_reg_792                          |  12|   0|   12|          0|
    |Range1_all_ones_1_reg_876           |   1|   0|    1|          0|
    |Range1_all_zeros_1_reg_899          |   1|   0|    1|          0|
    |Range2_all_ones_reg_889             |   1|   0|    1|          0|
    |ap_ce_reg                           |   1|   0|    1|          0|
    |ap_return_int_reg                   |   8|   0|    8|          0|
    |carry_1_i_reg_857                   |   1|   0|    1|          0|
    |icmp_reg_829                        |   1|   0|    1|          0|
    |icmp_reg_829_pp0_iter1_reg          |   1|   0|    1|          0|
    |isneg_reg_768                       |   1|   0|    1|          0|
    |isneg_reg_768_pp0_iter1_reg         |   1|   0|    1|          0|
    |p_Val2_s_reg_777                    |  54|   0|   54|          0|
    |pos2_reg_835                        |  12|   0|   12|          0|
    |rev_reg_869                         |   1|   0|    1|          0|
    |sel_tmp11_reg_904                   |   1|   0|    1|          0|
    |sel_tmp12_demorgan_reg_852          |   1|   0|    1|          0|
    |sel_tmp9_reg_847                    |   8|   0|    8|          0|
    |tmp_15_reg_863                      |   1|   0|    1|          0|
    |tmp_19_reg_883                      |   1|   0|    1|          0|
    |tmp_21_reg_818                      |   8|   0|    8|          0|
    |tmp_21_reg_818_pp0_iter1_reg        |   8|   0|    8|          0|
    |tmp_22_reg_894                      |   1|   0|    1|          0|
    |tmp_37_reg_842                      |   1|   0|    1|          0|
    |tmp_37_reg_842_pp0_iter1_reg        |   1|   0|    1|          0|
    |tmp_3_reg_811                       |   1|   0|    1|          0|
    |tmp_5_reg_824                       |   1|   0|    1|          0|
    |tmp_9_reg_786                       |   1|   0|    1|          0|
    |tmp_9_reg_786_pp0_iter1_reg         |   1|   0|    1|          0|
    |tmp_i_i_i_17_reg_762                |   1|   0|    1|          0|
    |tmp_i_i_i_17_reg_762_pp0_iter1_reg  |   1|   0|    1|          0|
    |tmp_i_i_i_reg_756                   |   1|   0|    1|          0|
    |tmp_i_i_i_reg_756_pp0_iter1_reg     |   1|   0|    1|          0|
    |tmp_s_reg_799                       |   1|   0|    1|          0|
    |v_int_reg                           |  64|   0|   64|          0|
    +------------------------------------+----+----+-----+-----------+
    |Total                               | 224|   0|  224|          0|
    +------------------------------------+----+----+-----+-----------+



================================================================
== Interface
================================================================
* Summary: 
+-----------+-----+-----+------------+--------------+--------------+
| RTL Ports | Dir | Bits|  Protocol  | Source Object|    C Type    |
+-----------+-----+-----+------------+--------------+--------------+
|ap_clk     |  in |    1| ap_ctrl_hs | operator().1 | return value |
|ap_rst     |  in |    1| ap_ctrl_hs | operator().1 | return value |
|ap_return  | out |    8| ap_ctrl_hs | operator().1 | return value |
|ap_ce      |  in |    1| ap_ctrl_hs | operator().1 | return value |
|v          |  in |   64|   ap_none  |       v      |    scalar    |
+-----------+-----+-----+------------+--------------+--------------+

