

================================================================
== Vivado HLS Report for 'SobelFilter'
================================================================
* Date:           Wed Dec 19 22:30:25 2018

* Version:        2018.2 (Build 2258646 on Thu Jun 14 20:25:20 MDT 2018)
* Project:        SobelNewVivado
* Solution:       solution1
* Product family: artix7
* Target device:  xc7a200tsbg484-1


================================================================
== Performance Estimates
================================================================
+ Timing (ns): 
    * Summary: 
    +--------+-------+----------+------------+
    |  Clock | Target| Estimated| Uncertainty|
    +--------+-------+----------+------------+
    |ap_clk  |  10.00|    11.000|        1.25|
    +--------+-------+----------+------------+

+ Latency (clock cycles): 
    * Summary: 
    +---------+----------+---------+----------+----------+
    |       Latency      |      Interval      | Pipeline |
    |   min   |    max   |   min   |    max   |   Type   |
    +---------+----------+---------+----------+----------+
    |  2081163|  14596148|  2081164|  14594227| dataflow |
    +---------+----------+---------+----------+----------+

    + Detail: 
        * Instance: 
        +-----------------------+--------------------+---------+----------+---------+----------+---------+
        |                       |                    |       Latency      |      Interval      | Pipeline|
        |        Instance       |       Module       |   min   |    max   |   min   |    max   |   Type  |
        +-----------------------+--------------------+---------+----------+---------+----------+---------+
        |Block_proc307309_U0    |Block_proc307309    |  2077923|  14594226|  2077923|  14594226|   none  |
        |AXIvideo2Mat_U0        |AXIvideo2Mat        |  2081163|   2081163|  2081163|   2081163|   none  |
        |SobelFilter_entry3_U0  |SobelFilter_entry3  |        0|         0|        0|         0|   none  |
        |Block_proc308667_U0    |Block_proc308667    |        0|         0|        0|         0|   none  |
        +-----------------------+--------------------+---------+----------+---------+----------+---------+

        * Loop: 
        N/A



================================================================
== Utilization Estimates
================================================================
* Summary: 
+-----------------+---------+-------+--------+--------+
|       Name      | BRAM_18K| DSP48E|   FF   |   LUT  |
+-----------------+---------+-------+--------+--------+
|DSP              |        -|      -|       -|       -|
|Expression       |        -|      -|       0|      32|
|FIFO             |        0|      -|      25|      82|
|Instance         |       27|    111|   13381|   22584|
|Memory           |        -|      -|       -|       -|
|Multiplexer      |        -|      -|       -|      36|
|Register         |        -|      -|       6|       -|
+-----------------+---------+-------+--------+--------+
|Total            |       27|    111|   13412|   22734|
+-----------------+---------+-------+--------+--------+
|Available        |      730|    740|  269200|  129000|
+-----------------+---------+-------+--------+--------+
|Utilization (%)  |        3|     15|       4|      17|
+-----------------+---------+-------+--------+--------+

+ Detail: 
    * Instance: 
    +-----------------------+--------------------+---------+-------+-------+-------+
    |        Instance       |       Module       | BRAM_18K| DSP48E|   FF  |  LUT  |
    +-----------------------+--------------------+---------+-------+-------+-------+
    |AXIvideo2Mat_U0        |AXIvideo2Mat        |        0|      0|    218|    459|
    |Block_proc307309_U0    |Block_proc307309    |       27|    111|  13158|  22067|
    |Block_proc308667_U0    |Block_proc308667    |        0|      0|      2|     29|
    |SobelFilter_entry3_U0  |SobelFilter_entry3  |        0|      0|      3|     29|
    +-----------------------+--------------------+---------+-------+-------+-------+
    |Total                  |                    |       27|    111|  13381|  22584|
    +-----------------------+--------------------+---------+-------+-------+-------+

    * DSP48: 
    N/A

    * Memory: 
    N/A

    * FIFO: 
    +-----------------------+---------+---+----+------+-----+---------+
    |          Name         | BRAM_18K| FF| LUT| Depth| Bits| Size:D*B|
    +-----------------------+---------+---+----+------+-----+---------+
    |Enabled_V_c1_U         |        0|  5|  14|     2|    1|        2|
    |Enabled_V_c_U          |        0|  5|  14|     3|    1|        3|
    |img_0_data_stream_0_U  |        0|  5|  18|     1|    8|        8|
    |img_0_data_stream_1_U  |        0|  5|  18|     1|    8|        8|
    |img_0_data_stream_2_U  |        0|  5|  18|     1|    8|        8|
    +-----------------------+---------+---+----+------+-----+---------+
    |Total                  |        0| 25|  82|     8|   26|       29|
    +-----------------------+---------+---+----+------+-----+---------+

    * Expression: 
    +----------------------------------------+----------+-------+---+----+------------+------------+
    |              Variable Name             | Operation| DSP48E| FF| LUT| Bitwidth P0| Bitwidth P1|
    +----------------------------------------+----------+-------+---+----+------------+------------+
    |AXIvideo2Mat_U0_ap_ready_count          |     +    |      0|  0|  10|           2|           1|
    |SobelFilter_entry3_U0_ap_ready_count    |     +    |      0|  0|  10|           2|           1|
    |AXIvideo2Mat_U0_ap_start                |    and   |      0|  0|   2|           1|           1|
    |SobelFilter_entry3_U0_ap_start          |    and   |      0|  0|   2|           1|           1|
    |ap_idle                                 |    and   |      0|  0|   2|           1|           1|
    |ap_sync_ready                           |    and   |      0|  0|   2|           1|           1|
    |ap_sync_AXIvideo2Mat_U0_ap_ready        |    or    |      0|  0|   2|           1|           1|
    |ap_sync_SobelFilter_entry3_U0_ap_ready  |    or    |      0|  0|   2|           1|           1|
    +----------------------------------------+----------+-------+---+----+------------+------------+
    |Total                                   |          |      0|  0|  32|          10|           8|
    +----------------------------------------+----------+-------+---+----+------------+------------+

    * Multiplexer: 
    +--------------------------------------------+----+-----------+-----+-----------+
    |                    Name                    | LUT| Input Size| Bits| Total Bits|
    +--------------------------------------------+----+-----------+-----+-----------+
    |AXIvideo2Mat_U0_ap_ready_count              |   9|          2|    2|          4|
    |SobelFilter_entry3_U0_ap_ready_count        |   9|          2|    2|          4|
    |ap_sync_reg_AXIvideo2Mat_U0_ap_ready        |   9|          2|    1|          2|
    |ap_sync_reg_SobelFilter_entry3_U0_ap_ready  |   9|          2|    1|          2|
    +--------------------------------------------+----+-----------+-----+-----------+
    |Total                                       |  36|          8|    6|         12|
    +--------------------------------------------+----+-----------+-----+-----------+

    * Register: 
    +--------------------------------------------+---+----+-----+-----------+
    |                    Name                    | FF| LUT| Bits| Const Bits|
    +--------------------------------------------+---+----+-----+-----------+
    |AXIvideo2Mat_U0_ap_ready_count              |  2|   0|    2|          0|
    |SobelFilter_entry3_U0_ap_ready_count        |  2|   0|    2|          0|
    |ap_sync_reg_AXIvideo2Mat_U0_ap_ready        |  1|   0|    1|          0|
    |ap_sync_reg_SobelFilter_entry3_U0_ap_ready  |  1|   0|    1|          0|
    +--------------------------------------------+---+----+-----+-----------+
    |Total                                       |  6|   0|    6|          0|
    +--------------------------------------------+---+----+-----+-----------+



================================================================
== Interface
================================================================
* Summary: 
+----------------------+-----+-----+------------+------------------------+--------------+
|       RTL Ports      | Dir | Bits|  Protocol  |      Source Object     |    C Type    |
+----------------------+-----+-----+------------+------------------------+--------------+
|INPUT_STREAM_TDATA    |  in |   24|    axis    |  INPUT_STREAM_V_data_V |    pointer   |
|INPUT_STREAM_TKEEP    |  in |    3|    axis    |  INPUT_STREAM_V_keep_V |    pointer   |
|INPUT_STREAM_TSTRB    |  in |    3|    axis    |  INPUT_STREAM_V_strb_V |    pointer   |
|INPUT_STREAM_TUSER    |  in |    1|    axis    |  INPUT_STREAM_V_user_V |    pointer   |
|INPUT_STREAM_TLAST    |  in |    1|    axis    |  INPUT_STREAM_V_last_V |    pointer   |
|INPUT_STREAM_TID      |  in |    1|    axis    |   INPUT_STREAM_V_id_V  |    pointer   |
|INPUT_STREAM_TDEST    |  in |    1|    axis    |  INPUT_STREAM_V_dest_V |    pointer   |
|INPUT_STREAM_TVALID   |  in |    1|    axis    |  INPUT_STREAM_V_dest_V |    pointer   |
|INPUT_STREAM_TREADY   | out |    1|    axis    |  INPUT_STREAM_V_dest_V |    pointer   |
|OUTPUT_STREAM_TDATA   | out |   24|    axis    | OUTPUT_STREAM_V_data_V |    pointer   |
|OUTPUT_STREAM_TKEEP   | out |    3|    axis    | OUTPUT_STREAM_V_keep_V |    pointer   |
|OUTPUT_STREAM_TSTRB   | out |    3|    axis    | OUTPUT_STREAM_V_strb_V |    pointer   |
|OUTPUT_STREAM_TUSER   | out |    1|    axis    | OUTPUT_STREAM_V_user_V |    pointer   |
|OUTPUT_STREAM_TLAST   | out |    1|    axis    | OUTPUT_STREAM_V_last_V |    pointer   |
|OUTPUT_STREAM_TID     | out |    1|    axis    |  OUTPUT_STREAM_V_id_V  |    pointer   |
|OUTPUT_STREAM_TDEST   | out |    1|    axis    | OUTPUT_STREAM_V_dest_V |    pointer   |
|OUTPUT_STREAM_TVALID  | out |    1|    axis    | OUTPUT_STREAM_V_dest_V |    pointer   |
|OUTPUT_STREAM_TREADY  |  in |    1|    axis    | OUTPUT_STREAM_V_dest_V |    pointer   |
|Enabled_V             |  in |    1|   ap_none  |        Enabled_V       |    scalar    |
|ap_clk                |  in |    1| ap_ctrl_hs |       SobelFilter      | return value |
|ap_rst_n              |  in |    1| ap_ctrl_hs |       SobelFilter      | return value |
|ap_done               | out |    1| ap_ctrl_hs |       SobelFilter      | return value |
|ap_start              |  in |    1| ap_ctrl_hs |       SobelFilter      | return value |
|ap_ready              | out |    1| ap_ctrl_hs |       SobelFilter      | return value |
|ap_idle               | out |    1| ap_ctrl_hs |       SobelFilter      | return value |
+----------------------+-----+-----+------------+------------------------+--------------+

