

================================================================
== Vivado HLS Report for 'arithm_pro'
================================================================
* Date:           Sat Dec 15 17:02:20 2018

* Version:        2018.2 (Build 2258646 on Thu Jun 14 20:25:20 MDT 2018)
* Project:        SobelNewVivado
* Solution:       solution1
* Product family: artix7
* Target device:  xc7a200tsbg484-1


================================================================
== Performance Estimates
================================================================
+ Timing (ns): 
    * Summary: 
    +--------+-------+----------+------------+
    |  Clock | Target| Estimated| Uncertainty|
    +--------+-------+----------+------------+
    |ap_clk  |  10.00|     8.483|        1.25|
    +--------+-------+----------+------------+

+ Latency (clock cycles): 
    * Summary: 
    +---------+---------+---------+---------+---------+
    |      Latency      |      Interval     | Pipeline|
    |   min   |   max   |   min   |   max   |   Type  |
    +---------+---------+---------+---------+---------+
    |  2108161|  2108161|  2108161|  2108161|   none  |
    +---------+---------+---------+---------+---------+

    + Detail: 
        * Instance: 
        N/A

        * Loop: 
        +---------------+---------+---------+----------+-----------+-----------+------+----------+
        |               |      Latency      | Iteration|  Initiation Interval  | Trip |          |
        |   Loop Name   |   min   |   max   |  Latency |  achieved |   target  | Count| Pipelined|
        +---------------+---------+---------+----------+-----------+-----------+------+----------+
        |- loop_height  |  2108160|  2108160|      1952|          -|          -|  1080|    no    |
        | + loop_width  |     1949|     1949|        31|          1|          1|  1920|    yes   |
        +---------------+---------+---------+----------+-----------+-----------+------+----------+

============================================================
+ Verbose Summary: Synthesis Manager
============================================================
InlineROM: 1
ExposeGlobal: 0
============================================================
+ Verbose Summary: CDFG Model
============================================================
IsTopModel: 0
ResetActiveHigh: 1
IsCombinational: 0
IsDatapathOnly: 0
HasWiredReturn: 1
HasMFsm: 0
HasVarLatency: 1
IsPipeline: 0
IsRtlPipelined: 0
IsInstanceOverlapped: 0
IsDontTouch: 0
HasImplIP: 0
IsGatedGlobalClock: 0

+ Individual pipeline summary: 
  * Pipeline-0: initiation interval (II) = 1, depth = 31


============================================================
+ Verbose Summary: Schedule
============================================================
* Number of FSM states : 34
* Pipeline : 1
  Pipeline-0 : II = 1, D = 31, States = { 3 4 5 6 7 8 9 10 11 12 13 14 15 16 17 18 19 20 21 22 23 24 25 26 27 28 29 30 31 32 33 }
* Dataflow Pipeline: 0

* FSM state transitions: 
1 --> 
	2  / true
2 --> 
	3  / (!exitcond4)
3 --> 
	34  / (exitcond)
	4  / (!exitcond)
4 --> 
	5  / true
5 --> 
	6  / true
6 --> 
	7  / true
7 --> 
	8  / true
8 --> 
	9  / true
9 --> 
	10  / true
10 --> 
	11  / true
11 --> 
	12  / true
12 --> 
	13  / true
13 --> 
	14  / true
14 --> 
	15  / true
15 --> 
	16  / true
16 --> 
	17  / true
17 --> 
	18  / true
18 --> 
	19  / true
19 --> 
	20  / true
20 --> 
	21  / true
21 --> 
	22  / true
22 --> 
	23  / true
23 --> 
	24  / true
24 --> 
	25  / true
25 --> 
	26  / true
26 --> 
	27  / true
27 --> 
	28  / true
28 --> 
	29  / true
29 --> 
	30  / true
30 --> 
	31  / true
31 --> 
	32  / true
32 --> 
	33  / true
33 --> 
	3  / true
34 --> 
	2  / true

* FSM state operations: 

State 1 <SV = 0> <Delay = 1.66>
ST_1 : Operation 35 [1/1] (0.00ns)   --->   "call void (...)* @_ssdm_op_SpecInterface(i8* %src2_data_stream_0_V, [8 x i8]* @ap_fifo_str, i32 0, i32 0, [1 x i8]* @p_str396, i32 0, i32 0, [1 x i8]* @p_str397, [1 x i8]* @p_str398, [1 x i8]* @p_str399, i32 2, i32 2, i32 16, i32 16, [1 x i8]* @p_str400, [1 x i8]* @p_str401)"   --->   Operation 35 'specinterface' <Predicate = true> <Delay = 0.00>
ST_1 : Operation 36 [1/1] (0.00ns)   --->   "call void (...)* @_ssdm_op_SpecInterface(i8* %src2_data_stream_1_V, [8 x i8]* @ap_fifo_str, i32 0, i32 0, [1 x i8]* @p_str403, i32 0, i32 0, [1 x i8]* @p_str404, [1 x i8]* @p_str405, [1 x i8]* @p_str406, i32 2, i32 2, i32 16, i32 16, [1 x i8]* @p_str407, [1 x i8]* @p_str408)"   --->   Operation 36 'specinterface' <Predicate = true> <Delay = 0.00>
ST_1 : Operation 37 [1/1] (0.00ns)   --->   "call void (...)* @_ssdm_op_SpecInterface(i8* %src2_data_stream_2_V, [8 x i8]* @ap_fifo_str, i32 0, i32 0, [1 x i8]* @p_str410, i32 0, i32 0, [1 x i8]* @p_str411, [1 x i8]* @p_str412, [1 x i8]* @p_str413, i32 2, i32 2, i32 16, i32 16, [1 x i8]* @p_str414, [1 x i8]* @p_str415)"   --->   Operation 37 'specinterface' <Predicate = true> <Delay = 0.00>
ST_1 : Operation 38 [1/1] (0.00ns)   --->   "call void (...)* @_ssdm_op_SpecInterface(i8* %src1_data_stream_0_V, [8 x i8]* @ap_fifo_str, i32 0, i32 0, [1 x i8]* @p_str417, i32 0, i32 0, [1 x i8]* @p_str418, [1 x i8]* @p_str419, [1 x i8]* @p_str420, i32 2, i32 2, i32 16, i32 16, [1 x i8]* @p_str421, [1 x i8]* @p_str422)"   --->   Operation 38 'specinterface' <Predicate = true> <Delay = 0.00>
ST_1 : Operation 39 [1/1] (0.00ns)   --->   "call void (...)* @_ssdm_op_SpecInterface(i8* %src1_data_stream_1_V, [8 x i8]* @ap_fifo_str, i32 0, i32 0, [1 x i8]* @p_str424, i32 0, i32 0, [1 x i8]* @p_str425, [1 x i8]* @p_str426, [1 x i8]* @p_str427, i32 2, i32 2, i32 16, i32 16, [1 x i8]* @p_str428, [1 x i8]* @p_str429)"   --->   Operation 39 'specinterface' <Predicate = true> <Delay = 0.00>
ST_1 : Operation 40 [1/1] (0.00ns)   --->   "call void (...)* @_ssdm_op_SpecInterface(i8* %src1_data_stream_2_V, [8 x i8]* @ap_fifo_str, i32 0, i32 0, [1 x i8]* @p_str431, i32 0, i32 0, [1 x i8]* @p_str432, [1 x i8]* @p_str433, [1 x i8]* @p_str434, i32 2, i32 2, i32 16, i32 16, [1 x i8]* @p_str435, [1 x i8]* @p_str436)"   --->   Operation 40 'specinterface' <Predicate = true> <Delay = 0.00>
ST_1 : Operation 41 [1/1] (0.00ns)   --->   "call void (...)* @_ssdm_op_SpecInterface(i8* %dst_data_stream_0_V, [8 x i8]* @ap_fifo_str, i32 0, i32 0, [1 x i8]* @p_str438, i32 0, i32 0, [1 x i8]* @p_str439, [1 x i8]* @p_str440, [1 x i8]* @p_str441, i32 2, i32 2, i32 16, i32 16, [1 x i8]* @p_str442, [1 x i8]* @p_str443)"   --->   Operation 41 'specinterface' <Predicate = true> <Delay = 0.00>
ST_1 : Operation 42 [1/1] (0.00ns)   --->   "call void (...)* @_ssdm_op_SpecInterface(i8* %dst_data_stream_1_V, [8 x i8]* @ap_fifo_str, i32 0, i32 0, [1 x i8]* @p_str445, i32 0, i32 0, [1 x i8]* @p_str446, [1 x i8]* @p_str447, [1 x i8]* @p_str448, i32 2, i32 2, i32 16, i32 16, [1 x i8]* @p_str449, [1 x i8]* @p_str450)"   --->   Operation 42 'specinterface' <Predicate = true> <Delay = 0.00>
ST_1 : Operation 43 [1/1] (0.00ns)   --->   "call void (...)* @_ssdm_op_SpecInterface(i8* %dst_data_stream_2_V, [8 x i8]* @ap_fifo_str, i32 0, i32 0, [1 x i8]* @p_str452, i32 0, i32 0, [1 x i8]* @p_str453, [1 x i8]* @p_str454, [1 x i8]* @p_str455, i32 2, i32 2, i32 16, i32 16, [1 x i8]* @p_str456, [1 x i8]* @p_str457)"   --->   Operation 43 'specinterface' <Predicate = true> <Delay = 0.00>
ST_1 : Operation 44 [1/1] (1.66ns)   --->   "br label %0" [C:/Xilinx/Vivado/2018.2/common/technology/autopilot/hls/hls_video_arithm.h:354]   --->   Operation 44 'br' <Predicate = true> <Delay = 1.66>

State 2 <SV = 1> <Delay = 2.79>
ST_2 : Operation 45 [1/1] (0.00ns)   --->   "%t_V = phi i11 [ 0, %._crit_edge ], [ %i_V, %3 ]"   --->   Operation 45 'phi' 't_V' <Predicate = true> <Delay = 0.00>
ST_2 : Operation 46 [1/1] (1.81ns)   --->   "%exitcond4 = icmp eq i11 %t_V, -968" [C:/Xilinx/Vivado/2018.2/common/technology/autopilot/hls/hls_video_arithm.h:354]   --->   Operation 46 'icmp' 'exitcond4' <Predicate = true> <Delay = 1.81> <Core = "Cmp">   --->   Core 25 'Cmp' <Latency = 0> <II = 1> <Delay = 1.81> <FuncUnit> <Opcode : 'icmp'> <InPorts = 2> <OutPorts = 1>
ST_2 : Operation 47 [1/1] (0.00ns)   --->   "call void (...)* @_ssdm_op_SpecLoopTripCount(i64 1080, i64 1080, i64 0)"   --->   Operation 47 'speclooptripcount' <Predicate = true> <Delay = 0.00>
ST_2 : Operation 48 [1/1] (2.12ns)   --->   "%i_V = add i11 %t_V, 1" [C:/Xilinx/Vivado/2018.2/common/technology/autopilot/hls/hls_video_arithm.h:354]   --->   Operation 48 'add' 'i_V' <Predicate = true> <Delay = 2.12> <Core = "AddSub">   --->   Core 14 'AddSub' <Latency = 0> <II = 1> <Delay = 2.12> <FuncUnit> <Opcode : 'add' 'sub'> <InPorts = 2> <OutPorts = 1>
ST_2 : Operation 49 [1/1] (0.00ns)   --->   "br i1 %exitcond4, label %4, label %1" [C:/Xilinx/Vivado/2018.2/common/technology/autopilot/hls/hls_video_arithm.h:354]   --->   Operation 49 'br' <Predicate = true> <Delay = 0.00>
ST_2 : Operation 50 [1/1] (0.00ns)   --->   "call void (...)* @_ssdm_op_SpecLoopName([12 x i8]* @p_str8) nounwind" [C:/Xilinx/Vivado/2018.2/common/technology/autopilot/hls/hls_video_arithm.h:354]   --->   Operation 50 'specloopname' <Predicate = (!exitcond4)> <Delay = 0.00>
ST_2 : Operation 51 [1/1] (0.00ns)   --->   "%tmp = call i32 (...)* @_ssdm_op_SpecRegionBegin([12 x i8]* @p_str8)" [C:/Xilinx/Vivado/2018.2/common/technology/autopilot/hls/hls_video_arithm.h:354]   --->   Operation 51 'specregionbegin' 'tmp' <Predicate = (!exitcond4)> <Delay = 0.00>
ST_2 : Operation 52 [1/1] (1.66ns)   --->   "br label %2" [C:/Xilinx/Vivado/2018.2/common/technology/autopilot/hls/hls_video_arithm.h:355]   --->   Operation 52 'br' <Predicate = (!exitcond4)> <Delay = 1.66>
ST_2 : Operation 53 [1/1] (0.00ns)   --->   "ret void" [C:/Xilinx/Vivado/2018.2/common/technology/autopilot/hls/hls_video_arithm.h:366]   --->   Operation 53 'ret' <Predicate = (exitcond4)> <Delay = 0.00>

State 3 <SV = 2> <Delay = 2.12>
ST_3 : Operation 54 [1/1] (0.00ns)   --->   "%t_V_1 = phi i11 [ 0, %1 ], [ %j_V, %"operator>>.exit22" ]"   --->   Operation 54 'phi' 't_V_1' <Predicate = true> <Delay = 0.00>
ST_3 : Operation 55 [1/1] (1.81ns)   --->   "%exitcond = icmp eq i11 %t_V_1, -128" [C:/Xilinx/Vivado/2018.2/common/technology/autopilot/hls/hls_video_arithm.h:355]   --->   Operation 55 'icmp' 'exitcond' <Predicate = true> <Delay = 1.81> <Core = "Cmp">   --->   Core 25 'Cmp' <Latency = 0> <II = 1> <Delay = 1.81> <FuncUnit> <Opcode : 'icmp'> <InPorts = 2> <OutPorts = 1>
ST_3 : Operation 56 [1/1] (0.00ns)   --->   "call void (...)* @_ssdm_op_SpecLoopTripCount(i64 1920, i64 1920, i64 0)"   --->   Operation 56 'speclooptripcount' <Predicate = true> <Delay = 0.00>
ST_3 : Operation 57 [1/1] (2.12ns)   --->   "%j_V = add i11 %t_V_1, 1" [C:/Xilinx/Vivado/2018.2/common/technology/autopilot/hls/hls_video_arithm.h:355]   --->   Operation 57 'add' 'j_V' <Predicate = true> <Delay = 2.12> <Core = "AddSub">   --->   Core 14 'AddSub' <Latency = 0> <II = 1> <Delay = 2.12> <FuncUnit> <Opcode : 'add' 'sub'> <InPorts = 2> <OutPorts = 1>
ST_3 : Operation 58 [1/1] (0.00ns)   --->   "br i1 %exitcond, label %3, label %"operator>>.exit22"" [C:/Xilinx/Vivado/2018.2/common/technology/autopilot/hls/hls_video_arithm.h:355]   --->   Operation 58 'br' <Predicate = true> <Delay = 0.00>

State 4 <SV = 3> <Delay = 3.90>
ST_4 : Operation 59 [1/1] (0.00ns)   --->   "%tmp_5 = call i32 (...)* @_ssdm_op_SpecRegionBegin([12 x i8]* @p_str13)" [C:/Xilinx/Vivado/2018.2/common/technology/autopilot/hls/hls_video_core.h:617->C:/Xilinx/Vivado/2018.2/common/technology/autopilot/hls/hls_video_core.h:656->C:/Xilinx/Vivado/2018.2/common/technology/autopilot/hls/hls_video_arithm.h:358]   --->   Operation 59 'specregionbegin' 'tmp_5' <Predicate = (!exitcond)> <Delay = 0.00>
ST_4 : Operation 60 [1/1] (0.00ns)   --->   "call void (...)* @_ssdm_op_SpecProtocol(i32 0, [1 x i8]* @p_str3) nounwind" [C:/Xilinx/Vivado/2018.2/common/technology/autopilot/hls/hls_video_core.h:621->C:/Xilinx/Vivado/2018.2/common/technology/autopilot/hls/hls_video_core.h:656->C:/Xilinx/Vivado/2018.2/common/technology/autopilot/hls/hls_video_arithm.h:358]   --->   Operation 60 'specprotocol' <Predicate = (!exitcond)> <Delay = 0.00>
ST_4 : Operation 61 [1/1] (3.90ns)   --->   "%tmp_46 = call i8 @_ssdm_op_Read.ap_fifo.volatile.i8P(i8* %src1_data_stream_0_V)" [C:/Xilinx/Vivado/2018.2/common/technology/autopilot/hls/hls_video_core.h:624->C:/Xilinx/Vivado/2018.2/common/technology/autopilot/hls/hls_video_core.h:656->C:/Xilinx/Vivado/2018.2/common/technology/autopilot/hls/hls_video_arithm.h:358]   --->   Operation 61 'read' 'tmp_46' <Predicate = (!exitcond)> <Delay = 3.90> <Core = "FIFO">   --->   Core 32 'FIFO' <Latency = 0> <II = 1> <Delay = 3.90> <Storage> <Opcode : 'read' 'write' 'nbread' 'nbwrite'> <Ports = 0> <Width = 8> <Depth = 2> <FIFO>
ST_4 : Operation 62 [1/1] (3.90ns)   --->   "%tmp_47 = call i8 @_ssdm_op_Read.ap_fifo.volatile.i8P(i8* %src1_data_stream_1_V)" [C:/Xilinx/Vivado/2018.2/common/technology/autopilot/hls/hls_video_core.h:624->C:/Xilinx/Vivado/2018.2/common/technology/autopilot/hls/hls_video_core.h:656->C:/Xilinx/Vivado/2018.2/common/technology/autopilot/hls/hls_video_arithm.h:358]   --->   Operation 62 'read' 'tmp_47' <Predicate = (!exitcond)> <Delay = 3.90> <Core = "FIFO">   --->   Core 32 'FIFO' <Latency = 0> <II = 1> <Delay = 3.90> <Storage> <Opcode : 'read' 'write' 'nbread' 'nbwrite'> <Ports = 0> <Width = 8> <Depth = 2> <FIFO>
ST_4 : Operation 63 [1/1] (3.90ns)   --->   "%tmp_48 = call i8 @_ssdm_op_Read.ap_fifo.volatile.i8P(i8* %src1_data_stream_2_V)" [C:/Xilinx/Vivado/2018.2/common/technology/autopilot/hls/hls_video_core.h:624->C:/Xilinx/Vivado/2018.2/common/technology/autopilot/hls/hls_video_core.h:656->C:/Xilinx/Vivado/2018.2/common/technology/autopilot/hls/hls_video_arithm.h:358]   --->   Operation 63 'read' 'tmp_48' <Predicate = (!exitcond)> <Delay = 3.90> <Core = "FIFO">   --->   Core 32 'FIFO' <Latency = 0> <II = 1> <Delay = 3.90> <Storage> <Opcode : 'read' 'write' 'nbread' 'nbwrite'> <Ports = 0> <Width = 8> <Depth = 2> <FIFO>
ST_4 : Operation 64 [1/1] (0.00ns)   --->   "%empty = call i32 (...)* @_ssdm_op_SpecRegionEnd([12 x i8]* @p_str13, i32 %tmp_5)" [C:/Xilinx/Vivado/2018.2/common/technology/autopilot/hls/hls_video_core.h:626->C:/Xilinx/Vivado/2018.2/common/technology/autopilot/hls/hls_video_core.h:656->C:/Xilinx/Vivado/2018.2/common/technology/autopilot/hls/hls_video_arithm.h:358]   --->   Operation 64 'specregionend' 'empty' <Predicate = (!exitcond)> <Delay = 0.00>
ST_4 : Operation 65 [1/1] (0.00ns)   --->   "%tmp_6 = call i32 (...)* @_ssdm_op_SpecRegionBegin([12 x i8]* @p_str13)" [C:/Xilinx/Vivado/2018.2/common/technology/autopilot/hls/hls_video_core.h:617->C:/Xilinx/Vivado/2018.2/common/technology/autopilot/hls/hls_video_core.h:656->C:/Xilinx/Vivado/2018.2/common/technology/autopilot/hls/hls_video_arithm.h:359]   --->   Operation 65 'specregionbegin' 'tmp_6' <Predicate = (!exitcond)> <Delay = 0.00>
ST_4 : Operation 66 [1/1] (0.00ns)   --->   "call void (...)* @_ssdm_op_SpecProtocol(i32 0, [1 x i8]* @p_str3) nounwind" [C:/Xilinx/Vivado/2018.2/common/technology/autopilot/hls/hls_video_core.h:621->C:/Xilinx/Vivado/2018.2/common/technology/autopilot/hls/hls_video_core.h:656->C:/Xilinx/Vivado/2018.2/common/technology/autopilot/hls/hls_video_arithm.h:359]   --->   Operation 66 'specprotocol' <Predicate = (!exitcond)> <Delay = 0.00>
ST_4 : Operation 67 [1/1] (3.90ns)   --->   "%tmp_49 = call i8 @_ssdm_op_Read.ap_fifo.volatile.i8P(i8* %src2_data_stream_0_V)" [C:/Xilinx/Vivado/2018.2/common/technology/autopilot/hls/hls_video_core.h:624->C:/Xilinx/Vivado/2018.2/common/technology/autopilot/hls/hls_video_core.h:656->C:/Xilinx/Vivado/2018.2/common/technology/autopilot/hls/hls_video_arithm.h:359]   --->   Operation 67 'read' 'tmp_49' <Predicate = (!exitcond)> <Delay = 3.90> <Core = "FIFO">   --->   Core 32 'FIFO' <Latency = 0> <II = 1> <Delay = 3.90> <Storage> <Opcode : 'read' 'write' 'nbread' 'nbwrite'> <Ports = 0> <Width = 8> <Depth = 2> <FIFO>
ST_4 : Operation 68 [1/1] (3.90ns)   --->   "%tmp_50 = call i8 @_ssdm_op_Read.ap_fifo.volatile.i8P(i8* %src2_data_stream_1_V)" [C:/Xilinx/Vivado/2018.2/common/technology/autopilot/hls/hls_video_core.h:624->C:/Xilinx/Vivado/2018.2/common/technology/autopilot/hls/hls_video_core.h:656->C:/Xilinx/Vivado/2018.2/common/technology/autopilot/hls/hls_video_arithm.h:359]   --->   Operation 68 'read' 'tmp_50' <Predicate = (!exitcond)> <Delay = 3.90> <Core = "FIFO">   --->   Core 32 'FIFO' <Latency = 0> <II = 1> <Delay = 3.90> <Storage> <Opcode : 'read' 'write' 'nbread' 'nbwrite'> <Ports = 0> <Width = 8> <Depth = 2> <FIFO>
ST_4 : Operation 69 [1/1] (3.90ns)   --->   "%tmp_51 = call i8 @_ssdm_op_Read.ap_fifo.volatile.i8P(i8* %src2_data_stream_2_V)" [C:/Xilinx/Vivado/2018.2/common/technology/autopilot/hls/hls_video_core.h:624->C:/Xilinx/Vivado/2018.2/common/technology/autopilot/hls/hls_video_core.h:656->C:/Xilinx/Vivado/2018.2/common/technology/autopilot/hls/hls_video_arithm.h:359]   --->   Operation 69 'read' 'tmp_51' <Predicate = (!exitcond)> <Delay = 3.90> <Core = "FIFO">   --->   Core 32 'FIFO' <Latency = 0> <II = 1> <Delay = 3.90> <Storage> <Opcode : 'read' 'write' 'nbread' 'nbwrite'> <Ports = 0> <Width = 8> <Depth = 2> <FIFO>
ST_4 : Operation 70 [1/1] (0.00ns)   --->   "%empty_19 = call i32 (...)* @_ssdm_op_SpecRegionEnd([12 x i8]* @p_str13, i32 %tmp_6)" [C:/Xilinx/Vivado/2018.2/common/technology/autopilot/hls/hls_video_core.h:626->C:/Xilinx/Vivado/2018.2/common/technology/autopilot/hls/hls_video_core.h:656->C:/Xilinx/Vivado/2018.2/common/technology/autopilot/hls/hls_video_arithm.h:359]   --->   Operation 70 'specregionend' 'empty_19' <Predicate = (!exitcond)> <Delay = 0.00>

State 5 <SV = 4> <Delay = 6.02>
ST_5 : Operation 71 [1/1] (0.00ns)   --->   "%tmp_s = zext i8 %tmp_46 to i32" [C:/Xilinx/Vivado/2018.2/common/technology/autopilot/hls/hls_video_arithm.h:276->C:/Xilinx/Vivado/2018.2/common/technology/autopilot/hls/hls_video_arithm.h:361]   --->   Operation 71 'zext' 'tmp_s' <Predicate = (!exitcond)> <Delay = 0.00>
ST_5 : Operation 72 [6/6] (6.02ns)   --->   "%tmp_27 = sitofp i32 %tmp_s to double" [C:/Xilinx/Vivado/2018.2/common/technology/autopilot/hls/hls_video_arithm.h:276->C:/Xilinx/Vivado/2018.2/common/technology/autopilot/hls/hls_video_arithm.h:361]   --->   Operation 72 'sitodp' 'tmp_27' <Predicate = (!exitcond)> <Delay = 6.02> <Core = "Int2Double">   --->   Core 116 'Int2Double' <Latency = 5> <II = 1> <Delay = 6.02> <FuncUnit> <Opcode : 'sitodp' 'uitodp'> <InPorts = 1> <OutPorts = 1>
ST_5 : Operation 73 [1/1] (0.00ns)   --->   "%tmp_28 = zext i8 %tmp_49 to i32" [C:/Xilinx/Vivado/2018.2/common/technology/autopilot/hls/hls_video_arithm.h:278->C:/Xilinx/Vivado/2018.2/common/technology/autopilot/hls/hls_video_arithm.h:361]   --->   Operation 73 'zext' 'tmp_28' <Predicate = (!exitcond)> <Delay = 0.00>
ST_5 : Operation 74 [6/6] (6.02ns)   --->   "%tmp_29 = sitofp i32 %tmp_28 to double" [C:/Xilinx/Vivado/2018.2/common/technology/autopilot/hls/hls_video_arithm.h:278->C:/Xilinx/Vivado/2018.2/common/technology/autopilot/hls/hls_video_arithm.h:361]   --->   Operation 74 'sitodp' 'tmp_29' <Predicate = (!exitcond)> <Delay = 6.02> <Core = "Int2Double">   --->   Core 116 'Int2Double' <Latency = 5> <II = 1> <Delay = 6.02> <FuncUnit> <Opcode : 'sitodp' 'uitodp'> <InPorts = 1> <OutPorts = 1>
ST_5 : Operation 75 [1/1] (0.00ns)   --->   "%tmp_296_1 = zext i8 %tmp_47 to i32" [C:/Xilinx/Vivado/2018.2/common/technology/autopilot/hls/hls_video_arithm.h:276->C:/Xilinx/Vivado/2018.2/common/technology/autopilot/hls/hls_video_arithm.h:361]   --->   Operation 75 'zext' 'tmp_296_1' <Predicate = (!exitcond)> <Delay = 0.00>
ST_5 : Operation 76 [6/6] (6.02ns)   --->   "%tmp_297_1 = sitofp i32 %tmp_296_1 to double" [C:/Xilinx/Vivado/2018.2/common/technology/autopilot/hls/hls_video_arithm.h:276->C:/Xilinx/Vivado/2018.2/common/technology/autopilot/hls/hls_video_arithm.h:361]   --->   Operation 76 'sitodp' 'tmp_297_1' <Predicate = (!exitcond)> <Delay = 6.02> <Core = "Int2Double">   --->   Core 116 'Int2Double' <Latency = 5> <II = 1> <Delay = 6.02> <FuncUnit> <Opcode : 'sitodp' 'uitodp'> <InPorts = 1> <OutPorts = 1>
ST_5 : Operation 77 [1/1] (0.00ns)   --->   "%tmp_298_1 = zext i8 %tmp_50 to i32" [C:/Xilinx/Vivado/2018.2/common/technology/autopilot/hls/hls_video_arithm.h:278->C:/Xilinx/Vivado/2018.2/common/technology/autopilot/hls/hls_video_arithm.h:361]   --->   Operation 77 'zext' 'tmp_298_1' <Predicate = (!exitcond)> <Delay = 0.00>
ST_5 : Operation 78 [6/6] (6.02ns)   --->   "%tmp_299_1 = sitofp i32 %tmp_298_1 to double" [C:/Xilinx/Vivado/2018.2/common/technology/autopilot/hls/hls_video_arithm.h:278->C:/Xilinx/Vivado/2018.2/common/technology/autopilot/hls/hls_video_arithm.h:361]   --->   Operation 78 'sitodp' 'tmp_299_1' <Predicate = (!exitcond)> <Delay = 6.02> <Core = "Int2Double">   --->   Core 116 'Int2Double' <Latency = 5> <II = 1> <Delay = 6.02> <FuncUnit> <Opcode : 'sitodp' 'uitodp'> <InPorts = 1> <OutPorts = 1>
ST_5 : Operation 79 [1/1] (0.00ns)   --->   "%tmp_296_2 = zext i8 %tmp_48 to i32" [C:/Xilinx/Vivado/2018.2/common/technology/autopilot/hls/hls_video_arithm.h:276->C:/Xilinx/Vivado/2018.2/common/technology/autopilot/hls/hls_video_arithm.h:361]   --->   Operation 79 'zext' 'tmp_296_2' <Predicate = (!exitcond)> <Delay = 0.00>
ST_5 : Operation 80 [6/6] (6.02ns)   --->   "%tmp_297_2 = sitofp i32 %tmp_296_2 to double" [C:/Xilinx/Vivado/2018.2/common/technology/autopilot/hls/hls_video_arithm.h:276->C:/Xilinx/Vivado/2018.2/common/technology/autopilot/hls/hls_video_arithm.h:361]   --->   Operation 80 'sitodp' 'tmp_297_2' <Predicate = (!exitcond)> <Delay = 6.02> <Core = "Int2Double">   --->   Core 116 'Int2Double' <Latency = 5> <II = 1> <Delay = 6.02> <FuncUnit> <Opcode : 'sitodp' 'uitodp'> <InPorts = 1> <OutPorts = 1>
ST_5 : Operation 81 [1/1] (0.00ns)   --->   "%tmp_298_2 = zext i8 %tmp_51 to i32" [C:/Xilinx/Vivado/2018.2/common/technology/autopilot/hls/hls_video_arithm.h:278->C:/Xilinx/Vivado/2018.2/common/technology/autopilot/hls/hls_video_arithm.h:361]   --->   Operation 81 'zext' 'tmp_298_2' <Predicate = (!exitcond)> <Delay = 0.00>
ST_5 : Operation 82 [6/6] (6.02ns)   --->   "%tmp_299_2 = sitofp i32 %tmp_298_2 to double" [C:/Xilinx/Vivado/2018.2/common/technology/autopilot/hls/hls_video_arithm.h:278->C:/Xilinx/Vivado/2018.2/common/technology/autopilot/hls/hls_video_arithm.h:361]   --->   Operation 82 'sitodp' 'tmp_299_2' <Predicate = (!exitcond)> <Delay = 6.02> <Core = "Int2Double">   --->   Core 116 'Int2Double' <Latency = 5> <II = 1> <Delay = 6.02> <FuncUnit> <Opcode : 'sitodp' 'uitodp'> <InPorts = 1> <OutPorts = 1>

State 6 <SV = 5> <Delay = 6.02>
ST_6 : Operation 83 [5/6] (6.02ns)   --->   "%tmp_27 = sitofp i32 %tmp_s to double" [C:/Xilinx/Vivado/2018.2/common/technology/autopilot/hls/hls_video_arithm.h:276->C:/Xilinx/Vivado/2018.2/common/technology/autopilot/hls/hls_video_arithm.h:361]   --->   Operation 83 'sitodp' 'tmp_27' <Predicate = (!exitcond)> <Delay = 6.02> <Core = "Int2Double">   --->   Core 116 'Int2Double' <Latency = 5> <II = 1> <Delay = 6.02> <FuncUnit> <Opcode : 'sitodp' 'uitodp'> <InPorts = 1> <OutPorts = 1>
ST_6 : Operation 84 [5/6] (6.02ns)   --->   "%tmp_29 = sitofp i32 %tmp_28 to double" [C:/Xilinx/Vivado/2018.2/common/technology/autopilot/hls/hls_video_arithm.h:278->C:/Xilinx/Vivado/2018.2/common/technology/autopilot/hls/hls_video_arithm.h:361]   --->   Operation 84 'sitodp' 'tmp_29' <Predicate = (!exitcond)> <Delay = 6.02> <Core = "Int2Double">   --->   Core 116 'Int2Double' <Latency = 5> <II = 1> <Delay = 6.02> <FuncUnit> <Opcode : 'sitodp' 'uitodp'> <InPorts = 1> <OutPorts = 1>
ST_6 : Operation 85 [5/6] (6.02ns)   --->   "%tmp_297_1 = sitofp i32 %tmp_296_1 to double" [C:/Xilinx/Vivado/2018.2/common/technology/autopilot/hls/hls_video_arithm.h:276->C:/Xilinx/Vivado/2018.2/common/technology/autopilot/hls/hls_video_arithm.h:361]   --->   Operation 85 'sitodp' 'tmp_297_1' <Predicate = (!exitcond)> <Delay = 6.02> <Core = "Int2Double">   --->   Core 116 'Int2Double' <Latency = 5> <II = 1> <Delay = 6.02> <FuncUnit> <Opcode : 'sitodp' 'uitodp'> <InPorts = 1> <OutPorts = 1>
ST_6 : Operation 86 [5/6] (6.02ns)   --->   "%tmp_299_1 = sitofp i32 %tmp_298_1 to double" [C:/Xilinx/Vivado/2018.2/common/technology/autopilot/hls/hls_video_arithm.h:278->C:/Xilinx/Vivado/2018.2/common/technology/autopilot/hls/hls_video_arithm.h:361]   --->   Operation 86 'sitodp' 'tmp_299_1' <Predicate = (!exitcond)> <Delay = 6.02> <Core = "Int2Double">   --->   Core 116 'Int2Double' <Latency = 5> <II = 1> <Delay = 6.02> <FuncUnit> <Opcode : 'sitodp' 'uitodp'> <InPorts = 1> <OutPorts = 1>
ST_6 : Operation 87 [5/6] (6.02ns)   --->   "%tmp_297_2 = sitofp i32 %tmp_296_2 to double" [C:/Xilinx/Vivado/2018.2/common/technology/autopilot/hls/hls_video_arithm.h:276->C:/Xilinx/Vivado/2018.2/common/technology/autopilot/hls/hls_video_arithm.h:361]   --->   Operation 87 'sitodp' 'tmp_297_2' <Predicate = (!exitcond)> <Delay = 6.02> <Core = "Int2Double">   --->   Core 116 'Int2Double' <Latency = 5> <II = 1> <Delay = 6.02> <FuncUnit> <Opcode : 'sitodp' 'uitodp'> <InPorts = 1> <OutPorts = 1>
ST_6 : Operation 88 [5/6] (6.02ns)   --->   "%tmp_299_2 = sitofp i32 %tmp_298_2 to double" [C:/Xilinx/Vivado/2018.2/common/technology/autopilot/hls/hls_video_arithm.h:278->C:/Xilinx/Vivado/2018.2/common/technology/autopilot/hls/hls_video_arithm.h:361]   --->   Operation 88 'sitodp' 'tmp_299_2' <Predicate = (!exitcond)> <Delay = 6.02> <Core = "Int2Double">   --->   Core 116 'Int2Double' <Latency = 5> <II = 1> <Delay = 6.02> <FuncUnit> <Opcode : 'sitodp' 'uitodp'> <InPorts = 1> <OutPorts = 1>

State 7 <SV = 6> <Delay = 6.02>
ST_7 : Operation 89 [4/6] (6.02ns)   --->   "%tmp_27 = sitofp i32 %tmp_s to double" [C:/Xilinx/Vivado/2018.2/common/technology/autopilot/hls/hls_video_arithm.h:276->C:/Xilinx/Vivado/2018.2/common/technology/autopilot/hls/hls_video_arithm.h:361]   --->   Operation 89 'sitodp' 'tmp_27' <Predicate = (!exitcond)> <Delay = 6.02> <Core = "Int2Double">   --->   Core 116 'Int2Double' <Latency = 5> <II = 1> <Delay = 6.02> <FuncUnit> <Opcode : 'sitodp' 'uitodp'> <InPorts = 1> <OutPorts = 1>
ST_7 : Operation 90 [4/6] (6.02ns)   --->   "%tmp_29 = sitofp i32 %tmp_28 to double" [C:/Xilinx/Vivado/2018.2/common/technology/autopilot/hls/hls_video_arithm.h:278->C:/Xilinx/Vivado/2018.2/common/technology/autopilot/hls/hls_video_arithm.h:361]   --->   Operation 90 'sitodp' 'tmp_29' <Predicate = (!exitcond)> <Delay = 6.02> <Core = "Int2Double">   --->   Core 116 'Int2Double' <Latency = 5> <II = 1> <Delay = 6.02> <FuncUnit> <Opcode : 'sitodp' 'uitodp'> <InPorts = 1> <OutPorts = 1>
ST_7 : Operation 91 [4/6] (6.02ns)   --->   "%tmp_297_1 = sitofp i32 %tmp_296_1 to double" [C:/Xilinx/Vivado/2018.2/common/technology/autopilot/hls/hls_video_arithm.h:276->C:/Xilinx/Vivado/2018.2/common/technology/autopilot/hls/hls_video_arithm.h:361]   --->   Operation 91 'sitodp' 'tmp_297_1' <Predicate = (!exitcond)> <Delay = 6.02> <Core = "Int2Double">   --->   Core 116 'Int2Double' <Latency = 5> <II = 1> <Delay = 6.02> <FuncUnit> <Opcode : 'sitodp' 'uitodp'> <InPorts = 1> <OutPorts = 1>
ST_7 : Operation 92 [4/6] (6.02ns)   --->   "%tmp_299_1 = sitofp i32 %tmp_298_1 to double" [C:/Xilinx/Vivado/2018.2/common/technology/autopilot/hls/hls_video_arithm.h:278->C:/Xilinx/Vivado/2018.2/common/technology/autopilot/hls/hls_video_arithm.h:361]   --->   Operation 92 'sitodp' 'tmp_299_1' <Predicate = (!exitcond)> <Delay = 6.02> <Core = "Int2Double">   --->   Core 116 'Int2Double' <Latency = 5> <II = 1> <Delay = 6.02> <FuncUnit> <Opcode : 'sitodp' 'uitodp'> <InPorts = 1> <OutPorts = 1>
ST_7 : Operation 93 [4/6] (6.02ns)   --->   "%tmp_297_2 = sitofp i32 %tmp_296_2 to double" [C:/Xilinx/Vivado/2018.2/common/technology/autopilot/hls/hls_video_arithm.h:276->C:/Xilinx/Vivado/2018.2/common/technology/autopilot/hls/hls_video_arithm.h:361]   --->   Operation 93 'sitodp' 'tmp_297_2' <Predicate = (!exitcond)> <Delay = 6.02> <Core = "Int2Double">   --->   Core 116 'Int2Double' <Latency = 5> <II = 1> <Delay = 6.02> <FuncUnit> <Opcode : 'sitodp' 'uitodp'> <InPorts = 1> <OutPorts = 1>
ST_7 : Operation 94 [4/6] (6.02ns)   --->   "%tmp_299_2 = sitofp i32 %tmp_298_2 to double" [C:/Xilinx/Vivado/2018.2/common/technology/autopilot/hls/hls_video_arithm.h:278->C:/Xilinx/Vivado/2018.2/common/technology/autopilot/hls/hls_video_arithm.h:361]   --->   Operation 94 'sitodp' 'tmp_299_2' <Predicate = (!exitcond)> <Delay = 6.02> <Core = "Int2Double">   --->   Core 116 'Int2Double' <Latency = 5> <II = 1> <Delay = 6.02> <FuncUnit> <Opcode : 'sitodp' 'uitodp'> <InPorts = 1> <OutPorts = 1>

State 8 <SV = 7> <Delay = 6.02>
ST_8 : Operation 95 [3/6] (6.02ns)   --->   "%tmp_27 = sitofp i32 %tmp_s to double" [C:/Xilinx/Vivado/2018.2/common/technology/autopilot/hls/hls_video_arithm.h:276->C:/Xilinx/Vivado/2018.2/common/technology/autopilot/hls/hls_video_arithm.h:361]   --->   Operation 95 'sitodp' 'tmp_27' <Predicate = (!exitcond)> <Delay = 6.02> <Core = "Int2Double">   --->   Core 116 'Int2Double' <Latency = 5> <II = 1> <Delay = 6.02> <FuncUnit> <Opcode : 'sitodp' 'uitodp'> <InPorts = 1> <OutPorts = 1>
ST_8 : Operation 96 [3/6] (6.02ns)   --->   "%tmp_29 = sitofp i32 %tmp_28 to double" [C:/Xilinx/Vivado/2018.2/common/technology/autopilot/hls/hls_video_arithm.h:278->C:/Xilinx/Vivado/2018.2/common/technology/autopilot/hls/hls_video_arithm.h:361]   --->   Operation 96 'sitodp' 'tmp_29' <Predicate = (!exitcond)> <Delay = 6.02> <Core = "Int2Double">   --->   Core 116 'Int2Double' <Latency = 5> <II = 1> <Delay = 6.02> <FuncUnit> <Opcode : 'sitodp' 'uitodp'> <InPorts = 1> <OutPorts = 1>
ST_8 : Operation 97 [3/6] (6.02ns)   --->   "%tmp_297_1 = sitofp i32 %tmp_296_1 to double" [C:/Xilinx/Vivado/2018.2/common/technology/autopilot/hls/hls_video_arithm.h:276->C:/Xilinx/Vivado/2018.2/common/technology/autopilot/hls/hls_video_arithm.h:361]   --->   Operation 97 'sitodp' 'tmp_297_1' <Predicate = (!exitcond)> <Delay = 6.02> <Core = "Int2Double">   --->   Core 116 'Int2Double' <Latency = 5> <II = 1> <Delay = 6.02> <FuncUnit> <Opcode : 'sitodp' 'uitodp'> <InPorts = 1> <OutPorts = 1>
ST_8 : Operation 98 [3/6] (6.02ns)   --->   "%tmp_299_1 = sitofp i32 %tmp_298_1 to double" [C:/Xilinx/Vivado/2018.2/common/technology/autopilot/hls/hls_video_arithm.h:278->C:/Xilinx/Vivado/2018.2/common/technology/autopilot/hls/hls_video_arithm.h:361]   --->   Operation 98 'sitodp' 'tmp_299_1' <Predicate = (!exitcond)> <Delay = 6.02> <Core = "Int2Double">   --->   Core 116 'Int2Double' <Latency = 5> <II = 1> <Delay = 6.02> <FuncUnit> <Opcode : 'sitodp' 'uitodp'> <InPorts = 1> <OutPorts = 1>
ST_8 : Operation 99 [3/6] (6.02ns)   --->   "%tmp_297_2 = sitofp i32 %tmp_296_2 to double" [C:/Xilinx/Vivado/2018.2/common/technology/autopilot/hls/hls_video_arithm.h:276->C:/Xilinx/Vivado/2018.2/common/technology/autopilot/hls/hls_video_arithm.h:361]   --->   Operation 99 'sitodp' 'tmp_297_2' <Predicate = (!exitcond)> <Delay = 6.02> <Core = "Int2Double">   --->   Core 116 'Int2Double' <Latency = 5> <II = 1> <Delay = 6.02> <FuncUnit> <Opcode : 'sitodp' 'uitodp'> <InPorts = 1> <OutPorts = 1>
ST_8 : Operation 100 [3/6] (6.02ns)   --->   "%tmp_299_2 = sitofp i32 %tmp_298_2 to double" [C:/Xilinx/Vivado/2018.2/common/technology/autopilot/hls/hls_video_arithm.h:278->C:/Xilinx/Vivado/2018.2/common/technology/autopilot/hls/hls_video_arithm.h:361]   --->   Operation 100 'sitodp' 'tmp_299_2' <Predicate = (!exitcond)> <Delay = 6.02> <Core = "Int2Double">   --->   Core 116 'Int2Double' <Latency = 5> <II = 1> <Delay = 6.02> <FuncUnit> <Opcode : 'sitodp' 'uitodp'> <InPorts = 1> <OutPorts = 1>

State 9 <SV = 8> <Delay = 6.02>
ST_9 : Operation 101 [2/6] (6.02ns)   --->   "%tmp_27 = sitofp i32 %tmp_s to double" [C:/Xilinx/Vivado/2018.2/common/technology/autopilot/hls/hls_video_arithm.h:276->C:/Xilinx/Vivado/2018.2/common/technology/autopilot/hls/hls_video_arithm.h:361]   --->   Operation 101 'sitodp' 'tmp_27' <Predicate = (!exitcond)> <Delay = 6.02> <Core = "Int2Double">   --->   Core 116 'Int2Double' <Latency = 5> <II = 1> <Delay = 6.02> <FuncUnit> <Opcode : 'sitodp' 'uitodp'> <InPorts = 1> <OutPorts = 1>
ST_9 : Operation 102 [2/6] (6.02ns)   --->   "%tmp_29 = sitofp i32 %tmp_28 to double" [C:/Xilinx/Vivado/2018.2/common/technology/autopilot/hls/hls_video_arithm.h:278->C:/Xilinx/Vivado/2018.2/common/technology/autopilot/hls/hls_video_arithm.h:361]   --->   Operation 102 'sitodp' 'tmp_29' <Predicate = (!exitcond)> <Delay = 6.02> <Core = "Int2Double">   --->   Core 116 'Int2Double' <Latency = 5> <II = 1> <Delay = 6.02> <FuncUnit> <Opcode : 'sitodp' 'uitodp'> <InPorts = 1> <OutPorts = 1>
ST_9 : Operation 103 [2/6] (6.02ns)   --->   "%tmp_297_1 = sitofp i32 %tmp_296_1 to double" [C:/Xilinx/Vivado/2018.2/common/technology/autopilot/hls/hls_video_arithm.h:276->C:/Xilinx/Vivado/2018.2/common/technology/autopilot/hls/hls_video_arithm.h:361]   --->   Operation 103 'sitodp' 'tmp_297_1' <Predicate = (!exitcond)> <Delay = 6.02> <Core = "Int2Double">   --->   Core 116 'Int2Double' <Latency = 5> <II = 1> <Delay = 6.02> <FuncUnit> <Opcode : 'sitodp' 'uitodp'> <InPorts = 1> <OutPorts = 1>
ST_9 : Operation 104 [2/6] (6.02ns)   --->   "%tmp_299_1 = sitofp i32 %tmp_298_1 to double" [C:/Xilinx/Vivado/2018.2/common/technology/autopilot/hls/hls_video_arithm.h:278->C:/Xilinx/Vivado/2018.2/common/technology/autopilot/hls/hls_video_arithm.h:361]   --->   Operation 104 'sitodp' 'tmp_299_1' <Predicate = (!exitcond)> <Delay = 6.02> <Core = "Int2Double">   --->   Core 116 'Int2Double' <Latency = 5> <II = 1> <Delay = 6.02> <FuncUnit> <Opcode : 'sitodp' 'uitodp'> <InPorts = 1> <OutPorts = 1>
ST_9 : Operation 105 [2/6] (6.02ns)   --->   "%tmp_297_2 = sitofp i32 %tmp_296_2 to double" [C:/Xilinx/Vivado/2018.2/common/technology/autopilot/hls/hls_video_arithm.h:276->C:/Xilinx/Vivado/2018.2/common/technology/autopilot/hls/hls_video_arithm.h:361]   --->   Operation 105 'sitodp' 'tmp_297_2' <Predicate = (!exitcond)> <Delay = 6.02> <Core = "Int2Double">   --->   Core 116 'Int2Double' <Latency = 5> <II = 1> <Delay = 6.02> <FuncUnit> <Opcode : 'sitodp' 'uitodp'> <InPorts = 1> <OutPorts = 1>
ST_9 : Operation 106 [2/6] (6.02ns)   --->   "%tmp_299_2 = sitofp i32 %tmp_298_2 to double" [C:/Xilinx/Vivado/2018.2/common/technology/autopilot/hls/hls_video_arithm.h:278->C:/Xilinx/Vivado/2018.2/common/technology/autopilot/hls/hls_video_arithm.h:361]   --->   Operation 106 'sitodp' 'tmp_299_2' <Predicate = (!exitcond)> <Delay = 6.02> <Core = "Int2Double">   --->   Core 116 'Int2Double' <Latency = 5> <II = 1> <Delay = 6.02> <FuncUnit> <Opcode : 'sitodp' 'uitodp'> <InPorts = 1> <OutPorts = 1>

State 10 <SV = 9> <Delay = 6.02>
ST_10 : Operation 107 [1/6] (6.02ns)   --->   "%tmp_27 = sitofp i32 %tmp_s to double" [C:/Xilinx/Vivado/2018.2/common/technology/autopilot/hls/hls_video_arithm.h:276->C:/Xilinx/Vivado/2018.2/common/technology/autopilot/hls/hls_video_arithm.h:361]   --->   Operation 107 'sitodp' 'tmp_27' <Predicate = (!exitcond)> <Delay = 6.02> <Core = "Int2Double">   --->   Core 116 'Int2Double' <Latency = 5> <II = 1> <Delay = 6.02> <FuncUnit> <Opcode : 'sitodp' 'uitodp'> <InPorts = 1> <OutPorts = 1>
ST_10 : Operation 108 [1/6] (6.02ns)   --->   "%tmp_29 = sitofp i32 %tmp_28 to double" [C:/Xilinx/Vivado/2018.2/common/technology/autopilot/hls/hls_video_arithm.h:278->C:/Xilinx/Vivado/2018.2/common/technology/autopilot/hls/hls_video_arithm.h:361]   --->   Operation 108 'sitodp' 'tmp_29' <Predicate = (!exitcond)> <Delay = 6.02> <Core = "Int2Double">   --->   Core 116 'Int2Double' <Latency = 5> <II = 1> <Delay = 6.02> <FuncUnit> <Opcode : 'sitodp' 'uitodp'> <InPorts = 1> <OutPorts = 1>
ST_10 : Operation 109 [1/6] (6.02ns)   --->   "%tmp_297_1 = sitofp i32 %tmp_296_1 to double" [C:/Xilinx/Vivado/2018.2/common/technology/autopilot/hls/hls_video_arithm.h:276->C:/Xilinx/Vivado/2018.2/common/technology/autopilot/hls/hls_video_arithm.h:361]   --->   Operation 109 'sitodp' 'tmp_297_1' <Predicate = (!exitcond)> <Delay = 6.02> <Core = "Int2Double">   --->   Core 116 'Int2Double' <Latency = 5> <II = 1> <Delay = 6.02> <FuncUnit> <Opcode : 'sitodp' 'uitodp'> <InPorts = 1> <OutPorts = 1>
ST_10 : Operation 110 [1/6] (6.02ns)   --->   "%tmp_299_1 = sitofp i32 %tmp_298_1 to double" [C:/Xilinx/Vivado/2018.2/common/technology/autopilot/hls/hls_video_arithm.h:278->C:/Xilinx/Vivado/2018.2/common/technology/autopilot/hls/hls_video_arithm.h:361]   --->   Operation 110 'sitodp' 'tmp_299_1' <Predicate = (!exitcond)> <Delay = 6.02> <Core = "Int2Double">   --->   Core 116 'Int2Double' <Latency = 5> <II = 1> <Delay = 6.02> <FuncUnit> <Opcode : 'sitodp' 'uitodp'> <InPorts = 1> <OutPorts = 1>
ST_10 : Operation 111 [1/6] (6.02ns)   --->   "%tmp_297_2 = sitofp i32 %tmp_296_2 to double" [C:/Xilinx/Vivado/2018.2/common/technology/autopilot/hls/hls_video_arithm.h:276->C:/Xilinx/Vivado/2018.2/common/technology/autopilot/hls/hls_video_arithm.h:361]   --->   Operation 111 'sitodp' 'tmp_297_2' <Predicate = (!exitcond)> <Delay = 6.02> <Core = "Int2Double">   --->   Core 116 'Int2Double' <Latency = 5> <II = 1> <Delay = 6.02> <FuncUnit> <Opcode : 'sitodp' 'uitodp'> <InPorts = 1> <OutPorts = 1>
ST_10 : Operation 112 [1/6] (6.02ns)   --->   "%tmp_299_2 = sitofp i32 %tmp_298_2 to double" [C:/Xilinx/Vivado/2018.2/common/technology/autopilot/hls/hls_video_arithm.h:278->C:/Xilinx/Vivado/2018.2/common/technology/autopilot/hls/hls_video_arithm.h:361]   --->   Operation 112 'sitodp' 'tmp_299_2' <Predicate = (!exitcond)> <Delay = 6.02> <Core = "Int2Double">   --->   Core 116 'Int2Double' <Latency = 5> <II = 1> <Delay = 6.02> <FuncUnit> <Opcode : 'sitodp' 'uitodp'> <InPorts = 1> <OutPorts = 1>

State 11 <SV = 10> <Delay = 7.79>
ST_11 : Operation 113 [6/6] (7.79ns)   --->   "%t1 = fmul double %tmp_27, 5.000000e-01" [C:/Xilinx/Vivado/2018.2/common/technology/autopilot/hls/hls_video_arithm.h:276->C:/Xilinx/Vivado/2018.2/common/technology/autopilot/hls/hls_video_arithm.h:361]   --->   Operation 113 'dmul' 't1' <Predicate = (!exitcond)> <Delay = 7.79> <Core = "DMul">   --->   Core 110 'DMul' <Latency = 5> <II = 1> <Delay = 7.79> <FuncUnit> <Opcode : 'dmul'> <InPorts = 2> <OutPorts = 1>
ST_11 : Operation 114 [6/6] (7.79ns)   --->   "%t2 = fmul double %tmp_29, 5.000000e-01" [C:/Xilinx/Vivado/2018.2/common/technology/autopilot/hls/hls_video_arithm.h:278->C:/Xilinx/Vivado/2018.2/common/technology/autopilot/hls/hls_video_arithm.h:361]   --->   Operation 114 'dmul' 't2' <Predicate = (!exitcond)> <Delay = 7.79> <Core = "DMul">   --->   Core 110 'DMul' <Latency = 5> <II = 1> <Delay = 7.79> <FuncUnit> <Opcode : 'dmul'> <InPorts = 2> <OutPorts = 1>
ST_11 : Operation 115 [6/6] (7.79ns)   --->   "%t1_1 = fmul double %tmp_297_1, 5.000000e-01" [C:/Xilinx/Vivado/2018.2/common/technology/autopilot/hls/hls_video_arithm.h:276->C:/Xilinx/Vivado/2018.2/common/technology/autopilot/hls/hls_video_arithm.h:361]   --->   Operation 115 'dmul' 't1_1' <Predicate = (!exitcond)> <Delay = 7.79> <Core = "DMul">   --->   Core 110 'DMul' <Latency = 5> <II = 1> <Delay = 7.79> <FuncUnit> <Opcode : 'dmul'> <InPorts = 2> <OutPorts = 1>
ST_11 : Operation 116 [6/6] (7.79ns)   --->   "%t2_1 = fmul double %tmp_299_1, 5.000000e-01" [C:/Xilinx/Vivado/2018.2/common/technology/autopilot/hls/hls_video_arithm.h:278->C:/Xilinx/Vivado/2018.2/common/technology/autopilot/hls/hls_video_arithm.h:361]   --->   Operation 116 'dmul' 't2_1' <Predicate = (!exitcond)> <Delay = 7.79> <Core = "DMul">   --->   Core 110 'DMul' <Latency = 5> <II = 1> <Delay = 7.79> <FuncUnit> <Opcode : 'dmul'> <InPorts = 2> <OutPorts = 1>
ST_11 : Operation 117 [6/6] (7.79ns)   --->   "%t1_2 = fmul double %tmp_297_2, 5.000000e-01" [C:/Xilinx/Vivado/2018.2/common/technology/autopilot/hls/hls_video_arithm.h:276->C:/Xilinx/Vivado/2018.2/common/technology/autopilot/hls/hls_video_arithm.h:361]   --->   Operation 117 'dmul' 't1_2' <Predicate = (!exitcond)> <Delay = 7.79> <Core = "DMul">   --->   Core 110 'DMul' <Latency = 5> <II = 1> <Delay = 7.79> <FuncUnit> <Opcode : 'dmul'> <InPorts = 2> <OutPorts = 1>
ST_11 : Operation 118 [6/6] (7.79ns)   --->   "%t2_2 = fmul double %tmp_299_2, 5.000000e-01" [C:/Xilinx/Vivado/2018.2/common/technology/autopilot/hls/hls_video_arithm.h:278->C:/Xilinx/Vivado/2018.2/common/technology/autopilot/hls/hls_video_arithm.h:361]   --->   Operation 118 'dmul' 't2_2' <Predicate = (!exitcond)> <Delay = 7.79> <Core = "DMul">   --->   Core 110 'DMul' <Latency = 5> <II = 1> <Delay = 7.79> <FuncUnit> <Opcode : 'dmul'> <InPorts = 2> <OutPorts = 1>

State 12 <SV = 11> <Delay = 7.79>
ST_12 : Operation 119 [5/6] (7.79ns)   --->   "%t1 = fmul double %tmp_27, 5.000000e-01" [C:/Xilinx/Vivado/2018.2/common/technology/autopilot/hls/hls_video_arithm.h:276->C:/Xilinx/Vivado/2018.2/common/technology/autopilot/hls/hls_video_arithm.h:361]   --->   Operation 119 'dmul' 't1' <Predicate = (!exitcond)> <Delay = 7.79> <Core = "DMul">   --->   Core 110 'DMul' <Latency = 5> <II = 1> <Delay = 7.79> <FuncUnit> <Opcode : 'dmul'> <InPorts = 2> <OutPorts = 1>
ST_12 : Operation 120 [5/6] (7.79ns)   --->   "%t2 = fmul double %tmp_29, 5.000000e-01" [C:/Xilinx/Vivado/2018.2/common/technology/autopilot/hls/hls_video_arithm.h:278->C:/Xilinx/Vivado/2018.2/common/technology/autopilot/hls/hls_video_arithm.h:361]   --->   Operation 120 'dmul' 't2' <Predicate = (!exitcond)> <Delay = 7.79> <Core = "DMul">   --->   Core 110 'DMul' <Latency = 5> <II = 1> <Delay = 7.79> <FuncUnit> <Opcode : 'dmul'> <InPorts = 2> <OutPorts = 1>
ST_12 : Operation 121 [5/6] (7.79ns)   --->   "%t1_1 = fmul double %tmp_297_1, 5.000000e-01" [C:/Xilinx/Vivado/2018.2/common/technology/autopilot/hls/hls_video_arithm.h:276->C:/Xilinx/Vivado/2018.2/common/technology/autopilot/hls/hls_video_arithm.h:361]   --->   Operation 121 'dmul' 't1_1' <Predicate = (!exitcond)> <Delay = 7.79> <Core = "DMul">   --->   Core 110 'DMul' <Latency = 5> <II = 1> <Delay = 7.79> <FuncUnit> <Opcode : 'dmul'> <InPorts = 2> <OutPorts = 1>
ST_12 : Operation 122 [5/6] (7.79ns)   --->   "%t2_1 = fmul double %tmp_299_1, 5.000000e-01" [C:/Xilinx/Vivado/2018.2/common/technology/autopilot/hls/hls_video_arithm.h:278->C:/Xilinx/Vivado/2018.2/common/technology/autopilot/hls/hls_video_arithm.h:361]   --->   Operation 122 'dmul' 't2_1' <Predicate = (!exitcond)> <Delay = 7.79> <Core = "DMul">   --->   Core 110 'DMul' <Latency = 5> <II = 1> <Delay = 7.79> <FuncUnit> <Opcode : 'dmul'> <InPorts = 2> <OutPorts = 1>
ST_12 : Operation 123 [5/6] (7.79ns)   --->   "%t1_2 = fmul double %tmp_297_2, 5.000000e-01" [C:/Xilinx/Vivado/2018.2/common/technology/autopilot/hls/hls_video_arithm.h:276->C:/Xilinx/Vivado/2018.2/common/technology/autopilot/hls/hls_video_arithm.h:361]   --->   Operation 123 'dmul' 't1_2' <Predicate = (!exitcond)> <Delay = 7.79> <Core = "DMul">   --->   Core 110 'DMul' <Latency = 5> <II = 1> <Delay = 7.79> <FuncUnit> <Opcode : 'dmul'> <InPorts = 2> <OutPorts = 1>
ST_12 : Operation 124 [5/6] (7.79ns)   --->   "%t2_2 = fmul double %tmp_299_2, 5.000000e-01" [C:/Xilinx/Vivado/2018.2/common/technology/autopilot/hls/hls_video_arithm.h:278->C:/Xilinx/Vivado/2018.2/common/technology/autopilot/hls/hls_video_arithm.h:361]   --->   Operation 124 'dmul' 't2_2' <Predicate = (!exitcond)> <Delay = 7.79> <Core = "DMul">   --->   Core 110 'DMul' <Latency = 5> <II = 1> <Delay = 7.79> <FuncUnit> <Opcode : 'dmul'> <InPorts = 2> <OutPorts = 1>

State 13 <SV = 12> <Delay = 7.79>
ST_13 : Operation 125 [4/6] (7.79ns)   --->   "%t1 = fmul double %tmp_27, 5.000000e-01" [C:/Xilinx/Vivado/2018.2/common/technology/autopilot/hls/hls_video_arithm.h:276->C:/Xilinx/Vivado/2018.2/common/technology/autopilot/hls/hls_video_arithm.h:361]   --->   Operation 125 'dmul' 't1' <Predicate = (!exitcond)> <Delay = 7.79> <Core = "DMul">   --->   Core 110 'DMul' <Latency = 5> <II = 1> <Delay = 7.79> <FuncUnit> <Opcode : 'dmul'> <InPorts = 2> <OutPorts = 1>
ST_13 : Operation 126 [4/6] (7.79ns)   --->   "%t2 = fmul double %tmp_29, 5.000000e-01" [C:/Xilinx/Vivado/2018.2/common/technology/autopilot/hls/hls_video_arithm.h:278->C:/Xilinx/Vivado/2018.2/common/technology/autopilot/hls/hls_video_arithm.h:361]   --->   Operation 126 'dmul' 't2' <Predicate = (!exitcond)> <Delay = 7.79> <Core = "DMul">   --->   Core 110 'DMul' <Latency = 5> <II = 1> <Delay = 7.79> <FuncUnit> <Opcode : 'dmul'> <InPorts = 2> <OutPorts = 1>
ST_13 : Operation 127 [4/6] (7.79ns)   --->   "%t1_1 = fmul double %tmp_297_1, 5.000000e-01" [C:/Xilinx/Vivado/2018.2/common/technology/autopilot/hls/hls_video_arithm.h:276->C:/Xilinx/Vivado/2018.2/common/technology/autopilot/hls/hls_video_arithm.h:361]   --->   Operation 127 'dmul' 't1_1' <Predicate = (!exitcond)> <Delay = 7.79> <Core = "DMul">   --->   Core 110 'DMul' <Latency = 5> <II = 1> <Delay = 7.79> <FuncUnit> <Opcode : 'dmul'> <InPorts = 2> <OutPorts = 1>
ST_13 : Operation 128 [4/6] (7.79ns)   --->   "%t2_1 = fmul double %tmp_299_1, 5.000000e-01" [C:/Xilinx/Vivado/2018.2/common/technology/autopilot/hls/hls_video_arithm.h:278->C:/Xilinx/Vivado/2018.2/common/technology/autopilot/hls/hls_video_arithm.h:361]   --->   Operation 128 'dmul' 't2_1' <Predicate = (!exitcond)> <Delay = 7.79> <Core = "DMul">   --->   Core 110 'DMul' <Latency = 5> <II = 1> <Delay = 7.79> <FuncUnit> <Opcode : 'dmul'> <InPorts = 2> <OutPorts = 1>
ST_13 : Operation 129 [4/6] (7.79ns)   --->   "%t1_2 = fmul double %tmp_297_2, 5.000000e-01" [C:/Xilinx/Vivado/2018.2/common/technology/autopilot/hls/hls_video_arithm.h:276->C:/Xilinx/Vivado/2018.2/common/technology/autopilot/hls/hls_video_arithm.h:361]   --->   Operation 129 'dmul' 't1_2' <Predicate = (!exitcond)> <Delay = 7.79> <Core = "DMul">   --->   Core 110 'DMul' <Latency = 5> <II = 1> <Delay = 7.79> <FuncUnit> <Opcode : 'dmul'> <InPorts = 2> <OutPorts = 1>
ST_13 : Operation 130 [4/6] (7.79ns)   --->   "%t2_2 = fmul double %tmp_299_2, 5.000000e-01" [C:/Xilinx/Vivado/2018.2/common/technology/autopilot/hls/hls_video_arithm.h:278->C:/Xilinx/Vivado/2018.2/common/technology/autopilot/hls/hls_video_arithm.h:361]   --->   Operation 130 'dmul' 't2_2' <Predicate = (!exitcond)> <Delay = 7.79> <Core = "DMul">   --->   Core 110 'DMul' <Latency = 5> <II = 1> <Delay = 7.79> <FuncUnit> <Opcode : 'dmul'> <InPorts = 2> <OutPorts = 1>

State 14 <SV = 13> <Delay = 7.79>
ST_14 : Operation 131 [3/6] (7.79ns)   --->   "%t1 = fmul double %tmp_27, 5.000000e-01" [C:/Xilinx/Vivado/2018.2/common/technology/autopilot/hls/hls_video_arithm.h:276->C:/Xilinx/Vivado/2018.2/common/technology/autopilot/hls/hls_video_arithm.h:361]   --->   Operation 131 'dmul' 't1' <Predicate = (!exitcond)> <Delay = 7.79> <Core = "DMul">   --->   Core 110 'DMul' <Latency = 5> <II = 1> <Delay = 7.79> <FuncUnit> <Opcode : 'dmul'> <InPorts = 2> <OutPorts = 1>
ST_14 : Operation 132 [3/6] (7.79ns)   --->   "%t2 = fmul double %tmp_29, 5.000000e-01" [C:/Xilinx/Vivado/2018.2/common/technology/autopilot/hls/hls_video_arithm.h:278->C:/Xilinx/Vivado/2018.2/common/technology/autopilot/hls/hls_video_arithm.h:361]   --->   Operation 132 'dmul' 't2' <Predicate = (!exitcond)> <Delay = 7.79> <Core = "DMul">   --->   Core 110 'DMul' <Latency = 5> <II = 1> <Delay = 7.79> <FuncUnit> <Opcode : 'dmul'> <InPorts = 2> <OutPorts = 1>
ST_14 : Operation 133 [3/6] (7.79ns)   --->   "%t1_1 = fmul double %tmp_297_1, 5.000000e-01" [C:/Xilinx/Vivado/2018.2/common/technology/autopilot/hls/hls_video_arithm.h:276->C:/Xilinx/Vivado/2018.2/common/technology/autopilot/hls/hls_video_arithm.h:361]   --->   Operation 133 'dmul' 't1_1' <Predicate = (!exitcond)> <Delay = 7.79> <Core = "DMul">   --->   Core 110 'DMul' <Latency = 5> <II = 1> <Delay = 7.79> <FuncUnit> <Opcode : 'dmul'> <InPorts = 2> <OutPorts = 1>
ST_14 : Operation 134 [3/6] (7.79ns)   --->   "%t2_1 = fmul double %tmp_299_1, 5.000000e-01" [C:/Xilinx/Vivado/2018.2/common/technology/autopilot/hls/hls_video_arithm.h:278->C:/Xilinx/Vivado/2018.2/common/technology/autopilot/hls/hls_video_arithm.h:361]   --->   Operation 134 'dmul' 't2_1' <Predicate = (!exitcond)> <Delay = 7.79> <Core = "DMul">   --->   Core 110 'DMul' <Latency = 5> <II = 1> <Delay = 7.79> <FuncUnit> <Opcode : 'dmul'> <InPorts = 2> <OutPorts = 1>
ST_14 : Operation 135 [3/6] (7.79ns)   --->   "%t1_2 = fmul double %tmp_297_2, 5.000000e-01" [C:/Xilinx/Vivado/2018.2/common/technology/autopilot/hls/hls_video_arithm.h:276->C:/Xilinx/Vivado/2018.2/common/technology/autopilot/hls/hls_video_arithm.h:361]   --->   Operation 135 'dmul' 't1_2' <Predicate = (!exitcond)> <Delay = 7.79> <Core = "DMul">   --->   Core 110 'DMul' <Latency = 5> <II = 1> <Delay = 7.79> <FuncUnit> <Opcode : 'dmul'> <InPorts = 2> <OutPorts = 1>
ST_14 : Operation 136 [3/6] (7.79ns)   --->   "%t2_2 = fmul double %tmp_299_2, 5.000000e-01" [C:/Xilinx/Vivado/2018.2/common/technology/autopilot/hls/hls_video_arithm.h:278->C:/Xilinx/Vivado/2018.2/common/technology/autopilot/hls/hls_video_arithm.h:361]   --->   Operation 136 'dmul' 't2_2' <Predicate = (!exitcond)> <Delay = 7.79> <Core = "DMul">   --->   Core 110 'DMul' <Latency = 5> <II = 1> <Delay = 7.79> <FuncUnit> <Opcode : 'dmul'> <InPorts = 2> <OutPorts = 1>

State 15 <SV = 14> <Delay = 7.79>
ST_15 : Operation 137 [2/6] (7.79ns)   --->   "%t1 = fmul double %tmp_27, 5.000000e-01" [C:/Xilinx/Vivado/2018.2/common/technology/autopilot/hls/hls_video_arithm.h:276->C:/Xilinx/Vivado/2018.2/common/technology/autopilot/hls/hls_video_arithm.h:361]   --->   Operation 137 'dmul' 't1' <Predicate = (!exitcond)> <Delay = 7.79> <Core = "DMul">   --->   Core 110 'DMul' <Latency = 5> <II = 1> <Delay = 7.79> <FuncUnit> <Opcode : 'dmul'> <InPorts = 2> <OutPorts = 1>
ST_15 : Operation 138 [2/6] (7.79ns)   --->   "%t2 = fmul double %tmp_29, 5.000000e-01" [C:/Xilinx/Vivado/2018.2/common/technology/autopilot/hls/hls_video_arithm.h:278->C:/Xilinx/Vivado/2018.2/common/technology/autopilot/hls/hls_video_arithm.h:361]   --->   Operation 138 'dmul' 't2' <Predicate = (!exitcond)> <Delay = 7.79> <Core = "DMul">   --->   Core 110 'DMul' <Latency = 5> <II = 1> <Delay = 7.79> <FuncUnit> <Opcode : 'dmul'> <InPorts = 2> <OutPorts = 1>
ST_15 : Operation 139 [2/6] (7.79ns)   --->   "%t1_1 = fmul double %tmp_297_1, 5.000000e-01" [C:/Xilinx/Vivado/2018.2/common/technology/autopilot/hls/hls_video_arithm.h:276->C:/Xilinx/Vivado/2018.2/common/technology/autopilot/hls/hls_video_arithm.h:361]   --->   Operation 139 'dmul' 't1_1' <Predicate = (!exitcond)> <Delay = 7.79> <Core = "DMul">   --->   Core 110 'DMul' <Latency = 5> <II = 1> <Delay = 7.79> <FuncUnit> <Opcode : 'dmul'> <InPorts = 2> <OutPorts = 1>
ST_15 : Operation 140 [2/6] (7.79ns)   --->   "%t2_1 = fmul double %tmp_299_1, 5.000000e-01" [C:/Xilinx/Vivado/2018.2/common/technology/autopilot/hls/hls_video_arithm.h:278->C:/Xilinx/Vivado/2018.2/common/technology/autopilot/hls/hls_video_arithm.h:361]   --->   Operation 140 'dmul' 't2_1' <Predicate = (!exitcond)> <Delay = 7.79> <Core = "DMul">   --->   Core 110 'DMul' <Latency = 5> <II = 1> <Delay = 7.79> <FuncUnit> <Opcode : 'dmul'> <InPorts = 2> <OutPorts = 1>
ST_15 : Operation 141 [2/6] (7.79ns)   --->   "%t1_2 = fmul double %tmp_297_2, 5.000000e-01" [C:/Xilinx/Vivado/2018.2/common/technology/autopilot/hls/hls_video_arithm.h:276->C:/Xilinx/Vivado/2018.2/common/technology/autopilot/hls/hls_video_arithm.h:361]   --->   Operation 141 'dmul' 't1_2' <Predicate = (!exitcond)> <Delay = 7.79> <Core = "DMul">   --->   Core 110 'DMul' <Latency = 5> <II = 1> <Delay = 7.79> <FuncUnit> <Opcode : 'dmul'> <InPorts = 2> <OutPorts = 1>
ST_15 : Operation 142 [2/6] (7.79ns)   --->   "%t2_2 = fmul double %tmp_299_2, 5.000000e-01" [C:/Xilinx/Vivado/2018.2/common/technology/autopilot/hls/hls_video_arithm.h:278->C:/Xilinx/Vivado/2018.2/common/technology/autopilot/hls/hls_video_arithm.h:361]   --->   Operation 142 'dmul' 't2_2' <Predicate = (!exitcond)> <Delay = 7.79> <Core = "DMul">   --->   Core 110 'DMul' <Latency = 5> <II = 1> <Delay = 7.79> <FuncUnit> <Opcode : 'dmul'> <InPorts = 2> <OutPorts = 1>

State 16 <SV = 15> <Delay = 7.79>
ST_16 : Operation 143 [1/6] (7.79ns)   --->   "%t1 = fmul double %tmp_27, 5.000000e-01" [C:/Xilinx/Vivado/2018.2/common/technology/autopilot/hls/hls_video_arithm.h:276->C:/Xilinx/Vivado/2018.2/common/technology/autopilot/hls/hls_video_arithm.h:361]   --->   Operation 143 'dmul' 't1' <Predicate = (!exitcond)> <Delay = 7.79> <Core = "DMul">   --->   Core 110 'DMul' <Latency = 5> <II = 1> <Delay = 7.79> <FuncUnit> <Opcode : 'dmul'> <InPorts = 2> <OutPorts = 1>
ST_16 : Operation 144 [1/6] (7.79ns)   --->   "%t2 = fmul double %tmp_29, 5.000000e-01" [C:/Xilinx/Vivado/2018.2/common/technology/autopilot/hls/hls_video_arithm.h:278->C:/Xilinx/Vivado/2018.2/common/technology/autopilot/hls/hls_video_arithm.h:361]   --->   Operation 144 'dmul' 't2' <Predicate = (!exitcond)> <Delay = 7.79> <Core = "DMul">   --->   Core 110 'DMul' <Latency = 5> <II = 1> <Delay = 7.79> <FuncUnit> <Opcode : 'dmul'> <InPorts = 2> <OutPorts = 1>
ST_16 : Operation 145 [1/6] (7.79ns)   --->   "%t1_1 = fmul double %tmp_297_1, 5.000000e-01" [C:/Xilinx/Vivado/2018.2/common/technology/autopilot/hls/hls_video_arithm.h:276->C:/Xilinx/Vivado/2018.2/common/technology/autopilot/hls/hls_video_arithm.h:361]   --->   Operation 145 'dmul' 't1_1' <Predicate = (!exitcond)> <Delay = 7.79> <Core = "DMul">   --->   Core 110 'DMul' <Latency = 5> <II = 1> <Delay = 7.79> <FuncUnit> <Opcode : 'dmul'> <InPorts = 2> <OutPorts = 1>
ST_16 : Operation 146 [1/6] (7.79ns)   --->   "%t2_1 = fmul double %tmp_299_1, 5.000000e-01" [C:/Xilinx/Vivado/2018.2/common/technology/autopilot/hls/hls_video_arithm.h:278->C:/Xilinx/Vivado/2018.2/common/technology/autopilot/hls/hls_video_arithm.h:361]   --->   Operation 146 'dmul' 't2_1' <Predicate = (!exitcond)> <Delay = 7.79> <Core = "DMul">   --->   Core 110 'DMul' <Latency = 5> <II = 1> <Delay = 7.79> <FuncUnit> <Opcode : 'dmul'> <InPorts = 2> <OutPorts = 1>
ST_16 : Operation 147 [1/6] (7.79ns)   --->   "%t1_2 = fmul double %tmp_297_2, 5.000000e-01" [C:/Xilinx/Vivado/2018.2/common/technology/autopilot/hls/hls_video_arithm.h:276->C:/Xilinx/Vivado/2018.2/common/technology/autopilot/hls/hls_video_arithm.h:361]   --->   Operation 147 'dmul' 't1_2' <Predicate = (!exitcond)> <Delay = 7.79> <Core = "DMul">   --->   Core 110 'DMul' <Latency = 5> <II = 1> <Delay = 7.79> <FuncUnit> <Opcode : 'dmul'> <InPorts = 2> <OutPorts = 1>
ST_16 : Operation 148 [1/6] (7.79ns)   --->   "%t2_2 = fmul double %tmp_299_2, 5.000000e-01" [C:/Xilinx/Vivado/2018.2/common/technology/autopilot/hls/hls_video_arithm.h:278->C:/Xilinx/Vivado/2018.2/common/technology/autopilot/hls/hls_video_arithm.h:361]   --->   Operation 148 'dmul' 't2_2' <Predicate = (!exitcond)> <Delay = 7.79> <Core = "DMul">   --->   Core 110 'DMul' <Latency = 5> <II = 1> <Delay = 7.79> <FuncUnit> <Opcode : 'dmul'> <InPorts = 2> <OutPorts = 1>

State 17 <SV = 16> <Delay = 8.39>
ST_17 : Operation 149 [6/6] (8.39ns)   --->   "%tmp_30 = fadd double %t1, %t2" [C:/Xilinx/Vivado/2018.2/common/technology/autopilot/hls/hls_video_arithm.h:280->C:/Xilinx/Vivado/2018.2/common/technology/autopilot/hls/hls_video_arithm.h:361]   --->   Operation 149 'dadd' 'tmp_30' <Predicate = (!exitcond)> <Delay = 8.39> <Core = "DAddSub">   --->   Core 109 'DAddSub' <Latency = 5> <II = 1> <Delay = 8.39> <FuncUnit> <Opcode : 'dadd' 'dsub'> <InPorts = 2> <OutPorts = 1>
ST_17 : Operation 150 [6/6] (8.39ns)   --->   "%tmp_300_1 = fadd double %t1_1, %t2_1" [C:/Xilinx/Vivado/2018.2/common/technology/autopilot/hls/hls_video_arithm.h:280->C:/Xilinx/Vivado/2018.2/common/technology/autopilot/hls/hls_video_arithm.h:361]   --->   Operation 150 'dadd' 'tmp_300_1' <Predicate = (!exitcond)> <Delay = 8.39> <Core = "DAddSub">   --->   Core 109 'DAddSub' <Latency = 5> <II = 1> <Delay = 8.39> <FuncUnit> <Opcode : 'dadd' 'dsub'> <InPorts = 2> <OutPorts = 1>
ST_17 : Operation 151 [6/6] (8.39ns)   --->   "%tmp_300_2 = fadd double %t1_2, %t2_2" [C:/Xilinx/Vivado/2018.2/common/technology/autopilot/hls/hls_video_arithm.h:280->C:/Xilinx/Vivado/2018.2/common/technology/autopilot/hls/hls_video_arithm.h:361]   --->   Operation 151 'dadd' 'tmp_300_2' <Predicate = (!exitcond)> <Delay = 8.39> <Core = "DAddSub">   --->   Core 109 'DAddSub' <Latency = 5> <II = 1> <Delay = 8.39> <FuncUnit> <Opcode : 'dadd' 'dsub'> <InPorts = 2> <OutPorts = 1>

State 18 <SV = 17> <Delay = 8.39>
ST_18 : Operation 152 [5/6] (8.39ns)   --->   "%tmp_30 = fadd double %t1, %t2" [C:/Xilinx/Vivado/2018.2/common/technology/autopilot/hls/hls_video_arithm.h:280->C:/Xilinx/Vivado/2018.2/common/technology/autopilot/hls/hls_video_arithm.h:361]   --->   Operation 152 'dadd' 'tmp_30' <Predicate = (!exitcond)> <Delay = 8.39> <Core = "DAddSub">   --->   Core 109 'DAddSub' <Latency = 5> <II = 1> <Delay = 8.39> <FuncUnit> <Opcode : 'dadd' 'dsub'> <InPorts = 2> <OutPorts = 1>
ST_18 : Operation 153 [5/6] (8.39ns)   --->   "%tmp_300_1 = fadd double %t1_1, %t2_1" [C:/Xilinx/Vivado/2018.2/common/technology/autopilot/hls/hls_video_arithm.h:280->C:/Xilinx/Vivado/2018.2/common/technology/autopilot/hls/hls_video_arithm.h:361]   --->   Operation 153 'dadd' 'tmp_300_1' <Predicate = (!exitcond)> <Delay = 8.39> <Core = "DAddSub">   --->   Core 109 'DAddSub' <Latency = 5> <II = 1> <Delay = 8.39> <FuncUnit> <Opcode : 'dadd' 'dsub'> <InPorts = 2> <OutPorts = 1>
ST_18 : Operation 154 [5/6] (8.39ns)   --->   "%tmp_300_2 = fadd double %t1_2, %t2_2" [C:/Xilinx/Vivado/2018.2/common/technology/autopilot/hls/hls_video_arithm.h:280->C:/Xilinx/Vivado/2018.2/common/technology/autopilot/hls/hls_video_arithm.h:361]   --->   Operation 154 'dadd' 'tmp_300_2' <Predicate = (!exitcond)> <Delay = 8.39> <Core = "DAddSub">   --->   Core 109 'DAddSub' <Latency = 5> <II = 1> <Delay = 8.39> <FuncUnit> <Opcode : 'dadd' 'dsub'> <InPorts = 2> <OutPorts = 1>

State 19 <SV = 18> <Delay = 8.39>
ST_19 : Operation 155 [4/6] (8.39ns)   --->   "%tmp_30 = fadd double %t1, %t2" [C:/Xilinx/Vivado/2018.2/common/technology/autopilot/hls/hls_video_arithm.h:280->C:/Xilinx/Vivado/2018.2/common/technology/autopilot/hls/hls_video_arithm.h:361]   --->   Operation 155 'dadd' 'tmp_30' <Predicate = (!exitcond)> <Delay = 8.39> <Core = "DAddSub">   --->   Core 109 'DAddSub' <Latency = 5> <II = 1> <Delay = 8.39> <FuncUnit> <Opcode : 'dadd' 'dsub'> <InPorts = 2> <OutPorts = 1>
ST_19 : Operation 156 [4/6] (8.39ns)   --->   "%tmp_300_1 = fadd double %t1_1, %t2_1" [C:/Xilinx/Vivado/2018.2/common/technology/autopilot/hls/hls_video_arithm.h:280->C:/Xilinx/Vivado/2018.2/common/technology/autopilot/hls/hls_video_arithm.h:361]   --->   Operation 156 'dadd' 'tmp_300_1' <Predicate = (!exitcond)> <Delay = 8.39> <Core = "DAddSub">   --->   Core 109 'DAddSub' <Latency = 5> <II = 1> <Delay = 8.39> <FuncUnit> <Opcode : 'dadd' 'dsub'> <InPorts = 2> <OutPorts = 1>
ST_19 : Operation 157 [4/6] (8.39ns)   --->   "%tmp_300_2 = fadd double %t1_2, %t2_2" [C:/Xilinx/Vivado/2018.2/common/technology/autopilot/hls/hls_video_arithm.h:280->C:/Xilinx/Vivado/2018.2/common/technology/autopilot/hls/hls_video_arithm.h:361]   --->   Operation 157 'dadd' 'tmp_300_2' <Predicate = (!exitcond)> <Delay = 8.39> <Core = "DAddSub">   --->   Core 109 'DAddSub' <Latency = 5> <II = 1> <Delay = 8.39> <FuncUnit> <Opcode : 'dadd' 'dsub'> <InPorts = 2> <OutPorts = 1>

State 20 <SV = 19> <Delay = 8.39>
ST_20 : Operation 158 [3/6] (8.39ns)   --->   "%tmp_30 = fadd double %t1, %t2" [C:/Xilinx/Vivado/2018.2/common/technology/autopilot/hls/hls_video_arithm.h:280->C:/Xilinx/Vivado/2018.2/common/technology/autopilot/hls/hls_video_arithm.h:361]   --->   Operation 158 'dadd' 'tmp_30' <Predicate = (!exitcond)> <Delay = 8.39> <Core = "DAddSub">   --->   Core 109 'DAddSub' <Latency = 5> <II = 1> <Delay = 8.39> <FuncUnit> <Opcode : 'dadd' 'dsub'> <InPorts = 2> <OutPorts = 1>
ST_20 : Operation 159 [3/6] (8.39ns)   --->   "%tmp_300_1 = fadd double %t1_1, %t2_1" [C:/Xilinx/Vivado/2018.2/common/technology/autopilot/hls/hls_video_arithm.h:280->C:/Xilinx/Vivado/2018.2/common/technology/autopilot/hls/hls_video_arithm.h:361]   --->   Operation 159 'dadd' 'tmp_300_1' <Predicate = (!exitcond)> <Delay = 8.39> <Core = "DAddSub">   --->   Core 109 'DAddSub' <Latency = 5> <II = 1> <Delay = 8.39> <FuncUnit> <Opcode : 'dadd' 'dsub'> <InPorts = 2> <OutPorts = 1>
ST_20 : Operation 160 [3/6] (8.39ns)   --->   "%tmp_300_2 = fadd double %t1_2, %t2_2" [C:/Xilinx/Vivado/2018.2/common/technology/autopilot/hls/hls_video_arithm.h:280->C:/Xilinx/Vivado/2018.2/common/technology/autopilot/hls/hls_video_arithm.h:361]   --->   Operation 160 'dadd' 'tmp_300_2' <Predicate = (!exitcond)> <Delay = 8.39> <Core = "DAddSub">   --->   Core 109 'DAddSub' <Latency = 5> <II = 1> <Delay = 8.39> <FuncUnit> <Opcode : 'dadd' 'dsub'> <InPorts = 2> <OutPorts = 1>

State 21 <SV = 20> <Delay = 8.39>
ST_21 : Operation 161 [2/6] (8.39ns)   --->   "%tmp_30 = fadd double %t1, %t2" [C:/Xilinx/Vivado/2018.2/common/technology/autopilot/hls/hls_video_arithm.h:280->C:/Xilinx/Vivado/2018.2/common/technology/autopilot/hls/hls_video_arithm.h:361]   --->   Operation 161 'dadd' 'tmp_30' <Predicate = (!exitcond)> <Delay = 8.39> <Core = "DAddSub">   --->   Core 109 'DAddSub' <Latency = 5> <II = 1> <Delay = 8.39> <FuncUnit> <Opcode : 'dadd' 'dsub'> <InPorts = 2> <OutPorts = 1>
ST_21 : Operation 162 [2/6] (8.39ns)   --->   "%tmp_300_1 = fadd double %t1_1, %t2_1" [C:/Xilinx/Vivado/2018.2/common/technology/autopilot/hls/hls_video_arithm.h:280->C:/Xilinx/Vivado/2018.2/common/technology/autopilot/hls/hls_video_arithm.h:361]   --->   Operation 162 'dadd' 'tmp_300_1' <Predicate = (!exitcond)> <Delay = 8.39> <Core = "DAddSub">   --->   Core 109 'DAddSub' <Latency = 5> <II = 1> <Delay = 8.39> <FuncUnit> <Opcode : 'dadd' 'dsub'> <InPorts = 2> <OutPorts = 1>
ST_21 : Operation 163 [2/6] (8.39ns)   --->   "%tmp_300_2 = fadd double %t1_2, %t2_2" [C:/Xilinx/Vivado/2018.2/common/technology/autopilot/hls/hls_video_arithm.h:280->C:/Xilinx/Vivado/2018.2/common/technology/autopilot/hls/hls_video_arithm.h:361]   --->   Operation 163 'dadd' 'tmp_300_2' <Predicate = (!exitcond)> <Delay = 8.39> <Core = "DAddSub">   --->   Core 109 'DAddSub' <Latency = 5> <II = 1> <Delay = 8.39> <FuncUnit> <Opcode : 'dadd' 'dsub'> <InPorts = 2> <OutPorts = 1>

State 22 <SV = 21> <Delay = 8.39>
ST_22 : Operation 164 [1/6] (8.39ns)   --->   "%tmp_30 = fadd double %t1, %t2" [C:/Xilinx/Vivado/2018.2/common/technology/autopilot/hls/hls_video_arithm.h:280->C:/Xilinx/Vivado/2018.2/common/technology/autopilot/hls/hls_video_arithm.h:361]   --->   Operation 164 'dadd' 'tmp_30' <Predicate = (!exitcond)> <Delay = 8.39> <Core = "DAddSub">   --->   Core 109 'DAddSub' <Latency = 5> <II = 1> <Delay = 8.39> <FuncUnit> <Opcode : 'dadd' 'dsub'> <InPorts = 2> <OutPorts = 1>
ST_22 : Operation 165 [1/6] (8.39ns)   --->   "%tmp_300_1 = fadd double %t1_1, %t2_1" [C:/Xilinx/Vivado/2018.2/common/technology/autopilot/hls/hls_video_arithm.h:280->C:/Xilinx/Vivado/2018.2/common/technology/autopilot/hls/hls_video_arithm.h:361]   --->   Operation 165 'dadd' 'tmp_300_1' <Predicate = (!exitcond)> <Delay = 8.39> <Core = "DAddSub">   --->   Core 109 'DAddSub' <Latency = 5> <II = 1> <Delay = 8.39> <FuncUnit> <Opcode : 'dadd' 'dsub'> <InPorts = 2> <OutPorts = 1>
ST_22 : Operation 166 [1/6] (8.39ns)   --->   "%tmp_300_2 = fadd double %t1_2, %t2_2" [C:/Xilinx/Vivado/2018.2/common/technology/autopilot/hls/hls_video_arithm.h:280->C:/Xilinx/Vivado/2018.2/common/technology/autopilot/hls/hls_video_arithm.h:361]   --->   Operation 166 'dadd' 'tmp_300_2' <Predicate = (!exitcond)> <Delay = 8.39> <Core = "DAddSub">   --->   Core 109 'DAddSub' <Latency = 5> <II = 1> <Delay = 8.39> <FuncUnit> <Opcode : 'dadd' 'dsub'> <InPorts = 2> <OutPorts = 1>

State 23 <SV = 22> <Delay = 8.39>
ST_23 : Operation 167 [6/6] (8.39ns)   --->   "%v_assign = fadd double %tmp_30, 0.000000e+00" [C:/Xilinx/Vivado/2018.2/common/technology/autopilot/hls/hls_video_arithm.h:280->C:/Xilinx/Vivado/2018.2/common/technology/autopilot/hls/hls_video_arithm.h:361]   --->   Operation 167 'dadd' 'v_assign' <Predicate = (!exitcond)> <Delay = 8.39> <Core = "DAddSub">   --->   Core 109 'DAddSub' <Latency = 5> <II = 1> <Delay = 8.39> <FuncUnit> <Opcode : 'dadd' 'dsub'> <InPorts = 2> <OutPorts = 1>
ST_23 : Operation 168 [6/6] (8.39ns)   --->   "%v_assign_1 = fadd double %tmp_300_1, 0.000000e+00" [C:/Xilinx/Vivado/2018.2/common/technology/autopilot/hls/hls_video_arithm.h:280->C:/Xilinx/Vivado/2018.2/common/technology/autopilot/hls/hls_video_arithm.h:361]   --->   Operation 168 'dadd' 'v_assign_1' <Predicate = (!exitcond)> <Delay = 8.39> <Core = "DAddSub">   --->   Core 109 'DAddSub' <Latency = 5> <II = 1> <Delay = 8.39> <FuncUnit> <Opcode : 'dadd' 'dsub'> <InPorts = 2> <OutPorts = 1>
ST_23 : Operation 169 [6/6] (8.39ns)   --->   "%v_assign_2 = fadd double %tmp_300_2, 0.000000e+00" [C:/Xilinx/Vivado/2018.2/common/technology/autopilot/hls/hls_video_arithm.h:280->C:/Xilinx/Vivado/2018.2/common/technology/autopilot/hls/hls_video_arithm.h:361]   --->   Operation 169 'dadd' 'v_assign_2' <Predicate = (!exitcond)> <Delay = 8.39> <Core = "DAddSub">   --->   Core 109 'DAddSub' <Latency = 5> <II = 1> <Delay = 8.39> <FuncUnit> <Opcode : 'dadd' 'dsub'> <InPorts = 2> <OutPorts = 1>

State 24 <SV = 23> <Delay = 8.39>
ST_24 : Operation 170 [5/6] (8.39ns)   --->   "%v_assign = fadd double %tmp_30, 0.000000e+00" [C:/Xilinx/Vivado/2018.2/common/technology/autopilot/hls/hls_video_arithm.h:280->C:/Xilinx/Vivado/2018.2/common/technology/autopilot/hls/hls_video_arithm.h:361]   --->   Operation 170 'dadd' 'v_assign' <Predicate = (!exitcond)> <Delay = 8.39> <Core = "DAddSub">   --->   Core 109 'DAddSub' <Latency = 5> <II = 1> <Delay = 8.39> <FuncUnit> <Opcode : 'dadd' 'dsub'> <InPorts = 2> <OutPorts = 1>
ST_24 : Operation 171 [5/6] (8.39ns)   --->   "%v_assign_1 = fadd double %tmp_300_1, 0.000000e+00" [C:/Xilinx/Vivado/2018.2/common/technology/autopilot/hls/hls_video_arithm.h:280->C:/Xilinx/Vivado/2018.2/common/technology/autopilot/hls/hls_video_arithm.h:361]   --->   Operation 171 'dadd' 'v_assign_1' <Predicate = (!exitcond)> <Delay = 8.39> <Core = "DAddSub">   --->   Core 109 'DAddSub' <Latency = 5> <II = 1> <Delay = 8.39> <FuncUnit> <Opcode : 'dadd' 'dsub'> <InPorts = 2> <OutPorts = 1>
ST_24 : Operation 172 [5/6] (8.39ns)   --->   "%v_assign_2 = fadd double %tmp_300_2, 0.000000e+00" [C:/Xilinx/Vivado/2018.2/common/technology/autopilot/hls/hls_video_arithm.h:280->C:/Xilinx/Vivado/2018.2/common/technology/autopilot/hls/hls_video_arithm.h:361]   --->   Operation 172 'dadd' 'v_assign_2' <Predicate = (!exitcond)> <Delay = 8.39> <Core = "DAddSub">   --->   Core 109 'DAddSub' <Latency = 5> <II = 1> <Delay = 8.39> <FuncUnit> <Opcode : 'dadd' 'dsub'> <InPorts = 2> <OutPorts = 1>

State 25 <SV = 24> <Delay = 8.39>
ST_25 : Operation 173 [4/6] (8.39ns)   --->   "%v_assign = fadd double %tmp_30, 0.000000e+00" [C:/Xilinx/Vivado/2018.2/common/technology/autopilot/hls/hls_video_arithm.h:280->C:/Xilinx/Vivado/2018.2/common/technology/autopilot/hls/hls_video_arithm.h:361]   --->   Operation 173 'dadd' 'v_assign' <Predicate = (!exitcond)> <Delay = 8.39> <Core = "DAddSub">   --->   Core 109 'DAddSub' <Latency = 5> <II = 1> <Delay = 8.39> <FuncUnit> <Opcode : 'dadd' 'dsub'> <InPorts = 2> <OutPorts = 1>
ST_25 : Operation 174 [4/6] (8.39ns)   --->   "%v_assign_1 = fadd double %tmp_300_1, 0.000000e+00" [C:/Xilinx/Vivado/2018.2/common/technology/autopilot/hls/hls_video_arithm.h:280->C:/Xilinx/Vivado/2018.2/common/technology/autopilot/hls/hls_video_arithm.h:361]   --->   Operation 174 'dadd' 'v_assign_1' <Predicate = (!exitcond)> <Delay = 8.39> <Core = "DAddSub">   --->   Core 109 'DAddSub' <Latency = 5> <II = 1> <Delay = 8.39> <FuncUnit> <Opcode : 'dadd' 'dsub'> <InPorts = 2> <OutPorts = 1>
ST_25 : Operation 175 [4/6] (8.39ns)   --->   "%v_assign_2 = fadd double %tmp_300_2, 0.000000e+00" [C:/Xilinx/Vivado/2018.2/common/technology/autopilot/hls/hls_video_arithm.h:280->C:/Xilinx/Vivado/2018.2/common/technology/autopilot/hls/hls_video_arithm.h:361]   --->   Operation 175 'dadd' 'v_assign_2' <Predicate = (!exitcond)> <Delay = 8.39> <Core = "DAddSub">   --->   Core 109 'DAddSub' <Latency = 5> <II = 1> <Delay = 8.39> <FuncUnit> <Opcode : 'dadd' 'dsub'> <InPorts = 2> <OutPorts = 1>

State 26 <SV = 25> <Delay = 8.39>
ST_26 : Operation 176 [3/6] (8.39ns)   --->   "%v_assign = fadd double %tmp_30, 0.000000e+00" [C:/Xilinx/Vivado/2018.2/common/technology/autopilot/hls/hls_video_arithm.h:280->C:/Xilinx/Vivado/2018.2/common/technology/autopilot/hls/hls_video_arithm.h:361]   --->   Operation 176 'dadd' 'v_assign' <Predicate = (!exitcond)> <Delay = 8.39> <Core = "DAddSub">   --->   Core 109 'DAddSub' <Latency = 5> <II = 1> <Delay = 8.39> <FuncUnit> <Opcode : 'dadd' 'dsub'> <InPorts = 2> <OutPorts = 1>
ST_26 : Operation 177 [3/6] (8.39ns)   --->   "%v_assign_1 = fadd double %tmp_300_1, 0.000000e+00" [C:/Xilinx/Vivado/2018.2/common/technology/autopilot/hls/hls_video_arithm.h:280->C:/Xilinx/Vivado/2018.2/common/technology/autopilot/hls/hls_video_arithm.h:361]   --->   Operation 177 'dadd' 'v_assign_1' <Predicate = (!exitcond)> <Delay = 8.39> <Core = "DAddSub">   --->   Core 109 'DAddSub' <Latency = 5> <II = 1> <Delay = 8.39> <FuncUnit> <Opcode : 'dadd' 'dsub'> <InPorts = 2> <OutPorts = 1>
ST_26 : Operation 178 [3/6] (8.39ns)   --->   "%v_assign_2 = fadd double %tmp_300_2, 0.000000e+00" [C:/Xilinx/Vivado/2018.2/common/technology/autopilot/hls/hls_video_arithm.h:280->C:/Xilinx/Vivado/2018.2/common/technology/autopilot/hls/hls_video_arithm.h:361]   --->   Operation 178 'dadd' 'v_assign_2' <Predicate = (!exitcond)> <Delay = 8.39> <Core = "DAddSub">   --->   Core 109 'DAddSub' <Latency = 5> <II = 1> <Delay = 8.39> <FuncUnit> <Opcode : 'dadd' 'dsub'> <InPorts = 2> <OutPorts = 1>

State 27 <SV = 26> <Delay = 8.39>
ST_27 : Operation 179 [2/6] (8.39ns)   --->   "%v_assign = fadd double %tmp_30, 0.000000e+00" [C:/Xilinx/Vivado/2018.2/common/technology/autopilot/hls/hls_video_arithm.h:280->C:/Xilinx/Vivado/2018.2/common/technology/autopilot/hls/hls_video_arithm.h:361]   --->   Operation 179 'dadd' 'v_assign' <Predicate = (!exitcond)> <Delay = 8.39> <Core = "DAddSub">   --->   Core 109 'DAddSub' <Latency = 5> <II = 1> <Delay = 8.39> <FuncUnit> <Opcode : 'dadd' 'dsub'> <InPorts = 2> <OutPorts = 1>
ST_27 : Operation 180 [2/6] (8.39ns)   --->   "%v_assign_1 = fadd double %tmp_300_1, 0.000000e+00" [C:/Xilinx/Vivado/2018.2/common/technology/autopilot/hls/hls_video_arithm.h:280->C:/Xilinx/Vivado/2018.2/common/technology/autopilot/hls/hls_video_arithm.h:361]   --->   Operation 180 'dadd' 'v_assign_1' <Predicate = (!exitcond)> <Delay = 8.39> <Core = "DAddSub">   --->   Core 109 'DAddSub' <Latency = 5> <II = 1> <Delay = 8.39> <FuncUnit> <Opcode : 'dadd' 'dsub'> <InPorts = 2> <OutPorts = 1>
ST_27 : Operation 181 [2/6] (8.39ns)   --->   "%v_assign_2 = fadd double %tmp_300_2, 0.000000e+00" [C:/Xilinx/Vivado/2018.2/common/technology/autopilot/hls/hls_video_arithm.h:280->C:/Xilinx/Vivado/2018.2/common/technology/autopilot/hls/hls_video_arithm.h:361]   --->   Operation 181 'dadd' 'v_assign_2' <Predicate = (!exitcond)> <Delay = 8.39> <Core = "DAddSub">   --->   Core 109 'DAddSub' <Latency = 5> <II = 1> <Delay = 8.39> <FuncUnit> <Opcode : 'dadd' 'dsub'> <InPorts = 2> <OutPorts = 1>

State 28 <SV = 27> <Delay = 8.39>
ST_28 : Operation 182 [1/6] (8.39ns)   --->   "%v_assign = fadd double %tmp_30, 0.000000e+00" [C:/Xilinx/Vivado/2018.2/common/technology/autopilot/hls/hls_video_arithm.h:280->C:/Xilinx/Vivado/2018.2/common/technology/autopilot/hls/hls_video_arithm.h:361]   --->   Operation 182 'dadd' 'v_assign' <Predicate = (!exitcond)> <Delay = 8.39> <Core = "DAddSub">   --->   Core 109 'DAddSub' <Latency = 5> <II = 1> <Delay = 8.39> <FuncUnit> <Opcode : 'dadd' 'dsub'> <InPorts = 2> <OutPorts = 1>
ST_28 : Operation 183 [1/6] (8.39ns)   --->   "%v_assign_1 = fadd double %tmp_300_1, 0.000000e+00" [C:/Xilinx/Vivado/2018.2/common/technology/autopilot/hls/hls_video_arithm.h:280->C:/Xilinx/Vivado/2018.2/common/technology/autopilot/hls/hls_video_arithm.h:361]   --->   Operation 183 'dadd' 'v_assign_1' <Predicate = (!exitcond)> <Delay = 8.39> <Core = "DAddSub">   --->   Core 109 'DAddSub' <Latency = 5> <II = 1> <Delay = 8.39> <FuncUnit> <Opcode : 'dadd' 'dsub'> <InPorts = 2> <OutPorts = 1>
ST_28 : Operation 184 [1/6] (8.39ns)   --->   "%v_assign_2 = fadd double %tmp_300_2, 0.000000e+00" [C:/Xilinx/Vivado/2018.2/common/technology/autopilot/hls/hls_video_arithm.h:280->C:/Xilinx/Vivado/2018.2/common/technology/autopilot/hls/hls_video_arithm.h:361]   --->   Operation 184 'dadd' 'v_assign_2' <Predicate = (!exitcond)> <Delay = 8.39> <Core = "DAddSub">   --->   Core 109 'DAddSub' <Latency = 5> <II = 1> <Delay = 8.39> <FuncUnit> <Opcode : 'dadd' 'dsub'> <InPorts = 2> <OutPorts = 1>

State 29 <SV = 28> <Delay = 6.87>
ST_29 : Operation 185 [4/4] (6.87ns)   --->   "%d_val_0 = call fastcc i8 @"operator().1"(double %v_assign) nounwind" [C:/Xilinx/Vivado/2018.2/common/technology/autopilot/hls/hls_video_types.h:500->C:/Xilinx/Vivado/2018.2/common/technology/autopilot/hls/hls_video_arithm.h:282->C:/Xilinx/Vivado/2018.2/common/technology/autopilot/hls/hls_video_arithm.h:361]   --->   Operation 185 'call' 'd_val_0' <Predicate = (!exitcond)> <Delay = 6.87> <CoreType = "Generic">   --->   Core 0 '' <Latency = 0> <II = 1> <Delay = 1.00> <Generic> <Opcode : >
ST_29 : Operation 186 [4/4] (6.87ns)   --->   "%d_val_1 = call fastcc i8 @"operator().1"(double %v_assign_1) nounwind" [C:/Xilinx/Vivado/2018.2/common/technology/autopilot/hls/hls_video_types.h:500->C:/Xilinx/Vivado/2018.2/common/technology/autopilot/hls/hls_video_arithm.h:282->C:/Xilinx/Vivado/2018.2/common/technology/autopilot/hls/hls_video_arithm.h:361]   --->   Operation 186 'call' 'd_val_1' <Predicate = (!exitcond)> <Delay = 6.87> <CoreType = "Generic">   --->   Core 0 '' <Latency = 0> <II = 1> <Delay = 1.00> <Generic> <Opcode : >
ST_29 : Operation 187 [4/4] (6.87ns)   --->   "%tmp_10 = call fastcc i8 @"operator().1"(double %v_assign_2) nounwind" [C:/Xilinx/Vivado/2018.2/common/technology/autopilot/hls/hls_video_types.h:500->C:/Xilinx/Vivado/2018.2/common/technology/autopilot/hls/hls_video_arithm.h:282->C:/Xilinx/Vivado/2018.2/common/technology/autopilot/hls/hls_video_arithm.h:361]   --->   Operation 187 'call' 'tmp_10' <Predicate = (!exitcond)> <Delay = 6.87> <CoreType = "Generic">   --->   Core 0 '' <Latency = 0> <II = 1> <Delay = 1.00> <Generic> <Opcode : >

State 30 <SV = 29> <Delay = 8.48>
ST_30 : Operation 188 [3/4] (8.48ns)   --->   "%d_val_0 = call fastcc i8 @"operator().1"(double %v_assign) nounwind" [C:/Xilinx/Vivado/2018.2/common/technology/autopilot/hls/hls_video_types.h:500->C:/Xilinx/Vivado/2018.2/common/technology/autopilot/hls/hls_video_arithm.h:282->C:/Xilinx/Vivado/2018.2/common/technology/autopilot/hls/hls_video_arithm.h:361]   --->   Operation 188 'call' 'd_val_0' <Predicate = (!exitcond)> <Delay = 8.48> <CoreType = "Generic">   --->   Core 0 '' <Latency = 0> <II = 1> <Delay = 1.00> <Generic> <Opcode : >
ST_30 : Operation 189 [3/4] (8.48ns)   --->   "%d_val_1 = call fastcc i8 @"operator().1"(double %v_assign_1) nounwind" [C:/Xilinx/Vivado/2018.2/common/technology/autopilot/hls/hls_video_types.h:500->C:/Xilinx/Vivado/2018.2/common/technology/autopilot/hls/hls_video_arithm.h:282->C:/Xilinx/Vivado/2018.2/common/technology/autopilot/hls/hls_video_arithm.h:361]   --->   Operation 189 'call' 'd_val_1' <Predicate = (!exitcond)> <Delay = 8.48> <CoreType = "Generic">   --->   Core 0 '' <Latency = 0> <II = 1> <Delay = 1.00> <Generic> <Opcode : >
ST_30 : Operation 190 [3/4] (8.48ns)   --->   "%tmp_10 = call fastcc i8 @"operator().1"(double %v_assign_2) nounwind" [C:/Xilinx/Vivado/2018.2/common/technology/autopilot/hls/hls_video_types.h:500->C:/Xilinx/Vivado/2018.2/common/technology/autopilot/hls/hls_video_arithm.h:282->C:/Xilinx/Vivado/2018.2/common/technology/autopilot/hls/hls_video_arithm.h:361]   --->   Operation 190 'call' 'tmp_10' <Predicate = (!exitcond)> <Delay = 8.48> <CoreType = "Generic">   --->   Core 0 '' <Latency = 0> <II = 1> <Delay = 1.00> <Generic> <Opcode : >

State 31 <SV = 30> <Delay = 8.48>
ST_31 : Operation 191 [2/4] (8.48ns)   --->   "%d_val_0 = call fastcc i8 @"operator().1"(double %v_assign) nounwind" [C:/Xilinx/Vivado/2018.2/common/technology/autopilot/hls/hls_video_types.h:500->C:/Xilinx/Vivado/2018.2/common/technology/autopilot/hls/hls_video_arithm.h:282->C:/Xilinx/Vivado/2018.2/common/technology/autopilot/hls/hls_video_arithm.h:361]   --->   Operation 191 'call' 'd_val_0' <Predicate = (!exitcond)> <Delay = 8.48> <CoreType = "Generic">   --->   Core 0 '' <Latency = 0> <II = 1> <Delay = 1.00> <Generic> <Opcode : >
ST_31 : Operation 192 [2/4] (8.48ns)   --->   "%d_val_1 = call fastcc i8 @"operator().1"(double %v_assign_1) nounwind" [C:/Xilinx/Vivado/2018.2/common/technology/autopilot/hls/hls_video_types.h:500->C:/Xilinx/Vivado/2018.2/common/technology/autopilot/hls/hls_video_arithm.h:282->C:/Xilinx/Vivado/2018.2/common/technology/autopilot/hls/hls_video_arithm.h:361]   --->   Operation 192 'call' 'd_val_1' <Predicate = (!exitcond)> <Delay = 8.48> <CoreType = "Generic">   --->   Core 0 '' <Latency = 0> <II = 1> <Delay = 1.00> <Generic> <Opcode : >
ST_31 : Operation 193 [2/4] (8.48ns)   --->   "%tmp_10 = call fastcc i8 @"operator().1"(double %v_assign_2) nounwind" [C:/Xilinx/Vivado/2018.2/common/technology/autopilot/hls/hls_video_types.h:500->C:/Xilinx/Vivado/2018.2/common/technology/autopilot/hls/hls_video_arithm.h:282->C:/Xilinx/Vivado/2018.2/common/technology/autopilot/hls/hls_video_arithm.h:361]   --->   Operation 193 'call' 'tmp_10' <Predicate = (!exitcond)> <Delay = 8.48> <CoreType = "Generic">   --->   Core 0 '' <Latency = 0> <II = 1> <Delay = 1.00> <Generic> <Opcode : >

State 32 <SV = 31> <Delay = 7.93>
ST_32 : Operation 194 [1/4] (7.93ns)   --->   "%d_val_0 = call fastcc i8 @"operator().1"(double %v_assign) nounwind" [C:/Xilinx/Vivado/2018.2/common/technology/autopilot/hls/hls_video_types.h:500->C:/Xilinx/Vivado/2018.2/common/technology/autopilot/hls/hls_video_arithm.h:282->C:/Xilinx/Vivado/2018.2/common/technology/autopilot/hls/hls_video_arithm.h:361]   --->   Operation 194 'call' 'd_val_0' <Predicate = (!exitcond)> <Delay = 7.93> <CoreType = "Generic">   --->   Core 0 '' <Latency = 0> <II = 1> <Delay = 1.00> <Generic> <Opcode : >
ST_32 : Operation 195 [1/4] (7.93ns)   --->   "%d_val_1 = call fastcc i8 @"operator().1"(double %v_assign_1) nounwind" [C:/Xilinx/Vivado/2018.2/common/technology/autopilot/hls/hls_video_types.h:500->C:/Xilinx/Vivado/2018.2/common/technology/autopilot/hls/hls_video_arithm.h:282->C:/Xilinx/Vivado/2018.2/common/technology/autopilot/hls/hls_video_arithm.h:361]   --->   Operation 195 'call' 'd_val_1' <Predicate = (!exitcond)> <Delay = 7.93> <CoreType = "Generic">   --->   Core 0 '' <Latency = 0> <II = 1> <Delay = 1.00> <Generic> <Opcode : >
ST_32 : Operation 196 [1/4] (7.93ns)   --->   "%tmp_10 = call fastcc i8 @"operator().1"(double %v_assign_2) nounwind" [C:/Xilinx/Vivado/2018.2/common/technology/autopilot/hls/hls_video_types.h:500->C:/Xilinx/Vivado/2018.2/common/technology/autopilot/hls/hls_video_arithm.h:282->C:/Xilinx/Vivado/2018.2/common/technology/autopilot/hls/hls_video_arithm.h:361]   --->   Operation 196 'call' 'tmp_10' <Predicate = (!exitcond)> <Delay = 7.93> <CoreType = "Generic">   --->   Core 0 '' <Latency = 0> <II = 1> <Delay = 1.00> <Generic> <Opcode : >

State 33 <SV = 32> <Delay = 3.90>
ST_33 : Operation 197 [1/1] (0.00ns)   --->   "call void (...)* @_ssdm_op_SpecLoopName([11 x i8]* @p_str9) nounwind" [C:/Xilinx/Vivado/2018.2/common/technology/autopilot/hls/hls_video_arithm.h:355]   --->   Operation 197 'specloopname' <Predicate = (!exitcond)> <Delay = 0.00>
ST_33 : Operation 198 [1/1] (0.00ns)   --->   "%tmp_4 = call i32 (...)* @_ssdm_op_SpecRegionBegin([11 x i8]* @p_str9)" [C:/Xilinx/Vivado/2018.2/common/technology/autopilot/hls/hls_video_arithm.h:355]   --->   Operation 198 'specregionbegin' 'tmp_4' <Predicate = (!exitcond)> <Delay = 0.00>
ST_33 : Operation 199 [1/1] (0.00ns)   --->   "call void (...)* @_ssdm_op_SpecPipeline(i32 1, i32 1, i32 1, i32 0, [1 x i8]* @p_str3) nounwind" [C:/Xilinx/Vivado/2018.2/common/technology/autopilot/hls/hls_video_arithm.h:357]   --->   Operation 199 'specpipeline' <Predicate = (!exitcond)> <Delay = 0.00>
ST_33 : Operation 200 [1/1] (0.00ns)   --->   "%tmp_7 = call i32 (...)* @_ssdm_op_SpecRegionBegin([12 x i8]* @p_str17)" [C:/Xilinx/Vivado/2018.2/common/technology/autopilot/hls/hls_video_core.h:641->C:/Xilinx/Vivado/2018.2/common/technology/autopilot/hls/hls_video_core.h:662->C:/Xilinx/Vivado/2018.2/common/technology/autopilot/hls/hls_video_arithm.h:363]   --->   Operation 200 'specregionbegin' 'tmp_7' <Predicate = (!exitcond)> <Delay = 0.00>
ST_33 : Operation 201 [1/1] (0.00ns)   --->   "call void (...)* @_ssdm_op_SpecProtocol(i32 0, [1 x i8]* @p_str3) nounwind" [C:/Xilinx/Vivado/2018.2/common/technology/autopilot/hls/hls_video_core.h:645->C:/Xilinx/Vivado/2018.2/common/technology/autopilot/hls/hls_video_core.h:662->C:/Xilinx/Vivado/2018.2/common/technology/autopilot/hls/hls_video_arithm.h:363]   --->   Operation 201 'specprotocol' <Predicate = (!exitcond)> <Delay = 0.00>
ST_33 : Operation 202 [1/1] (3.90ns)   --->   "call void @_ssdm_op_Write.ap_fifo.volatile.i8P(i8* %dst_data_stream_0_V, i8 %d_val_0)" [C:/Xilinx/Vivado/2018.2/common/technology/autopilot/hls/hls_video_core.h:648->C:/Xilinx/Vivado/2018.2/common/technology/autopilot/hls/hls_video_core.h:662->C:/Xilinx/Vivado/2018.2/common/technology/autopilot/hls/hls_video_arithm.h:363]   --->   Operation 202 'write' <Predicate = (!exitcond)> <Delay = 3.90> <Core = "FIFO">   --->   Core 32 'FIFO' <Latency = 0> <II = 1> <Delay = 3.90> <Storage> <Opcode : 'read' 'write' 'nbread' 'nbwrite'> <Ports = 0> <Width = 8> <Depth = 2> <FIFO>
ST_33 : Operation 203 [1/1] (3.90ns)   --->   "call void @_ssdm_op_Write.ap_fifo.volatile.i8P(i8* %dst_data_stream_1_V, i8 %d_val_1)" [C:/Xilinx/Vivado/2018.2/common/technology/autopilot/hls/hls_video_core.h:648->C:/Xilinx/Vivado/2018.2/common/technology/autopilot/hls/hls_video_core.h:662->C:/Xilinx/Vivado/2018.2/common/technology/autopilot/hls/hls_video_arithm.h:363]   --->   Operation 203 'write' <Predicate = (!exitcond)> <Delay = 3.90> <Core = "FIFO">   --->   Core 32 'FIFO' <Latency = 0> <II = 1> <Delay = 3.90> <Storage> <Opcode : 'read' 'write' 'nbread' 'nbwrite'> <Ports = 0> <Width = 8> <Depth = 2> <FIFO>
ST_33 : Operation 204 [1/1] (3.90ns)   --->   "call void @_ssdm_op_Write.ap_fifo.volatile.i8P(i8* %dst_data_stream_2_V, i8 %tmp_10)" [C:/Xilinx/Vivado/2018.2/common/technology/autopilot/hls/hls_video_core.h:648->C:/Xilinx/Vivado/2018.2/common/technology/autopilot/hls/hls_video_core.h:662->C:/Xilinx/Vivado/2018.2/common/technology/autopilot/hls/hls_video_arithm.h:363]   --->   Operation 204 'write' <Predicate = (!exitcond)> <Delay = 3.90> <Core = "FIFO">   --->   Core 32 'FIFO' <Latency = 0> <II = 1> <Delay = 3.90> <Storage> <Opcode : 'read' 'write' 'nbread' 'nbwrite'> <Ports = 0> <Width = 8> <Depth = 2> <FIFO>
ST_33 : Operation 205 [1/1] (0.00ns)   --->   "%empty_20 = call i32 (...)* @_ssdm_op_SpecRegionEnd([12 x i8]* @p_str17, i32 %tmp_7)" [C:/Xilinx/Vivado/2018.2/common/technology/autopilot/hls/hls_video_core.h:650->C:/Xilinx/Vivado/2018.2/common/technology/autopilot/hls/hls_video_core.h:662->C:/Xilinx/Vivado/2018.2/common/technology/autopilot/hls/hls_video_arithm.h:363]   --->   Operation 205 'specregionend' 'empty_20' <Predicate = (!exitcond)> <Delay = 0.00>
ST_33 : Operation 206 [1/1] (0.00ns)   --->   "%empty_21 = call i32 (...)* @_ssdm_op_SpecRegionEnd([11 x i8]* @p_str9, i32 %tmp_4)" [C:/Xilinx/Vivado/2018.2/common/technology/autopilot/hls/hls_video_arithm.h:364]   --->   Operation 206 'specregionend' 'empty_21' <Predicate = (!exitcond)> <Delay = 0.00>
ST_33 : Operation 207 [1/1] (0.00ns)   --->   "br label %2" [C:/Xilinx/Vivado/2018.2/common/technology/autopilot/hls/hls_video_arithm.h:355]   --->   Operation 207 'br' <Predicate = (!exitcond)> <Delay = 0.00>

State 34 <SV = 3> <Delay = 0.00>
ST_34 : Operation 208 [1/1] (0.00ns)   --->   "%empty_22 = call i32 (...)* @_ssdm_op_SpecRegionEnd([12 x i8]* @p_str8, i32 %tmp)" [C:/Xilinx/Vivado/2018.2/common/technology/autopilot/hls/hls_video_arithm.h:365]   --->   Operation 208 'specregionend' 'empty_22' <Predicate = true> <Delay = 0.00>
ST_34 : Operation 209 [1/1] (0.00ns)   --->   "br label %0" [C:/Xilinx/Vivado/2018.2/common/technology/autopilot/hls/hls_video_arithm.h:354]   --->   Operation 209 'br' <Predicate = true> <Delay = 0.00>


============================================================
+ Verbose Summary: Timing violations
============================================================
Target clock period: 10ns, clock uncertainty: 1.25ns.

 <State 1>: 1.66ns
The critical path consists of the following:
	multiplexor before 'phi' operation ('i.V') with incoming values : ('i.V', C:/Xilinx/Vivado/2018.2/common/technology/autopilot/hls/hls_video_arithm.h:354) [21]  (1.66 ns)

 <State 2>: 2.79ns
The critical path consists of the following:
	'icmp' operation ('exitcond4', C:/Xilinx/Vivado/2018.2/common/technology/autopilot/hls/hls_video_arithm.h:354) [22]  (1.81 ns)
	blocking operation 0.978 ns on control path)

 <State 3>: 2.13ns
The critical path consists of the following:
	'phi' operation ('j.V') with incoming values : ('j.V', C:/Xilinx/Vivado/2018.2/common/technology/autopilot/hls/hls_video_arithm.h:355) [31]  (0 ns)
	'add' operation ('j.V', C:/Xilinx/Vivado/2018.2/common/technology/autopilot/hls/hls_video_arithm.h:355) [34]  (2.13 ns)

 <State 4>: 3.91ns
The critical path consists of the following:
	fifo read on port 'src1_data_stream_0_V' (C:/Xilinx/Vivado/2018.2/common/technology/autopilot/hls/hls_video_core.h:624->C:/Xilinx/Vivado/2018.2/common/technology/autopilot/hls/hls_video_core.h:656->C:/Xilinx/Vivado/2018.2/common/technology/autopilot/hls/hls_video_arithm.h:358) [42]  (3.91 ns)

 <State 5>: 6.02ns
The critical path consists of the following:
	'sitodp' operation ('tmp_27', C:/Xilinx/Vivado/2018.2/common/technology/autopilot/hls/hls_video_arithm.h:276->C:/Xilinx/Vivado/2018.2/common/technology/autopilot/hls/hls_video_arithm.h:361) [53]  (6.02 ns)

 <State 6>: 6.02ns
The critical path consists of the following:
	'sitodp' operation ('tmp_27', C:/Xilinx/Vivado/2018.2/common/technology/autopilot/hls/hls_video_arithm.h:276->C:/Xilinx/Vivado/2018.2/common/technology/autopilot/hls/hls_video_arithm.h:361) [53]  (6.02 ns)

 <State 7>: 6.02ns
The critical path consists of the following:
	'sitodp' operation ('tmp_27', C:/Xilinx/Vivado/2018.2/common/technology/autopilot/hls/hls_video_arithm.h:276->C:/Xilinx/Vivado/2018.2/common/technology/autopilot/hls/hls_video_arithm.h:361) [53]  (6.02 ns)

 <State 8>: 6.02ns
The critical path consists of the following:
	'sitodp' operation ('tmp_27', C:/Xilinx/Vivado/2018.2/common/technology/autopilot/hls/hls_video_arithm.h:276->C:/Xilinx/Vivado/2018.2/common/technology/autopilot/hls/hls_video_arithm.h:361) [53]  (6.02 ns)

 <State 9>: 6.02ns
The critical path consists of the following:
	'sitodp' operation ('tmp_27', C:/Xilinx/Vivado/2018.2/common/technology/autopilot/hls/hls_video_arithm.h:276->C:/Xilinx/Vivado/2018.2/common/technology/autopilot/hls/hls_video_arithm.h:361) [53]  (6.02 ns)

 <State 10>: 6.02ns
The critical path consists of the following:
	'sitodp' operation ('tmp_27', C:/Xilinx/Vivado/2018.2/common/technology/autopilot/hls/hls_video_arithm.h:276->C:/Xilinx/Vivado/2018.2/common/technology/autopilot/hls/hls_video_arithm.h:361) [53]  (6.02 ns)

 <State 11>: 7.79ns
The critical path consists of the following:
	'dmul' operation ('t1', C:/Xilinx/Vivado/2018.2/common/technology/autopilot/hls/hls_video_arithm.h:276->C:/Xilinx/Vivado/2018.2/common/technology/autopilot/hls/hls_video_arithm.h:361) [54]  (7.79 ns)

 <State 12>: 7.79ns
The critical path consists of the following:
	'dmul' operation ('t1', C:/Xilinx/Vivado/2018.2/common/technology/autopilot/hls/hls_video_arithm.h:276->C:/Xilinx/Vivado/2018.2/common/technology/autopilot/hls/hls_video_arithm.h:361) [54]  (7.79 ns)

 <State 13>: 7.79ns
The critical path consists of the following:
	'dmul' operation ('t1', C:/Xilinx/Vivado/2018.2/common/technology/autopilot/hls/hls_video_arithm.h:276->C:/Xilinx/Vivado/2018.2/common/technology/autopilot/hls/hls_video_arithm.h:361) [54]  (7.79 ns)

 <State 14>: 7.79ns
The critical path consists of the following:
	'dmul' operation ('t1', C:/Xilinx/Vivado/2018.2/common/technology/autopilot/hls/hls_video_arithm.h:276->C:/Xilinx/Vivado/2018.2/common/technology/autopilot/hls/hls_video_arithm.h:361) [54]  (7.79 ns)

 <State 15>: 7.79ns
The critical path consists of the following:
	'dmul' operation ('t1', C:/Xilinx/Vivado/2018.2/common/technology/autopilot/hls/hls_video_arithm.h:276->C:/Xilinx/Vivado/2018.2/common/technology/autopilot/hls/hls_video_arithm.h:361) [54]  (7.79 ns)

 <State 16>: 7.79ns
The critical path consists of the following:
	'dmul' operation ('t1', C:/Xilinx/Vivado/2018.2/common/technology/autopilot/hls/hls_video_arithm.h:276->C:/Xilinx/Vivado/2018.2/common/technology/autopilot/hls/hls_video_arithm.h:361) [54]  (7.79 ns)

 <State 17>: 8.39ns
The critical path consists of the following:
	'dadd' operation ('tmp_30', C:/Xilinx/Vivado/2018.2/common/technology/autopilot/hls/hls_video_arithm.h:280->C:/Xilinx/Vivado/2018.2/common/technology/autopilot/hls/hls_video_arithm.h:361) [58]  (8.39 ns)

 <State 18>: 8.39ns
The critical path consists of the following:
	'dadd' operation ('tmp_30', C:/Xilinx/Vivado/2018.2/common/technology/autopilot/hls/hls_video_arithm.h:280->C:/Xilinx/Vivado/2018.2/common/technology/autopilot/hls/hls_video_arithm.h:361) [58]  (8.39 ns)

 <State 19>: 8.39ns
The critical path consists of the following:
	'dadd' operation ('tmp_30', C:/Xilinx/Vivado/2018.2/common/technology/autopilot/hls/hls_video_arithm.h:280->C:/Xilinx/Vivado/2018.2/common/technology/autopilot/hls/hls_video_arithm.h:361) [58]  (8.39 ns)

 <State 20>: 8.39ns
The critical path consists of the following:
	'dadd' operation ('tmp_30', C:/Xilinx/Vivado/2018.2/common/technology/autopilot/hls/hls_video_arithm.h:280->C:/Xilinx/Vivado/2018.2/common/technology/autopilot/hls/hls_video_arithm.h:361) [58]  (8.39 ns)

 <State 21>: 8.39ns
The critical path consists of the following:
	'dadd' operation ('tmp_30', C:/Xilinx/Vivado/2018.2/common/technology/autopilot/hls/hls_video_arithm.h:280->C:/Xilinx/Vivado/2018.2/common/technology/autopilot/hls/hls_video_arithm.h:361) [58]  (8.39 ns)

 <State 22>: 8.39ns
The critical path consists of the following:
	'dadd' operation ('tmp_30', C:/Xilinx/Vivado/2018.2/common/technology/autopilot/hls/hls_video_arithm.h:280->C:/Xilinx/Vivado/2018.2/common/technology/autopilot/hls/hls_video_arithm.h:361) [58]  (8.39 ns)

 <State 23>: 8.39ns
The critical path consists of the following:
	'dadd' operation ('v', C:/Xilinx/Vivado/2018.2/common/technology/autopilot/hls/hls_video_arithm.h:280->C:/Xilinx/Vivado/2018.2/common/technology/autopilot/hls/hls_video_arithm.h:361) [59]  (8.39 ns)

 <State 24>: 8.39ns
The critical path consists of the following:
	'dadd' operation ('v', C:/Xilinx/Vivado/2018.2/common/technology/autopilot/hls/hls_video_arithm.h:280->C:/Xilinx/Vivado/2018.2/common/technology/autopilot/hls/hls_video_arithm.h:361) [59]  (8.39 ns)

 <State 25>: 8.39ns
The critical path consists of the following:
	'dadd' operation ('v', C:/Xilinx/Vivado/2018.2/common/technology/autopilot/hls/hls_video_arithm.h:280->C:/Xilinx/Vivado/2018.2/common/technology/autopilot/hls/hls_video_arithm.h:361) [59]  (8.39 ns)

 <State 26>: 8.39ns
The critical path consists of the following:
	'dadd' operation ('v', C:/Xilinx/Vivado/2018.2/common/technology/autopilot/hls/hls_video_arithm.h:280->C:/Xilinx/Vivado/2018.2/common/technology/autopilot/hls/hls_video_arithm.h:361) [59]  (8.39 ns)

 <State 27>: 8.39ns
The critical path consists of the following:
	'dadd' operation ('v', C:/Xilinx/Vivado/2018.2/common/technology/autopilot/hls/hls_video_arithm.h:280->C:/Xilinx/Vivado/2018.2/common/technology/autopilot/hls/hls_video_arithm.h:361) [59]  (8.39 ns)

 <State 28>: 8.39ns
The critical path consists of the following:
	'dadd' operation ('v', C:/Xilinx/Vivado/2018.2/common/technology/autopilot/hls/hls_video_arithm.h:280->C:/Xilinx/Vivado/2018.2/common/technology/autopilot/hls/hls_video_arithm.h:361) [59]  (8.39 ns)

 <State 29>: 6.87ns
The critical path consists of the following:
	'call' operation ('d.val[0]', C:/Xilinx/Vivado/2018.2/common/technology/autopilot/hls/hls_video_types.h:500->C:/Xilinx/Vivado/2018.2/common/technology/autopilot/hls/hls_video_arithm.h:282->C:/Xilinx/Vivado/2018.2/common/technology/autopilot/hls/hls_video_arithm.h:361) to 'operator().1' [60]  (6.87 ns)

 <State 30>: 8.48ns
The critical path consists of the following:
	'call' operation ('d.val[0]', C:/Xilinx/Vivado/2018.2/common/technology/autopilot/hls/hls_video_types.h:500->C:/Xilinx/Vivado/2018.2/common/technology/autopilot/hls/hls_video_arithm.h:282->C:/Xilinx/Vivado/2018.2/common/technology/autopilot/hls/hls_video_arithm.h:361) to 'operator().1' [60]  (8.48 ns)

 <State 31>: 8.48ns
The critical path consists of the following:
	'call' operation ('d.val[0]', C:/Xilinx/Vivado/2018.2/common/technology/autopilot/hls/hls_video_types.h:500->C:/Xilinx/Vivado/2018.2/common/technology/autopilot/hls/hls_video_arithm.h:282->C:/Xilinx/Vivado/2018.2/common/technology/autopilot/hls/hls_video_arithm.h:361) to 'operator().1' [60]  (8.48 ns)

 <State 32>: 7.94ns
The critical path consists of the following:
	'call' operation ('d.val[0]', C:/Xilinx/Vivado/2018.2/common/technology/autopilot/hls/hls_video_types.h:500->C:/Xilinx/Vivado/2018.2/common/technology/autopilot/hls/hls_video_arithm.h:282->C:/Xilinx/Vivado/2018.2/common/technology/autopilot/hls/hls_video_arithm.h:361) to 'operator().1' [60]  (7.94 ns)

 <State 33>: 3.91ns
The critical path consists of the following:
	fifo write on port 'dst_data_stream_0_V' (C:/Xilinx/Vivado/2018.2/common/technology/autopilot/hls/hls_video_core.h:648->C:/Xilinx/Vivado/2018.2/common/technology/autopilot/hls/hls_video_core.h:662->C:/Xilinx/Vivado/2018.2/common/technology/autopilot/hls/hls_video_arithm.h:363) [81]  (3.91 ns)

 <State 34>: 0ns
The critical path consists of the following:


============================================================
+ Verbose Summary: Binding
============================================================
N/A
* FSMD analyzer results:
  - Output states:
 - Input state : 
  - Chain level:
	State 1
	State 2
	State 3
	State 4
	State 5
	State 6
	State 7
	State 8
	State 9
	State 10
	State 11
	State 12
	State 13
	State 14
	State 15
	State 16
	State 17
	State 18
	State 19
	State 20
	State 21
	State 22
	State 23
	State 24
	State 25
	State 26
	State 27
	State 28
	State 29
	State 30
	State 31
	State 32
	State 33
	State 34


============================================================
+ Verbose Summary: Datapath Resource usage 
============================================================
N/A
