

================================================================
== Vivado HLS Report for 'CvtColor_1'
================================================================
* Date:           Wed Dec 19 22:30:04 2018

* Version:        2018.2 (Build 2258646 on Thu Jun 14 20:25:20 MDT 2018)
* Project:        SobelNewVivado
* Solution:       solution1
* Product family: artix7
* Target device:  xc7a200tsbg484-1


================================================================
== Performance Estimates
================================================================
+ Timing (ns): 
    * Summary: 
    +--------+-------+----------+------------+
    |  Clock | Target| Estimated| Uncertainty|
    +--------+-------+----------+------------+
    |ap_clk  |  10.00|    11.000|        1.25|
    +--------+-------+----------+------------+

+ Latency (clock cycles): 
    * Summary: 
    +---------+---------+---------+---------+---------+
    |      Latency      |      Interval     | Pipeline|
    |   min   |   max   |   min   |   max   |   Type  |
    +---------+---------+---------+---------+---------+
    |  2080081|  2080081|  2080081|  2080081|   none  |
    +---------+---------+---------+---------+---------+

    + Detail: 
        * Instance: 
        N/A

        * Loop: 
        +---------------+---------+---------+----------+-----------+-----------+------+----------+
        |               |      Latency      | Iteration|  Initiation Interval  | Trip |          |
        |   Loop Name   |   min   |   max   |  Latency |  achieved |   target  | Count| Pipelined|
        +---------------+---------+---------+----------+-----------+-----------+------+----------+
        |- loop_height  |  2080080|  2080080|      1926|          -|          -|  1080|    no    |
        | + loop_width  |     1923|     1923|         5|          1|          1|  1920|    yes   |
        +---------------+---------+---------+----------+-----------+-----------+------+----------+

============================================================
+ Verbose Summary: Synthesis Manager
============================================================
InlineROM: 1
ExposeGlobal: 0
============================================================
+ Verbose Summary: CDFG Model
============================================================
IsTopModel: 0
ResetActiveHigh: 1
IsCombinational: 0
IsDatapathOnly: 0
HasWiredReturn: 1
HasMFsm: 0
HasVarLatency: 1
IsPipeline: 0
IsRtlPipelined: 0
IsInstanceOverlapped: 0
IsDontTouch: 0
HasImplIP: 0
IsGatedGlobalClock: 0

+ Individual pipeline summary: 
  * Pipeline-0: initiation interval (II) = 1, depth = 5


============================================================
+ Verbose Summary: Schedule
============================================================
* Number of FSM states : 8
* Pipeline : 1
  Pipeline-0 : II = 1, D = 5, States = { 3 4 5 6 7 }
* Dataflow Pipeline: 0

* FSM state transitions: 
1 --> 
	2  / true
2 --> 
	3  / (tmp_s)
3 --> 
	8  / (!tmp_72)
	4  / (tmp_72)
4 --> 
	5  / true
5 --> 
	6  / true
6 --> 
	7  / true
7 --> 
	3  / true
8 --> 
	2  / true

* FSM state operations: 

State 1 <SV = 0> <Delay = 1.66>
ST_1 : Operation 9 [1/1] (0.00ns)   --->   "call void (...)* @_ssdm_op_SpecInterface(i8* %p_dst_data_stream_2_V, [8 x i8]* @ap_fifo_str, i32 0, i32 0, [1 x i8]* @p_str514, i32 0, i32 0, [1 x i8]* @p_str515, [1 x i8]* @p_str516, [1 x i8]* @p_str517, i32 2, i32 2, i32 16, i32 16, [1 x i8]* @p_str518, [1 x i8]* @p_str519)"   --->   Operation 9 'specinterface' <Predicate = true> <Delay = 0.00>
ST_1 : Operation 10 [1/1] (0.00ns)   --->   "call void (...)* @_ssdm_op_SpecInterface(i8* %p_dst_data_stream_1_V, [8 x i8]* @ap_fifo_str, i32 0, i32 0, [1 x i8]* @p_str507, i32 0, i32 0, [1 x i8]* @p_str508, [1 x i8]* @p_str509, [1 x i8]* @p_str510, i32 2, i32 2, i32 16, i32 16, [1 x i8]* @p_str511, [1 x i8]* @p_str512)"   --->   Operation 10 'specinterface' <Predicate = true> <Delay = 0.00>
ST_1 : Operation 11 [1/1] (0.00ns)   --->   "call void (...)* @_ssdm_op_SpecInterface(i8* %p_dst_data_stream_0_V, [8 x i8]* @ap_fifo_str, i32 0, i32 0, [1 x i8]* @p_str500, i32 0, i32 0, [1 x i8]* @p_str501, [1 x i8]* @p_str502, [1 x i8]* @p_str503, i32 2, i32 2, i32 16, i32 16, [1 x i8]* @p_str504, [1 x i8]* @p_str505)"   --->   Operation 11 'specinterface' <Predicate = true> <Delay = 0.00>
ST_1 : Operation 12 [1/1] (0.00ns)   --->   "call void (...)* @_ssdm_op_SpecInterface(i8* %p_src_data_stream_0_V, [8 x i8]* @ap_fifo_str, i32 0, i32 0, [1 x i8]* @p_str311, i32 0, i32 0, [1 x i8]* @p_str312, [1 x i8]* @p_str313, [1 x i8]* @p_str314, i32 2, i32 2, i32 16, i32 16, [1 x i8]* @p_str315, [1 x i8]* @p_str316)"   --->   Operation 12 'specinterface' <Predicate = true> <Delay = 0.00>
ST_1 : Operation 13 [1/1] (0.00ns)   --->   "call void (...)* @_ssdm_op_SpecInterface(i8* %p_src_data_stream_1_V, [8 x i8]* @ap_fifo_str, i32 0, i32 0, [1 x i8]* @p_str318, i32 0, i32 0, [1 x i8]* @p_str319, [1 x i8]* @p_str320, [1 x i8]* @p_str321, i32 2, i32 2, i32 16, i32 16, [1 x i8]* @p_str322, [1 x i8]* @p_str323)"   --->   Operation 13 'specinterface' <Predicate = true> <Delay = 0.00>
ST_1 : Operation 14 [1/1] (0.00ns)   --->   "call void (...)* @_ssdm_op_SpecInterface(i8* %p_src_data_stream_2_V, [8 x i8]* @ap_fifo_str, i32 0, i32 0, [1 x i8]* @p_str325, i32 0, i32 0, [1 x i8]* @p_str326, [1 x i8]* @p_str327, [1 x i8]* @p_str328, i32 2, i32 2, i32 16, i32 16, [1 x i8]* @p_str329, [1 x i8]* @p_str330)"   --->   Operation 14 'specinterface' <Predicate = true> <Delay = 0.00>
ST_1 : Operation 15 [1/1] (1.66ns)   --->   "br label %0" [C:/Xilinx/Vivado/2018.2/common/technology/autopilot/hls/hls_video_imgproc.h:1947]   --->   Operation 15 'br' <Predicate = true> <Delay = 1.66>

State 2 <SV = 1> <Delay = 2.79>
ST_2 : Operation 16 [1/1] (0.00ns)   --->   "%i = phi i11 [ 0, %ap_fixed_base.exit25.i.i ], [ %i_1, %3 ]"   --->   Operation 16 'phi' 'i' <Predicate = true> <Delay = 0.00>
ST_2 : Operation 17 [1/1] (1.81ns)   --->   "%tmp_s = icmp ult i11 %i, -968" [C:/Xilinx/Vivado/2018.2/common/technology/autopilot/hls/hls_video_imgproc.h:1947]   --->   Operation 17 'icmp' 'tmp_s' <Predicate = true> <Delay = 1.81> <Core = "Cmp">   --->   Core 25 'Cmp' <Latency = 0> <II = 1> <Delay = 1.81> <FuncUnit> <Opcode : 'icmp'> <InPorts = 2> <OutPorts = 1>
ST_2 : Operation 18 [1/1] (2.12ns)   --->   "%i_1 = add i11 %i, 1" [C:/Xilinx/Vivado/2018.2/common/technology/autopilot/hls/hls_video_imgproc.h:1947]   --->   Operation 18 'add' 'i_1' <Predicate = true> <Delay = 2.12> <Core = "AddSub">   --->   Core 14 'AddSub' <Latency = 0> <II = 1> <Delay = 2.12> <FuncUnit> <Opcode : 'add' 'sub'> <InPorts = 2> <OutPorts = 1>
ST_2 : Operation 19 [1/1] (0.00ns)   --->   "call void (...)* @_ssdm_op_SpecLoopTripCount(i64 1080, i64 1080, i64 1080)"   --->   Operation 19 'speclooptripcount' <Predicate = true> <Delay = 0.00>
ST_2 : Operation 20 [1/1] (0.00ns)   --->   "br i1 %tmp_s, label %1, label %4" [C:/Xilinx/Vivado/2018.2/common/technology/autopilot/hls/hls_video_imgproc.h:1947]   --->   Operation 20 'br' <Predicate = true> <Delay = 0.00>
ST_2 : Operation 21 [1/1] (0.00ns)   --->   "call void (...)* @_ssdm_op_SpecLoopName([12 x i8]* @p_str8) nounwind" [C:/Xilinx/Vivado/2018.2/common/technology/autopilot/hls/hls_video_imgproc.h:1947]   --->   Operation 21 'specloopname' <Predicate = (tmp_s)> <Delay = 0.00>
ST_2 : Operation 22 [1/1] (0.00ns)   --->   "%tmp = call i32 (...)* @_ssdm_op_SpecRegionBegin([12 x i8]* @p_str8)" [C:/Xilinx/Vivado/2018.2/common/technology/autopilot/hls/hls_video_imgproc.h:1947]   --->   Operation 22 'specregionbegin' 'tmp' <Predicate = (tmp_s)> <Delay = 0.00>
ST_2 : Operation 23 [1/1] (1.66ns)   --->   "br label %2" [C:/Xilinx/Vivado/2018.2/common/technology/autopilot/hls/hls_video_imgproc.h:1948]   --->   Operation 23 'br' <Predicate = (tmp_s)> <Delay = 1.66>
ST_2 : Operation 24 [1/1] (0.00ns)   --->   "ret void" [C:/Xilinx/Vivado/2018.2/common/technology/autopilot/hls/hls_video_imgproc.h:1956]   --->   Operation 24 'ret' <Predicate = (!tmp_s)> <Delay = 0.00>

State 3 <SV = 2> <Delay = 2.12>
ST_3 : Operation 25 [1/1] (0.00ns)   --->   "%j = phi i11 [ 0, %1 ], [ %j_1, %"operator>>.exit_ifconv" ]"   --->   Operation 25 'phi' 'j' <Predicate = true> <Delay = 0.00>
ST_3 : Operation 26 [1/1] (1.81ns)   --->   "%tmp_72 = icmp ult i11 %j, -128" [C:/Xilinx/Vivado/2018.2/common/technology/autopilot/hls/hls_video_imgproc.h:1948]   --->   Operation 26 'icmp' 'tmp_72' <Predicate = true> <Delay = 1.81> <Core = "Cmp">   --->   Core 25 'Cmp' <Latency = 0> <II = 1> <Delay = 1.81> <FuncUnit> <Opcode : 'icmp'> <InPorts = 2> <OutPorts = 1>
ST_3 : Operation 27 [1/1] (2.12ns)   --->   "%j_1 = add i11 %j, 1" [C:/Xilinx/Vivado/2018.2/common/technology/autopilot/hls/hls_video_imgproc.h:1948]   --->   Operation 27 'add' 'j_1' <Predicate = true> <Delay = 2.12> <Core = "AddSub">   --->   Core 14 'AddSub' <Latency = 0> <II = 1> <Delay = 2.12> <FuncUnit> <Opcode : 'add' 'sub'> <InPorts = 2> <OutPorts = 1>
ST_3 : Operation 28 [1/1] (0.00ns)   --->   "call void (...)* @_ssdm_op_SpecLoopTripCount(i64 1920, i64 1920, i64 1920)"   --->   Operation 28 'speclooptripcount' <Predicate = true> <Delay = 0.00>
ST_3 : Operation 29 [1/1] (0.00ns)   --->   "br i1 %tmp_72, label %"operator>>.exit_ifconv", label %3" [C:/Xilinx/Vivado/2018.2/common/technology/autopilot/hls/hls_video_imgproc.h:1948]   --->   Operation 29 'br' <Predicate = true> <Delay = 0.00>

State 4 <SV = 3> <Delay = 3.90>
ST_4 : Operation 30 [1/1] (0.00ns)   --->   "%tmp_83 = call i32 (...)* @_ssdm_op_SpecRegionBegin([12 x i8]* @p_str13)" [C:/Xilinx/Vivado/2018.2/common/technology/autopilot/hls/hls_video_core.h:617->C:/Xilinx/Vivado/2018.2/common/technology/autopilot/hls/hls_video_core.h:656->C:/Xilinx/Vivado/2018.2/common/technology/autopilot/hls/hls_video_imgproc.h:1951]   --->   Operation 30 'specregionbegin' 'tmp_83' <Predicate = (tmp_72)> <Delay = 0.00>
ST_4 : Operation 31 [1/1] (0.00ns)   --->   "call void (...)* @_ssdm_op_SpecProtocol(i32 0, [1 x i8]* @p_str3) nounwind" [C:/Xilinx/Vivado/2018.2/common/technology/autopilot/hls/hls_video_core.h:621->C:/Xilinx/Vivado/2018.2/common/technology/autopilot/hls/hls_video_core.h:656->C:/Xilinx/Vivado/2018.2/common/technology/autopilot/hls/hls_video_imgproc.h:1951]   --->   Operation 31 'specprotocol' <Predicate = (tmp_72)> <Delay = 0.00>
ST_4 : Operation 32 [1/1] (3.90ns)   --->   "%tmp_186 = call i8 @_ssdm_op_Read.ap_fifo.volatile.i8P(i8* %p_src_data_stream_0_V)" [C:/Xilinx/Vivado/2018.2/common/technology/autopilot/hls/hls_video_core.h:624->C:/Xilinx/Vivado/2018.2/common/technology/autopilot/hls/hls_video_core.h:656->C:/Xilinx/Vivado/2018.2/common/technology/autopilot/hls/hls_video_imgproc.h:1951]   --->   Operation 32 'read' 'tmp_186' <Predicate = (tmp_72)> <Delay = 3.90> <Core = "FIFO">   --->   Core 32 'FIFO' <Latency = 0> <II = 1> <Delay = 3.90> <Storage> <Opcode : 'read' 'write' 'nbread' 'nbwrite'> <Ports = 0> <Width = 8> <Depth = 2> <FIFO>
ST_4 : Operation 33 [1/1] (3.90ns)   --->   "%tmp_187 = call i8 @_ssdm_op_Read.ap_fifo.volatile.i8P(i8* %p_src_data_stream_1_V)" [C:/Xilinx/Vivado/2018.2/common/technology/autopilot/hls/hls_video_core.h:624->C:/Xilinx/Vivado/2018.2/common/technology/autopilot/hls/hls_video_core.h:656->C:/Xilinx/Vivado/2018.2/common/technology/autopilot/hls/hls_video_imgproc.h:1951]   --->   Operation 33 'read' 'tmp_187' <Predicate = (tmp_72)> <Delay = 3.90> <Core = "FIFO">   --->   Core 32 'FIFO' <Latency = 0> <II = 1> <Delay = 3.90> <Storage> <Opcode : 'read' 'write' 'nbread' 'nbwrite'> <Ports = 0> <Width = 8> <Depth = 2> <FIFO>
ST_4 : Operation 34 [1/1] (3.90ns)   --->   "%tmp_188 = call i8 @_ssdm_op_Read.ap_fifo.volatile.i8P(i8* %p_src_data_stream_2_V)" [C:/Xilinx/Vivado/2018.2/common/technology/autopilot/hls/hls_video_core.h:624->C:/Xilinx/Vivado/2018.2/common/technology/autopilot/hls/hls_video_core.h:656->C:/Xilinx/Vivado/2018.2/common/technology/autopilot/hls/hls_video_imgproc.h:1951]   --->   Operation 34 'read' 'tmp_188' <Predicate = (tmp_72)> <Delay = 3.90> <Core = "FIFO">   --->   Core 32 'FIFO' <Latency = 0> <II = 1> <Delay = 3.90> <Storage> <Opcode : 'read' 'write' 'nbread' 'nbwrite'> <Ports = 0> <Width = 8> <Depth = 2> <FIFO>
ST_4 : Operation 35 [1/1] (0.00ns)   --->   "%empty = call i32 (...)* @_ssdm_op_SpecRegionEnd([12 x i8]* @p_str13, i32 %tmp_83)" [C:/Xilinx/Vivado/2018.2/common/technology/autopilot/hls/hls_video_core.h:626->C:/Xilinx/Vivado/2018.2/common/technology/autopilot/hls/hls_video_core.h:656->C:/Xilinx/Vivado/2018.2/common/technology/autopilot/hls/hls_video_imgproc.h:1951]   --->   Operation 35 'specregionend' 'empty' <Predicate = (tmp_72)> <Delay = 0.00>

State 5 <SV = 4> <Delay = 7.18>
ST_5 : Operation 36 [1/1] (0.00ns)   --->   "%OP2_V_2_i_cast = zext i8 %tmp_188 to i29" [C:/Xilinx/Vivado/2018.2/common/technology/autopilot/hls/hls_video_imgproc.h:1477->C:/Xilinx/Vivado/2018.2/common/technology/autopilot/hls/hls_video_imgproc.h:1514->C:/Xilinx/Vivado/2018.2/common/technology/autopilot/hls/hls_video_imgproc.h:1952]   --->   Operation 36 'zext' 'OP2_V_2_i_cast' <Predicate = (tmp_72)> <Delay = 0.00>
ST_5 : Operation 37 [1/1] (7.18ns)   --->   "%r_V_4_i = mul i29 %OP2_V_2_i_cast, 1254096" [C:/Xilinx/Vivado/2018.2/common/technology/autopilot/hls/hls_video_imgproc.h:1477->C:/Xilinx/Vivado/2018.2/common/technology/autopilot/hls/hls_video_imgproc.h:1514->C:/Xilinx/Vivado/2018.2/common/technology/autopilot/hls/hls_video_imgproc.h:1952]   --->   Operation 37 'mul' 'r_V_4_i' <Predicate = (tmp_72)> <Delay = 7.18> <Core = "DSP48">   --->   Core 61 'DSP48' <Latency = 0> <II = 1> <Delay = 7.18> <IPBlock> <Opcode : 'mul' 'add' 'sub' 'select'> <InPorts = 0> <OutPorts = 1> <Sync> <CReg>

State 6 <SV = 5> <Delay = 11.0>
ST_6 : Operation 38 [1/1] (0.00ns)   --->   "%OP2_V_i_cast = zext i8 %tmp_186 to i28" [C:/Xilinx/Vivado/2018.2/common/technology/autopilot/hls/hls_video_imgproc.h:1473->C:/Xilinx/Vivado/2018.2/common/technology/autopilot/hls/hls_video_imgproc.h:1514->C:/Xilinx/Vivado/2018.2/common/technology/autopilot/hls/hls_video_imgproc.h:1952]   --->   Operation 38 'zext' 'OP2_V_i_cast' <Predicate = (tmp_72)> <Delay = 0.00>
ST_6 : Operation 39 [1/1] (3.36ns)   --->   "%r_V = mul i28 %OP2_V_i_cast, 478150" [C:/Xilinx/Vivado/2018.2/common/technology/autopilot/hls/hls_video_imgproc.h:1473->C:/Xilinx/Vivado/2018.2/common/technology/autopilot/hls/hls_video_imgproc.h:1514->C:/Xilinx/Vivado/2018.2/common/technology/autopilot/hls/hls_video_imgproc.h:1952]   --->   Operation 39 'mul' 'r_V' <Predicate = (tmp_72)> <Delay = 3.36> <Core = "DSP48">   --->   Core 61 'DSP48' <Latency = 0> <II = 1> <Delay = 7.18> <IPBlock> <Opcode : 'mul' 'add' 'sub' 'select'> <InPorts = 0> <OutPorts = 1> <Sync> <CReg>
ST_6 : Operation 40 [1/1] (0.00ns)   --->   "%OP2_V_1_i_cast = zext i8 %tmp_187 to i30" [C:/Xilinx/Vivado/2018.2/common/technology/autopilot/hls/hls_video_imgproc.h:1477->C:/Xilinx/Vivado/2018.2/common/technology/autopilot/hls/hls_video_imgproc.h:1514->C:/Xilinx/Vivado/2018.2/common/technology/autopilot/hls/hls_video_imgproc.h:1952]   --->   Operation 40 'zext' 'OP2_V_1_i_cast' <Predicate = (tmp_72)> <Delay = 0.00>
ST_6 : Operation 41 [1/1] (3.36ns)   --->   "%r_V_3_i = mul i30 %OP2_V_1_i_cast, 2462056" [C:/Xilinx/Vivado/2018.2/common/technology/autopilot/hls/hls_video_imgproc.h:1477->C:/Xilinx/Vivado/2018.2/common/technology/autopilot/hls/hls_video_imgproc.h:1514->C:/Xilinx/Vivado/2018.2/common/technology/autopilot/hls/hls_video_imgproc.h:1952]   --->   Operation 41 'mul' 'r_V_3_i' <Predicate = (tmp_72)> <Delay = 3.36> <Core = "DSP48">   --->   Core 61 'DSP48' <Latency = 0> <II = 1> <Delay = 7.18> <IPBlock> <Opcode : 'mul' 'add' 'sub' 'select'> <InPorts = 0> <OutPorts = 1> <Sync> <CReg>
ST_6 : Operation 42 [1/1] (0.00ns)   --->   "%tmp1_i_cast = zext i28 %r_V to i29" [C:/Xilinx/Vivado/2018.2/common/technology/autopilot/hls/hls_video_imgproc.h:1477->C:/Xilinx/Vivado/2018.2/common/technology/autopilot/hls/hls_video_imgproc.h:1514->C:/Xilinx/Vivado/2018.2/common/technology/autopilot/hls/hls_video_imgproc.h:1952]   --->   Operation 42 'zext' 'tmp1_i_cast' <Predicate = (tmp_72)> <Delay = 0.00>
ST_6 : Operation 43 [1/1] (3.82ns)   --->   "%p_Val2_36 = add i29 %r_V_4_i, %tmp1_i_cast" [C:/Xilinx/Vivado/2018.2/common/technology/autopilot/hls/hls_video_imgproc.h:1477->C:/Xilinx/Vivado/2018.2/common/technology/autopilot/hls/hls_video_imgproc.h:1514->C:/Xilinx/Vivado/2018.2/common/technology/autopilot/hls/hls_video_imgproc.h:1952]   --->   Operation 43 'add' 'p_Val2_36' <Predicate = (tmp_72)> <Delay = 3.82> <Core = "DSP48">   --->   Core 61 'DSP48' <Latency = 0> <II = 1> <Delay = 7.18> <IPBlock> <Opcode : 'mul' 'add' 'sub' 'select'> <InPorts = 0> <OutPorts = 1> <Sync> <CReg>
ST_6 : Operation 44 [1/1] (0.00ns)   --->   "%tmp_i_cast = zext i29 %p_Val2_36 to i30" [C:/Xilinx/Vivado/2018.2/common/technology/autopilot/hls/hls_video_imgproc.h:1477->C:/Xilinx/Vivado/2018.2/common/technology/autopilot/hls/hls_video_imgproc.h:1514->C:/Xilinx/Vivado/2018.2/common/technology/autopilot/hls/hls_video_imgproc.h:1952]   --->   Operation 44 'zext' 'tmp_i_cast' <Predicate = (tmp_72)> <Delay = 0.00>
ST_6 : Operation 45 [1/1] (3.82ns)   --->   "%r_V_1 = add i30 %r_V_3_i, %tmp_i_cast" [C:/Xilinx/Vivado/2018.2/common/technology/autopilot/hls/hls_video_imgproc.h:1477->C:/Xilinx/Vivado/2018.2/common/technology/autopilot/hls/hls_video_imgproc.h:1514->C:/Xilinx/Vivado/2018.2/common/technology/autopilot/hls/hls_video_imgproc.h:1952]   --->   Operation 45 'add' 'r_V_1' <Predicate = (tmp_72)> <Delay = 3.82> <Core = "DSP48">   --->   Core 61 'DSP48' <Latency = 0> <II = 1> <Delay = 7.18> <IPBlock> <Opcode : 'mul' 'add' 'sub' 'select'> <InPorts = 0> <OutPorts = 1> <Sync> <CReg>
ST_6 : Operation 46 [1/1] (0.00ns)   --->   "%p_Val2_38 = call i8 @_ssdm_op_PartSelect.i8.i30.i32.i32(i30 %r_V_1, i32 22, i32 29)" [C:/Xilinx/Vivado/2018.2/common/technology/autopilot/hls/hls_video_types.h:409->C:/Xilinx/Vivado/2018.2/common/technology/autopilot/hls/hls_video_types.h:500->C:/Xilinx/Vivado/2018.2/common/technology/autopilot/hls/hls_video_imgproc.h:1478->C:/Xilinx/Vivado/2018.2/common/technology/autopilot/hls/hls_video_imgproc.h:1514->C:/Xilinx/Vivado/2018.2/common/technology/autopilot/hls/hls_video_imgproc.h:1952]   --->   Operation 46 'partselect' 'p_Val2_38' <Predicate = (tmp_72)> <Delay = 0.00>
ST_6 : Operation 47 [1/1] (0.00ns)   --->   "%tmp_182 = call i1 @_ssdm_op_BitSelect.i1.i30.i32(i30 %r_V_1, i32 21)" [C:/Xilinx/Vivado/2018.2/common/technology/autopilot/hls/hls_video_types.h:409->C:/Xilinx/Vivado/2018.2/common/technology/autopilot/hls/hls_video_types.h:500->C:/Xilinx/Vivado/2018.2/common/technology/autopilot/hls/hls_video_imgproc.h:1478->C:/Xilinx/Vivado/2018.2/common/technology/autopilot/hls/hls_video_imgproc.h:1514->C:/Xilinx/Vivado/2018.2/common/technology/autopilot/hls/hls_video_imgproc.h:1952]   --->   Operation 47 'bitselect' 'tmp_182' <Predicate = (tmp_72)> <Delay = 0.00>

State 7 <SV = 6> <Delay = 7.06>
ST_7 : Operation 48 [1/1] (0.00ns)   --->   "call void (...)* @_ssdm_op_SpecLoopName([11 x i8]* @p_str9) nounwind" [C:/Xilinx/Vivado/2018.2/common/technology/autopilot/hls/hls_video_imgproc.h:1948]   --->   Operation 48 'specloopname' <Predicate = (tmp_72)> <Delay = 0.00>
ST_7 : Operation 49 [1/1] (0.00ns)   --->   "%tmp_82 = call i32 (...)* @_ssdm_op_SpecRegionBegin([11 x i8]* @p_str9)" [C:/Xilinx/Vivado/2018.2/common/technology/autopilot/hls/hls_video_imgproc.h:1948]   --->   Operation 49 'specregionbegin' 'tmp_82' <Predicate = (tmp_72)> <Delay = 0.00>
ST_7 : Operation 50 [1/1] (0.00ns)   --->   "call void (...)* @_ssdm_op_SpecPipeline(i32 -1, i32 1, i32 1, i32 0, [1 x i8]* @p_str3) nounwind" [C:/Xilinx/Vivado/2018.2/common/technology/autopilot/hls/hls_video_imgproc.h:1950]   --->   Operation 50 'specpipeline' <Predicate = (tmp_72)> <Delay = 0.00>
ST_7 : Operation 51 [1/1] (0.00ns)   --->   "%tmp_1_i_i_i = zext i1 %tmp_182 to i8" [C:/Xilinx/Vivado/2018.2/common/technology/autopilot/hls/hls_video_types.h:409->C:/Xilinx/Vivado/2018.2/common/technology/autopilot/hls/hls_video_types.h:500->C:/Xilinx/Vivado/2018.2/common/technology/autopilot/hls/hls_video_imgproc.h:1478->C:/Xilinx/Vivado/2018.2/common/technology/autopilot/hls/hls_video_imgproc.h:1514->C:/Xilinx/Vivado/2018.2/common/technology/autopilot/hls/hls_video_imgproc.h:1952]   --->   Operation 51 'zext' 'tmp_1_i_i_i' <Predicate = (tmp_72)> <Delay = 0.00>
ST_7 : Operation 52 [1/1] (0.00ns) (grouped into LUT with out node p_Val2_s)   --->   "%tmp_183 = call i1 @_ssdm_op_BitSelect.i1.i30.i32(i30 %r_V_1, i32 29)" [C:/Xilinx/Vivado/2018.2/common/technology/autopilot/hls/hls_video_types.h:409->C:/Xilinx/Vivado/2018.2/common/technology/autopilot/hls/hls_video_types.h:500->C:/Xilinx/Vivado/2018.2/common/technology/autopilot/hls/hls_video_imgproc.h:1478->C:/Xilinx/Vivado/2018.2/common/technology/autopilot/hls/hls_video_imgproc.h:1514->C:/Xilinx/Vivado/2018.2/common/technology/autopilot/hls/hls_video_imgproc.h:1952]   --->   Operation 52 'bitselect' 'tmp_183' <Predicate = (tmp_72)> <Delay = 0.00>
ST_7 : Operation 53 [1/1] (2.11ns)   --->   "%p_Val2_39 = add i8 %p_Val2_38, %tmp_1_i_i_i" [C:/Xilinx/Vivado/2018.2/common/technology/autopilot/hls/hls_video_types.h:409->C:/Xilinx/Vivado/2018.2/common/technology/autopilot/hls/hls_video_types.h:500->C:/Xilinx/Vivado/2018.2/common/technology/autopilot/hls/hls_video_imgproc.h:1478->C:/Xilinx/Vivado/2018.2/common/technology/autopilot/hls/hls_video_imgproc.h:1514->C:/Xilinx/Vivado/2018.2/common/technology/autopilot/hls/hls_video_imgproc.h:1952]   --->   Operation 53 'add' 'p_Val2_39' <Predicate = (tmp_72)> <Delay = 2.11> <Core = "AddSub">   --->   Core 14 'AddSub' <Latency = 0> <II = 1> <Delay = 2.12> <FuncUnit> <Opcode : 'add' 'sub'> <InPorts = 2> <OutPorts = 1>
ST_7 : Operation 54 [1/1] (0.00ns) (grouped into LUT with out node p_Val2_s)   --->   "%tmp_184 = call i1 @_ssdm_op_BitSelect.i1.i8.i32(i8 %p_Val2_39, i32 7)" [C:/Xilinx/Vivado/2018.2/common/technology/autopilot/hls/hls_video_types.h:409->C:/Xilinx/Vivado/2018.2/common/technology/autopilot/hls/hls_video_types.h:500->C:/Xilinx/Vivado/2018.2/common/technology/autopilot/hls/hls_video_imgproc.h:1478->C:/Xilinx/Vivado/2018.2/common/technology/autopilot/hls/hls_video_imgproc.h:1514->C:/Xilinx/Vivado/2018.2/common/technology/autopilot/hls/hls_video_imgproc.h:1952]   --->   Operation 54 'bitselect' 'tmp_184' <Predicate = (tmp_72)> <Delay = 0.00>
ST_7 : Operation 55 [1/1] (0.00ns) (grouped into LUT with out node p_Val2_s)   --->   "%p_Result_1_i_i_i_n = xor i1 %tmp_183, true" [C:/Xilinx/Vivado/2018.2/common/technology/autopilot/hls/hls_video_types.h:409->C:/Xilinx/Vivado/2018.2/common/technology/autopilot/hls/hls_video_types.h:500->C:/Xilinx/Vivado/2018.2/common/technology/autopilot/hls/hls_video_imgproc.h:1478->C:/Xilinx/Vivado/2018.2/common/technology/autopilot/hls/hls_video_imgproc.h:1514->C:/Xilinx/Vivado/2018.2/common/technology/autopilot/hls/hls_video_imgproc.h:1952]   --->   Operation 55 'xor' 'p_Result_1_i_i_i_n' <Predicate = (tmp_72)> <Delay = 0.00> <Core = "LogicGate">   --->   Core 27 'LogicGate' <Latency = 0> <II = 1> <Delay = 0.97> <FuncUnit> <Opcode : 'and' 'or' 'xor'> <InPorts = 2> <OutPorts = 1>
ST_7 : Operation 56 [1/1] (0.00ns) (grouped into LUT with out node p_Val2_s)   --->   "%not_carry = or i1 %tmp_184, %p_Result_1_i_i_i_n" [C:/Xilinx/Vivado/2018.2/common/technology/autopilot/hls/hls_video_types.h:409->C:/Xilinx/Vivado/2018.2/common/technology/autopilot/hls/hls_video_types.h:500->C:/Xilinx/Vivado/2018.2/common/technology/autopilot/hls/hls_video_imgproc.h:1478->C:/Xilinx/Vivado/2018.2/common/technology/autopilot/hls/hls_video_imgproc.h:1514->C:/Xilinx/Vivado/2018.2/common/technology/autopilot/hls/hls_video_imgproc.h:1952]   --->   Operation 56 'or' 'not_carry' <Predicate = (tmp_72)> <Delay = 0.00> <Core = "LogicGate">   --->   Core 27 'LogicGate' <Latency = 0> <II = 1> <Delay = 0.97> <FuncUnit> <Opcode : 'and' 'or' 'xor'> <InPorts = 2> <OutPorts = 1>
ST_7 : Operation 57 [1/1] (1.04ns) (out node of the LUT)   --->   "%p_Val2_s = select i1 %not_carry, i8 %p_Val2_39, i8 -1" [C:/Xilinx/Vivado/2018.2/common/technology/autopilot/hls/hls_video_types.h:409->C:/Xilinx/Vivado/2018.2/common/technology/autopilot/hls/hls_video_types.h:500->C:/Xilinx/Vivado/2018.2/common/technology/autopilot/hls/hls_video_imgproc.h:1478->C:/Xilinx/Vivado/2018.2/common/technology/autopilot/hls/hls_video_imgproc.h:1514->C:/Xilinx/Vivado/2018.2/common/technology/autopilot/hls/hls_video_imgproc.h:1952]   --->   Operation 57 'select' 'p_Val2_s' <Predicate = (tmp_72)> <Delay = 1.04> <Core = "Sel">   --->   Core 26 'Sel' <Latency = 0> <II = 1> <Delay = 1.04> <FuncUnit> <Opcode : 'select'> <InPorts = 3> <OutPorts = 1>
ST_7 : Operation 58 [1/1] (0.00ns)   --->   "%tmp_84 = call i32 (...)* @_ssdm_op_SpecRegionBegin([12 x i8]* @p_str17)" [C:/Xilinx/Vivado/2018.2/common/technology/autopilot/hls/hls_video_core.h:641->C:/Xilinx/Vivado/2018.2/common/technology/autopilot/hls/hls_video_core.h:662->C:/Xilinx/Vivado/2018.2/common/technology/autopilot/hls/hls_video_imgproc.h:1953]   --->   Operation 58 'specregionbegin' 'tmp_84' <Predicate = (tmp_72)> <Delay = 0.00>
ST_7 : Operation 59 [1/1] (0.00ns)   --->   "call void (...)* @_ssdm_op_SpecProtocol(i32 0, [1 x i8]* @p_str3) nounwind" [C:/Xilinx/Vivado/2018.2/common/technology/autopilot/hls/hls_video_core.h:645->C:/Xilinx/Vivado/2018.2/common/technology/autopilot/hls/hls_video_core.h:662->C:/Xilinx/Vivado/2018.2/common/technology/autopilot/hls/hls_video_imgproc.h:1953]   --->   Operation 59 'specprotocol' <Predicate = (tmp_72)> <Delay = 0.00>
ST_7 : Operation 60 [1/1] (3.90ns)   --->   "call void @_ssdm_op_Write.ap_fifo.volatile.i8P(i8* %p_dst_data_stream_0_V, i8 %p_Val2_s)" [C:/Xilinx/Vivado/2018.2/common/technology/autopilot/hls/hls_video_core.h:648->C:/Xilinx/Vivado/2018.2/common/technology/autopilot/hls/hls_video_core.h:662->C:/Xilinx/Vivado/2018.2/common/technology/autopilot/hls/hls_video_imgproc.h:1953]   --->   Operation 60 'write' <Predicate = (tmp_72)> <Delay = 3.90> <Core = "FIFO">   --->   Core 32 'FIFO' <Latency = 0> <II = 1> <Delay = 3.90> <Storage> <Opcode : 'read' 'write' 'nbread' 'nbwrite'> <Ports = 0> <Width = 8> <Depth = 2> <FIFO>
ST_7 : Operation 61 [1/1] (3.90ns)   --->   "call void @_ssdm_op_Write.ap_fifo.volatile.i8P(i8* %p_dst_data_stream_1_V, i8 %p_Val2_s)" [C:/Xilinx/Vivado/2018.2/common/technology/autopilot/hls/hls_video_core.h:648->C:/Xilinx/Vivado/2018.2/common/technology/autopilot/hls/hls_video_core.h:662->C:/Xilinx/Vivado/2018.2/common/technology/autopilot/hls/hls_video_imgproc.h:1953]   --->   Operation 61 'write' <Predicate = (tmp_72)> <Delay = 3.90> <Core = "FIFO">   --->   Core 32 'FIFO' <Latency = 0> <II = 1> <Delay = 3.90> <Storage> <Opcode : 'read' 'write' 'nbread' 'nbwrite'> <Ports = 0> <Width = 8> <Depth = 2> <FIFO>
ST_7 : Operation 62 [1/1] (3.90ns)   --->   "call void @_ssdm_op_Write.ap_fifo.volatile.i8P(i8* %p_dst_data_stream_2_V, i8 %p_Val2_s)" [C:/Xilinx/Vivado/2018.2/common/technology/autopilot/hls/hls_video_core.h:648->C:/Xilinx/Vivado/2018.2/common/technology/autopilot/hls/hls_video_core.h:662->C:/Xilinx/Vivado/2018.2/common/technology/autopilot/hls/hls_video_imgproc.h:1953]   --->   Operation 62 'write' <Predicate = (tmp_72)> <Delay = 3.90> <Core = "FIFO">   --->   Core 32 'FIFO' <Latency = 0> <II = 1> <Delay = 3.90> <Storage> <Opcode : 'read' 'write' 'nbread' 'nbwrite'> <Ports = 0> <Width = 8> <Depth = 2> <FIFO>
ST_7 : Operation 63 [1/1] (0.00ns)   --->   "%empty_85 = call i32 (...)* @_ssdm_op_SpecRegionEnd([12 x i8]* @p_str17, i32 %tmp_84)" [C:/Xilinx/Vivado/2018.2/common/technology/autopilot/hls/hls_video_core.h:650->C:/Xilinx/Vivado/2018.2/common/technology/autopilot/hls/hls_video_core.h:662->C:/Xilinx/Vivado/2018.2/common/technology/autopilot/hls/hls_video_imgproc.h:1953]   --->   Operation 63 'specregionend' 'empty_85' <Predicate = (tmp_72)> <Delay = 0.00>
ST_7 : Operation 64 [1/1] (0.00ns)   --->   "%empty_86 = call i32 (...)* @_ssdm_op_SpecRegionEnd([11 x i8]* @p_str9, i32 %tmp_82)" [C:/Xilinx/Vivado/2018.2/common/technology/autopilot/hls/hls_video_imgproc.h:1954]   --->   Operation 64 'specregionend' 'empty_86' <Predicate = (tmp_72)> <Delay = 0.00>
ST_7 : Operation 65 [1/1] (0.00ns)   --->   "br label %2" [C:/Xilinx/Vivado/2018.2/common/technology/autopilot/hls/hls_video_imgproc.h:1948]   --->   Operation 65 'br' <Predicate = (tmp_72)> <Delay = 0.00>

State 8 <SV = 3> <Delay = 0.00>
ST_8 : Operation 66 [1/1] (0.00ns)   --->   "%empty_87 = call i32 (...)* @_ssdm_op_SpecRegionEnd([12 x i8]* @p_str8, i32 %tmp)" [C:/Xilinx/Vivado/2018.2/common/technology/autopilot/hls/hls_video_imgproc.h:1955]   --->   Operation 66 'specregionend' 'empty_87' <Predicate = true> <Delay = 0.00>
ST_8 : Operation 67 [1/1] (0.00ns)   --->   "br label %0" [C:/Xilinx/Vivado/2018.2/common/technology/autopilot/hls/hls_video_imgproc.h:1947]   --->   Operation 67 'br' <Predicate = true> <Delay = 0.00>


============================================================
+ Verbose Summary: Timing violations
============================================================
Target clock period: 10ns, clock uncertainty: 1.25ns.

 <State 1>: 1.66ns
The critical path consists of the following:
	multiplexor before 'phi' operation ('i') with incoming values : ('i', C:/Xilinx/Vivado/2018.2/common/technology/autopilot/hls/hls_video_imgproc.h:1947) [15]  (1.66 ns)

 <State 2>: 2.79ns
The critical path consists of the following:
	'icmp' operation ('tmp_s', C:/Xilinx/Vivado/2018.2/common/technology/autopilot/hls/hls_video_imgproc.h:1947) [16]  (1.81 ns)
	blocking operation 0.978 ns on control path)

 <State 3>: 2.13ns
The critical path consists of the following:
	'phi' operation ('j') with incoming values : ('j', C:/Xilinx/Vivado/2018.2/common/technology/autopilot/hls/hls_video_imgproc.h:1948) [25]  (0 ns)
	'add' operation ('j', C:/Xilinx/Vivado/2018.2/common/technology/autopilot/hls/hls_video_imgproc.h:1948) [27]  (2.13 ns)

 <State 4>: 3.91ns
The critical path consists of the following:
	fifo read on port 'p_src_data_stream_0_V' (C:/Xilinx/Vivado/2018.2/common/technology/autopilot/hls/hls_video_core.h:624->C:/Xilinx/Vivado/2018.2/common/technology/autopilot/hls/hls_video_core.h:656->C:/Xilinx/Vivado/2018.2/common/technology/autopilot/hls/hls_video_imgproc.h:1951) [36]  (3.91 ns)

 <State 5>: 7.18ns
The critical path consists of the following:
	'mul' operation ('r_V_4_i', C:/Xilinx/Vivado/2018.2/common/technology/autopilot/hls/hls_video_imgproc.h:1477->C:/Xilinx/Vivado/2018.2/common/technology/autopilot/hls/hls_video_imgproc.h:1514->C:/Xilinx/Vivado/2018.2/common/technology/autopilot/hls/hls_video_imgproc.h:1952) [45]  (7.18 ns)

 <State 6>: 11ns
The critical path consists of the following:
	'mul' operation ('r.V', C:/Xilinx/Vivado/2018.2/common/technology/autopilot/hls/hls_video_imgproc.h:1473->C:/Xilinx/Vivado/2018.2/common/technology/autopilot/hls/hls_video_imgproc.h:1514->C:/Xilinx/Vivado/2018.2/common/technology/autopilot/hls/hls_video_imgproc.h:1952) [41]  (3.36 ns)
	'add' operation ('__Val2__', C:/Xilinx/Vivado/2018.2/common/technology/autopilot/hls/hls_video_imgproc.h:1477->C:/Xilinx/Vivado/2018.2/common/technology/autopilot/hls/hls_video_imgproc.h:1514->C:/Xilinx/Vivado/2018.2/common/technology/autopilot/hls/hls_video_imgproc.h:1952) [47]  (3.82 ns)
	'add' operation ('r.V', C:/Xilinx/Vivado/2018.2/common/technology/autopilot/hls/hls_video_imgproc.h:1477->C:/Xilinx/Vivado/2018.2/common/technology/autopilot/hls/hls_video_imgproc.h:1514->C:/Xilinx/Vivado/2018.2/common/technology/autopilot/hls/hls_video_imgproc.h:1952) [49]  (3.82 ns)

 <State 7>: 7.06ns
The critical path consists of the following:
	'add' operation ('__Val2__', C:/Xilinx/Vivado/2018.2/common/technology/autopilot/hls/hls_video_types.h:409->C:/Xilinx/Vivado/2018.2/common/technology/autopilot/hls/hls_video_types.h:500->C:/Xilinx/Vivado/2018.2/common/technology/autopilot/hls/hls_video_imgproc.h:1478->C:/Xilinx/Vivado/2018.2/common/technology/autopilot/hls/hls_video_imgproc.h:1514->C:/Xilinx/Vivado/2018.2/common/technology/autopilot/hls/hls_video_imgproc.h:1952) [54]  (2.12 ns)
	'select' operation ('__Val2__', C:/Xilinx/Vivado/2018.2/common/technology/autopilot/hls/hls_video_types.h:409->C:/Xilinx/Vivado/2018.2/common/technology/autopilot/hls/hls_video_types.h:500->C:/Xilinx/Vivado/2018.2/common/technology/autopilot/hls/hls_video_imgproc.h:1478->C:/Xilinx/Vivado/2018.2/common/technology/autopilot/hls/hls_video_imgproc.h:1514->C:/Xilinx/Vivado/2018.2/common/technology/autopilot/hls/hls_video_imgproc.h:1952) [58]  (1.04 ns)
	fifo write on port 'p_dst_data_stream_1_V' (C:/Xilinx/Vivado/2018.2/common/technology/autopilot/hls/hls_video_core.h:648->C:/Xilinx/Vivado/2018.2/common/technology/autopilot/hls/hls_video_core.h:662->C:/Xilinx/Vivado/2018.2/common/technology/autopilot/hls/hls_video_imgproc.h:1953) [62]  (3.91 ns)

 <State 8>: 0ns
The critical path consists of the following:


============================================================
+ Verbose Summary: Binding
============================================================
N/A
* FSMD analyzer results:
  - Output states:
 - Input state : 
  - Chain level:
	State 1
	State 2
	State 3
	State 4
	State 5
	State 6
	State 7
	State 8


============================================================
+ Verbose Summary: Datapath Resource usage 
============================================================
N/A
