

================================================================
== Vivado HLS Report for 'Sobel_1'
================================================================
* Date:           Fri Dec 14 19:04:56 2018

* Version:        2018.2 (Build 2258646 on Thu Jun 14 20:25:20 MDT 2018)
* Project:        SobelNewVivado
* Solution:       solution1
* Product family: artix7
* Target device:  xc7a200tsbg484-1


================================================================
== Performance Estimates
================================================================
+ Timing (ns): 
    * Summary: 
    +--------+-------+----------+------------+
    |  Clock | Target| Estimated| Uncertainty|
    +--------+-------+----------+------------+
    |ap_clk  |  10.00|    10.858|        1.25|
    +--------+-------+----------+------------+

+ Latency (clock cycles): 
    * Summary: 
    +---------+---------+---------+---------+---------+
    |      Latency      |      Interval     | Pipeline|
    |   min   |   max   |   min   |   max   |   Type  |
    +---------+---------+---------+---------+---------+
    |  2087183|  2087183|  2087183|  2087183|   none  |
    +---------+---------+---------+---------+---------+

    + Detail: 
        * Instance: 
        +---------------------+----------+---------+---------+---------+---------+---------+
        |                     |          |      Latency      |      Interval     | Pipeline|
        |       Instance      |  Module  |   min   |   max   |   min   |   max   |   Type  |
        +---------------------+----------+---------+---------+---------+---------+---------+
        |grp_Filter2D_fu_108  |Filter2D  |  2087182|  2087182|  2087182|  2087182|   none  |
        +---------------------+----------+---------+---------+---------+---------+---------+

        * Loop: 
        N/A



================================================================
== Utilization Estimates
================================================================
* Summary: 
+-----------------+---------+-------+--------+--------+
|       Name      | BRAM_18K| DSP48E|   FF   |   LUT  |
+-----------------+---------+-------+--------+--------+
|DSP              |        -|      -|       -|       -|
|Expression       |        -|      -|       0|       2|
|FIFO             |        -|      -|       -|       -|
|Instance         |        9|      6|     949|    2169|
|Memory           |        -|      -|       -|       -|
|Multiplexer      |        -|      -|       -|      78|
|Register         |        -|      -|       4|       -|
+-----------------+---------+-------+--------+--------+
|Total            |        9|      6|     953|    2249|
+-----------------+---------+-------+--------+--------+
|Available        |      730|    740|  269200|  129000|
+-----------------+---------+-------+--------+--------+
|Utilization (%)  |        1|   ~0  |   ~0   |       1|
+-----------------+---------+-------+--------+--------+

+ Detail: 
    * Instance: 
    +---------------------+----------+---------+-------+-----+------+
    |       Instance      |  Module  | BRAM_18K| DSP48E|  FF |  LUT |
    +---------------------+----------+---------+-------+-----+------+
    |grp_Filter2D_fu_108  |Filter2D  |        9|      6|  949|  2169|
    +---------------------+----------+---------+-------+-----+------+
    |Total                |          |        9|      6|  949|  2169|
    +---------------------+----------+---------+-------+-----+------+

    * DSP48: 
    N/A

    * Memory: 
    N/A

    * FIFO: 
    N/A

    * Expression: 
    +-----------------+----------+-------+---+----+------------+------------+
    |  Variable Name  | Operation| DSP48E| FF| LUT| Bitwidth P0| Bitwidth P1|
    +-----------------+----------+-------+---+----+------------+------------+
    |ap_block_state1  |    or    |      0|  0|   2|           1|           1|
    +-----------------+----------+-------+---+----+------------+------------+
    |Total            |          |      0|  0|   2|           1|           1|
    +-----------------+----------+-------+---+----+------------+------------+

    * Multiplexer: 
    +-----------------------------+----+-----------+-----+-----------+
    |             Name            | LUT| Input Size| Bits| Total Bits|
    +-----------------------------+----+-----------+-----+-----------+
    |ap_NS_fsm                    |  15|          3|    1|          3|
    |ap_done                      |   9|          2|    1|          2|
    |p_dst_data_stream_0_V_write  |   9|          2|    1|          2|
    |p_dst_data_stream_1_V_write  |   9|          2|    1|          2|
    |p_dst_data_stream_2_V_write  |   9|          2|    1|          2|
    |p_src_data_stream_0_V_read   |   9|          2|    1|          2|
    |p_src_data_stream_1_V_read   |   9|          2|    1|          2|
    |p_src_data_stream_2_V_read   |   9|          2|    1|          2|
    +-----------------------------+----+-----------+-----+-----------+
    |Total                        |  78|         17|    8|         17|
    +-----------------------------+----+-----------+-----+-----------+

    * Register: 
    +----------------------------------+---+----+-----+-----------+
    |               Name               | FF| LUT| Bits| Const Bits|
    +----------------------------------+---+----+-----+-----------+
    |ap_CS_fsm                         |  2|   0|    2|          0|
    |ap_done_reg                       |  1|   0|    1|          0|
    |grp_Filter2D_fu_108_ap_start_reg  |  1|   0|    1|          0|
    +----------------------------------+---+----+-----+-----------+
    |Total                             |  4|   0|    4|          0|
    +----------------------------------+---+----+-----+-----------+



================================================================
== Interface
================================================================
* Summary: 
+-------------------------------+-----+-----+------------+-----------------------+--------------+
|           RTL Ports           | Dir | Bits|  Protocol  |     Source Object     |    C Type    |
+-------------------------------+-----+-----+------------+-----------------------+--------------+
|ap_clk                         |  in |    1| ap_ctrl_hs |        Sobel.1        | return value |
|ap_rst                         |  in |    1| ap_ctrl_hs |        Sobel.1        | return value |
|ap_start                       |  in |    1| ap_ctrl_hs |        Sobel.1        | return value |
|ap_done                        | out |    1| ap_ctrl_hs |        Sobel.1        | return value |
|ap_continue                    |  in |    1| ap_ctrl_hs |        Sobel.1        | return value |
|ap_idle                        | out |    1| ap_ctrl_hs |        Sobel.1        | return value |
|ap_ready                       | out |    1| ap_ctrl_hs |        Sobel.1        | return value |
|p_src_data_stream_0_V_dout     |  in |    8|   ap_fifo  | p_src_data_stream_0_V |    pointer   |
|p_src_data_stream_0_V_empty_n  |  in |    1|   ap_fifo  | p_src_data_stream_0_V |    pointer   |
|p_src_data_stream_0_V_read     | out |    1|   ap_fifo  | p_src_data_stream_0_V |    pointer   |
|p_src_data_stream_1_V_dout     |  in |    8|   ap_fifo  | p_src_data_stream_1_V |    pointer   |
|p_src_data_stream_1_V_empty_n  |  in |    1|   ap_fifo  | p_src_data_stream_1_V |    pointer   |
|p_src_data_stream_1_V_read     | out |    1|   ap_fifo  | p_src_data_stream_1_V |    pointer   |
|p_src_data_stream_2_V_dout     |  in |    8|   ap_fifo  | p_src_data_stream_2_V |    pointer   |
|p_src_data_stream_2_V_empty_n  |  in |    1|   ap_fifo  | p_src_data_stream_2_V |    pointer   |
|p_src_data_stream_2_V_read     | out |    1|   ap_fifo  | p_src_data_stream_2_V |    pointer   |
|p_dst_data_stream_0_V_din      | out |    8|   ap_fifo  | p_dst_data_stream_0_V |    pointer   |
|p_dst_data_stream_0_V_full_n   |  in |    1|   ap_fifo  | p_dst_data_stream_0_V |    pointer   |
|p_dst_data_stream_0_V_write    | out |    1|   ap_fifo  | p_dst_data_stream_0_V |    pointer   |
|p_dst_data_stream_1_V_din      | out |    8|   ap_fifo  | p_dst_data_stream_1_V |    pointer   |
|p_dst_data_stream_1_V_full_n   |  in |    1|   ap_fifo  | p_dst_data_stream_1_V |    pointer   |
|p_dst_data_stream_1_V_write    | out |    1|   ap_fifo  | p_dst_data_stream_1_V |    pointer   |
|p_dst_data_stream_2_V_din      | out |    8|   ap_fifo  | p_dst_data_stream_2_V |    pointer   |
|p_dst_data_stream_2_V_full_n   |  in |    1|   ap_fifo  | p_dst_data_stream_2_V |    pointer   |
|p_dst_data_stream_2_V_write    | out |    1|   ap_fifo  | p_dst_data_stream_2_V |    pointer   |
+-------------------------------+-----+-----+------------+-----------------------+--------------+

============================================================
+ Verbose Summary: Synthesis Manager
============================================================
InlineROM: 1
ExposeGlobal: 0
============================================================
+ Verbose Summary: CDFG Model
============================================================
IsTopModel: 0
ResetActiveHigh: 1
IsCombinational: 2
IsDatapathOnly: 0
HasWiredReturn: 1
HasMFsm: 0
HasVarLatency: 1
IsPipeline: 0
IsRtlPipelined: 0
IsInstanceOverlapped: 0
IsDontTouch: 0
HasImplIP: 0
IsGatedGlobalClock: 0


============================================================
+ Verbose Summary: Schedule
============================================================
* Number of FSM states : 2
* Pipeline : 0
* Dataflow Pipeline: 0

* FSM state transitions: 
1 --> 
	2  / true
2 --> 

* FSM state operations: 

State 1 <SV = 0> <Delay = 0.00>
ST_1 : Operation 3 [2/2] (0.00ns)   --->   "call fastcc void @Filter2D(i8* %p_src_data_stream_0_V, i8* %p_src_data_stream_1_V, i8* %p_src_data_stream_2_V, i8* %p_dst_data_stream_0_V, i8* %p_dst_data_stream_1_V, i8* %p_dst_data_stream_2_V, i2 -2, i2 -1, i3 0, i4 0, i2 1, i3 2)" [C:/Xilinx/Vivado/2018.2/common/technology/autopilot/hls/hls_video_imgproc.h:2591->C:/Xilinx/Vivado/2018.2/common/technology/autopilot/hls/hls_video_imgproc.h:2599]   --->   Operation 3 'call' <Predicate = true> <Delay = 0.00> <CoreType = "Generic">   --->   Core 0 '' <Latency = 0> <II = 1> <Delay = 1.00> <Generic> <Opcode : >

State 2 <SV = 1> <Delay = 0.00>
ST_2 : Operation 4 [1/1] (0.00ns)   --->   "call void (...)* @_ssdm_op_SpecInterface(i8* %p_dst_data_stream_2_V, [8 x i8]* @ap_fifo_str, i32 0, i32 0, [1 x i8]* @p_str431, i32 0, i32 0, [1 x i8]* @p_str432, [1 x i8]* @p_str433, [1 x i8]* @p_str434, i32 2, i32 2, i32 16, i32 16, [1 x i8]* @p_str435, [1 x i8]* @p_str436)"   --->   Operation 4 'specinterface' <Predicate = true> <Delay = 0.00>
ST_2 : Operation 5 [1/1] (0.00ns)   --->   "call void (...)* @_ssdm_op_SpecInterface(i8* %p_dst_data_stream_1_V, [8 x i8]* @ap_fifo_str, i32 0, i32 0, [1 x i8]* @p_str424, i32 0, i32 0, [1 x i8]* @p_str425, [1 x i8]* @p_str426, [1 x i8]* @p_str427, i32 2, i32 2, i32 16, i32 16, [1 x i8]* @p_str428, [1 x i8]* @p_str429)"   --->   Operation 5 'specinterface' <Predicate = true> <Delay = 0.00>
ST_2 : Operation 6 [1/1] (0.00ns)   --->   "call void (...)* @_ssdm_op_SpecInterface(i8* %p_dst_data_stream_0_V, [8 x i8]* @ap_fifo_str, i32 0, i32 0, [1 x i8]* @p_str417, i32 0, i32 0, [1 x i8]* @p_str418, [1 x i8]* @p_str419, [1 x i8]* @p_str420, i32 2, i32 2, i32 16, i32 16, [1 x i8]* @p_str421, [1 x i8]* @p_str422)"   --->   Operation 6 'specinterface' <Predicate = true> <Delay = 0.00>
ST_2 : Operation 7 [1/1] (0.00ns)   --->   "call void (...)* @_ssdm_op_SpecInterface(i8* %p_src_data_stream_2_V, [8 x i8]* @ap_fifo_str, i32 0, i32 0, [1 x i8]* @p_str389, i32 0, i32 0, [1 x i8]* @p_str390, [1 x i8]* @p_str391, [1 x i8]* @p_str392, i32 2, i32 2, i32 16, i32 16, [1 x i8]* @p_str393, [1 x i8]* @p_str394)"   --->   Operation 7 'specinterface' <Predicate = true> <Delay = 0.00>
ST_2 : Operation 8 [1/1] (0.00ns)   --->   "call void (...)* @_ssdm_op_SpecInterface(i8* %p_src_data_stream_1_V, [8 x i8]* @ap_fifo_str, i32 0, i32 0, [1 x i8]* @p_str382, i32 0, i32 0, [1 x i8]* @p_str383, [1 x i8]* @p_str384, [1 x i8]* @p_str385, i32 2, i32 2, i32 16, i32 16, [1 x i8]* @p_str386, [1 x i8]* @p_str387)"   --->   Operation 8 'specinterface' <Predicate = true> <Delay = 0.00>
ST_2 : Operation 9 [1/1] (0.00ns)   --->   "call void (...)* @_ssdm_op_SpecInterface(i8* %p_src_data_stream_0_V, [8 x i8]* @ap_fifo_str, i32 0, i32 0, [1 x i8]* @p_str375, i32 0, i32 0, [1 x i8]* @p_str376, [1 x i8]* @p_str377, [1 x i8]* @p_str378, i32 2, i32 2, i32 16, i32 16, [1 x i8]* @p_str379, [1 x i8]* @p_str380)"   --->   Operation 9 'specinterface' <Predicate = true> <Delay = 0.00>
ST_2 : Operation 10 [1/2] (0.00ns)   --->   "call fastcc void @Filter2D(i8* %p_src_data_stream_0_V, i8* %p_src_data_stream_1_V, i8* %p_src_data_stream_2_V, i8* %p_dst_data_stream_0_V, i8* %p_dst_data_stream_1_V, i8* %p_dst_data_stream_2_V, i2 -2, i2 -1, i3 0, i4 0, i2 1, i3 2)" [C:/Xilinx/Vivado/2018.2/common/technology/autopilot/hls/hls_video_imgproc.h:2591->C:/Xilinx/Vivado/2018.2/common/technology/autopilot/hls/hls_video_imgproc.h:2599]   --->   Operation 10 'call' <Predicate = true> <Delay = 0.00> <CoreType = "Generic">   --->   Core 0 '' <Latency = 0> <II = 1> <Delay = 1.00> <Generic> <Opcode : >
ST_2 : Operation 11 [1/1] (0.00ns)   --->   "ret void" [C:/Xilinx/Vivado/2018.2/common/technology/autopilot/hls/hls_video_imgproc.h:2600]   --->   Operation 11 'ret' <Predicate = true> <Delay = 0.00>


============================================================
+ Verbose Summary: Binding
============================================================
STG Binding: 
---------------- STG Properties BEGIN ----------------
- Is combinational: 0
- Is one-state seq: 0
- Is datapath-only: 0
- Is pipelined: 0
- Is top level: 0
Port [ Return ] is wired: 1; IO mode=ap_ctrl_hs:ce=0
Port [ p_src_data_stream_0_V]:  wired=1; compound=1; hidden=0; nouse=0; global=0; static=0; extern=0; dir=0; type=3; pingpong=0; private_global=0; IO mode=ap_fifo:ce=0
Port [ p_src_data_stream_1_V]:  wired=1; compound=1; hidden=0; nouse=0; global=0; static=0; extern=0; dir=0; type=3; pingpong=0; private_global=0; IO mode=ap_fifo:ce=0
Port [ p_src_data_stream_2_V]:  wired=1; compound=1; hidden=0; nouse=0; global=0; static=0; extern=0; dir=0; type=3; pingpong=0; private_global=0; IO mode=ap_fifo:ce=0
Port [ p_dst_data_stream_0_V]:  wired=1; compound=1; hidden=0; nouse=0; global=0; static=0; extern=0; dir=1; type=3; pingpong=0; private_global=0; IO mode=ap_fifo:ce=0
Port [ p_dst_data_stream_1_V]:  wired=1; compound=1; hidden=0; nouse=0; global=0; static=0; extern=0; dir=1; type=3; pingpong=0; private_global=0; IO mode=ap_fifo:ce=0
Port [ p_dst_data_stream_2_V]:  wired=1; compound=1; hidden=0; nouse=0; global=0; static=0; extern=0; dir=1; type=3; pingpong=0; private_global=0; IO mode=ap_fifo:ce=0
---------------- STG Properties END ------------------

---------------- Datapath Model BEGIN ----------------

<LifeTime>
<method=bitvector/>
StgValue_4  (specinterface) [ 000]
StgValue_5  (specinterface) [ 000]
StgValue_6  (specinterface) [ 000]
StgValue_7  (specinterface) [ 000]
StgValue_8  (specinterface) [ 000]
StgValue_9  (specinterface) [ 000]
StgValue_10 (call         ) [ 000]
StgValue_11 (ret          ) [ 000]
</LifeTime>

<model>

<comp_list>
<comp id="0" class="1000" name="p_src_data_stream_0_V">
<pin_list>
<pin id="1" dir="1" index="0" bw="1" slack="0"/>
</pin_list>
<bind>
<StgValue><ssdm name="p_src_data_stream_0_V"/></StgValue>
</bind>
</comp>

<comp id="2" class="1000" name="p_src_data_stream_1_V">
<pin_list>
<pin id="3" dir="1" index="0" bw="1" slack="0"/>
</pin_list>
<bind>
<StgValue><ssdm name="p_src_data_stream_1_V"/></StgValue>
</bind>
</comp>

<comp id="4" class="1000" name="p_src_data_stream_2_V">
<pin_list>
<pin id="5" dir="1" index="0" bw="1" slack="0"/>
</pin_list>
<bind>
<StgValue><ssdm name="p_src_data_stream_2_V"/></StgValue>
</bind>
</comp>

<comp id="6" class="1000" name="p_dst_data_stream_0_V">
<pin_list>
<pin id="7" dir="1" index="0" bw="1" slack="0"/>
</pin_list>
<bind>
<StgValue><ssdm name="p_dst_data_stream_0_V"/></StgValue>
</bind>
</comp>

<comp id="8" class="1000" name="p_dst_data_stream_1_V">
<pin_list>
<pin id="9" dir="1" index="0" bw="1" slack="0"/>
</pin_list>
<bind>
<StgValue><ssdm name="p_dst_data_stream_1_V"/></StgValue>
</bind>
</comp>

<comp id="10" class="1000" name="p_dst_data_stream_2_V">
<pin_list>
<pin id="11" dir="1" index="0" bw="1" slack="0"/>
</pin_list>
<bind>
<StgValue><ssdm name="p_dst_data_stream_2_V"/></StgValue>
</bind>
</comp>

<comp id="12" class="1001" name="const_12">
<pin_list>
<pin id="13" dir="1" index="0" bw="1" slack="0"/>
</pin_list>
<bind>
<StgValue><ssdm name="Filter2D"/></StgValue>
</bind>
</comp>

<comp id="14" class="1001" name="const_14">
<pin_list>
<pin id="15" dir="1" index="0" bw="1" slack="0"/>
</pin_list>
<bind>
<StgValue><ssdm name=""/></StgValue>
</bind>
</comp>

<comp id="16" class="1001" name="const_16">
<pin_list>
<pin id="17" dir="1" index="0" bw="1" slack="0"/>
</pin_list>
<bind>
<StgValue><ssdm name=""/></StgValue>
</bind>
</comp>

<comp id="18" class="1001" name="const_18">
<pin_list>
<pin id="19" dir="1" index="0" bw="1" slack="0"/>
</pin_list>
<bind>
<StgValue><ssdm name=""/></StgValue>
</bind>
</comp>

<comp id="20" class="1001" name="const_20">
<pin_list>
<pin id="21" dir="1" index="0" bw="1" slack="0"/>
</pin_list>
<bind>
<StgValue><ssdm name=""/></StgValue>
</bind>
</comp>

<comp id="22" class="1001" name="const_22">
<pin_list>
<pin id="23" dir="1" index="0" bw="1" slack="0"/>
</pin_list>
<bind>
<StgValue><ssdm name=""/></StgValue>
</bind>
</comp>

<comp id="24" class="1001" name="const_24">
<pin_list>
<pin id="25" dir="1" index="0" bw="1" slack="0"/>
</pin_list>
<bind>
<StgValue><ssdm name=""/></StgValue>
</bind>
</comp>

<comp id="26" class="1001" name="const_26">
<pin_list>
<pin id="27" dir="1" index="0" bw="1" slack="2147483647"/>
</pin_list>
<bind>
<StgValue><ssdm name="_ssdm_op_SpecInterface"/></StgValue>
</bind>
</comp>

<comp id="28" class="1001" name="const_28">
<pin_list>
<pin id="29" dir="1" index="0" bw="1" slack="2147483647"/>
</pin_list>
<bind>
<StgValue><ssdm name="ap_fifo_str"/></StgValue>
</bind>
</comp>

<comp id="30" class="1001" name="const_30">
<pin_list>
<pin id="31" dir="1" index="0" bw="1" slack="2147483647"/>
</pin_list>
<bind>
<StgValue><ssdm name=""/></StgValue>
</bind>
</comp>

<comp id="32" class="1001" name="const_32">
<pin_list>
<pin id="33" dir="1" index="0" bw="1" slack="2147483647"/>
</pin_list>
<bind>
<StgValue><ssdm name="p_str431"/></StgValue>
</bind>
</comp>

<comp id="34" class="1001" name="const_34">
<pin_list>
<pin id="35" dir="1" index="0" bw="1" slack="2147483647"/>
</pin_list>
<bind>
<StgValue><ssdm name="p_str432"/></StgValue>
</bind>
</comp>

<comp id="36" class="1001" name="const_36">
<pin_list>
<pin id="37" dir="1" index="0" bw="1" slack="2147483647"/>
</pin_list>
<bind>
<StgValue><ssdm name="p_str433"/></StgValue>
</bind>
</comp>

<comp id="38" class="1001" name="const_38">
<pin_list>
<pin id="39" dir="1" index="0" bw="1" slack="2147483647"/>
</pin_list>
<bind>
<StgValue><ssdm name="p_str434"/></StgValue>
</bind>
</comp>

<comp id="40" class="1001" name="const_40">
<pin_list>
<pin id="41" dir="1" index="0" bw="1" slack="2147483647"/>
</pin_list>
<bind>
<StgValue><ssdm name=""/></StgValue>
</bind>
</comp>

<comp id="42" class="1001" name="const_42">
<pin_list>
<pin id="43" dir="1" index="0" bw="1" slack="2147483647"/>
</pin_list>
<bind>
<StgValue><ssdm name=""/></StgValue>
</bind>
</comp>

<comp id="44" class="1001" name="const_44">
<pin_list>
<pin id="45" dir="1" index="0" bw="1" slack="2147483647"/>
</pin_list>
<bind>
<StgValue><ssdm name="p_str435"/></StgValue>
</bind>
</comp>

<comp id="46" class="1001" name="const_46">
<pin_list>
<pin id="47" dir="1" index="0" bw="1" slack="2147483647"/>
</pin_list>
<bind>
<StgValue><ssdm name="p_str436"/></StgValue>
</bind>
</comp>

<comp id="48" class="1001" name="const_48">
<pin_list>
<pin id="49" dir="1" index="0" bw="1" slack="2147483647"/>
</pin_list>
<bind>
<StgValue><ssdm name="p_str424"/></StgValue>
</bind>
</comp>

<comp id="50" class="1001" name="const_50">
<pin_list>
<pin id="51" dir="1" index="0" bw="1" slack="2147483647"/>
</pin_list>
<bind>
<StgValue><ssdm name="p_str425"/></StgValue>
</bind>
</comp>

<comp id="52" class="1001" name="const_52">
<pin_list>
<pin id="53" dir="1" index="0" bw="1" slack="2147483647"/>
</pin_list>
<bind>
<StgValue><ssdm name="p_str426"/></StgValue>
</bind>
</comp>

<comp id="54" class="1001" name="const_54">
<pin_list>
<pin id="55" dir="1" index="0" bw="1" slack="2147483647"/>
</pin_list>
<bind>
<StgValue><ssdm name="p_str427"/></StgValue>
</bind>
</comp>

<comp id="56" class="1001" name="const_56">
<pin_list>
<pin id="57" dir="1" index="0" bw="1" slack="2147483647"/>
</pin_list>
<bind>
<StgValue><ssdm name="p_str428"/></StgValue>
</bind>
</comp>

<comp id="58" class="1001" name="const_58">
<pin_list>
<pin id="59" dir="1" index="0" bw="1" slack="2147483647"/>
</pin_list>
<bind>
<StgValue><ssdm name="p_str429"/></StgValue>
</bind>
</comp>

<comp id="60" class="1001" name="const_60">
<pin_list>
<pin id="61" dir="1" index="0" bw="1" slack="2147483647"/>
</pin_list>
<bind>
<StgValue><ssdm name="p_str417"/></StgValue>
</bind>
</comp>

<comp id="62" class="1001" name="const_62">
<pin_list>
<pin id="63" dir="1" index="0" bw="1" slack="2147483647"/>
</pin_list>
<bind>
<StgValue><ssdm name="p_str418"/></StgValue>
</bind>
</comp>

<comp id="64" class="1001" name="const_64">
<pin_list>
<pin id="65" dir="1" index="0" bw="1" slack="2147483647"/>
</pin_list>
<bind>
<StgValue><ssdm name="p_str419"/></StgValue>
</bind>
</comp>

<comp id="66" class="1001" name="const_66">
<pin_list>
<pin id="67" dir="1" index="0" bw="1" slack="2147483647"/>
</pin_list>
<bind>
<StgValue><ssdm name="p_str420"/></StgValue>
</bind>
</comp>

<comp id="68" class="1001" name="const_68">
<pin_list>
<pin id="69" dir="1" index="0" bw="1" slack="2147483647"/>
</pin_list>
<bind>
<StgValue><ssdm name="p_str421"/></StgValue>
</bind>
</comp>

<comp id="70" class="1001" name="const_70">
<pin_list>
<pin id="71" dir="1" index="0" bw="1" slack="2147483647"/>
</pin_list>
<bind>
<StgValue><ssdm name="p_str422"/></StgValue>
</bind>
</comp>

<comp id="72" class="1001" name="const_72">
<pin_list>
<pin id="73" dir="1" index="0" bw="1" slack="2147483647"/>
</pin_list>
<bind>
<StgValue><ssdm name="p_str389"/></StgValue>
</bind>
</comp>

<comp id="74" class="1001" name="const_74">
<pin_list>
<pin id="75" dir="1" index="0" bw="1" slack="2147483647"/>
</pin_list>
<bind>
<StgValue><ssdm name="p_str390"/></StgValue>
</bind>
</comp>

<comp id="76" class="1001" name="const_76">
<pin_list>
<pin id="77" dir="1" index="0" bw="1" slack="2147483647"/>
</pin_list>
<bind>
<StgValue><ssdm name="p_str391"/></StgValue>
</bind>
</comp>

<comp id="78" class="1001" name="const_78">
<pin_list>
<pin id="79" dir="1" index="0" bw="1" slack="2147483647"/>
</pin_list>
<bind>
<StgValue><ssdm name="p_str392"/></StgValue>
</bind>
</comp>

<comp id="80" class="1001" name="const_80">
<pin_list>
<pin id="81" dir="1" index="0" bw="1" slack="2147483647"/>
</pin_list>
<bind>
<StgValue><ssdm name="p_str393"/></StgValue>
</bind>
</comp>

<comp id="82" class="1001" name="const_82">
<pin_list>
<pin id="83" dir="1" index="0" bw="1" slack="2147483647"/>
</pin_list>
<bind>
<StgValue><ssdm name="p_str394"/></StgValue>
</bind>
</comp>

<comp id="84" class="1001" name="const_84">
<pin_list>
<pin id="85" dir="1" index="0" bw="1" slack="2147483647"/>
</pin_list>
<bind>
<StgValue><ssdm name="p_str382"/></StgValue>
</bind>
</comp>

<comp id="86" class="1001" name="const_86">
<pin_list>
<pin id="87" dir="1" index="0" bw="1" slack="2147483647"/>
</pin_list>
<bind>
<StgValue><ssdm name="p_str383"/></StgValue>
</bind>
</comp>

<comp id="88" class="1001" name="const_88">
<pin_list>
<pin id="89" dir="1" index="0" bw="1" slack="2147483647"/>
</pin_list>
<bind>
<StgValue><ssdm name="p_str384"/></StgValue>
</bind>
</comp>

<comp id="90" class="1001" name="const_90">
<pin_list>
<pin id="91" dir="1" index="0" bw="1" slack="2147483647"/>
</pin_list>
<bind>
<StgValue><ssdm name="p_str385"/></StgValue>
</bind>
</comp>

<comp id="92" class="1001" name="const_92">
<pin_list>
<pin id="93" dir="1" index="0" bw="1" slack="2147483647"/>
</pin_list>
<bind>
<StgValue><ssdm name="p_str386"/></StgValue>
</bind>
</comp>

<comp id="94" class="1001" name="const_94">
<pin_list>
<pin id="95" dir="1" index="0" bw="1" slack="2147483647"/>
</pin_list>
<bind>
<StgValue><ssdm name="p_str387"/></StgValue>
</bind>
</comp>

<comp id="96" class="1001" name="const_96">
<pin_list>
<pin id="97" dir="1" index="0" bw="1" slack="2147483647"/>
</pin_list>
<bind>
<StgValue><ssdm name="p_str375"/></StgValue>
</bind>
</comp>

<comp id="98" class="1001" name="const_98">
<pin_list>
<pin id="99" dir="1" index="0" bw="1" slack="2147483647"/>
</pin_list>
<bind>
<StgValue><ssdm name="p_str376"/></StgValue>
</bind>
</comp>

<comp id="100" class="1001" name="const_100">
<pin_list>
<pin id="101" dir="1" index="0" bw="1" slack="2147483647"/>
</pin_list>
<bind>
<StgValue><ssdm name="p_str377"/></StgValue>
</bind>
</comp>

<comp id="102" class="1001" name="const_102">
<pin_list>
<pin id="103" dir="1" index="0" bw="1" slack="2147483647"/>
</pin_list>
<bind>
<StgValue><ssdm name="p_str378"/></StgValue>
</bind>
</comp>

<comp id="104" class="1001" name="const_104">
<pin_list>
<pin id="105" dir="1" index="0" bw="1" slack="2147483647"/>
</pin_list>
<bind>
<StgValue><ssdm name="p_str379"/></StgValue>
</bind>
</comp>

<comp id="106" class="1001" name="const_106">
<pin_list>
<pin id="107" dir="1" index="0" bw="1" slack="2147483647"/>
</pin_list>
<bind>
<StgValue><ssdm name="p_str380"/></StgValue>
</bind>
</comp>

<comp id="108" class="1004" name="grp_Filter2D_fu_108">
<pin_list>
<pin id="109" dir="0" index="0" bw="0" slack="0"/>
<pin id="110" dir="0" index="1" bw="8" slack="0"/>
<pin id="111" dir="0" index="2" bw="8" slack="0"/>
<pin id="112" dir="0" index="3" bw="8" slack="0"/>
<pin id="113" dir="0" index="4" bw="8" slack="0"/>
<pin id="114" dir="0" index="5" bw="8" slack="0"/>
<pin id="115" dir="0" index="6" bw="8" slack="0"/>
<pin id="116" dir="0" index="7" bw="2" slack="0"/>
<pin id="117" dir="0" index="8" bw="1" slack="0"/>
<pin id="118" dir="0" index="9" bw="1" slack="0"/>
<pin id="119" dir="0" index="10" bw="1" slack="0"/>
<pin id="120" dir="0" index="11" bw="1" slack="0"/>
<pin id="121" dir="0" index="12" bw="3" slack="0"/>
<pin id="122" dir="1" index="13" bw="0" slack="2147483647"/>
</pin_list>
<bind>
<opcode="call(48) " fcode="call"/>
<opset="StgValue_3/1 "/>
</bind>
</comp>

</comp_list>

<net_list>
<net id="123"><net_src comp="12" pin="0"/><net_sink comp="108" pin=0"/></net>

<net id="124"><net_src comp="0" pin="0"/><net_sink comp="108" pin=1"/></net>

<net id="125"><net_src comp="2" pin="0"/><net_sink comp="108" pin=2"/></net>

<net id="126"><net_src comp="4" pin="0"/><net_sink comp="108" pin=3"/></net>

<net id="127"><net_src comp="6" pin="0"/><net_sink comp="108" pin=4"/></net>

<net id="128"><net_src comp="8" pin="0"/><net_sink comp="108" pin=5"/></net>

<net id="129"><net_src comp="10" pin="0"/><net_sink comp="108" pin=6"/></net>

<net id="130"><net_src comp="14" pin="0"/><net_sink comp="108" pin=7"/></net>

<net id="131"><net_src comp="16" pin="0"/><net_sink comp="108" pin=8"/></net>

<net id="132"><net_src comp="18" pin="0"/><net_sink comp="108" pin=9"/></net>

<net id="133"><net_src comp="20" pin="0"/><net_sink comp="108" pin=10"/></net>

<net id="134"><net_src comp="22" pin="0"/><net_sink comp="108" pin=11"/></net>

<net id="135"><net_src comp="24" pin="0"/><net_sink comp="108" pin=12"/></net>

</net_list>

</model> 
---------------- Datapath Model END ------------------

* FSMD analyzer results:
  - Output states:
	Port: p_dst_data_stream_0_V | {1 2 }
	Port: p_dst_data_stream_1_V | {1 2 }
	Port: p_dst_data_stream_2_V | {1 2 }
 - Input state : 
	Port: Sobel.1 : p_src_data_stream_0_V | {1 2 }
	Port: Sobel.1 : p_src_data_stream_1_V | {1 2 }
	Port: Sobel.1 : p_src_data_stream_2_V | {1 2 }
  - Chain level:
	State 1
	State 2


============================================================
+ Verbose Summary: Datapath Resource usage 
============================================================

* Functional unit list:
|----------|---------------------|---------|---------|---------|---------|---------|
| Operation|   Functional Unit   |   BRAM  |  DSP48E |  Delay  |    FF   |   LUT   |
|----------|---------------------|---------|---------|---------|---------|---------|
|   call   | grp_Filter2D_fu_108 |    9    |    6    |  29.952 |   852   |   2029  |
|----------|---------------------|---------|---------|---------|---------|---------|
|   Total  |                     |    9    |    6    |  29.952 |   852   |   2029  |
|----------|---------------------|---------|---------|---------|---------|---------|

Memories:
N/A

* Register list:
N/A

* Multiplexer (MUX) list: 
|--------|------|------|------|--------|
|  Comp  |  Pin | Size |  BW  | S x BW |
|--------|------|------|------|--------|
|  Total |      |      |      |    0   |
|--------|------|------|------|--------|



* Summary:
+-----------+--------+--------+--------+--------+--------+
|           |  BRAM  | DSP48E |  Delay |   FF   |   LUT  |
+-----------+--------+--------+--------+--------+--------+
|  Function |    9   |    6   |   29   |   852  |  2029  |
|   Memory  |    -   |    -   |    -   |    -   |    -   |
|Multiplexer|    -   |    -   |    -   |    -   |    -   |
|  Register |    -   |    -   |    -   |    -   |    -   |
+-----------+--------+--------+--------+--------+--------+
|   Total   |    9   |    6   |   29   |   852  |  2029  |
+-----------+--------+--------+--------+--------+--------+
