

================================================================
== Vivado HLS Report for 'Block_proc'
================================================================
* Date:           Mon Dec 10 18:23:28 2018

* Version:        2018.2 (Build 2258646 on Thu Jun 14 20:25:20 MDT 2018)
* Project:        SobelVideo
* Solution:       solution1
* Product family: artix7
* Target device:  xc7a200tsbg484-1


================================================================
== Performance Estimates
================================================================
+ Timing (ns): 
    * Summary: 
    +--------+-------+----------+------------+
    |  Clock | Target| Estimated| Uncertainty|
    +--------+-------+----------+------------+
    |ap_clk  |  10.00|     3.908|        1.25|
    +--------+-------+----------+------------+

+ Latency (clock cycles): 
    * Summary: 
    +-----+-----+-----+-----+---------+
    |  Latency  |  Interval | Pipeline|
    | min | max | min | max |   Type  |
    +-----+-----+-----+-----+---------+
    |    0|    0|    0|    0|   none  |
    +-----+-----+-----+-----+---------+

    + Detail: 
        * Instance: 
        N/A

        * Loop: 
        N/A

============================================================
+ Verbose Summary: Synthesis Manager
============================================================
InlineROM: 1
ExposeGlobal: 0
============================================================
+ Verbose Summary: CDFG Model
============================================================
IsTopModel: 0
ResetActiveHigh: 1
IsCombinational: 2
IsDatapathOnly: 0
HasWiredReturn: 1
HasMFsm: 0
HasVarLatency: 0
IsPipeline: 0
IsRtlPipelined: 0
IsInstanceOverlapped: 0
IsDontTouch: 0
HasImplIP: 0
IsGatedGlobalClock: 0


============================================================
+ Verbose Summary: Schedule
============================================================
* Number of FSM states : 1
* Pipeline : 0
* Dataflow Pipeline: 0

* FSM state transitions: 
1 --> 

* FSM state operations: 

State 1 <SV = 0> <Delay = 3.90>
ST_1 : Operation 2 [1/1] (0.00ns)   --->   "call void (...)* @_ssdm_op_SpecInterface(i12* %img_0_cols_V_out, [8 x i8]* @ap_fifo_str, i32 0, i32 0, [1 x i8]* @p_str63, i32 0, i32 0, [1 x i8]* @p_str64, [1 x i8]* @p_str65, [1 x i8]* @p_str66, i32 2, i32 2, i32 16, i32 16, [1 x i8]* @p_str67, [1 x i8]* @p_str68)"   --->   Operation 2 'specinterface' <Predicate = true> <Delay = 0.00>
ST_1 : Operation 3 [1/1] (0.00ns)   --->   "call void (...)* @_ssdm_op_SpecInterface(i12* %img_0_rows_V_out, [8 x i8]* @ap_fifo_str, i32 0, i32 0, [1 x i8]* @p_str57, i32 0, i32 0, [1 x i8]* @p_str58, [1 x i8]* @p_str59, [1 x i8]* @p_str60, i32 2, i32 2, i32 16, i32 16, [1 x i8]* @p_str61, [1 x i8]* @p_str62)"   --->   Operation 3 'specinterface' <Predicate = true> <Delay = 0.00>
ST_1 : Operation 4 [1/1] (3.90ns)   --->   "call void @_ssdm_op_Write.ap_fifo.i12P(i12* %img_0_rows_V_out, i12 1080)" [C:/Xilinx/Vivado/2018.2/common/technology/autopilot/hls/hls_video_core.h:601->C:/Xilinx/Vivado/2018.2/common/technology/autopilot/hls/hls_video_core.h:587->C:/Xilinx/Vivado/2018.2/common/technology/autopilot/hls/hls_video_core.h:588->SobelVideo/a.cpp:13]   --->   Operation 4 'write' <Predicate = true> <Delay = 3.90> <Core = "FIFO">   --->   Core 32 'FIFO' <Latency = 0> <II = 1> <Delay = 3.90> <Storage> <Opcode : 'read' 'write' 'nbread' 'nbwrite'> <Ports = 0> <Width = 12> <Depth = 2> <FIFO>
ST_1 : Operation 5 [1/1] (3.90ns)   --->   "call void @_ssdm_op_Write.ap_fifo.i12P(i12* %img_0_cols_V_out, i12 1920)" [C:/Xilinx/Vivado/2018.2/common/technology/autopilot/hls/hls_video_core.h:602->C:/Xilinx/Vivado/2018.2/common/technology/autopilot/hls/hls_video_core.h:587->C:/Xilinx/Vivado/2018.2/common/technology/autopilot/hls/hls_video_core.h:588->SobelVideo/a.cpp:13]   --->   Operation 5 'write' <Predicate = true> <Delay = 3.90> <Core = "FIFO">   --->   Core 32 'FIFO' <Latency = 0> <II = 1> <Delay = 3.90> <Storage> <Opcode : 'read' 'write' 'nbread' 'nbwrite'> <Ports = 0> <Width = 12> <Depth = 2> <FIFO>
ST_1 : Operation 6 [1/1] (0.00ns)   --->   "ret void"   --->   Operation 6 'ret' <Predicate = true> <Delay = 0.00>


============================================================
+ Verbose Summary: Timing violations
============================================================
Target clock period: 10ns, clock uncertainty: 1.25ns.

 <State 1>: 3.91ns
The critical path consists of the following:
	fifo write on port 'img_0_rows_V_out' (C:/Xilinx/Vivado/2018.2/common/technology/autopilot/hls/hls_video_core.h:601->C:/Xilinx/Vivado/2018.2/common/technology/autopilot/hls/hls_video_core.h:587->C:/Xilinx/Vivado/2018.2/common/technology/autopilot/hls/hls_video_core.h:588->SobelVideo/a.cpp:13) [5]  (3.91 ns)


============================================================
+ Verbose Summary: Binding
============================================================
N/A
* FSMD analyzer results:
  - Output states:
 - Input state : 
  - Chain level:
	State 1


============================================================
+ Verbose Summary: Datapath Resource usage 
============================================================
N/A
