

================================================================
== Vivado HLS Report for 'GaussianBlur'
================================================================
* Date:           Fri Dec 14 12:41:13 2018

* Version:        2018.2 (Build 2258646 on Thu Jun 14 20:25:20 MDT 2018)
* Project:        SobelVideo
* Solution:       solution1
* Product family: artix7
* Target device:  xc7a200tsbg484-1


================================================================
== Performance Estimates
================================================================
+ Timing (ns): 
    * Summary: 
    +--------+-------+----------+------------+
    |  Clock | Target| Estimated| Uncertainty|
    +--------+-------+----------+------------+
    |ap_clk  |  10.00|     9.674|        1.25|
    +--------+-------+----------+------------+

+ Latency (clock cycles): 
    * Summary: 
    +---------+---------+---------+---------+---------+
    |      Latency      |      Interval     | Pipeline|
    |   min   |   max   |   min   |   max   |   Type  |
    +---------+---------+---------+---------+---------+
    |  2087183|  2087183|  2087183|  2087183|   none  |
    +---------+---------+---------+---------+---------+

    + Detail: 
        * Instance: 
        N/A

        * Loop: 
        N/A

============================================================
+ Verbose Summary: Synthesis Manager
============================================================
InlineROM: 1
ExposeGlobal: 0
============================================================
+ Verbose Summary: CDFG Model
============================================================
IsTopModel: 0
ResetActiveHigh: 1
IsCombinational: 2
IsDatapathOnly: 0
HasWiredReturn: 1
HasMFsm: 0
HasVarLatency: 1
IsPipeline: 0
IsRtlPipelined: 0
IsInstanceOverlapped: 0
IsDontTouch: 0
HasImplIP: 0
IsGatedGlobalClock: 0


============================================================
+ Verbose Summary: Schedule
============================================================
* Number of FSM states : 2
* Pipeline : 0
* Dataflow Pipeline: 0

* FSM state transitions: 
1 --> 
	2  / true
2 --> 

* FSM state operations: 

State 1 <SV = 0> <Delay = 0.00>
ST_1 : Operation 3 [2/2] (0.00ns)   --->   "call fastcc void @Filter2D.1(i8* %p_src_data_stream_0_V, i8* %p_src_data_stream_1_V, i8* %p_src_data_stream_2_V, i8* %p_dst_data_stream_0_V, i8* %p_dst_data_stream_1_V, i8* %p_dst_data_stream_2_V)" [C:/Xilinx/Vivado/2018.2/common/technology/autopilot/hls/hls_video_imgproc.h:2650->C:/Xilinx/Vivado/2018.2/common/technology/autopilot/hls/hls_video_imgproc.h:2660]   --->   Operation 3 'call' <Predicate = true> <Delay = 0.00> <CoreType = "Generic">   --->   Core 0 '' <Latency = 0> <II = 1> <Delay = 1.00> <Generic> <Opcode : >

State 2 <SV = 1> <Delay = 0.00>
ST_2 : Operation 4 [1/1] (0.00ns)   --->   "call void (...)* @_ssdm_op_SpecInterface(i8* %p_dst_data_stream_2_V, [8 x i8]* @ap_fifo_str, i32 0, i32 0, [1 x i8]* @p_str347, i32 0, i32 0, [1 x i8]* @p_str348, [1 x i8]* @p_str349, [1 x i8]* @p_str350, i32 2, i32 2, i32 16, i32 16, [1 x i8]* @p_str351, [1 x i8]* @p_str352)"   --->   Operation 4 'specinterface' <Predicate = true> <Delay = 0.00>
ST_2 : Operation 5 [1/1] (0.00ns)   --->   "call void (...)* @_ssdm_op_SpecInterface(i8* %p_dst_data_stream_1_V, [8 x i8]* @ap_fifo_str, i32 0, i32 0, [1 x i8]* @p_str340, i32 0, i32 0, [1 x i8]* @p_str341, [1 x i8]* @p_str342, [1 x i8]* @p_str343, i32 2, i32 2, i32 16, i32 16, [1 x i8]* @p_str344, [1 x i8]* @p_str345)"   --->   Operation 5 'specinterface' <Predicate = true> <Delay = 0.00>
ST_2 : Operation 6 [1/1] (0.00ns)   --->   "call void (...)* @_ssdm_op_SpecInterface(i8* %p_dst_data_stream_0_V, [8 x i8]* @ap_fifo_str, i32 0, i32 0, [1 x i8]* @p_str333, i32 0, i32 0, [1 x i8]* @p_str334, [1 x i8]* @p_str335, [1 x i8]* @p_str336, i32 2, i32 2, i32 16, i32 16, [1 x i8]* @p_str337, [1 x i8]* @p_str338)"   --->   Operation 6 'specinterface' <Predicate = true> <Delay = 0.00>
ST_2 : Operation 7 [1/1] (0.00ns)   --->   "call void (...)* @_ssdm_op_SpecInterface(i8* %p_src_data_stream_2_V, [8 x i8]* @ap_fifo_str, i32 0, i32 0, [1 x i8]* @p_str326, i32 0, i32 0, [1 x i8]* @p_str327, [1 x i8]* @p_str328, [1 x i8]* @p_str329, i32 2, i32 2, i32 16, i32 16, [1 x i8]* @p_str330, [1 x i8]* @p_str331)"   --->   Operation 7 'specinterface' <Predicate = true> <Delay = 0.00>
ST_2 : Operation 8 [1/1] (0.00ns)   --->   "call void (...)* @_ssdm_op_SpecInterface(i8* %p_src_data_stream_1_V, [8 x i8]* @ap_fifo_str, i32 0, i32 0, [1 x i8]* @p_str319, i32 0, i32 0, [1 x i8]* @p_str320, [1 x i8]* @p_str321, [1 x i8]* @p_str322, i32 2, i32 2, i32 16, i32 16, [1 x i8]* @p_str323, [1 x i8]* @p_str324)"   --->   Operation 8 'specinterface' <Predicate = true> <Delay = 0.00>
ST_2 : Operation 9 [1/1] (0.00ns)   --->   "call void (...)* @_ssdm_op_SpecInterface(i8* %p_src_data_stream_0_V, [8 x i8]* @ap_fifo_str, i32 0, i32 0, [1 x i8]* @p_str312, i32 0, i32 0, [1 x i8]* @p_str313, [1 x i8]* @p_str314, [1 x i8]* @p_str315, i32 2, i32 2, i32 16, i32 16, [1 x i8]* @p_str316, [1 x i8]* @p_str317)"   --->   Operation 9 'specinterface' <Predicate = true> <Delay = 0.00>
ST_2 : Operation 10 [1/2] (0.00ns)   --->   "call fastcc void @Filter2D.1(i8* %p_src_data_stream_0_V, i8* %p_src_data_stream_1_V, i8* %p_src_data_stream_2_V, i8* %p_dst_data_stream_0_V, i8* %p_dst_data_stream_1_V, i8* %p_dst_data_stream_2_V)" [C:/Xilinx/Vivado/2018.2/common/technology/autopilot/hls/hls_video_imgproc.h:2650->C:/Xilinx/Vivado/2018.2/common/technology/autopilot/hls/hls_video_imgproc.h:2660]   --->   Operation 10 'call' <Predicate = true> <Delay = 0.00> <CoreType = "Generic">   --->   Core 0 '' <Latency = 0> <II = 1> <Delay = 1.00> <Generic> <Opcode : >
ST_2 : Operation 11 [1/1] (0.00ns)   --->   "ret void" [C:/Xilinx/Vivado/2018.2/common/technology/autopilot/hls/hls_video_imgproc.h:2661]   --->   Operation 11 'ret' <Predicate = true> <Delay = 0.00>


============================================================
+ Verbose Summary: Timing violations
============================================================
Target clock period: 10ns, clock uncertainty: 1.25ns.

 <State 1>: 0ns
The critical path consists of the following:

 <State 2>: 0ns
The critical path consists of the following:


============================================================
+ Verbose Summary: Binding
============================================================
N/A
* FSMD analyzer results:
  - Output states:
 - Input state : 
  - Chain level:
	State 1
	State 2


============================================================
+ Verbose Summary: Datapath Resource usage 
============================================================
N/A
