

================================================================
== Vivado HLS Report for 'sobel'
================================================================
* Date:           Fri Dec 14 12:00:29 2018

* Version:        2018.2 (Build 2258646 on Thu Jun 14 20:25:20 MDT 2018)
* Project:        SobelVideo
* Solution:       solution1
* Product family: artix7
* Target device:  xc7a200tsbg484-1


================================================================
== Performance Estimates
================================================================
+ Timing (ns): 
    * Summary: 
    +--------+-------+----------+------------+
    |  Clock | Target| Estimated| Uncertainty|
    +--------+-------+----------+------------+
    |ap_clk  |  10.00|    11.000|        1.25|
    +--------+-------+----------+------------+

+ Latency (clock cycles): 
    * Summary: 
    +---------+---------+---------+---------+----------+
    |      Latency      |      Interval     | Pipeline |
    |   min   |   max   |   min   |   max   |   Type   |
    +---------+---------+---------+---------+----------+
    |  2077930|  2081164|  2077922|  2081164| dataflow |
    +---------+---------+---------+---------+----------+

    + Detail: 
        * Instance: 
        +-------------------------------+--------------+---------+---------+---------+---------+---------+
        |                               |              |      Latency      |      Interval     | Pipeline|
        |            Instance           |    Module    |   min   |   max   |   min   |   max   |   Type  |
        +-------------------------------+--------------+---------+---------+---------+---------+---------+
        |grp_AXIvideo2Mat_fu_330        |AXIvideo2Mat  |        3|  2081163|        3|  2081163|   none  |
        |grp_CvtColor_1_fu_355          |CvtColor_1    |        1|  2080081|        1|  2080081|   none  |
        |grp_Mat2AXIvideo_fu_367        |Mat2AXIvideo  |  2077921|  2077921|  2077921|  2077921|   none  |
        |grp_CvtColor_fu_388            |CvtColor      |  2076841|  2076841|  2076841|  2076841|   none  |
        |StgValue_24_Block_proc_fu_398  |Block_proc    |        0|        0|        0|        0|   none  |
        +-------------------------------+--------------+---------+---------+---------+---------+---------+

        * Loop: 
        N/A

============================================================
+ Verbose Summary: Synthesis Manager
============================================================
InlineROM: 1
ExposeGlobal: 0
============================================================
+ Verbose Summary: CDFG Model
============================================================
IsTopModel: 1
ResetActiveHigh: 1
IsCombinational: 2
IsDatapathOnly: 0
HasWiredReturn: 1
HasMFsm: 0
HasVarLatency: 1
IsPipeline: 0
IsRtlPipelined: 0
IsInstanceOverlapped: 0
IsDontTouch: 0
HasImplIP: 0
IsGatedGlobalClock: 0


============================================================
+ Verbose Summary: Schedule
============================================================
* Number of FSM states : 10
* Pipeline : 0
* Dataflow Pipeline: 1
  DF-Pipeline-0: Size = 10, States = { 1 2 3 4 5 6 7 8 9 10 }

* FSM state transitions: 
1 --> 
	2  / true
2 --> 
	3  / true
3 --> 
	4  / true
4 --> 
	5  / true
5 --> 
	6  / true
6 --> 
	7  / true
7 --> 
	8  / true
8 --> 
	9  / true
9 --> 
	10  / true
10 --> 

* FSM state operations: 

State 1 <SV = 0> <Delay = 0.00>
ST_1 : Operation 11 [1/1] (0.00ns)   --->   "%img_0_cols_V_c9 = alloca i12, align 2"   --->   Operation 11 'alloca' 'img_0_cols_V_c9' <Predicate = true> <Delay = 0.00> <Core = "FIFO">   --->   Core 32 'FIFO' <Latency = 0> <II = 1> <Delay = 3.90> <Storage> <Opcode : 'read' 'write' 'nbread' 'nbwrite'> <Ports = 0> <Width = 8> <Depth = 2> <FIFO>
ST_1 : Operation 12 [1/1] (0.00ns)   --->   "%img_0_rows_V_c8 = alloca i12, align 2"   --->   Operation 12 'alloca' 'img_0_rows_V_c8' <Predicate = true> <Delay = 0.00> <Core = "FIFO">   --->   Core 32 'FIFO' <Latency = 0> <II = 1> <Delay = 3.90> <Storage> <Opcode : 'read' 'write' 'nbread' 'nbwrite'> <Ports = 0> <Width = 8> <Depth = 2> <FIFO>
ST_1 : Operation 13 [1/1] (0.00ns)   --->   "%img_0_cols_V_c = alloca i12, align 2"   --->   Operation 13 'alloca' 'img_0_cols_V_c' <Predicate = true> <Delay = 0.00> <Core = "FIFO">   --->   Core 32 'FIFO' <Latency = 0> <II = 1> <Delay = 3.90> <Storage> <Opcode : 'read' 'write' 'nbread' 'nbwrite'> <Ports = 0> <Width = 8> <Depth = 2> <FIFO>
ST_1 : Operation 14 [1/1] (0.00ns)   --->   "%img_0_rows_V_c = alloca i12, align 2"   --->   Operation 14 'alloca' 'img_0_rows_V_c' <Predicate = true> <Delay = 0.00> <Core = "FIFO">   --->   Core 32 'FIFO' <Latency = 0> <II = 1> <Delay = 3.90> <Storage> <Opcode : 'read' 'write' 'nbread' 'nbwrite'> <Ports = 0> <Width = 8> <Depth = 2> <FIFO>
ST_1 : Operation 15 [1/1] (0.00ns)   --->   "%img_0_data_stream_0 = alloca i8, align 1" [SobelVideo/a.cpp:13]   --->   Operation 15 'alloca' 'img_0_data_stream_0' <Predicate = true> <Delay = 0.00> <Core = "FIFO">   --->   Core 32 'FIFO' <Latency = 0> <II = 1> <Delay = 3.90> <Storage> <Opcode : 'read' 'write' 'nbread' 'nbwrite'> <Ports = 0> <Width = 8> <Depth = 2> <FIFO>
ST_1 : Operation 16 [1/1] (0.00ns)   --->   "%img_0_data_stream_1 = alloca i8, align 1" [SobelVideo/a.cpp:13]   --->   Operation 16 'alloca' 'img_0_data_stream_1' <Predicate = true> <Delay = 0.00> <Core = "FIFO">   --->   Core 32 'FIFO' <Latency = 0> <II = 1> <Delay = 3.90> <Storage> <Opcode : 'read' 'write' 'nbread' 'nbwrite'> <Ports = 0> <Width = 8> <Depth = 2> <FIFO>
ST_1 : Operation 17 [1/1] (0.00ns)   --->   "%img_0_data_stream_2 = alloca i8, align 1" [SobelVideo/a.cpp:13]   --->   Operation 17 'alloca' 'img_0_data_stream_2' <Predicate = true> <Delay = 0.00> <Core = "FIFO">   --->   Core 32 'FIFO' <Latency = 0> <II = 1> <Delay = 3.90> <Storage> <Opcode : 'read' 'write' 'nbread' 'nbwrite'> <Ports = 0> <Width = 8> <Depth = 2> <FIFO>
ST_1 : Operation 18 [1/1] (0.00ns)   --->   "%img_1_data_stream_0 = alloca i8, align 1" [SobelVideo/a.cpp:14]   --->   Operation 18 'alloca' 'img_1_data_stream_0' <Predicate = true> <Delay = 0.00> <Core = "FIFO">   --->   Core 32 'FIFO' <Latency = 0> <II = 1> <Delay = 3.90> <Storage> <Opcode : 'read' 'write' 'nbread' 'nbwrite'> <Ports = 0> <Width = 8> <Depth = 2> <FIFO>
ST_1 : Operation 19 [1/1] (0.00ns)   --->   "%img_1_data_stream_1 = alloca i8, align 1" [SobelVideo/a.cpp:14]   --->   Operation 19 'alloca' 'img_1_data_stream_1' <Predicate = true> <Delay = 0.00> <Core = "FIFO">   --->   Core 32 'FIFO' <Latency = 0> <II = 1> <Delay = 3.90> <Storage> <Opcode : 'read' 'write' 'nbread' 'nbwrite'> <Ports = 0> <Width = 8> <Depth = 2> <FIFO>
ST_1 : Operation 20 [1/1] (0.00ns)   --->   "%img_1_data_stream_2 = alloca i8, align 1" [SobelVideo/a.cpp:14]   --->   Operation 20 'alloca' 'img_1_data_stream_2' <Predicate = true> <Delay = 0.00> <Core = "FIFO">   --->   Core 32 'FIFO' <Latency = 0> <II = 1> <Delay = 3.90> <Storage> <Opcode : 'read' 'write' 'nbread' 'nbwrite'> <Ports = 0> <Width = 8> <Depth = 2> <FIFO>
ST_1 : Operation 21 [1/1] (0.00ns)   --->   "%img_2_data_stream_0 = alloca i8, align 1" [SobelVideo/a.cpp:15]   --->   Operation 21 'alloca' 'img_2_data_stream_0' <Predicate = true> <Delay = 0.00> <Core = "FIFO">   --->   Core 32 'FIFO' <Latency = 0> <II = 1> <Delay = 3.90> <Storage> <Opcode : 'read' 'write' 'nbread' 'nbwrite'> <Ports = 0> <Width = 8> <Depth = 2> <FIFO>
ST_1 : Operation 22 [1/1] (0.00ns)   --->   "%img_2_data_stream_1 = alloca i8, align 1" [SobelVideo/a.cpp:15]   --->   Operation 22 'alloca' 'img_2_data_stream_1' <Predicate = true> <Delay = 0.00> <Core = "FIFO">   --->   Core 32 'FIFO' <Latency = 0> <II = 1> <Delay = 3.90> <Storage> <Opcode : 'read' 'write' 'nbread' 'nbwrite'> <Ports = 0> <Width = 8> <Depth = 2> <FIFO>
ST_1 : Operation 23 [1/1] (0.00ns)   --->   "%img_2_data_stream_2 = alloca i8, align 1" [SobelVideo/a.cpp:15]   --->   Operation 23 'alloca' 'img_2_data_stream_2' <Predicate = true> <Delay = 0.00> <Core = "FIFO">   --->   Core 32 'FIFO' <Latency = 0> <II = 1> <Delay = 3.90> <Storage> <Opcode : 'read' 'write' 'nbread' 'nbwrite'> <Ports = 0> <Width = 8> <Depth = 2> <FIFO>
ST_1 : Operation 24 [1/1] (0.00ns)   --->   "call fastcc void @Block__proc(i12* %img_0_rows_V_c, i12* %img_0_cols_V_c)"   --->   Operation 24 'call' <Predicate = true> <Delay = 0.00> <CoreType = "Generic">   --->   Core 0 '' <Latency = 0> <II = 1> <Delay = 1.00> <Generic> <Opcode : >

State 2 <SV = 1> <Delay = 0.00>
ST_2 : Operation 25 [2/2] (0.00ns)   --->   "call fastcc void @AXIvideo2Mat(i24* %INPUT_STREAM_V_data_V, i3* %INPUT_STREAM_V_keep_V, i3* %INPUT_STREAM_V_strb_V, i1* %INPUT_STREAM_V_user_V, i1* %INPUT_STREAM_V_last_V, i1* %INPUT_STREAM_V_id_V, i1* %INPUT_STREAM_V_dest_V, i12* nocapture %img_0_rows_V_c, i12* nocapture %img_0_cols_V_c, i8* %img_0_data_stream_0, i8* %img_0_data_stream_1, i8* %img_0_data_stream_2, i12* %img_0_rows_V_c8, i12* %img_0_cols_V_c9)" [SobelVideo/a.cpp:21]   --->   Operation 25 'call' <Predicate = true> <Delay = 0.00> <CoreType = "Generic">   --->   Core 0 '' <Latency = 0> <II = 1> <Delay = 1.00> <Generic> <Opcode : >

State 3 <SV = 2> <Delay = 0.00>
ST_3 : Operation 26 [1/2] (0.00ns)   --->   "call fastcc void @AXIvideo2Mat(i24* %INPUT_STREAM_V_data_V, i3* %INPUT_STREAM_V_keep_V, i3* %INPUT_STREAM_V_strb_V, i1* %INPUT_STREAM_V_user_V, i1* %INPUT_STREAM_V_last_V, i1* %INPUT_STREAM_V_id_V, i1* %INPUT_STREAM_V_dest_V, i12* nocapture %img_0_rows_V_c, i12* nocapture %img_0_cols_V_c, i8* %img_0_data_stream_0, i8* %img_0_data_stream_1, i8* %img_0_data_stream_2, i12* %img_0_rows_V_c8, i12* %img_0_cols_V_c9)" [SobelVideo/a.cpp:21]   --->   Operation 26 'call' <Predicate = true> <Delay = 0.00> <CoreType = "Generic">   --->   Core 0 '' <Latency = 0> <II = 1> <Delay = 1.00> <Generic> <Opcode : >

State 4 <SV = 3> <Delay = 0.00>
ST_4 : Operation 27 [2/2] (0.00ns)   --->   "call fastcc void @CvtColor.1(i12* nocapture %img_0_rows_V_c8, i12* nocapture %img_0_cols_V_c9, i8* %img_0_data_stream_0, i8* %img_0_data_stream_1, i8* %img_0_data_stream_2, i8* %img_1_data_stream_0, i8* %img_1_data_stream_1, i8* %img_1_data_stream_2)" [SobelVideo/a.cpp:23]   --->   Operation 27 'call' <Predicate = true> <Delay = 0.00> <CoreType = "Generic">   --->   Core 0 '' <Latency = 0> <II = 1> <Delay = 1.00> <Generic> <Opcode : >

State 5 <SV = 4> <Delay = 0.00>
ST_5 : Operation 28 [1/2] (0.00ns)   --->   "call fastcc void @CvtColor.1(i12* nocapture %img_0_rows_V_c8, i12* nocapture %img_0_cols_V_c9, i8* %img_0_data_stream_0, i8* %img_0_data_stream_1, i8* %img_0_data_stream_2, i8* %img_1_data_stream_0, i8* %img_1_data_stream_1, i8* %img_1_data_stream_2)" [SobelVideo/a.cpp:23]   --->   Operation 28 'call' <Predicate = true> <Delay = 0.00> <CoreType = "Generic">   --->   Core 0 '' <Latency = 0> <II = 1> <Delay = 1.00> <Generic> <Opcode : >

State 6 <SV = 5> <Delay = 0.00>
ST_6 : Operation 29 [2/2] (0.00ns)   --->   "call fastcc void @CvtColor(i8* %img_1_data_stream_0, i8* %img_1_data_stream_1, i8* %img_1_data_stream_2, i8* %img_2_data_stream_0, i8* %img_2_data_stream_1, i8* %img_2_data_stream_2)" [SobelVideo/a.cpp:24]   --->   Operation 29 'call' <Predicate = true> <Delay = 0.00> <CoreType = "Generic">   --->   Core 0 '' <Latency = 0> <II = 1> <Delay = 1.00> <Generic> <Opcode : >

State 7 <SV = 6> <Delay = 0.00>
ST_7 : Operation 30 [1/2] (0.00ns)   --->   "call fastcc void @CvtColor(i8* %img_1_data_stream_0, i8* %img_1_data_stream_1, i8* %img_1_data_stream_2, i8* %img_2_data_stream_0, i8* %img_2_data_stream_1, i8* %img_2_data_stream_2)" [SobelVideo/a.cpp:24]   --->   Operation 30 'call' <Predicate = true> <Delay = 0.00> <CoreType = "Generic">   --->   Core 0 '' <Latency = 0> <II = 1> <Delay = 1.00> <Generic> <Opcode : >

State 8 <SV = 7> <Delay = 0.00>
ST_8 : Operation 31 [2/2] (0.00ns)   --->   "call fastcc void @Mat2AXIvideo(i8* %img_2_data_stream_0, i8* %img_2_data_stream_1, i8* %img_2_data_stream_2, i24* %OUTPUT_STREAM_V_data_V, i3* %OUTPUT_STREAM_V_keep_V, i3* %OUTPUT_STREAM_V_strb_V, i1* %OUTPUT_STREAM_V_user_V, i1* %OUTPUT_STREAM_V_last_V, i1* %OUTPUT_STREAM_V_id_V, i1* %OUTPUT_STREAM_V_dest_V)" [SobelVideo/a.cpp:26]   --->   Operation 31 'call' <Predicate = true> <Delay = 0.00> <CoreType = "Generic">   --->   Core 0 '' <Latency = 0> <II = 1> <Delay = 1.00> <Generic> <Opcode : >

State 9 <SV = 8> <Delay = 0.00>
ST_9 : Operation 32 [1/2] (0.00ns)   --->   "call fastcc void @Mat2AXIvideo(i8* %img_2_data_stream_0, i8* %img_2_data_stream_1, i8* %img_2_data_stream_2, i24* %OUTPUT_STREAM_V_data_V, i3* %OUTPUT_STREAM_V_keep_V, i3* %OUTPUT_STREAM_V_strb_V, i1* %OUTPUT_STREAM_V_user_V, i1* %OUTPUT_STREAM_V_last_V, i1* %OUTPUT_STREAM_V_id_V, i1* %OUTPUT_STREAM_V_dest_V)" [SobelVideo/a.cpp:26]   --->   Operation 32 'call' <Predicate = true> <Delay = 0.00> <CoreType = "Generic">   --->   Core 0 '' <Latency = 0> <II = 1> <Delay = 1.00> <Generic> <Opcode : >

State 10 <SV = 9> <Delay = 0.00>
ST_10 : Operation 33 [1/1] (0.00ns)   --->   "call void (...)* @_ssdm_op_SpecDataflowPipeline(i32 -1, [1 x i8]* @p_str3) nounwind" [SobelVideo/a.cpp:20]   --->   Operation 33 'specdataflowpipeline' <Predicate = true> <Delay = 0.00>
ST_10 : Operation 34 [1/1] (0.00ns)   --->   "call void (...)* @_ssdm_op_SpecBitsMap(i24* %INPUT_STREAM_V_data_V), !map !209"   --->   Operation 34 'specbitsmap' <Predicate = true> <Delay = 0.00>
ST_10 : Operation 35 [1/1] (0.00ns)   --->   "call void (...)* @_ssdm_op_SpecBitsMap(i3* %INPUT_STREAM_V_keep_V), !map !213"   --->   Operation 35 'specbitsmap' <Predicate = true> <Delay = 0.00>
ST_10 : Operation 36 [1/1] (0.00ns)   --->   "call void (...)* @_ssdm_op_SpecBitsMap(i3* %INPUT_STREAM_V_strb_V), !map !217"   --->   Operation 36 'specbitsmap' <Predicate = true> <Delay = 0.00>
ST_10 : Operation 37 [1/1] (0.00ns)   --->   "call void (...)* @_ssdm_op_SpecBitsMap(i1* %INPUT_STREAM_V_user_V), !map !221"   --->   Operation 37 'specbitsmap' <Predicate = true> <Delay = 0.00>
ST_10 : Operation 38 [1/1] (0.00ns)   --->   "call void (...)* @_ssdm_op_SpecBitsMap(i1* %INPUT_STREAM_V_last_V), !map !225"   --->   Operation 38 'specbitsmap' <Predicate = true> <Delay = 0.00>
ST_10 : Operation 39 [1/1] (0.00ns)   --->   "call void (...)* @_ssdm_op_SpecBitsMap(i1* %INPUT_STREAM_V_id_V), !map !229"   --->   Operation 39 'specbitsmap' <Predicate = true> <Delay = 0.00>
ST_10 : Operation 40 [1/1] (0.00ns)   --->   "call void (...)* @_ssdm_op_SpecBitsMap(i1* %INPUT_STREAM_V_dest_V), !map !233"   --->   Operation 40 'specbitsmap' <Predicate = true> <Delay = 0.00>
ST_10 : Operation 41 [1/1] (0.00ns)   --->   "call void (...)* @_ssdm_op_SpecBitsMap(i24* %OUTPUT_STREAM_V_data_V), !map !237"   --->   Operation 41 'specbitsmap' <Predicate = true> <Delay = 0.00>
ST_10 : Operation 42 [1/1] (0.00ns)   --->   "call void (...)* @_ssdm_op_SpecBitsMap(i3* %OUTPUT_STREAM_V_keep_V), !map !241"   --->   Operation 42 'specbitsmap' <Predicate = true> <Delay = 0.00>
ST_10 : Operation 43 [1/1] (0.00ns)   --->   "call void (...)* @_ssdm_op_SpecBitsMap(i3* %OUTPUT_STREAM_V_strb_V), !map !245"   --->   Operation 43 'specbitsmap' <Predicate = true> <Delay = 0.00>
ST_10 : Operation 44 [1/1] (0.00ns)   --->   "call void (...)* @_ssdm_op_SpecBitsMap(i1* %OUTPUT_STREAM_V_user_V), !map !249"   --->   Operation 44 'specbitsmap' <Predicate = true> <Delay = 0.00>
ST_10 : Operation 45 [1/1] (0.00ns)   --->   "call void (...)* @_ssdm_op_SpecBitsMap(i1* %OUTPUT_STREAM_V_last_V), !map !253"   --->   Operation 45 'specbitsmap' <Predicate = true> <Delay = 0.00>
ST_10 : Operation 46 [1/1] (0.00ns)   --->   "call void (...)* @_ssdm_op_SpecBitsMap(i1* %OUTPUT_STREAM_V_id_V), !map !257"   --->   Operation 46 'specbitsmap' <Predicate = true> <Delay = 0.00>
ST_10 : Operation 47 [1/1] (0.00ns)   --->   "call void (...)* @_ssdm_op_SpecBitsMap(i1* %OUTPUT_STREAM_V_dest_V), !map !261"   --->   Operation 47 'specbitsmap' <Predicate = true> <Delay = 0.00>
ST_10 : Operation 48 [1/1] (0.00ns)   --->   "call void (...)* @_ssdm_op_SpecTopModule([6 x i8]* @sobel_str) nounwind"   --->   Operation 48 'spectopmodule' <Predicate = true> <Delay = 0.00>
ST_10 : Operation 49 [1/1] (0.00ns)   --->   "%empty = call i32 (...)* @_ssdm_op_SpecChannel([23 x i8]* @img_0_OC_data_stream_2, i32 1, [1 x i8]* @p_str73, [1 x i8]* @p_str73, i32 2, i32 2, i8* %img_0_data_stream_0, i8* %img_0_data_stream_0)"   --->   Operation 49 'specchannel' 'empty' <Predicate = true> <Delay = 0.00>
ST_10 : Operation 50 [1/1] (0.00ns)   --->   "call void (...)* @_ssdm_op_SpecInterface(i8* %img_0_data_stream_0, [8 x i8]* @ap_fifo_str, i32 0, i32 0, [1 x i8]* @p_str74, i32 0, i32 0, [1 x i8]* @p_str75, [1 x i8]* @p_str76, [1 x i8]* @p_str77, i32 2, i32 2, i32 16, i32 16, [1 x i8]* @p_str78, [1 x i8]* @p_str79)"   --->   Operation 50 'specinterface' <Predicate = true> <Delay = 0.00>
ST_10 : Operation 51 [1/1] (0.00ns)   --->   "%empty_9 = call i32 (...)* @_ssdm_op_SpecChannel([23 x i8]* @img_0_OC_data_stream_1, i32 1, [1 x i8]* @p_str80, [1 x i8]* @p_str80, i32 2, i32 2, i8* %img_0_data_stream_1, i8* %img_0_data_stream_1)"   --->   Operation 51 'specchannel' 'empty_9' <Predicate = true> <Delay = 0.00>
ST_10 : Operation 52 [1/1] (0.00ns)   --->   "call void (...)* @_ssdm_op_SpecInterface(i8* %img_0_data_stream_1, [8 x i8]* @ap_fifo_str, i32 0, i32 0, [1 x i8]* @p_str81, i32 0, i32 0, [1 x i8]* @p_str82, [1 x i8]* @p_str83, [1 x i8]* @p_str84, i32 2, i32 2, i32 16, i32 16, [1 x i8]* @p_str85, [1 x i8]* @p_str86)"   --->   Operation 52 'specinterface' <Predicate = true> <Delay = 0.00>
ST_10 : Operation 53 [1/1] (0.00ns)   --->   "%empty_10 = call i32 (...)* @_ssdm_op_SpecChannel([23 x i8]* @img_0_OC_data_stream, i32 1, [1 x i8]* @p_str87, [1 x i8]* @p_str87, i32 2, i32 2, i8* %img_0_data_stream_2, i8* %img_0_data_stream_2)"   --->   Operation 53 'specchannel' 'empty_10' <Predicate = true> <Delay = 0.00>
ST_10 : Operation 54 [1/1] (0.00ns)   --->   "call void (...)* @_ssdm_op_SpecInterface(i8* %img_0_data_stream_2, [8 x i8]* @ap_fifo_str, i32 0, i32 0, [1 x i8]* @p_str88, i32 0, i32 0, [1 x i8]* @p_str89, [1 x i8]* @p_str90, [1 x i8]* @p_str91, i32 2, i32 2, i32 16, i32 16, [1 x i8]* @p_str92, [1 x i8]* @p_str93)"   --->   Operation 54 'specinterface' <Predicate = true> <Delay = 0.00>
ST_10 : Operation 55 [1/1] (0.00ns)   --->   "%empty_11 = call i32 (...)* @_ssdm_op_SpecChannel([23 x i8]* @img_1_OC_data_stream_2, i32 1, [1 x i8]* @p_str94, [1 x i8]* @p_str94, i32 2, i32 2, i8* %img_1_data_stream_0, i8* %img_1_data_stream_0)"   --->   Operation 55 'specchannel' 'empty_11' <Predicate = true> <Delay = 0.00>
ST_10 : Operation 56 [1/1] (0.00ns)   --->   "call void (...)* @_ssdm_op_SpecInterface(i8* %img_1_data_stream_0, [8 x i8]* @ap_fifo_str, i32 0, i32 0, [1 x i8]* @p_str95, i32 0, i32 0, [1 x i8]* @p_str96, [1 x i8]* @p_str97, [1 x i8]* @p_str98, i32 2, i32 2, i32 16, i32 16, [1 x i8]* @p_str99, [1 x i8]* @p_str100)"   --->   Operation 56 'specinterface' <Predicate = true> <Delay = 0.00>
ST_10 : Operation 57 [1/1] (0.00ns)   --->   "%empty_12 = call i32 (...)* @_ssdm_op_SpecChannel([23 x i8]* @img_1_OC_data_stream_1, i32 1, [1 x i8]* @p_str101, [1 x i8]* @p_str101, i32 2, i32 2, i8* %img_1_data_stream_1, i8* %img_1_data_stream_1)"   --->   Operation 57 'specchannel' 'empty_12' <Predicate = true> <Delay = 0.00>
ST_10 : Operation 58 [1/1] (0.00ns)   --->   "call void (...)* @_ssdm_op_SpecInterface(i8* %img_1_data_stream_1, [8 x i8]* @ap_fifo_str, i32 0, i32 0, [1 x i8]* @p_str102, i32 0, i32 0, [1 x i8]* @p_str103, [1 x i8]* @p_str104, [1 x i8]* @p_str105, i32 2, i32 2, i32 16, i32 16, [1 x i8]* @p_str106, [1 x i8]* @p_str107)"   --->   Operation 58 'specinterface' <Predicate = true> <Delay = 0.00>
ST_10 : Operation 59 [1/1] (0.00ns)   --->   "%empty_13 = call i32 (...)* @_ssdm_op_SpecChannel([23 x i8]* @img_1_OC_data_stream, i32 1, [1 x i8]* @p_str108, [1 x i8]* @p_str108, i32 2, i32 2, i8* %img_1_data_stream_2, i8* %img_1_data_stream_2)"   --->   Operation 59 'specchannel' 'empty_13' <Predicate = true> <Delay = 0.00>
ST_10 : Operation 60 [1/1] (0.00ns)   --->   "call void (...)* @_ssdm_op_SpecInterface(i8* %img_1_data_stream_2, [8 x i8]* @ap_fifo_str, i32 0, i32 0, [1 x i8]* @p_str109, i32 0, i32 0, [1 x i8]* @p_str110, [1 x i8]* @p_str111, [1 x i8]* @p_str112, i32 2, i32 2, i32 16, i32 16, [1 x i8]* @p_str113, [1 x i8]* @p_str114)"   --->   Operation 60 'specinterface' <Predicate = true> <Delay = 0.00>
ST_10 : Operation 61 [1/1] (0.00ns)   --->   "%empty_14 = call i32 (...)* @_ssdm_op_SpecChannel([23 x i8]* @img_2_OC_data_stream_2, i32 1, [1 x i8]* @p_str115, [1 x i8]* @p_str115, i32 2, i32 2, i8* %img_2_data_stream_0, i8* %img_2_data_stream_0)"   --->   Operation 61 'specchannel' 'empty_14' <Predicate = true> <Delay = 0.00>
ST_10 : Operation 62 [1/1] (0.00ns)   --->   "call void (...)* @_ssdm_op_SpecInterface(i8* %img_2_data_stream_0, [8 x i8]* @ap_fifo_str, i32 0, i32 0, [1 x i8]* @p_str116, i32 0, i32 0, [1 x i8]* @p_str117, [1 x i8]* @p_str118, [1 x i8]* @p_str119, i32 2, i32 2, i32 16, i32 16, [1 x i8]* @p_str120, [1 x i8]* @p_str121)"   --->   Operation 62 'specinterface' <Predicate = true> <Delay = 0.00>
ST_10 : Operation 63 [1/1] (0.00ns)   --->   "%empty_15 = call i32 (...)* @_ssdm_op_SpecChannel([23 x i8]* @img_2_OC_data_stream_1, i32 1, [1 x i8]* @p_str122, [1 x i8]* @p_str122, i32 2, i32 2, i8* %img_2_data_stream_1, i8* %img_2_data_stream_1)"   --->   Operation 63 'specchannel' 'empty_15' <Predicate = true> <Delay = 0.00>
ST_10 : Operation 64 [1/1] (0.00ns)   --->   "call void (...)* @_ssdm_op_SpecInterface(i8* %img_2_data_stream_1, [8 x i8]* @ap_fifo_str, i32 0, i32 0, [1 x i8]* @p_str123, i32 0, i32 0, [1 x i8]* @p_str124, [1 x i8]* @p_str125, [1 x i8]* @p_str126, i32 2, i32 2, i32 16, i32 16, [1 x i8]* @p_str127, [1 x i8]* @p_str128)"   --->   Operation 64 'specinterface' <Predicate = true> <Delay = 0.00>
ST_10 : Operation 65 [1/1] (0.00ns)   --->   "%empty_16 = call i32 (...)* @_ssdm_op_SpecChannel([23 x i8]* @img_2_OC_data_stream, i32 1, [1 x i8]* @p_str129, [1 x i8]* @p_str129, i32 2, i32 2, i8* %img_2_data_stream_2, i8* %img_2_data_stream_2)"   --->   Operation 65 'specchannel' 'empty_16' <Predicate = true> <Delay = 0.00>
ST_10 : Operation 66 [1/1] (0.00ns)   --->   "call void (...)* @_ssdm_op_SpecInterface(i8* %img_2_data_stream_2, [8 x i8]* @ap_fifo_str, i32 0, i32 0, [1 x i8]* @p_str130, i32 0, i32 0, [1 x i8]* @p_str131, [1 x i8]* @p_str132, [1 x i8]* @p_str133, i32 2, i32 2, i32 16, i32 16, [1 x i8]* @p_str134, [1 x i8]* @p_str135)"   --->   Operation 66 'specinterface' <Predicate = true> <Delay = 0.00>
ST_10 : Operation 67 [1/1] (0.00ns)   --->   "call void (...)* @_ssdm_op_SpecInterface(i24* %INPUT_STREAM_V_data_V, i3* %INPUT_STREAM_V_keep_V, i3* %INPUT_STREAM_V_strb_V, i1* %INPUT_STREAM_V_user_V, i1* %INPUT_STREAM_V_last_V, i1* %INPUT_STREAM_V_id_V, i1* %INPUT_STREAM_V_dest_V, [5 x i8]* @p_str, i32 1, i32 1, [5 x i8]* @p_str2, i32 0, i32 0, [1 x i8]* @p_str3, [1 x i8]* @p_str3, [1 x i8]* @p_str3, i32 0, i32 0, i32 0, i32 0, [1 x i8]* @p_str3, [1 x i8]* @p_str3) nounwind" [SobelVideo/a.cpp:7]   --->   Operation 67 'specinterface' <Predicate = true> <Delay = 0.00>
ST_10 : Operation 68 [1/1] (0.00ns)   --->   "call void (...)* @_ssdm_op_SpecInterface(i24* %OUTPUT_STREAM_V_data_V, i3* %OUTPUT_STREAM_V_keep_V, i3* %OUTPUT_STREAM_V_strb_V, i1* %OUTPUT_STREAM_V_user_V, i1* %OUTPUT_STREAM_V_last_V, i1* %OUTPUT_STREAM_V_id_V, i1* %OUTPUT_STREAM_V_dest_V, [5 x i8]* @p_str, i32 1, i32 1, [5 x i8]* @p_str2, i32 0, i32 0, [1 x i8]* @p_str3, [1 x i8]* @p_str3, [1 x i8]* @p_str3, i32 0, i32 0, i32 0, i32 0, [1 x i8]* @p_str3, [1 x i8]* @p_str3) nounwind" [SobelVideo/a.cpp:8]   --->   Operation 68 'specinterface' <Predicate = true> <Delay = 0.00>
ST_10 : Operation 69 [1/1] (0.00ns)   --->   "%empty_17 = call i32 (...)* @_ssdm_op_SpecChannel([15 x i8]* @img_0_OC_rows_OC_V_c_1, i32 1, [1 x i8]* @p_str149, [1 x i8]* @p_str149, i32 2, i32 0, i12* %img_0_rows_V_c, i12* %img_0_rows_V_c)"   --->   Operation 69 'specchannel' 'empty_17' <Predicate = true> <Delay = 0.00>
ST_10 : Operation 70 [1/1] (0.00ns)   --->   "call void (...)* @_ssdm_op_SpecInterface(i12* %img_0_rows_V_c, [8 x i8]* @ap_fifo_str, i32 0, i32 0, [1 x i8]* @p_str150, i32 0, i32 0, [1 x i8]* @p_str151, [1 x i8]* @p_str152, [1 x i8]* @p_str153, i32 2, i32 2, i32 16, i32 16, [1 x i8]* @p_str154, [1 x i8]* @p_str155)"   --->   Operation 70 'specinterface' <Predicate = true> <Delay = 0.00>
ST_10 : Operation 71 [1/1] (0.00ns)   --->   "%empty_18 = call i32 (...)* @_ssdm_op_SpecChannel([15 x i8]* @img_0_OC_cols_OC_V_c_1, i32 1, [1 x i8]* @p_str156, [1 x i8]* @p_str156, i32 2, i32 0, i12* %img_0_cols_V_c, i12* %img_0_cols_V_c)"   --->   Operation 71 'specchannel' 'empty_18' <Predicate = true> <Delay = 0.00>
ST_10 : Operation 72 [1/1] (0.00ns)   --->   "call void (...)* @_ssdm_op_SpecInterface(i12* %img_0_cols_V_c, [8 x i8]* @ap_fifo_str, i32 0, i32 0, [1 x i8]* @p_str157, i32 0, i32 0, [1 x i8]* @p_str158, [1 x i8]* @p_str159, [1 x i8]* @p_str160, i32 2, i32 2, i32 16, i32 16, [1 x i8]* @p_str161, [1 x i8]* @p_str162)"   --->   Operation 72 'specinterface' <Predicate = true> <Delay = 0.00>
ST_10 : Operation 73 [1/1] (0.00ns)   --->   "%empty_19 = call i32 (...)* @_ssdm_op_SpecChannel([16 x i8]* @img_0_OC_rows_OC_V_c, i32 1, [1 x i8]* @p_str188, [1 x i8]* @p_str188, i32 2, i32 0, i12* %img_0_rows_V_c8, i12* %img_0_rows_V_c8)"   --->   Operation 73 'specchannel' 'empty_19' <Predicate = true> <Delay = 0.00>
ST_10 : Operation 74 [1/1] (0.00ns)   --->   "call void (...)* @_ssdm_op_SpecInterface(i12* %img_0_rows_V_c8, [8 x i8]* @ap_fifo_str, i32 0, i32 0, [1 x i8]* @p_str189, i32 0, i32 0, [1 x i8]* @p_str190, [1 x i8]* @p_str191, [1 x i8]* @p_str192, i32 2, i32 2, i32 16, i32 16, [1 x i8]* @p_str193, [1 x i8]* @p_str194)"   --->   Operation 74 'specinterface' <Predicate = true> <Delay = 0.00>
ST_10 : Operation 75 [1/1] (0.00ns)   --->   "%empty_20 = call i32 (...)* @_ssdm_op_SpecChannel([16 x i8]* @img_0_OC_cols_OC_V_c, i32 1, [1 x i8]* @p_str195, [1 x i8]* @p_str195, i32 2, i32 0, i12* %img_0_cols_V_c9, i12* %img_0_cols_V_c9)"   --->   Operation 75 'specchannel' 'empty_20' <Predicate = true> <Delay = 0.00>
ST_10 : Operation 76 [1/1] (0.00ns)   --->   "call void (...)* @_ssdm_op_SpecInterface(i12* %img_0_cols_V_c9, [8 x i8]* @ap_fifo_str, i32 0, i32 0, [1 x i8]* @p_str196, i32 0, i32 0, [1 x i8]* @p_str197, [1 x i8]* @p_str198, [1 x i8]* @p_str199, i32 2, i32 2, i32 16, i32 16, [1 x i8]* @p_str200, [1 x i8]* @p_str201)"   --->   Operation 76 'specinterface' <Predicate = true> <Delay = 0.00>
ST_10 : Operation 77 [1/1] (0.00ns)   --->   "ret void" [SobelVideo/a.cpp:27]   --->   Operation 77 'ret' <Predicate = true> <Delay = 0.00>


============================================================
+ Verbose Summary: Binding
============================================================
STG Binding: 
---------------- STG Properties BEGIN ----------------
- Is combinational: 0
- Is one-state seq: 0
- Is datapath-only: 0
- Is pipelined: 0
- Is top level: 1
Port [ Return ] is wired: 1; IO mode=ap_ctrl_hs:ce=0
Port [ INPUT_STREAM_V_data_V]:  wired=1; compound=1; hidden=0; nouse=0; global=0; static=0; extern=0; dir=0; type=0; pingpong=0; private_global=0; IO mode=axis:ce=0
Port [ INPUT_STREAM_V_keep_V]:  wired=1; compound=1; hidden=0; nouse=0; global=0; static=0; extern=0; dir=0; type=0; pingpong=0; private_global=0; IO mode=axis:ce=0
Port [ INPUT_STREAM_V_strb_V]:  wired=1; compound=1; hidden=0; nouse=0; global=0; static=0; extern=0; dir=0; type=0; pingpong=0; private_global=0; IO mode=axis:ce=0
Port [ INPUT_STREAM_V_user_V]:  wired=1; compound=1; hidden=0; nouse=0; global=0; static=0; extern=0; dir=0; type=0; pingpong=0; private_global=0; IO mode=axis:ce=0
Port [ INPUT_STREAM_V_last_V]:  wired=1; compound=1; hidden=0; nouse=0; global=0; static=0; extern=0; dir=0; type=0; pingpong=0; private_global=0; IO mode=axis:ce=0
Port [ INPUT_STREAM_V_id_V]:  wired=1; compound=1; hidden=0; nouse=0; global=0; static=0; extern=0; dir=0; type=0; pingpong=0; private_global=0; IO mode=axis:ce=0
Port [ INPUT_STREAM_V_dest_V]:  wired=1; compound=1; hidden=0; nouse=0; global=0; static=0; extern=0; dir=0; type=0; pingpong=0; private_global=0; IO mode=axis:ce=0
Port [ OUTPUT_STREAM_V_data_V]:  wired=1; compound=1; hidden=0; nouse=0; global=0; static=0; extern=0; dir=1; type=0; pingpong=0; private_global=0; IO mode=axis:ce=0
Port [ OUTPUT_STREAM_V_keep_V]:  wired=1; compound=1; hidden=0; nouse=0; global=0; static=0; extern=0; dir=1; type=0; pingpong=0; private_global=0; IO mode=axis:ce=0
Port [ OUTPUT_STREAM_V_strb_V]:  wired=1; compound=1; hidden=0; nouse=0; global=0; static=0; extern=0; dir=1; type=0; pingpong=0; private_global=0; IO mode=axis:ce=0
Port [ OUTPUT_STREAM_V_user_V]:  wired=1; compound=1; hidden=0; nouse=0; global=0; static=0; extern=0; dir=1; type=0; pingpong=0; private_global=0; IO mode=axis:ce=0
Port [ OUTPUT_STREAM_V_last_V]:  wired=1; compound=1; hidden=0; nouse=0; global=0; static=0; extern=0; dir=1; type=0; pingpong=0; private_global=0; IO mode=axis:ce=0
Port [ OUTPUT_STREAM_V_id_V]:  wired=1; compound=1; hidden=0; nouse=0; global=0; static=0; extern=0; dir=1; type=0; pingpong=0; private_global=0; IO mode=axis:ce=0
Port [ OUTPUT_STREAM_V_dest_V]:  wired=1; compound=1; hidden=0; nouse=0; global=0; static=0; extern=0; dir=1; type=0; pingpong=0; private_global=0; IO mode=axis:ce=0
---------------- STG Properties END ------------------

---------------- Datapath Model BEGIN ----------------

<LifeTime>
<method=bitvector/>
img_0_cols_V_c9     (alloca              ) [ 00111111111]
img_0_rows_V_c8     (alloca              ) [ 00111111111]
img_0_cols_V_c      (alloca              ) [ 01111111111]
img_0_rows_V_c      (alloca              ) [ 01111111111]
img_0_data_stream_0 (alloca              ) [ 00111111111]
img_0_data_stream_1 (alloca              ) [ 00111111111]
img_0_data_stream_2 (alloca              ) [ 00111111111]
img_1_data_stream_0 (alloca              ) [ 00111111111]
img_1_data_stream_1 (alloca              ) [ 00111111111]
img_1_data_stream_2 (alloca              ) [ 00111111111]
img_2_data_stream_0 (alloca              ) [ 00111111111]
img_2_data_stream_1 (alloca              ) [ 00111111111]
img_2_data_stream_2 (alloca              ) [ 00111111111]
StgValue_24         (call                ) [ 00000000000]
StgValue_26         (call                ) [ 00000000000]
StgValue_28         (call                ) [ 00000000000]
StgValue_30         (call                ) [ 00000000000]
StgValue_32         (call                ) [ 00000000000]
StgValue_33         (specdataflowpipeline) [ 00000000000]
StgValue_34         (specbitsmap         ) [ 00000000000]
StgValue_35         (specbitsmap         ) [ 00000000000]
StgValue_36         (specbitsmap         ) [ 00000000000]
StgValue_37         (specbitsmap         ) [ 00000000000]
StgValue_38         (specbitsmap         ) [ 00000000000]
StgValue_39         (specbitsmap         ) [ 00000000000]
StgValue_40         (specbitsmap         ) [ 00000000000]
StgValue_41         (specbitsmap         ) [ 00000000000]
StgValue_42         (specbitsmap         ) [ 00000000000]
StgValue_43         (specbitsmap         ) [ 00000000000]
StgValue_44         (specbitsmap         ) [ 00000000000]
StgValue_45         (specbitsmap         ) [ 00000000000]
StgValue_46         (specbitsmap         ) [ 00000000000]
StgValue_47         (specbitsmap         ) [ 00000000000]
StgValue_48         (spectopmodule       ) [ 00000000000]
empty               (specchannel         ) [ 00000000000]
StgValue_50         (specinterface       ) [ 00000000000]
empty_9             (specchannel         ) [ 00000000000]
StgValue_52         (specinterface       ) [ 00000000000]
empty_10            (specchannel         ) [ 00000000000]
StgValue_54         (specinterface       ) [ 00000000000]
empty_11            (specchannel         ) [ 00000000000]
StgValue_56         (specinterface       ) [ 00000000000]
empty_12            (specchannel         ) [ 00000000000]
StgValue_58         (specinterface       ) [ 00000000000]
empty_13            (specchannel         ) [ 00000000000]
StgValue_60         (specinterface       ) [ 00000000000]
empty_14            (specchannel         ) [ 00000000000]
StgValue_62         (specinterface       ) [ 00000000000]
empty_15            (specchannel         ) [ 00000000000]
StgValue_64         (specinterface       ) [ 00000000000]
empty_16            (specchannel         ) [ 00000000000]
StgValue_66         (specinterface       ) [ 00000000000]
StgValue_67         (specinterface       ) [ 00000000000]
StgValue_68         (specinterface       ) [ 00000000000]
empty_17            (specchannel         ) [ 00000000000]
StgValue_70         (specinterface       ) [ 00000000000]
empty_18            (specchannel         ) [ 00000000000]
StgValue_72         (specinterface       ) [ 00000000000]
empty_19            (specchannel         ) [ 00000000000]
StgValue_74         (specinterface       ) [ 00000000000]
empty_20            (specchannel         ) [ 00000000000]
StgValue_76         (specinterface       ) [ 00000000000]
StgValue_77         (ret                 ) [ 00000000000]
</LifeTime>

<model>

<comp_list>
<comp id="0" class="1000" name="INPUT_STREAM_V_data_V">
<pin_list>
<pin id="1" dir="1" index="0" bw="1" slack="0"/>
</pin_list>
<bind>
<StgValue><ssdm name="INPUT_STREAM_V_data_V"/></StgValue>
</bind>
</comp>

<comp id="2" class="1000" name="INPUT_STREAM_V_keep_V">
<pin_list>
<pin id="3" dir="1" index="0" bw="1" slack="0"/>
</pin_list>
<bind>
<StgValue><ssdm name="INPUT_STREAM_V_keep_V"/></StgValue>
</bind>
</comp>

<comp id="4" class="1000" name="INPUT_STREAM_V_strb_V">
<pin_list>
<pin id="5" dir="1" index="0" bw="1" slack="0"/>
</pin_list>
<bind>
<StgValue><ssdm name="INPUT_STREAM_V_strb_V"/></StgValue>
</bind>
</comp>

<comp id="6" class="1000" name="INPUT_STREAM_V_user_V">
<pin_list>
<pin id="7" dir="1" index="0" bw="1" slack="0"/>
</pin_list>
<bind>
<StgValue><ssdm name="INPUT_STREAM_V_user_V"/></StgValue>
</bind>
</comp>

<comp id="8" class="1000" name="INPUT_STREAM_V_last_V">
<pin_list>
<pin id="9" dir="1" index="0" bw="1" slack="0"/>
</pin_list>
<bind>
<StgValue><ssdm name="INPUT_STREAM_V_last_V"/></StgValue>
</bind>
</comp>

<comp id="10" class="1000" name="INPUT_STREAM_V_id_V">
<pin_list>
<pin id="11" dir="1" index="0" bw="1" slack="0"/>
</pin_list>
<bind>
<StgValue><ssdm name="INPUT_STREAM_V_id_V"/></StgValue>
</bind>
</comp>

<comp id="12" class="1000" name="INPUT_STREAM_V_dest_V">
<pin_list>
<pin id="13" dir="1" index="0" bw="1" slack="0"/>
</pin_list>
<bind>
<StgValue><ssdm name="INPUT_STREAM_V_dest_V"/></StgValue>
</bind>
</comp>

<comp id="14" class="1000" name="OUTPUT_STREAM_V_data_V">
<pin_list>
<pin id="15" dir="1" index="0" bw="1" slack="0"/>
</pin_list>
<bind>
<StgValue><ssdm name="OUTPUT_STREAM_V_data_V"/></StgValue>
</bind>
</comp>

<comp id="16" class="1000" name="OUTPUT_STREAM_V_keep_V">
<pin_list>
<pin id="17" dir="1" index="0" bw="1" slack="0"/>
</pin_list>
<bind>
<StgValue><ssdm name="OUTPUT_STREAM_V_keep_V"/></StgValue>
</bind>
</comp>

<comp id="18" class="1000" name="OUTPUT_STREAM_V_strb_V">
<pin_list>
<pin id="19" dir="1" index="0" bw="1" slack="0"/>
</pin_list>
<bind>
<StgValue><ssdm name="OUTPUT_STREAM_V_strb_V"/></StgValue>
</bind>
</comp>

<comp id="20" class="1000" name="OUTPUT_STREAM_V_user_V">
<pin_list>
<pin id="21" dir="1" index="0" bw="1" slack="0"/>
</pin_list>
<bind>
<StgValue><ssdm name="OUTPUT_STREAM_V_user_V"/></StgValue>
</bind>
</comp>

<comp id="22" class="1000" name="OUTPUT_STREAM_V_last_V">
<pin_list>
<pin id="23" dir="1" index="0" bw="1" slack="0"/>
</pin_list>
<bind>
<StgValue><ssdm name="OUTPUT_STREAM_V_last_V"/></StgValue>
</bind>
</comp>

<comp id="24" class="1000" name="OUTPUT_STREAM_V_id_V">
<pin_list>
<pin id="25" dir="1" index="0" bw="1" slack="0"/>
</pin_list>
<bind>
<StgValue><ssdm name="OUTPUT_STREAM_V_id_V"/></StgValue>
</bind>
</comp>

<comp id="26" class="1000" name="OUTPUT_STREAM_V_dest_V">
<pin_list>
<pin id="27" dir="1" index="0" bw="1" slack="0"/>
</pin_list>
<bind>
<StgValue><ssdm name="OUTPUT_STREAM_V_dest_V"/></StgValue>
</bind>
</comp>

<comp id="28" class="1001" name="const_28">
<pin_list>
<pin id="29" dir="1" index="0" bw="1" slack="0"/>
</pin_list>
<bind>
<StgValue><ssdm name=""/></StgValue>
</bind>
</comp>

<comp id="30" class="1001" name="const_30">
<pin_list>
<pin id="31" dir="1" index="0" bw="1" slack="0"/>
</pin_list>
<bind>
<StgValue><ssdm name="Block__proc"/></StgValue>
</bind>
</comp>

<comp id="32" class="1001" name="const_32">
<pin_list>
<pin id="33" dir="1" index="0" bw="1" slack="0"/>
</pin_list>
<bind>
<StgValue><ssdm name="AXIvideo2Mat"/></StgValue>
</bind>
</comp>

<comp id="34" class="1001" name="const_34">
<pin_list>
<pin id="35" dir="1" index="0" bw="1" slack="0"/>
</pin_list>
<bind>
<StgValue><ssdm name="CvtColor.1"/></StgValue>
</bind>
</comp>

<comp id="36" class="1001" name="const_36">
<pin_list>
<pin id="37" dir="1" index="0" bw="1" slack="0"/>
</pin_list>
<bind>
<StgValue><ssdm name="CvtColor"/></StgValue>
</bind>
</comp>

<comp id="38" class="1001" name="const_38">
<pin_list>
<pin id="39" dir="1" index="0" bw="1" slack="0"/>
</pin_list>
<bind>
<StgValue><ssdm name="Mat2AXIvideo"/></StgValue>
</bind>
</comp>

<comp id="40" class="1001" name="const_40">
<pin_list>
<pin id="41" dir="1" index="0" bw="1" slack="2147483647"/>
</pin_list>
<bind>
<StgValue><ssdm name="_ssdm_op_SpecDataflowPipeline"/></StgValue>
</bind>
</comp>

<comp id="42" class="1001" name="const_42">
<pin_list>
<pin id="43" dir="1" index="0" bw="1" slack="2147483647"/>
</pin_list>
<bind>
<StgValue><ssdm name=""/></StgValue>
</bind>
</comp>

<comp id="44" class="1001" name="const_44">
<pin_list>
<pin id="45" dir="1" index="0" bw="1" slack="2147483647"/>
</pin_list>
<bind>
<StgValue><ssdm name="p_str3"/></StgValue>
</bind>
</comp>

<comp id="46" class="1001" name="const_46">
<pin_list>
<pin id="47" dir="1" index="0" bw="1" slack="2147483647"/>
</pin_list>
<bind>
<StgValue><ssdm name="_ssdm_op_SpecBitsMap"/></StgValue>
</bind>
</comp>

<comp id="48" class="1001" name="const_48">
<pin_list>
<pin id="49" dir="1" index="0" bw="1" slack="2147483647"/>
</pin_list>
<bind>
<StgValue><ssdm name="_ssdm_op_SpecTopModule"/></StgValue>
</bind>
</comp>

<comp id="50" class="1001" name="const_50">
<pin_list>
<pin id="51" dir="1" index="0" bw="1" slack="2147483647"/>
</pin_list>
<bind>
<StgValue><ssdm name="sobel_str"/></StgValue>
</bind>
</comp>

<comp id="52" class="1001" name="const_52">
<pin_list>
<pin id="53" dir="1" index="0" bw="1" slack="2147483647"/>
</pin_list>
<bind>
<StgValue><ssdm name="_ssdm_op_SpecChannel"/></StgValue>
</bind>
</comp>

<comp id="54" class="1001" name="const_54">
<pin_list>
<pin id="55" dir="1" index="0" bw="1" slack="2147483647"/>
</pin_list>
<bind>
<StgValue><ssdm name="img_0_OC_data_stream_2"/></StgValue>
</bind>
</comp>

<comp id="56" class="1001" name="const_56">
<pin_list>
<pin id="57" dir="1" index="0" bw="1" slack="2147483647"/>
</pin_list>
<bind>
<StgValue><ssdm name=""/></StgValue>
</bind>
</comp>

<comp id="58" class="1001" name="const_58">
<pin_list>
<pin id="59" dir="1" index="0" bw="1" slack="2147483647"/>
</pin_list>
<bind>
<StgValue><ssdm name="p_str73"/></StgValue>
</bind>
</comp>

<comp id="60" class="1001" name="const_60">
<pin_list>
<pin id="61" dir="1" index="0" bw="1" slack="2147483647"/>
</pin_list>
<bind>
<StgValue><ssdm name=""/></StgValue>
</bind>
</comp>

<comp id="62" class="1001" name="const_62">
<pin_list>
<pin id="63" dir="1" index="0" bw="1" slack="2147483647"/>
</pin_list>
<bind>
<StgValue><ssdm name="_ssdm_op_SpecInterface"/></StgValue>
</bind>
</comp>

<comp id="64" class="1001" name="const_64">
<pin_list>
<pin id="65" dir="1" index="0" bw="1" slack="2147483647"/>
</pin_list>
<bind>
<StgValue><ssdm name="ap_fifo_str"/></StgValue>
</bind>
</comp>

<comp id="66" class="1001" name="const_66">
<pin_list>
<pin id="67" dir="1" index="0" bw="1" slack="2147483647"/>
</pin_list>
<bind>
<StgValue><ssdm name=""/></StgValue>
</bind>
</comp>

<comp id="68" class="1001" name="const_68">
<pin_list>
<pin id="69" dir="1" index="0" bw="1" slack="2147483647"/>
</pin_list>
<bind>
<StgValue><ssdm name="p_str74"/></StgValue>
</bind>
</comp>

<comp id="70" class="1001" name="const_70">
<pin_list>
<pin id="71" dir="1" index="0" bw="1" slack="2147483647"/>
</pin_list>
<bind>
<StgValue><ssdm name="p_str75"/></StgValue>
</bind>
</comp>

<comp id="72" class="1001" name="const_72">
<pin_list>
<pin id="73" dir="1" index="0" bw="1" slack="2147483647"/>
</pin_list>
<bind>
<StgValue><ssdm name="p_str76"/></StgValue>
</bind>
</comp>

<comp id="74" class="1001" name="const_74">
<pin_list>
<pin id="75" dir="1" index="0" bw="1" slack="2147483647"/>
</pin_list>
<bind>
<StgValue><ssdm name="p_str77"/></StgValue>
</bind>
</comp>

<comp id="76" class="1001" name="const_76">
<pin_list>
<pin id="77" dir="1" index="0" bw="1" slack="2147483647"/>
</pin_list>
<bind>
<StgValue><ssdm name=""/></StgValue>
</bind>
</comp>

<comp id="78" class="1001" name="const_78">
<pin_list>
<pin id="79" dir="1" index="0" bw="1" slack="2147483647"/>
</pin_list>
<bind>
<StgValue><ssdm name="p_str78"/></StgValue>
</bind>
</comp>

<comp id="80" class="1001" name="const_80">
<pin_list>
<pin id="81" dir="1" index="0" bw="1" slack="2147483647"/>
</pin_list>
<bind>
<StgValue><ssdm name="p_str79"/></StgValue>
</bind>
</comp>

<comp id="82" class="1001" name="const_82">
<pin_list>
<pin id="83" dir="1" index="0" bw="1" slack="2147483647"/>
</pin_list>
<bind>
<StgValue><ssdm name="img_0_OC_data_stream_1"/></StgValue>
</bind>
</comp>

<comp id="84" class="1001" name="const_84">
<pin_list>
<pin id="85" dir="1" index="0" bw="1" slack="2147483647"/>
</pin_list>
<bind>
<StgValue><ssdm name="p_str80"/></StgValue>
</bind>
</comp>

<comp id="86" class="1001" name="const_86">
<pin_list>
<pin id="87" dir="1" index="0" bw="1" slack="2147483647"/>
</pin_list>
<bind>
<StgValue><ssdm name="p_str81"/></StgValue>
</bind>
</comp>

<comp id="88" class="1001" name="const_88">
<pin_list>
<pin id="89" dir="1" index="0" bw="1" slack="2147483647"/>
</pin_list>
<bind>
<StgValue><ssdm name="p_str82"/></StgValue>
</bind>
</comp>

<comp id="90" class="1001" name="const_90">
<pin_list>
<pin id="91" dir="1" index="0" bw="1" slack="2147483647"/>
</pin_list>
<bind>
<StgValue><ssdm name="p_str83"/></StgValue>
</bind>
</comp>

<comp id="92" class="1001" name="const_92">
<pin_list>
<pin id="93" dir="1" index="0" bw="1" slack="2147483647"/>
</pin_list>
<bind>
<StgValue><ssdm name="p_str84"/></StgValue>
</bind>
</comp>

<comp id="94" class="1001" name="const_94">
<pin_list>
<pin id="95" dir="1" index="0" bw="1" slack="2147483647"/>
</pin_list>
<bind>
<StgValue><ssdm name="p_str85"/></StgValue>
</bind>
</comp>

<comp id="96" class="1001" name="const_96">
<pin_list>
<pin id="97" dir="1" index="0" bw="1" slack="2147483647"/>
</pin_list>
<bind>
<StgValue><ssdm name="p_str86"/></StgValue>
</bind>
</comp>

<comp id="98" class="1001" name="const_98">
<pin_list>
<pin id="99" dir="1" index="0" bw="1" slack="2147483647"/>
</pin_list>
<bind>
<StgValue><ssdm name="img_0_OC_data_stream"/></StgValue>
</bind>
</comp>

<comp id="100" class="1001" name="const_100">
<pin_list>
<pin id="101" dir="1" index="0" bw="1" slack="2147483647"/>
</pin_list>
<bind>
<StgValue><ssdm name="p_str87"/></StgValue>
</bind>
</comp>

<comp id="102" class="1001" name="const_102">
<pin_list>
<pin id="103" dir="1" index="0" bw="1" slack="2147483647"/>
</pin_list>
<bind>
<StgValue><ssdm name="p_str88"/></StgValue>
</bind>
</comp>

<comp id="104" class="1001" name="const_104">
<pin_list>
<pin id="105" dir="1" index="0" bw="1" slack="2147483647"/>
</pin_list>
<bind>
<StgValue><ssdm name="p_str89"/></StgValue>
</bind>
</comp>

<comp id="106" class="1001" name="const_106">
<pin_list>
<pin id="107" dir="1" index="0" bw="1" slack="2147483647"/>
</pin_list>
<bind>
<StgValue><ssdm name="p_str90"/></StgValue>
</bind>
</comp>

<comp id="108" class="1001" name="const_108">
<pin_list>
<pin id="109" dir="1" index="0" bw="1" slack="2147483647"/>
</pin_list>
<bind>
<StgValue><ssdm name="p_str91"/></StgValue>
</bind>
</comp>

<comp id="110" class="1001" name="const_110">
<pin_list>
<pin id="111" dir="1" index="0" bw="1" slack="2147483647"/>
</pin_list>
<bind>
<StgValue><ssdm name="p_str92"/></StgValue>
</bind>
</comp>

<comp id="112" class="1001" name="const_112">
<pin_list>
<pin id="113" dir="1" index="0" bw="1" slack="2147483647"/>
</pin_list>
<bind>
<StgValue><ssdm name="p_str93"/></StgValue>
</bind>
</comp>

<comp id="114" class="1001" name="const_114">
<pin_list>
<pin id="115" dir="1" index="0" bw="1" slack="2147483647"/>
</pin_list>
<bind>
<StgValue><ssdm name="img_1_OC_data_stream_2"/></StgValue>
</bind>
</comp>

<comp id="116" class="1001" name="const_116">
<pin_list>
<pin id="117" dir="1" index="0" bw="1" slack="2147483647"/>
</pin_list>
<bind>
<StgValue><ssdm name="p_str94"/></StgValue>
</bind>
</comp>

<comp id="118" class="1001" name="const_118">
<pin_list>
<pin id="119" dir="1" index="0" bw="1" slack="2147483647"/>
</pin_list>
<bind>
<StgValue><ssdm name="p_str95"/></StgValue>
</bind>
</comp>

<comp id="120" class="1001" name="const_120">
<pin_list>
<pin id="121" dir="1" index="0" bw="1" slack="2147483647"/>
</pin_list>
<bind>
<StgValue><ssdm name="p_str96"/></StgValue>
</bind>
</comp>

<comp id="122" class="1001" name="const_122">
<pin_list>
<pin id="123" dir="1" index="0" bw="1" slack="2147483647"/>
</pin_list>
<bind>
<StgValue><ssdm name="p_str97"/></StgValue>
</bind>
</comp>

<comp id="124" class="1001" name="const_124">
<pin_list>
<pin id="125" dir="1" index="0" bw="1" slack="2147483647"/>
</pin_list>
<bind>
<StgValue><ssdm name="p_str98"/></StgValue>
</bind>
</comp>

<comp id="126" class="1001" name="const_126">
<pin_list>
<pin id="127" dir="1" index="0" bw="1" slack="2147483647"/>
</pin_list>
<bind>
<StgValue><ssdm name="p_str99"/></StgValue>
</bind>
</comp>

<comp id="128" class="1001" name="const_128">
<pin_list>
<pin id="129" dir="1" index="0" bw="1" slack="2147483647"/>
</pin_list>
<bind>
<StgValue><ssdm name="p_str100"/></StgValue>
</bind>
</comp>

<comp id="130" class="1001" name="const_130">
<pin_list>
<pin id="131" dir="1" index="0" bw="1" slack="2147483647"/>
</pin_list>
<bind>
<StgValue><ssdm name="img_1_OC_data_stream_1"/></StgValue>
</bind>
</comp>

<comp id="132" class="1001" name="const_132">
<pin_list>
<pin id="133" dir="1" index="0" bw="1" slack="2147483647"/>
</pin_list>
<bind>
<StgValue><ssdm name="p_str101"/></StgValue>
</bind>
</comp>

<comp id="134" class="1001" name="const_134">
<pin_list>
<pin id="135" dir="1" index="0" bw="1" slack="2147483647"/>
</pin_list>
<bind>
<StgValue><ssdm name="p_str102"/></StgValue>
</bind>
</comp>

<comp id="136" class="1001" name="const_136">
<pin_list>
<pin id="137" dir="1" index="0" bw="1" slack="2147483647"/>
</pin_list>
<bind>
<StgValue><ssdm name="p_str103"/></StgValue>
</bind>
</comp>

<comp id="138" class="1001" name="const_138">
<pin_list>
<pin id="139" dir="1" index="0" bw="1" slack="2147483647"/>
</pin_list>
<bind>
<StgValue><ssdm name="p_str104"/></StgValue>
</bind>
</comp>

<comp id="140" class="1001" name="const_140">
<pin_list>
<pin id="141" dir="1" index="0" bw="1" slack="2147483647"/>
</pin_list>
<bind>
<StgValue><ssdm name="p_str105"/></StgValue>
</bind>
</comp>

<comp id="142" class="1001" name="const_142">
<pin_list>
<pin id="143" dir="1" index="0" bw="1" slack="2147483647"/>
</pin_list>
<bind>
<StgValue><ssdm name="p_str106"/></StgValue>
</bind>
</comp>

<comp id="144" class="1001" name="const_144">
<pin_list>
<pin id="145" dir="1" index="0" bw="1" slack="2147483647"/>
</pin_list>
<bind>
<StgValue><ssdm name="p_str107"/></StgValue>
</bind>
</comp>

<comp id="146" class="1001" name="const_146">
<pin_list>
<pin id="147" dir="1" index="0" bw="1" slack="2147483647"/>
</pin_list>
<bind>
<StgValue><ssdm name="img_1_OC_data_stream"/></StgValue>
</bind>
</comp>

<comp id="148" class="1001" name="const_148">
<pin_list>
<pin id="149" dir="1" index="0" bw="1" slack="2147483647"/>
</pin_list>
<bind>
<StgValue><ssdm name="p_str108"/></StgValue>
</bind>
</comp>

<comp id="150" class="1001" name="const_150">
<pin_list>
<pin id="151" dir="1" index="0" bw="1" slack="2147483647"/>
</pin_list>
<bind>
<StgValue><ssdm name="p_str109"/></StgValue>
</bind>
</comp>

<comp id="152" class="1001" name="const_152">
<pin_list>
<pin id="153" dir="1" index="0" bw="1" slack="2147483647"/>
</pin_list>
<bind>
<StgValue><ssdm name="p_str110"/></StgValue>
</bind>
</comp>

<comp id="154" class="1001" name="const_154">
<pin_list>
<pin id="155" dir="1" index="0" bw="1" slack="2147483647"/>
</pin_list>
<bind>
<StgValue><ssdm name="p_str111"/></StgValue>
</bind>
</comp>

<comp id="156" class="1001" name="const_156">
<pin_list>
<pin id="157" dir="1" index="0" bw="1" slack="2147483647"/>
</pin_list>
<bind>
<StgValue><ssdm name="p_str112"/></StgValue>
</bind>
</comp>

<comp id="158" class="1001" name="const_158">
<pin_list>
<pin id="159" dir="1" index="0" bw="1" slack="2147483647"/>
</pin_list>
<bind>
<StgValue><ssdm name="p_str113"/></StgValue>
</bind>
</comp>

<comp id="160" class="1001" name="const_160">
<pin_list>
<pin id="161" dir="1" index="0" bw="1" slack="2147483647"/>
</pin_list>
<bind>
<StgValue><ssdm name="p_str114"/></StgValue>
</bind>
</comp>

<comp id="162" class="1001" name="const_162">
<pin_list>
<pin id="163" dir="1" index="0" bw="1" slack="2147483647"/>
</pin_list>
<bind>
<StgValue><ssdm name="img_2_OC_data_stream_2"/></StgValue>
</bind>
</comp>

<comp id="164" class="1001" name="const_164">
<pin_list>
<pin id="165" dir="1" index="0" bw="1" slack="2147483647"/>
</pin_list>
<bind>
<StgValue><ssdm name="p_str115"/></StgValue>
</bind>
</comp>

<comp id="166" class="1001" name="const_166">
<pin_list>
<pin id="167" dir="1" index="0" bw="1" slack="2147483647"/>
</pin_list>
<bind>
<StgValue><ssdm name="p_str116"/></StgValue>
</bind>
</comp>

<comp id="168" class="1001" name="const_168">
<pin_list>
<pin id="169" dir="1" index="0" bw="1" slack="2147483647"/>
</pin_list>
<bind>
<StgValue><ssdm name="p_str117"/></StgValue>
</bind>
</comp>

<comp id="170" class="1001" name="const_170">
<pin_list>
<pin id="171" dir="1" index="0" bw="1" slack="2147483647"/>
</pin_list>
<bind>
<StgValue><ssdm name="p_str118"/></StgValue>
</bind>
</comp>

<comp id="172" class="1001" name="const_172">
<pin_list>
<pin id="173" dir="1" index="0" bw="1" slack="2147483647"/>
</pin_list>
<bind>
<StgValue><ssdm name="p_str119"/></StgValue>
</bind>
</comp>

<comp id="174" class="1001" name="const_174">
<pin_list>
<pin id="175" dir="1" index="0" bw="1" slack="2147483647"/>
</pin_list>
<bind>
<StgValue><ssdm name="p_str120"/></StgValue>
</bind>
</comp>

<comp id="176" class="1001" name="const_176">
<pin_list>
<pin id="177" dir="1" index="0" bw="1" slack="2147483647"/>
</pin_list>
<bind>
<StgValue><ssdm name="p_str121"/></StgValue>
</bind>
</comp>

<comp id="178" class="1001" name="const_178">
<pin_list>
<pin id="179" dir="1" index="0" bw="1" slack="2147483647"/>
</pin_list>
<bind>
<StgValue><ssdm name="img_2_OC_data_stream_1"/></StgValue>
</bind>
</comp>

<comp id="180" class="1001" name="const_180">
<pin_list>
<pin id="181" dir="1" index="0" bw="1" slack="2147483647"/>
</pin_list>
<bind>
<StgValue><ssdm name="p_str122"/></StgValue>
</bind>
</comp>

<comp id="182" class="1001" name="const_182">
<pin_list>
<pin id="183" dir="1" index="0" bw="1" slack="2147483647"/>
</pin_list>
<bind>
<StgValue><ssdm name="p_str123"/></StgValue>
</bind>
</comp>

<comp id="184" class="1001" name="const_184">
<pin_list>
<pin id="185" dir="1" index="0" bw="1" slack="2147483647"/>
</pin_list>
<bind>
<StgValue><ssdm name="p_str124"/></StgValue>
</bind>
</comp>

<comp id="186" class="1001" name="const_186">
<pin_list>
<pin id="187" dir="1" index="0" bw="1" slack="2147483647"/>
</pin_list>
<bind>
<StgValue><ssdm name="p_str125"/></StgValue>
</bind>
</comp>

<comp id="188" class="1001" name="const_188">
<pin_list>
<pin id="189" dir="1" index="0" bw="1" slack="2147483647"/>
</pin_list>
<bind>
<StgValue><ssdm name="p_str126"/></StgValue>
</bind>
</comp>

<comp id="190" class="1001" name="const_190">
<pin_list>
<pin id="191" dir="1" index="0" bw="1" slack="2147483647"/>
</pin_list>
<bind>
<StgValue><ssdm name="p_str127"/></StgValue>
</bind>
</comp>

<comp id="192" class="1001" name="const_192">
<pin_list>
<pin id="193" dir="1" index="0" bw="1" slack="2147483647"/>
</pin_list>
<bind>
<StgValue><ssdm name="p_str128"/></StgValue>
</bind>
</comp>

<comp id="194" class="1001" name="const_194">
<pin_list>
<pin id="195" dir="1" index="0" bw="1" slack="2147483647"/>
</pin_list>
<bind>
<StgValue><ssdm name="img_2_OC_data_stream"/></StgValue>
</bind>
</comp>

<comp id="196" class="1001" name="const_196">
<pin_list>
<pin id="197" dir="1" index="0" bw="1" slack="2147483647"/>
</pin_list>
<bind>
<StgValue><ssdm name="p_str129"/></StgValue>
</bind>
</comp>

<comp id="198" class="1001" name="const_198">
<pin_list>
<pin id="199" dir="1" index="0" bw="1" slack="2147483647"/>
</pin_list>
<bind>
<StgValue><ssdm name="p_str130"/></StgValue>
</bind>
</comp>

<comp id="200" class="1001" name="const_200">
<pin_list>
<pin id="201" dir="1" index="0" bw="1" slack="2147483647"/>
</pin_list>
<bind>
<StgValue><ssdm name="p_str131"/></StgValue>
</bind>
</comp>

<comp id="202" class="1001" name="const_202">
<pin_list>
<pin id="203" dir="1" index="0" bw="1" slack="2147483647"/>
</pin_list>
<bind>
<StgValue><ssdm name="p_str132"/></StgValue>
</bind>
</comp>

<comp id="204" class="1001" name="const_204">
<pin_list>
<pin id="205" dir="1" index="0" bw="1" slack="2147483647"/>
</pin_list>
<bind>
<StgValue><ssdm name="p_str133"/></StgValue>
</bind>
</comp>

<comp id="206" class="1001" name="const_206">
<pin_list>
<pin id="207" dir="1" index="0" bw="1" slack="2147483647"/>
</pin_list>
<bind>
<StgValue><ssdm name="p_str134"/></StgValue>
</bind>
</comp>

<comp id="208" class="1001" name="const_208">
<pin_list>
<pin id="209" dir="1" index="0" bw="1" slack="2147483647"/>
</pin_list>
<bind>
<StgValue><ssdm name="p_str135"/></StgValue>
</bind>
</comp>

<comp id="210" class="1001" name="const_210">
<pin_list>
<pin id="211" dir="1" index="0" bw="1" slack="2147483647"/>
</pin_list>
<bind>
<StgValue><ssdm name="p_str"/></StgValue>
</bind>
</comp>

<comp id="212" class="1001" name="const_212">
<pin_list>
<pin id="213" dir="1" index="0" bw="1" slack="2147483647"/>
</pin_list>
<bind>
<StgValue><ssdm name="p_str2"/></StgValue>
</bind>
</comp>

<comp id="214" class="1001" name="const_214">
<pin_list>
<pin id="215" dir="1" index="0" bw="1" slack="2147483647"/>
</pin_list>
<bind>
<StgValue><ssdm name="img_0_OC_rows_OC_V_c_1"/></StgValue>
</bind>
</comp>

<comp id="216" class="1001" name="const_216">
<pin_list>
<pin id="217" dir="1" index="0" bw="1" slack="2147483647"/>
</pin_list>
<bind>
<StgValue><ssdm name="p_str149"/></StgValue>
</bind>
</comp>

<comp id="218" class="1001" name="const_218">
<pin_list>
<pin id="219" dir="1" index="0" bw="1" slack="2147483647"/>
</pin_list>
<bind>
<StgValue><ssdm name="p_str150"/></StgValue>
</bind>
</comp>

<comp id="220" class="1001" name="const_220">
<pin_list>
<pin id="221" dir="1" index="0" bw="1" slack="2147483647"/>
</pin_list>
<bind>
<StgValue><ssdm name="p_str151"/></StgValue>
</bind>
</comp>

<comp id="222" class="1001" name="const_222">
<pin_list>
<pin id="223" dir="1" index="0" bw="1" slack="2147483647"/>
</pin_list>
<bind>
<StgValue><ssdm name="p_str152"/></StgValue>
</bind>
</comp>

<comp id="224" class="1001" name="const_224">
<pin_list>
<pin id="225" dir="1" index="0" bw="1" slack="2147483647"/>
</pin_list>
<bind>
<StgValue><ssdm name="p_str153"/></StgValue>
</bind>
</comp>

<comp id="226" class="1001" name="const_226">
<pin_list>
<pin id="227" dir="1" index="0" bw="1" slack="2147483647"/>
</pin_list>
<bind>
<StgValue><ssdm name="p_str154"/></StgValue>
</bind>
</comp>

<comp id="228" class="1001" name="const_228">
<pin_list>
<pin id="229" dir="1" index="0" bw="1" slack="2147483647"/>
</pin_list>
<bind>
<StgValue><ssdm name="p_str155"/></StgValue>
</bind>
</comp>

<comp id="230" class="1001" name="const_230">
<pin_list>
<pin id="231" dir="1" index="0" bw="1" slack="2147483647"/>
</pin_list>
<bind>
<StgValue><ssdm name="img_0_OC_cols_OC_V_c_1"/></StgValue>
</bind>
</comp>

<comp id="232" class="1001" name="const_232">
<pin_list>
<pin id="233" dir="1" index="0" bw="1" slack="2147483647"/>
</pin_list>
<bind>
<StgValue><ssdm name="p_str156"/></StgValue>
</bind>
</comp>

<comp id="234" class="1001" name="const_234">
<pin_list>
<pin id="235" dir="1" index="0" bw="1" slack="2147483647"/>
</pin_list>
<bind>
<StgValue><ssdm name="p_str157"/></StgValue>
</bind>
</comp>

<comp id="236" class="1001" name="const_236">
<pin_list>
<pin id="237" dir="1" index="0" bw="1" slack="2147483647"/>
</pin_list>
<bind>
<StgValue><ssdm name="p_str158"/></StgValue>
</bind>
</comp>

<comp id="238" class="1001" name="const_238">
<pin_list>
<pin id="239" dir="1" index="0" bw="1" slack="2147483647"/>
</pin_list>
<bind>
<StgValue><ssdm name="p_str159"/></StgValue>
</bind>
</comp>

<comp id="240" class="1001" name="const_240">
<pin_list>
<pin id="241" dir="1" index="0" bw="1" slack="2147483647"/>
</pin_list>
<bind>
<StgValue><ssdm name="p_str160"/></StgValue>
</bind>
</comp>

<comp id="242" class="1001" name="const_242">
<pin_list>
<pin id="243" dir="1" index="0" bw="1" slack="2147483647"/>
</pin_list>
<bind>
<StgValue><ssdm name="p_str161"/></StgValue>
</bind>
</comp>

<comp id="244" class="1001" name="const_244">
<pin_list>
<pin id="245" dir="1" index="0" bw="1" slack="2147483647"/>
</pin_list>
<bind>
<StgValue><ssdm name="p_str162"/></StgValue>
</bind>
</comp>

<comp id="246" class="1001" name="const_246">
<pin_list>
<pin id="247" dir="1" index="0" bw="1" slack="2147483647"/>
</pin_list>
<bind>
<StgValue><ssdm name="img_0_OC_rows_OC_V_c"/></StgValue>
</bind>
</comp>

<comp id="248" class="1001" name="const_248">
<pin_list>
<pin id="249" dir="1" index="0" bw="1" slack="2147483647"/>
</pin_list>
<bind>
<StgValue><ssdm name="p_str188"/></StgValue>
</bind>
</comp>

<comp id="250" class="1001" name="const_250">
<pin_list>
<pin id="251" dir="1" index="0" bw="1" slack="2147483647"/>
</pin_list>
<bind>
<StgValue><ssdm name="p_str189"/></StgValue>
</bind>
</comp>

<comp id="252" class="1001" name="const_252">
<pin_list>
<pin id="253" dir="1" index="0" bw="1" slack="2147483647"/>
</pin_list>
<bind>
<StgValue><ssdm name="p_str190"/></StgValue>
</bind>
</comp>

<comp id="254" class="1001" name="const_254">
<pin_list>
<pin id="255" dir="1" index="0" bw="1" slack="2147483647"/>
</pin_list>
<bind>
<StgValue><ssdm name="p_str191"/></StgValue>
</bind>
</comp>

<comp id="256" class="1001" name="const_256">
<pin_list>
<pin id="257" dir="1" index="0" bw="1" slack="2147483647"/>
</pin_list>
<bind>
<StgValue><ssdm name="p_str192"/></StgValue>
</bind>
</comp>

<comp id="258" class="1001" name="const_258">
<pin_list>
<pin id="259" dir="1" index="0" bw="1" slack="2147483647"/>
</pin_list>
<bind>
<StgValue><ssdm name="p_str193"/></StgValue>
</bind>
</comp>

<comp id="260" class="1001" name="const_260">
<pin_list>
<pin id="261" dir="1" index="0" bw="1" slack="2147483647"/>
</pin_list>
<bind>
<StgValue><ssdm name="p_str194"/></StgValue>
</bind>
</comp>

<comp id="262" class="1001" name="const_262">
<pin_list>
<pin id="263" dir="1" index="0" bw="1" slack="2147483647"/>
</pin_list>
<bind>
<StgValue><ssdm name="img_0_OC_cols_OC_V_c"/></StgValue>
</bind>
</comp>

<comp id="264" class="1001" name="const_264">
<pin_list>
<pin id="265" dir="1" index="0" bw="1" slack="2147483647"/>
</pin_list>
<bind>
<StgValue><ssdm name="p_str195"/></StgValue>
</bind>
</comp>

<comp id="266" class="1001" name="const_266">
<pin_list>
<pin id="267" dir="1" index="0" bw="1" slack="2147483647"/>
</pin_list>
<bind>
<StgValue><ssdm name="p_str196"/></StgValue>
</bind>
</comp>

<comp id="268" class="1001" name="const_268">
<pin_list>
<pin id="269" dir="1" index="0" bw="1" slack="2147483647"/>
</pin_list>
<bind>
<StgValue><ssdm name="p_str197"/></StgValue>
</bind>
</comp>

<comp id="270" class="1001" name="const_270">
<pin_list>
<pin id="271" dir="1" index="0" bw="1" slack="2147483647"/>
</pin_list>
<bind>
<StgValue><ssdm name="p_str198"/></StgValue>
</bind>
</comp>

<comp id="272" class="1001" name="const_272">
<pin_list>
<pin id="273" dir="1" index="0" bw="1" slack="2147483647"/>
</pin_list>
<bind>
<StgValue><ssdm name="p_str199"/></StgValue>
</bind>
</comp>

<comp id="274" class="1001" name="const_274">
<pin_list>
<pin id="275" dir="1" index="0" bw="1" slack="2147483647"/>
</pin_list>
<bind>
<StgValue><ssdm name="p_str200"/></StgValue>
</bind>
</comp>

<comp id="276" class="1001" name="const_276">
<pin_list>
<pin id="277" dir="1" index="0" bw="1" slack="2147483647"/>
</pin_list>
<bind>
<StgValue><ssdm name="p_str201"/></StgValue>
</bind>
</comp>

<comp id="278" class="1004" name="img_0_cols_V_c9_fu_278">
<pin_list>
<pin id="279" dir="0" index="0" bw="1" slack="0"/>
<pin id="280" dir="1" index="1" bw="12" slack="1"/>
</pin_list>
<bind>
<opcode="alloca(26) " fcode="alloca"/>
<opset="img_0_cols_V_c9/1 "/>
</bind>
</comp>

<comp id="282" class="1004" name="img_0_rows_V_c8_fu_282">
<pin_list>
<pin id="283" dir="0" index="0" bw="1" slack="0"/>
<pin id="284" dir="1" index="1" bw="12" slack="1"/>
</pin_list>
<bind>
<opcode="alloca(26) " fcode="alloca"/>
<opset="img_0_rows_V_c8/1 "/>
</bind>
</comp>

<comp id="286" class="1004" name="img_0_cols_V_c_fu_286">
<pin_list>
<pin id="287" dir="0" index="0" bw="1" slack="0"/>
<pin id="288" dir="1" index="1" bw="12" slack="0"/>
</pin_list>
<bind>
<opcode="alloca(26) " fcode="alloca"/>
<opset="img_0_cols_V_c/1 "/>
</bind>
</comp>

<comp id="290" class="1004" name="img_0_rows_V_c_fu_290">
<pin_list>
<pin id="291" dir="0" index="0" bw="1" slack="0"/>
<pin id="292" dir="1" index="1" bw="12" slack="0"/>
</pin_list>
<bind>
<opcode="alloca(26) " fcode="alloca"/>
<opset="img_0_rows_V_c/1 "/>
</bind>
</comp>

<comp id="294" class="1004" name="img_0_data_stream_0_fu_294">
<pin_list>
<pin id="295" dir="0" index="0" bw="1" slack="0"/>
<pin id="296" dir="1" index="1" bw="8" slack="1"/>
</pin_list>
<bind>
<opcode="alloca(26) " fcode="alloca"/>
<opset="img_0_data_stream_0/1 "/>
</bind>
</comp>

<comp id="298" class="1004" name="img_0_data_stream_1_fu_298">
<pin_list>
<pin id="299" dir="0" index="0" bw="1" slack="0"/>
<pin id="300" dir="1" index="1" bw="8" slack="1"/>
</pin_list>
<bind>
<opcode="alloca(26) " fcode="alloca"/>
<opset="img_0_data_stream_1/1 "/>
</bind>
</comp>

<comp id="302" class="1004" name="img_0_data_stream_2_fu_302">
<pin_list>
<pin id="303" dir="0" index="0" bw="1" slack="0"/>
<pin id="304" dir="1" index="1" bw="8" slack="1"/>
</pin_list>
<bind>
<opcode="alloca(26) " fcode="alloca"/>
<opset="img_0_data_stream_2/1 "/>
</bind>
</comp>

<comp id="306" class="1004" name="img_1_data_stream_0_fu_306">
<pin_list>
<pin id="307" dir="0" index="0" bw="1" slack="0"/>
<pin id="308" dir="1" index="1" bw="8" slack="3"/>
</pin_list>
<bind>
<opcode="alloca(26) " fcode="alloca"/>
<opset="img_1_data_stream_0/1 "/>
</bind>
</comp>

<comp id="310" class="1004" name="img_1_data_stream_1_fu_310">
<pin_list>
<pin id="311" dir="0" index="0" bw="1" slack="0"/>
<pin id="312" dir="1" index="1" bw="8" slack="3"/>
</pin_list>
<bind>
<opcode="alloca(26) " fcode="alloca"/>
<opset="img_1_data_stream_1/1 "/>
</bind>
</comp>

<comp id="314" class="1004" name="img_1_data_stream_2_fu_314">
<pin_list>
<pin id="315" dir="0" index="0" bw="1" slack="0"/>
<pin id="316" dir="1" index="1" bw="8" slack="3"/>
</pin_list>
<bind>
<opcode="alloca(26) " fcode="alloca"/>
<opset="img_1_data_stream_2/1 "/>
</bind>
</comp>

<comp id="318" class="1004" name="img_2_data_stream_0_fu_318">
<pin_list>
<pin id="319" dir="0" index="0" bw="1" slack="0"/>
<pin id="320" dir="1" index="1" bw="8" slack="5"/>
</pin_list>
<bind>
<opcode="alloca(26) " fcode="alloca"/>
<opset="img_2_data_stream_0/1 "/>
</bind>
</comp>

<comp id="322" class="1004" name="img_2_data_stream_1_fu_322">
<pin_list>
<pin id="323" dir="0" index="0" bw="1" slack="0"/>
<pin id="324" dir="1" index="1" bw="8" slack="5"/>
</pin_list>
<bind>
<opcode="alloca(26) " fcode="alloca"/>
<opset="img_2_data_stream_1/1 "/>
</bind>
</comp>

<comp id="326" class="1004" name="img_2_data_stream_2_fu_326">
<pin_list>
<pin id="327" dir="0" index="0" bw="1" slack="0"/>
<pin id="328" dir="1" index="1" bw="8" slack="5"/>
</pin_list>
<bind>
<opcode="alloca(26) " fcode="alloca"/>
<opset="img_2_data_stream_2/1 "/>
</bind>
</comp>

<comp id="330" class="1004" name="grp_AXIvideo2Mat_fu_330">
<pin_list>
<pin id="331" dir="0" index="0" bw="0" slack="0"/>
<pin id="332" dir="0" index="1" bw="24" slack="0"/>
<pin id="333" dir="0" index="2" bw="3" slack="0"/>
<pin id="334" dir="0" index="3" bw="3" slack="0"/>
<pin id="335" dir="0" index="4" bw="1" slack="0"/>
<pin id="336" dir="0" index="5" bw="1" slack="0"/>
<pin id="337" dir="0" index="6" bw="1" slack="0"/>
<pin id="338" dir="0" index="7" bw="1" slack="0"/>
<pin id="339" dir="0" index="8" bw="12" slack="1"/>
<pin id="340" dir="0" index="9" bw="12" slack="1"/>
<pin id="341" dir="0" index="10" bw="8" slack="1"/>
<pin id="342" dir="0" index="11" bw="8" slack="1"/>
<pin id="343" dir="0" index="12" bw="8" slack="1"/>
<pin id="344" dir="0" index="13" bw="12" slack="1"/>
<pin id="345" dir="0" index="14" bw="12" slack="1"/>
<pin id="346" dir="1" index="15" bw="0" slack="2147483647"/>
</pin_list>
<bind>
<opcode="call(48) " fcode="call"/>
<opset="StgValue_25/2 "/>
</bind>
</comp>

<comp id="355" class="1004" name="grp_CvtColor_1_fu_355">
<pin_list>
<pin id="356" dir="0" index="0" bw="0" slack="0"/>
<pin id="357" dir="0" index="1" bw="12" slack="3"/>
<pin id="358" dir="0" index="2" bw="12" slack="3"/>
<pin id="359" dir="0" index="3" bw="8" slack="3"/>
<pin id="360" dir="0" index="4" bw="8" slack="3"/>
<pin id="361" dir="0" index="5" bw="8" slack="3"/>
<pin id="362" dir="0" index="6" bw="8" slack="3"/>
<pin id="363" dir="0" index="7" bw="8" slack="3"/>
<pin id="364" dir="0" index="8" bw="8" slack="3"/>
<pin id="365" dir="1" index="9" bw="0" slack="2147483647"/>
</pin_list>
<bind>
<opcode="call(48) " fcode="call"/>
<opset="StgValue_27/4 "/>
</bind>
</comp>

<comp id="367" class="1004" name="grp_Mat2AXIvideo_fu_367">
<pin_list>
<pin id="368" dir="0" index="0" bw="0" slack="0"/>
<pin id="369" dir="0" index="1" bw="8" slack="7"/>
<pin id="370" dir="0" index="2" bw="8" slack="7"/>
<pin id="371" dir="0" index="3" bw="8" slack="7"/>
<pin id="372" dir="0" index="4" bw="24" slack="0"/>
<pin id="373" dir="0" index="5" bw="3" slack="0"/>
<pin id="374" dir="0" index="6" bw="3" slack="0"/>
<pin id="375" dir="0" index="7" bw="1" slack="0"/>
<pin id="376" dir="0" index="8" bw="1" slack="0"/>
<pin id="377" dir="0" index="9" bw="1" slack="0"/>
<pin id="378" dir="0" index="10" bw="1" slack="0"/>
<pin id="379" dir="1" index="11" bw="0" slack="2147483647"/>
</pin_list>
<bind>
<opcode="call(48) " fcode="call"/>
<opset="StgValue_31/8 "/>
</bind>
</comp>

<comp id="388" class="1004" name="grp_CvtColor_fu_388">
<pin_list>
<pin id="389" dir="0" index="0" bw="0" slack="0"/>
<pin id="390" dir="0" index="1" bw="8" slack="5"/>
<pin id="391" dir="0" index="2" bw="8" slack="5"/>
<pin id="392" dir="0" index="3" bw="8" slack="5"/>
<pin id="393" dir="0" index="4" bw="8" slack="5"/>
<pin id="394" dir="0" index="5" bw="8" slack="5"/>
<pin id="395" dir="0" index="6" bw="8" slack="5"/>
<pin id="396" dir="1" index="7" bw="0" slack="2147483647"/>
</pin_list>
<bind>
<opcode="call(48) " fcode="call"/>
<opset="StgValue_29/6 "/>
</bind>
</comp>

<comp id="398" class="1004" name="StgValue_24_Block_proc_fu_398">
<pin_list>
<pin id="399" dir="0" index="0" bw="0" slack="0"/>
<pin id="400" dir="0" index="1" bw="12" slack="0"/>
<pin id="401" dir="0" index="2" bw="12" slack="0"/>
<pin id="402" dir="1" index="3" bw="0" slack="2147483647"/>
</pin_list>
<bind>
<opcode="call(48) " fcode="call"/>
<opset="StgValue_24/1 "/>
</bind>
</comp>

<comp id="404" class="1005" name="img_0_cols_V_c9_reg_404">
<pin_list>
<pin id="405" dir="0" index="0" bw="12" slack="1"/>
<pin id="406" dir="1" index="1" bw="12" slack="1"/>
</pin_list>
<bind>
<opset="img_0_cols_V_c9 "/>
</bind>
</comp>

<comp id="410" class="1005" name="img_0_rows_V_c8_reg_410">
<pin_list>
<pin id="411" dir="0" index="0" bw="12" slack="1"/>
<pin id="412" dir="1" index="1" bw="12" slack="1"/>
</pin_list>
<bind>
<opset="img_0_rows_V_c8 "/>
</bind>
</comp>

<comp id="416" class="1005" name="img_0_cols_V_c_reg_416">
<pin_list>
<pin id="417" dir="0" index="0" bw="12" slack="0"/>
<pin id="418" dir="1" index="1" bw="12" slack="0"/>
</pin_list>
<bind>
<opset="img_0_cols_V_c "/>
</bind>
</comp>

<comp id="422" class="1005" name="img_0_rows_V_c_reg_422">
<pin_list>
<pin id="423" dir="0" index="0" bw="12" slack="0"/>
<pin id="424" dir="1" index="1" bw="12" slack="0"/>
</pin_list>
<bind>
<opset="img_0_rows_V_c "/>
</bind>
</comp>

<comp id="428" class="1005" name="img_0_data_stream_0_reg_428">
<pin_list>
<pin id="429" dir="0" index="0" bw="8" slack="1"/>
<pin id="430" dir="1" index="1" bw="8" slack="1"/>
</pin_list>
<bind>
<opset="img_0_data_stream_0 "/>
</bind>
</comp>

<comp id="434" class="1005" name="img_0_data_stream_1_reg_434">
<pin_list>
<pin id="435" dir="0" index="0" bw="8" slack="1"/>
<pin id="436" dir="1" index="1" bw="8" slack="1"/>
</pin_list>
<bind>
<opset="img_0_data_stream_1 "/>
</bind>
</comp>

<comp id="440" class="1005" name="img_0_data_stream_2_reg_440">
<pin_list>
<pin id="441" dir="0" index="0" bw="8" slack="1"/>
<pin id="442" dir="1" index="1" bw="8" slack="1"/>
</pin_list>
<bind>
<opset="img_0_data_stream_2 "/>
</bind>
</comp>

<comp id="446" class="1005" name="img_1_data_stream_0_reg_446">
<pin_list>
<pin id="447" dir="0" index="0" bw="8" slack="3"/>
<pin id="448" dir="1" index="1" bw="8" slack="3"/>
</pin_list>
<bind>
<opset="img_1_data_stream_0 "/>
</bind>
</comp>

<comp id="452" class="1005" name="img_1_data_stream_1_reg_452">
<pin_list>
<pin id="453" dir="0" index="0" bw="8" slack="3"/>
<pin id="454" dir="1" index="1" bw="8" slack="3"/>
</pin_list>
<bind>
<opset="img_1_data_stream_1 "/>
</bind>
</comp>

<comp id="458" class="1005" name="img_1_data_stream_2_reg_458">
<pin_list>
<pin id="459" dir="0" index="0" bw="8" slack="3"/>
<pin id="460" dir="1" index="1" bw="8" slack="3"/>
</pin_list>
<bind>
<opset="img_1_data_stream_2 "/>
</bind>
</comp>

<comp id="464" class="1005" name="img_2_data_stream_0_reg_464">
<pin_list>
<pin id="465" dir="0" index="0" bw="8" slack="5"/>
<pin id="466" dir="1" index="1" bw="8" slack="5"/>
</pin_list>
<bind>
<opset="img_2_data_stream_0 "/>
</bind>
</comp>

<comp id="470" class="1005" name="img_2_data_stream_1_reg_470">
<pin_list>
<pin id="471" dir="0" index="0" bw="8" slack="5"/>
<pin id="472" dir="1" index="1" bw="8" slack="5"/>
</pin_list>
<bind>
<opset="img_2_data_stream_1 "/>
</bind>
</comp>

<comp id="476" class="1005" name="img_2_data_stream_2_reg_476">
<pin_list>
<pin id="477" dir="0" index="0" bw="8" slack="5"/>
<pin id="478" dir="1" index="1" bw="8" slack="5"/>
</pin_list>
<bind>
<opset="img_2_data_stream_2 "/>
</bind>
</comp>

</comp_list>

<net_list>
<net id="281"><net_src comp="28" pin="0"/><net_sink comp="278" pin=0"/></net>

<net id="285"><net_src comp="28" pin="0"/><net_sink comp="282" pin=0"/></net>

<net id="289"><net_src comp="28" pin="0"/><net_sink comp="286" pin=0"/></net>

<net id="293"><net_src comp="28" pin="0"/><net_sink comp="290" pin=0"/></net>

<net id="297"><net_src comp="28" pin="0"/><net_sink comp="294" pin=0"/></net>

<net id="301"><net_src comp="28" pin="0"/><net_sink comp="298" pin=0"/></net>

<net id="305"><net_src comp="28" pin="0"/><net_sink comp="302" pin=0"/></net>

<net id="309"><net_src comp="28" pin="0"/><net_sink comp="306" pin=0"/></net>

<net id="313"><net_src comp="28" pin="0"/><net_sink comp="310" pin=0"/></net>

<net id="317"><net_src comp="28" pin="0"/><net_sink comp="314" pin=0"/></net>

<net id="321"><net_src comp="28" pin="0"/><net_sink comp="318" pin=0"/></net>

<net id="325"><net_src comp="28" pin="0"/><net_sink comp="322" pin=0"/></net>

<net id="329"><net_src comp="28" pin="0"/><net_sink comp="326" pin=0"/></net>

<net id="347"><net_src comp="32" pin="0"/><net_sink comp="330" pin=0"/></net>

<net id="348"><net_src comp="0" pin="0"/><net_sink comp="330" pin=1"/></net>

<net id="349"><net_src comp="2" pin="0"/><net_sink comp="330" pin=2"/></net>

<net id="350"><net_src comp="4" pin="0"/><net_sink comp="330" pin=3"/></net>

<net id="351"><net_src comp="6" pin="0"/><net_sink comp="330" pin=4"/></net>

<net id="352"><net_src comp="8" pin="0"/><net_sink comp="330" pin=5"/></net>

<net id="353"><net_src comp="10" pin="0"/><net_sink comp="330" pin=6"/></net>

<net id="354"><net_src comp="12" pin="0"/><net_sink comp="330" pin=7"/></net>

<net id="366"><net_src comp="34" pin="0"/><net_sink comp="355" pin=0"/></net>

<net id="380"><net_src comp="38" pin="0"/><net_sink comp="367" pin=0"/></net>

<net id="381"><net_src comp="14" pin="0"/><net_sink comp="367" pin=4"/></net>

<net id="382"><net_src comp="16" pin="0"/><net_sink comp="367" pin=5"/></net>

<net id="383"><net_src comp="18" pin="0"/><net_sink comp="367" pin=6"/></net>

<net id="384"><net_src comp="20" pin="0"/><net_sink comp="367" pin=7"/></net>

<net id="385"><net_src comp="22" pin="0"/><net_sink comp="367" pin=8"/></net>

<net id="386"><net_src comp="24" pin="0"/><net_sink comp="367" pin=9"/></net>

<net id="387"><net_src comp="26" pin="0"/><net_sink comp="367" pin=10"/></net>

<net id="397"><net_src comp="36" pin="0"/><net_sink comp="388" pin=0"/></net>

<net id="403"><net_src comp="30" pin="0"/><net_sink comp="398" pin=0"/></net>

<net id="407"><net_src comp="278" pin="1"/><net_sink comp="404" pin=0"/></net>

<net id="408"><net_src comp="404" pin="1"/><net_sink comp="330" pin=14"/></net>

<net id="409"><net_src comp="404" pin="1"/><net_sink comp="355" pin=2"/></net>

<net id="413"><net_src comp="282" pin="1"/><net_sink comp="410" pin=0"/></net>

<net id="414"><net_src comp="410" pin="1"/><net_sink comp="330" pin=13"/></net>

<net id="415"><net_src comp="410" pin="1"/><net_sink comp="355" pin=1"/></net>

<net id="419"><net_src comp="286" pin="1"/><net_sink comp="416" pin=0"/></net>

<net id="420"><net_src comp="416" pin="1"/><net_sink comp="398" pin=2"/></net>

<net id="421"><net_src comp="416" pin="1"/><net_sink comp="330" pin=9"/></net>

<net id="425"><net_src comp="290" pin="1"/><net_sink comp="422" pin=0"/></net>

<net id="426"><net_src comp="422" pin="1"/><net_sink comp="398" pin=1"/></net>

<net id="427"><net_src comp="422" pin="1"/><net_sink comp="330" pin=8"/></net>

<net id="431"><net_src comp="294" pin="1"/><net_sink comp="428" pin=0"/></net>

<net id="432"><net_src comp="428" pin="1"/><net_sink comp="330" pin=10"/></net>

<net id="433"><net_src comp="428" pin="1"/><net_sink comp="355" pin=3"/></net>

<net id="437"><net_src comp="298" pin="1"/><net_sink comp="434" pin=0"/></net>

<net id="438"><net_src comp="434" pin="1"/><net_sink comp="330" pin=11"/></net>

<net id="439"><net_src comp="434" pin="1"/><net_sink comp="355" pin=4"/></net>

<net id="443"><net_src comp="302" pin="1"/><net_sink comp="440" pin=0"/></net>

<net id="444"><net_src comp="440" pin="1"/><net_sink comp="330" pin=12"/></net>

<net id="445"><net_src comp="440" pin="1"/><net_sink comp="355" pin=5"/></net>

<net id="449"><net_src comp="306" pin="1"/><net_sink comp="446" pin=0"/></net>

<net id="450"><net_src comp="446" pin="1"/><net_sink comp="355" pin=6"/></net>

<net id="451"><net_src comp="446" pin="1"/><net_sink comp="388" pin=1"/></net>

<net id="455"><net_src comp="310" pin="1"/><net_sink comp="452" pin=0"/></net>

<net id="456"><net_src comp="452" pin="1"/><net_sink comp="355" pin=7"/></net>

<net id="457"><net_src comp="452" pin="1"/><net_sink comp="388" pin=2"/></net>

<net id="461"><net_src comp="314" pin="1"/><net_sink comp="458" pin=0"/></net>

<net id="462"><net_src comp="458" pin="1"/><net_sink comp="355" pin=8"/></net>

<net id="463"><net_src comp="458" pin="1"/><net_sink comp="388" pin=3"/></net>

<net id="467"><net_src comp="318" pin="1"/><net_sink comp="464" pin=0"/></net>

<net id="468"><net_src comp="464" pin="1"/><net_sink comp="388" pin=4"/></net>

<net id="469"><net_src comp="464" pin="1"/><net_sink comp="367" pin=1"/></net>

<net id="473"><net_src comp="322" pin="1"/><net_sink comp="470" pin=0"/></net>

<net id="474"><net_src comp="470" pin="1"/><net_sink comp="388" pin=5"/></net>

<net id="475"><net_src comp="470" pin="1"/><net_sink comp="367" pin=2"/></net>

<net id="479"><net_src comp="326" pin="1"/><net_sink comp="476" pin=0"/></net>

<net id="480"><net_src comp="476" pin="1"/><net_sink comp="388" pin=6"/></net>

<net id="481"><net_src comp="476" pin="1"/><net_sink comp="367" pin=3"/></net>

</net_list>

</model> 
---------------- Datapath Model END ------------------

* FSMD analyzer results:
  - Output states:
	Port: OUTPUT_STREAM_V_data_V | {8 9 }
	Port: OUTPUT_STREAM_V_keep_V | {8 9 }
	Port: OUTPUT_STREAM_V_strb_V | {8 9 }
	Port: OUTPUT_STREAM_V_user_V | {8 9 }
	Port: OUTPUT_STREAM_V_last_V | {8 9 }
	Port: OUTPUT_STREAM_V_id_V | {8 9 }
	Port: OUTPUT_STREAM_V_dest_V | {8 9 }
 - Input state : 
	Port: sobel : INPUT_STREAM_V_data_V | {2 3 }
	Port: sobel : INPUT_STREAM_V_keep_V | {2 3 }
	Port: sobel : INPUT_STREAM_V_strb_V | {2 3 }
	Port: sobel : INPUT_STREAM_V_user_V | {2 3 }
	Port: sobel : INPUT_STREAM_V_last_V | {2 3 }
	Port: sobel : INPUT_STREAM_V_id_V | {2 3 }
	Port: sobel : INPUT_STREAM_V_dest_V | {2 3 }
  - Chain level:
	State 1
		StgValue_24 : 1
	State 2
	State 3
	State 4
	State 5
	State 6
	State 7
	State 8
	State 9
	State 10


============================================================
+ Verbose Summary: Datapath Resource usage 
============================================================

* Functional unit list:
|----------|-------------------------------|---------|---------|---------|---------|
| Operation|        Functional Unit        |  DSP48E |  Delay  |    FF   |   LUT   |
|----------|-------------------------------|---------|---------|---------|---------|
|          |    grp_AXIvideo2Mat_fu_330    |    0    |  1.664  |   348   |   125   |
|          |     grp_CvtColor_1_fu_355     |    3    |  1.664  |   162   |    98   |
|   call   |    grp_Mat2AXIvideo_fu_367    |    0    |  3.328  |    73   |    93   |
|          |      grp_CvtColor_fu_388      |    0    |    0    |    46   |    62   |
|          | StgValue_24_Block_proc_fu_398 |    0    |    0    |    0    |    0    |
|----------|-------------------------------|---------|---------|---------|---------|
|   Total  |                               |    3    |  6.656  |   629   |   378   |
|----------|-------------------------------|---------|---------|---------|---------|

Memories:
N/A

* Register list:
+---------------------------+--------+
|                           |   FF   |
+---------------------------+--------+
|  img_0_cols_V_c9_reg_404  |   12   |
|   img_0_cols_V_c_reg_416  |   12   |
|img_0_data_stream_0_reg_428|    8   |
|img_0_data_stream_1_reg_434|    8   |
|img_0_data_stream_2_reg_440|    8   |
|  img_0_rows_V_c8_reg_410  |   12   |
|   img_0_rows_V_c_reg_422  |   12   |
|img_1_data_stream_0_reg_446|    8   |
|img_1_data_stream_1_reg_452|    8   |
|img_1_data_stream_2_reg_458|    8   |
|img_2_data_stream_0_reg_464|    8   |
|img_2_data_stream_1_reg_470|    8   |
|img_2_data_stream_2_reg_476|    8   |
+---------------------------+--------+
|           Total           |   120  |
+---------------------------+--------+

* Multiplexer (MUX) list: 
|--------|------|------|------|--------|
|  Comp  |  Pin | Size |  BW  | S x BW |
|--------|------|------|------|--------|
|  Total |      |      |      |    0   |
|--------|------|------|------|--------|



* Summary:
+-----------+--------+--------+--------+--------+
|           | DSP48E |  Delay |   FF   |   LUT  |
+-----------+--------+--------+--------+--------+
|  Function |    3   |    6   |   629  |   378  |
|   Memory  |    -   |    -   |    -   |    -   |
|Multiplexer|    -   |    -   |    -   |    -   |
|  Register |    -   |    -   |   120  |    -   |
+-----------+--------+--------+--------+--------+
|   Total   |    3   |    6   |   749  |   378  |
+-----------+--------+--------+--------+--------+
