

================================================================
== Vivado HLS Report for 'sobel'
================================================================
* Date:           Fri Dec 14 12:00:30 2018

* Version:        2018.2 (Build 2258646 on Thu Jun 14 20:25:20 MDT 2018)
* Project:        SobelVideo
* Solution:       solution1
* Product family: artix7
* Target device:  xc7a200tsbg484-1


================================================================
== Performance Estimates
================================================================
+ Timing (ns): 
    * Summary: 
    +--------+-------+----------+------------+
    |  Clock | Target| Estimated| Uncertainty|
    +--------+-------+----------+------------+
    |ap_clk  |  10.00|    11.000|        1.25|
    +--------+-------+----------+------------+

+ Latency (clock cycles): 
    * Summary: 
    +---------+---------+---------+---------+----------+
    |      Latency      |      Interval     | Pipeline |
    |   min   |   max   |   min   |   max   |   Type   |
    +---------+---------+---------+---------+----------+
    |  2077930|  2081164|  2077922|  2081164| dataflow |
    +---------+---------+---------+---------+----------+

    + Detail: 
        * Instance: 
        +-----------------+--------------+---------+---------+---------+---------+---------+
        |                 |              |      Latency      |      Interval     | Pipeline|
        |     Instance    |    Module    |   min   |   max   |   min   |   max   |   Type  |
        +-----------------+--------------+---------+---------+---------+---------+---------+
        |AXIvideo2Mat_U0  |AXIvideo2Mat  |        3|  2081163|        3|  2081163|   none  |
        |CvtColor_1_U0    |CvtColor_1    |        1|  2080081|        1|  2080081|   none  |
        |Mat2AXIvideo_U0  |Mat2AXIvideo  |  2077921|  2077921|  2077921|  2077921|   none  |
        |CvtColor_U0      |CvtColor      |  2076841|  2076841|  2076841|  2076841|   none  |
        |Block_proc_U0    |Block_proc    |        0|        0|        0|        0|   none  |
        +-----------------+--------------+---------+---------+---------+---------+---------+

        * Loop: 
        N/A



================================================================
== Utilization Estimates
================================================================
* Summary: 
+-----------------+---------+-------+--------+--------+
|       Name      | BRAM_18K| DSP48E|   FF   |   LUT  |
+-----------------+---------+-------+--------+--------+
|DSP              |        -|      -|       -|       -|
|Expression       |        -|      -|       0|       2|
|FIFO             |        0|      -|      65|     250|
|Instance         |        0|      3|     751|    1435|
|Memory           |        -|      -|       -|       -|
|Multiplexer      |        -|      -|       -|       -|
|Register         |        -|      -|       -|       -|
+-----------------+---------+-------+--------+--------+
|Total            |        0|      3|     816|    1687|
+-----------------+---------+-------+--------+--------+
|Available        |      730|    740|  269200|  129000|
+-----------------+---------+-------+--------+--------+
|Utilization (%)  |        0|   ~0  |   ~0   |       1|
+-----------------+---------+-------+--------+--------+

+ Detail: 
    * Instance: 
    +-----------------+--------------+---------+-------+-----+-----+
    |     Instance    |    Module    | BRAM_18K| DSP48E|  FF | LUT |
    +-----------------+--------------+---------+-------+-----+-----+
    |AXIvideo2Mat_U0  |AXIvideo2Mat  |        0|      0|  345|  547|
    |Block_proc_U0    |Block_proc    |        0|      0|    2|   29|
    |CvtColor_U0      |CvtColor      |        0|      0|   42|  204|
    |CvtColor_1_U0    |CvtColor_1    |        0|      3|  241|  286|
    |Mat2AXIvideo_U0  |Mat2AXIvideo  |        0|      0|  121|  369|
    +-----------------+--------------+---------+-------+-----+-----+
    |Total            |              |        0|      3|  751| 1435|
    +-----------------+--------------+---------+-------+-----+-----+

    * DSP48: 
    N/A

    * Memory: 
    N/A

    * FIFO: 
    +-----------------------+---------+---+----+------+-----+---------+
    |          Name         | BRAM_18K| FF| LUT| Depth| Bits| Size:D*B|
    +-----------------------+---------+---+----+------+-----+---------+
    |img_0_cols_V_c9_U      |        0|  5|  22|     2|   12|       24|
    |img_0_cols_V_c_U       |        0|  5|  22|     2|   12|       24|
    |img_0_data_stream_0_U  |        0|  5|  18|     2|    8|       16|
    |img_0_data_stream_1_U  |        0|  5|  18|     2|    8|       16|
    |img_0_data_stream_2_U  |        0|  5|  18|     2|    8|       16|
    |img_0_rows_V_c8_U      |        0|  5|  22|     2|   12|       24|
    |img_0_rows_V_c_U       |        0|  5|  22|     2|   12|       24|
    |img_1_data_stream_0_U  |        0|  5|  18|     2|    8|       16|
    |img_1_data_stream_1_U  |        0|  5|  18|     2|    8|       16|
    |img_1_data_stream_2_U  |        0|  5|  18|     2|    8|       16|
    |img_2_data_stream_0_U  |        0|  5|  18|     2|    8|       16|
    |img_2_data_stream_1_U  |        0|  5|  18|     2|    8|       16|
    |img_2_data_stream_2_U  |        0|  5|  18|     2|    8|       16|
    +-----------------------+---------+---+----+------+-----+---------+
    |Total                  |        0| 65| 250|    26|  120|      240|
    +-----------------------+---------+---+----+------+-----+---------+

    * Expression: 
    +--------------+----------+-------+---+----+------------+------------+
    | Variable Name| Operation| DSP48E| FF| LUT| Bitwidth P0| Bitwidth P1|
    +--------------+----------+-------+---+----+------------+------------+
    |ap_idle       |    and   |      0|  0|   2|           1|           1|
    +--------------+----------+-------+---+----+------------+------------+
    |Total         |          |      0|  0|   2|           1|           1|
    +--------------+----------+-------+---+----+------------+------------+

    * Multiplexer: 
    N/A

    * Register: 
    N/A



================================================================
== Interface
================================================================
* Summary: 
+----------------------+-----+-----+------------+------------------------+--------------+
|       RTL Ports      | Dir | Bits|  Protocol  |      Source Object     |    C Type    |
+----------------------+-----+-----+------------+------------------------+--------------+
|INPUT_STREAM_TDATA    |  in |   24|    axis    |  INPUT_STREAM_V_data_V |    pointer   |
|INPUT_STREAM_TKEEP    |  in |    3|    axis    |  INPUT_STREAM_V_keep_V |    pointer   |
|INPUT_STREAM_TSTRB    |  in |    3|    axis    |  INPUT_STREAM_V_strb_V |    pointer   |
|INPUT_STREAM_TUSER    |  in |    1|    axis    |  INPUT_STREAM_V_user_V |    pointer   |
|INPUT_STREAM_TLAST    |  in |    1|    axis    |  INPUT_STREAM_V_last_V |    pointer   |
|INPUT_STREAM_TID      |  in |    1|    axis    |   INPUT_STREAM_V_id_V  |    pointer   |
|INPUT_STREAM_TDEST    |  in |    1|    axis    |  INPUT_STREAM_V_dest_V |    pointer   |
|INPUT_STREAM_TVALID   |  in |    1|    axis    |  INPUT_STREAM_V_dest_V |    pointer   |
|INPUT_STREAM_TREADY   | out |    1|    axis    |  INPUT_STREAM_V_dest_V |    pointer   |
|OUTPUT_STREAM_TDATA   | out |   24|    axis    | OUTPUT_STREAM_V_data_V |    pointer   |
|OUTPUT_STREAM_TKEEP   | out |    3|    axis    | OUTPUT_STREAM_V_keep_V |    pointer   |
|OUTPUT_STREAM_TSTRB   | out |    3|    axis    | OUTPUT_STREAM_V_strb_V |    pointer   |
|OUTPUT_STREAM_TUSER   | out |    1|    axis    | OUTPUT_STREAM_V_user_V |    pointer   |
|OUTPUT_STREAM_TLAST   | out |    1|    axis    | OUTPUT_STREAM_V_last_V |    pointer   |
|OUTPUT_STREAM_TID     | out |    1|    axis    |  OUTPUT_STREAM_V_id_V  |    pointer   |
|OUTPUT_STREAM_TDEST   | out |    1|    axis    | OUTPUT_STREAM_V_dest_V |    pointer   |
|OUTPUT_STREAM_TVALID  | out |    1|    axis    | OUTPUT_STREAM_V_dest_V |    pointer   |
|OUTPUT_STREAM_TREADY  |  in |    1|    axis    | OUTPUT_STREAM_V_dest_V |    pointer   |
|ap_clk                |  in |    1| ap_ctrl_hs |          sobel         | return value |
|ap_rst_n              |  in |    1| ap_ctrl_hs |          sobel         | return value |
|ap_start              |  in |    1| ap_ctrl_hs |          sobel         | return value |
|ap_done               | out |    1| ap_ctrl_hs |          sobel         | return value |
|ap_ready              | out |    1| ap_ctrl_hs |          sobel         | return value |
|ap_idle               | out |    1| ap_ctrl_hs |          sobel         | return value |
+----------------------+-----+-----+------------+------------------------+--------------+

